12:42:00.768128> Try place lock SellLimit, Bid: 0 Ask:  0
12:42:01.755712> WebSocket connected! Start Partial @depth20 [Future] process...
12:42:01.758716> WebSocket connected! Start Partial @depth20 [Future] process...
12:42:01.781708> Lenta has started...Start SubscribeToAggTradeStream @aggTrade [future] process...
12:42:01.796719> WebSocket connected! Start @depth [Future] process...
12:42:02.395002> WebSocket connected! Start @depth [Future] process...
12:42:02.408996> WebSocket connected! Start Partial @depth20 [Future] process...
12:42:02.413997> WebSocket connected! Start Partial @depth20 [Future] process...
12:42:02.424006> Lenta has started...Start SubscribeToAggTradeStream @aggTrade [future] process...
12:42:02.655017> [1Leg]: Sell OK BTCUSDC at 59526.00;Gap=-1.9666666666666666666666666667;Price=59396.00;Slippage=-130.0;Execution=1885.891 ms;
12:42:02.656012> Placed lock SellLimit, ticketCustom= 10, ticket= 2604319299 
12:42:02.656012> Try adding BuyLimit, Bid: 59395.9 Ask:  59396.0
12:42:02.657013> Support: 59395.9 VolS:2.128 Resistence: 59396.1 VolR:0.785
12:42:03.659925> BinanceFuture - Vxxv1AWf[USD_M] USD_M Balance: 246.66917725 USDT
12:42:03.684942> BinanceFuture - Vxxv1AWf[USD_M] Api Error Code: -2027 Message: Exceeded the maximum allowable position at current leverage.
12:42:03.685931> [1Leg]: Buy FAILED BTCUSDC;Gap=-1.9666666666666666666666666667;Price=59410.00
12:42:03.685931> adding BuyLimit, ticket =  ticketCustom = 11 
12:42:03.687945> Try adding BuyLimit, Bid: 59409.9 Ask:  59410.0
12:42:03.687945> Support: 59408 VolS:1.428 Resistence: 59410.6 VolR:0.742
12:42:04.038145> BinanceFuture - Vxxv1AWf[USD_M] Api Error Code: -2027 Message: Exceeded the maximum allowable position at current leverage.
12:42:04.038145> [1Leg]: Buy FAILED BTCUSDC;Gap=-3.3857142857142857142857142857;Price=59410.00
12:42:04.039145> adding BuyLimit, ticket =  ticketCustom = 12 
