19:07:56.813532> Lenta has started...Start SubscribeToAggTradeStream @aggTrade [future] process...
19:07:57.666267> WebSocket connected! Start @depth [Future] process...
19:07:57.691262> WebSocket connected! Start Partial @depth20 [Future] process...
19:07:57.988282> WebSocket connected! Start Partial @depth20 [Future] process...
19:07:58.003283> BinanceFuture - Vxxv1AWf[USD_M] USD_M Balance: 294.09976119 USDT
19:07:58.078285> Lenta has started...Start SubscribeToAggTradeStream @aggTrade [future] process...
19:07:58.112287> WebSocket connected! Start Partial @depth20 [Future] process...
19:07:58.940609> WebSocket connected! Start @depth [Future] process...
19:08:04.652066> WebSocket connected! Start Partial @depth20 [Future] process...
19:36:48.681625> Try Open Buy, Bid: 70835.2 Ask:  70835.3
19:36:48.747629> Lenta Signal open long, OpenLong:True Stk:0 StkImp:1 Lnt:2 Prg:0 Bid: 70835.2 Ask:  70835.3
19:36:48.853636> Support: 70845 VolS:1.411 Resistence: 70850 VolR:0.692
19:37:24.299744> [1Leg]: Buy OK BTCUSDC at 0.00;Gap=-10.63125;Price=70871.80;Slippage=70871.8;Execution=35443.108 ms;
19:37:24.299744> Move:1 Stk:0 Lnt:2 Prg:0 Bid: 70871.7 Ask:  70871.8
19:37:24.300744> Placed Main Buy, ticketCustom = 1 ticket= 3587855410 LastBuyPrice=70845.1
19:46:32.446320> Try Close Buy, TotalVal=0.01 pos0.01 Bid: 70881.3 Ask: 70884.0, stoploss=70345.1
19:46:32.448320> Lenta Signal close long, stoploss=70345.1 TotalVal=0.01 pos:0.01 EntrPrice=70845.1 Stk:1 StkImp:1 Lnt:1 Prg:0 Bid: 70881.3 Ask:  70884.0
19:56:38.146955> BinanceFuture - Vxxv1AWf[USD_M] A task was canceled.
19:56:38.147955> [1Leg]: Sell FAILED BTCUSDC;Gap=-4.1375;Price=70817.70
20:02:04.126731> Try adding BuyLimit, Bid: 70704.0 Ask:  70707.0
20:02:04.127712> Lenta Signal open adding long, OpenLong:True , stoploss=70345.1 TotalVal=0.01 pos:0.01 EntrPrice=70845.1 Stk:0 StkImp:1 Lnt:2 Prg:0
