13:21:56.101308> WebSocket connected! Start @depth [Future] process...
13:21:56.157314> WebSocket connected! Start Partial @depth20 [Future] process...
13:21:56.158311> WebSocket connected! Start Partial @depth20 [Future] process...
13:21:56.158311> Lenta has started...Start SubscribeToAggTradeStream @aggTrade [future] process...
13:21:56.158311> Lenta has started...Start SubscribeToAggTradeStream @aggTrade [future] process...
13:21:56.158311> WebSocket connected! Start @depth [Future] process...
13:21:57.151831> Lenta has started...Start SubscribeToAggTradeStream @aggTrade [future] process...
13:21:57.151831> WebSocket connected! Start @depth [Future] process...
13:21:57.152833> WebSocket connected! Start Partial @depth20 [Future] process...
13:21:57.152833> WebSocket connected! Start Partial @depth20 [Future] process...
13:21:57.181832> Lenta has started...Start SubscribeToAggTradeStream @aggTrade [future] process...
13:21:57.183832> WebSocket connected! Start @depth [Future] process...
13:21:57.764865> BinanceFuture - Vxxv1AWf[USD_M] USD_M Balance: 239.56559154 USDT
14:09:58.504454> Unable to read data from the transport connection: An existing connection was forcibly closed by the remote host.
14:10:03.515740> BinanceFuture - Vxxv1AWf[USD_M] Reconect to WebSocket #
14:10:03.696752> WebSocket [SubscribeToAggTradeStream()] [Closed] [future] and reconnect again [with Task.Delay]..
14:10:05.239841> Lenta has started...Start SubscribeToAggTradeStream @aggTrade [future] process...
14:19:09.454433> Unable to read data from the transport connection: An existing connection was forcibly closed by the remote host.
14:19:14.571725> BinanceFuture - Vxxv1AWf[USD_M] Reconect to WebSocket #
14:19:14.571725> WebSocket [SubscribeToAggTradeStream()] [Closed] [future] and reconnect again [with Task.Delay]..
14:19:15.640784> Lenta has started...Start SubscribeToAggTradeStream @aggTrade [future] process...
14:21:58.781740> Unable to read data from the transport connection: An existing connection was forcibly closed by the remote host.
14:22:03.783026> BinanceFuture - Vxxv1AWf[USD_M] Reconect to WebSocket #
14:22:03.783026> WebSocket [SubscribeToAggTradeStream()] [Closed] [future] and reconnect again [with Task.Delay]..
14:22:05.003096> Lenta has started...Start SubscribeToAggTradeStream @aggTrade [future] process...
14:31:05.292470> Unable to read data from the transport connection: An existing connection was forcibly closed by the remote host.
14:31:10.296843> BinanceFuture - Vxxv1AWf[USD_M] Reconect to WebSocket #
14:31:10.303844> WebSocket [SubscribeToAggTradeStream()] [Closed] [future] and reconnect again [with Task.Delay]..
14:31:11.409489> Lenta has started...Start SubscribeToAggTradeStream @aggTrade [future] process...
