17:32:29.929655> WebSocket connected! Start @depth [Future] process...
17:32:29.932654> WebSocket connected! Start Partial @depth20 [Future] process...
17:32:30.897364> WebSocket connected! Start Partial @depth20 [Future] process...
17:32:30.918359> WebSocket connected! Start Partial @depth20 [Future] process...
17:32:30.931360> Lenta has started...Start SubscribeToAggTradeStream @aggTrade [future] process...
17:32:30.959361> BinanceFuture - Vxxv1AWf[USD_M] USD_M Balance: 341.08049902 USDT
17:32:31.238380> Lenta has started...Start SubscribeToAggTradeStream @aggTrade [future] process...
17:32:31.254379> WebSocket connected! Start @depth [Future] process...
17:32:31.395396> WebSocket connected! Start Partial @depth20 [Future] process...
17:39:14.220898> BinanceFuture - Vxxv1AWf[USD_M] Reconect ConnectToDepthStream() to WebSocket #
17:39:14.221896> WebSocket [ConnectToDepthStream()] [Closed] [future] and reconnect again [during Task.Delay]..
17:39:15.222338> WebSocket connected! Start @depth [Future] process...
17:39:34.892920> BinanceFuture - Vxxv1AWf[USD_M] Reconect ConnectToDepthStream() to WebSocket #
17:39:34.892920> WebSocket [ConnectToDepthStream()] [Closed] [future] and reconnect again [during Task.Delay]..
17:39:35.891586> WebSocket connected! Start @depth [Future] process...
17:41:55.520740> BinanceFuture - Vxxv1AWf[USD_M] Reconect ConnectToDepthStream() to WebSocket #
17:41:55.520740> WebSocket [ConnectToDepthStream()] [Closed] [future] and reconnect again [during Task.Delay]..
17:41:56.506740> WebSocket connected! Start @depth [Future] process...
17:42:21.846847> BinanceFuture - Vxxv1AWf[USD_M] Reconect ConnectToDepthStream() to WebSocket #
17:42:21.846847> WebSocket [ConnectToDepthStream()] [Closed] [future] and reconnect again [during Task.Delay]..
17:42:23.894581> WebSocket connected! Start @depth [Future] process...
17:46:49.909107> BinanceFuture - Vxxv1AWf[USD_M] Reconect ConnectToDepthStream() to WebSocket #
17:46:49.910096> WebSocket [ConnectToDepthStream()] [Closed] [future] and reconnect again [during Task.Delay]..
17:46:51.232939> WebSocket connected! Start @depth [Future] process...
