17:03:55.455554> WebSocket connected! Start @depth [Future] process...
17:03:55.456555> Lenta has started...Start SubscribeToAggTradeStream @aggTrade [future] process...
17:03:55.456555> WebSocket connected! Start Partial @depth20 [Future] process...
17:03:55.480554> WebSocket connected! Start Partial @depth20 [Future] process...
17:03:56.516559> WebSocket connected! Start @depth [Future] process...
17:03:56.529562> Lenta has started...Start SubscribeToAggTradeStream @aggTrade [future] process...
17:03:56.530552> WebSocket connected! Start Partial @depth20 [Future] process...
17:03:56.543552> WebSocket connected! Start Partial @depth20 [Future] process...
17:03:57.025846> BinanceFuture - Vxxv1AWf[USD_M] USD_M Balance: 543.25082992 USDT
17:26:39.812220> Signal 2(s), Bid: 63997.9 Ask:  63998.0
17:26:39.813214> Try Open BuyLimit, Bid: 63997.9 Ask:  63998.0
17:26:39.813214> Support: 63997.9 VolS:1.016 Resistence: 63998 VolR:1.102
17:26:40.088230> [1Leg]: Buy OK BTCUSDC at 63998.00;Gap=-1.0925;Price=63998.00;Slippage=0.0;Execution=271.016 ms;
17:26:40.089230> Placed Main BuyLimit, ticketCustom = 1 ticket= 2699846331
17:26:40.092236> Try Modify main Buy order, 
17:26:40.092236> Support: 63997.9 VolS:1.067 Resistence: 63998 VolR:1.212
17:26:41.230576> BinanceFuture - Vxxv1AWf[USD_M] Api Error Code: -2013 Message: Order does not exist.
17:26:41.234578> [1Leg]: Buy failed BTCUSDC;price=63998.00
17:26:41.234578> Error Modify main BuyLimit, ticketCustom=1 ticket=2699846331
17:26:42.242729> Try place lock SellLimit, Bid: 63993.2 Ask:  63993.3
17:26:42.501724> [1Leg]: Sell OK BTCUSDC at 64098.00;Gap=-1.93125;Price=63993.30;Slippage=-104.7;Execution=258.994 ms;
17:26:42.502720> Placed lock SellLimit, ticketCustom= 2, ticket= 2699846331 
17:29:09.417388> Signal 2(s), Bid: 63973.9 Ask:  63974.0
17:29:09.417388> Try adding BuyLimit, Bid: 63973.9 Ask:  63974.0
17:29:09.418379> Support: 63973.9 VolS:1.979 Resistence: 63983.1 VolR:0.271
17:29:09.680432> [1Leg]: Buy OK BTCUSDC at 63973.90;Gap=-1.315;Price=63974.00;Slippage=0.1;Execution=262.054 ms;
17:29:09.680432> adding BuyLimit, ticket = 2699920189 ticketCustom = 3 
17:29:22.000553> Try Delete lock Sell order,  ticket = 2699846331 ticketCustom = 2
17:29:22.002554> Support: 63968 VolS:1 Resistence: 63968.1 VolR:1.431
17:29:23.047003> BinanceFuture - Vxxv1AWf[USD_M] DELETE FAILURE.....
17:29:25.069560> Try Delete lock Sell order,  ticket = 2699846331 ticketCustom = 2
17:29:25.069560> Support: 63964.6 VolS:0.866 Resistence: 63968.1 VolR:0.344
17:29:25.356488> BinanceFuture - Vxxv1AWf[USD_M] DELETE FAILURE.....
17:29:27.374107> Try Delete lock Sell order,  ticket = 2699846331 ticketCustom = 2
17:29:27.374107> Support: 63964.4 VolS:0.669 Resistence: 63965.2 VolR:0.817
17:29:27.674122> BinanceFuture - Vxxv1AWf[USD_M] DELETE FAILURE.....
17:29:29.696630> Try Delete lock Sell order,  ticket = 2699846331 ticketCustom = 2
17:29:29.696630> Support: 63948.6 VolS:0.228 Resistence: 63962.3 VolR:1.323
17:29:30.011330> BinanceFuture - Vxxv1AWf[USD_M] DELETE FAILURE.....
17:29:32.035134> Try Delete lock Sell order,  ticket = 2699846331 ticketCustom = 2
17:29:32.035134> Support: 63954 VolS:1.559 Resistence: 63955.8 VolR:0.756
17:29:32.320159> BinanceFuture - Vxxv1AWf[USD_M] DELETE FAILURE.....
17:29:34.360568> Try Delete lock Sell order,  ticket = 2699846331 ticketCustom = 2
17:29:34.360568> Support: 63965.9 VolS:0.875 Resistence: 63966 VolR:0.912
17:29:34.680483> BinanceFuture - Vxxv1AWf[USD_M] DELETE FAILURE.....
17:29:36.691404> Try Delete lock Sell order,  ticket = 2699846331 ticketCustom = 2
17:29:36.704404> Support: 63965.9 VolS:0.753 Resistence: 63966 VolR:1.538
17:29:37.007805> BinanceFuture - Vxxv1AWf[USD_M] DELETE FAILURE.....
17:29:39.044926> Try Delete lock Sell order,  ticket = 2699846331 ticketCustom = 2
17:29:39.045919> Support: 63962.4 VolS:0.714 Resistence: 63965.7 VolR:3.147
17:29:39.350938> BinanceFuture - Vxxv1AWf[USD_M] DELETE FAILURE.....
17:29:41.422895> Try Delete lock Sell order,  ticket = 2699846331 ticketCustom = 2
17:29:41.423886> Support: 63955.9 VolS:1.58 Resistence: 63956 VolR:1.167
17:29:41.773318> BinanceFuture - Vxxv1AWf[USD_M] DELETE FAILURE.....
17:29:43.799614> Try Delete lock Sell order,  ticket = 2699846331 ticketCustom = 2
17:29:43.800604> Support: 63955.3 VolS:0.7 Resistence: 63956 VolR:1.235
17:29:44.098879> BinanceFuture - Vxxv1AWf[USD_M] DELETE FAILURE.....
17:29:46.128227> Try Delete lock Sell order,  ticket = 2699846331 ticketCustom = 2
17:29:46.129228> Support: 63952 VolS:0.907 Resistence: 63952.7 VolR:1.451
17:29:46.424792> BinanceFuture - Vxxv1AWf[USD_M] DELETE FAILURE.....
17:29:48.493978> Try Delete lock Sell order,  ticket = 2699846331 ticketCustom = 2
17:29:48.494970> Support: 63952.6 VolS:1.877 Resistence: 63953.3 VolR:0.848
17:29:48.794037> BinanceFuture - Vxxv1AWf[USD_M] DELETE FAILURE.....
17:29:50.815775> Try Delete lock Sell order,  ticket = 2699846331 ticketCustom = 2
17:29:50.815775> Support: 63952.6 VolS:1.872 Resistence: 63961.2 VolR:0.277
17:29:51.110130> BinanceFuture - Vxxv1AWf[USD_M] DELETE FAILURE.....
17:29:53.127862> Try Delete lock Sell order,  ticket = 2699846331 ticketCustom = 2
17:29:53.127862> Support: 63953.9 VolS:3.337 Resistence: 63956.7 VolR:0.818
17:29:53.417550> BinanceFuture - Vxxv1AWf[USD_M] DELETE FAILURE.....
17:29:55.455280> Try Delete lock Sell order,  ticket = 2699846331 ticketCustom = 2
17:29:55.456280> Support: 63955.9 VolS:3.213 Resistence: 63957.4 VolR:0.801
17:29:55.761298> BinanceFuture - Vxxv1AWf[USD_M] DELETE FAILURE.....
17:29:57.782229> Try Delete lock Sell order,  ticket = 2699846331 ticketCustom = 2
17:29:57.783216> Support: 63961.1 VolS:1.07 Resistence: 63961.5 VolR:0.812
17:29:58.099234> BinanceFuture - Vxxv1AWf[USD_M] DELETE FAILURE.....
17:30:00.116450> Try Delete lock Sell order,  ticket = 2699846331 ticketCustom = 2
17:30:00.119462> Support: 63959.1 VolS:0.753 Resistence: 63961.2 VolR:1.031
17:30:00.437460> BinanceFuture - Vxxv1AWf[USD_M] DELETE FAILURE.....
17:30:02.468492> Try Delete lock Sell order,  ticket = 2699846331 ticketCustom = 2
17:30:02.468492> Support: 63960.8 VolS:0.751 Resistence: 63961.2 VolR:0.964
17:30:02.758269> BinanceFuture - Vxxv1AWf[USD_M] DELETE FAILURE.....
17:30:04.768195> Try Delete lock Sell order,  ticket = 2699846331 ticketCustom = 2
17:30:04.768195> Support: 63960.8 VolS:0.751 Resistence: 63961.2 VolR:1.115
17:30:05.066205> BinanceFuture - Vxxv1AWf[USD_M] DELETE FAILURE.....
17:30:07.097121> Try Delete lock Sell order,  ticket = 2699846331 ticketCustom = 2
17:30:07.098109> Support: 63958.1 VolS:0.775 Resistence: 63958.4 VolR:2.783
17:30:07.383125> BinanceFuture - Vxxv1AWf[USD_M] DELETE FAILURE.....
17:30:09.493208> Try Delete lock Sell order,  ticket = 2699846331 ticketCustom = 2
17:30:09.494207> Support: 63957.8 VolS:0.666 Resistence: 63958.4 VolR:0.93
17:30:09.810401> BinanceFuture - Vxxv1AWf[USD_M] DELETE FAILURE.....
17:30:11.848153> Try Delete lock Sell order,  ticket = 2699846331 ticketCustom = 2
17:30:11.849142> Support: 63958 VolS:0.975 Resistence: 63958.4 VolR:0.86
17:30:12.132165> BinanceFuture - Vxxv1AWf[USD_M] DELETE FAILURE.....
17:30:14.163943> Try Delete lock Sell order,  ticket = 2699846331 ticketCustom = 2
17:30:14.164944> Support: 63958 VolS:0.939 Resistence: 63958.4 VolR:0.86
17:30:14.466964> BinanceFuture - Vxxv1AWf[USD_M] DELETE FAILURE.....
17:30:16.531884> Try Delete lock Sell order,  ticket = 2699846331 ticketCustom = 2
17:30:16.532874> Support: 63962 VolS:1.153 Resistence: 63962.1 VolR:0.812
17:30:16.832892> BinanceFuture - Vxxv1AWf[USD_M] DELETE FAILURE.....
