14:52:27.088347> Lenta has started...Start SubscribeToAggTradeStream @aggTrade [future] process...
14:52:27.088347> Lenta has started...Start SubscribeToAggTradeStream @aggTrade [future] process...
14:52:27.092347> WebSocket connected! Start @depth [Future] process...
14:52:27.091347> WebSocket connected! Start Partial @depth20 [Future] process...
14:52:27.105352> WebSocket connected! Start Partial @depth20 [Future] process...
14:52:27.114354> WebSocket connected! Start @depth [Future] process...
14:52:28.048758> WebSocket connected! Start @depth [Future] process...
14:52:28.054758> WebSocket connected! Start Partial @depth20 [Future] process...
14:52:28.069751> Lenta has started...Start SubscribeToAggTradeStream @aggTrade [future] process...
14:52:28.072752> Lenta has started...Start SubscribeToAggTradeStream @aggTrade [future] process...
14:52:28.075751> WebSocket connected! Start Partial @depth20 [Future] process...
14:52:28.090753> WebSocket connected! Start @depth [Future] process...
14:52:29.033522> BinanceFuture - Vxxv1AWf[USD_M] USD_M Balance: 674.38798086 USDT
14:53:16.672969> Signal 2(s), Bid: 63432.3 Ask:  63432.4
14:53:16.672969> Try Open BuyLimit, Bid: 63432.3 Ask:  63432.4
14:53:16.672969> Support: 63432.3 VolS:1.63 Resistence: 63432.4 VolR:0.906
14:53:16.941988> [1Leg]: Buy OK BTCUSDC at 63432.3000;Gap=2.30;Price=63432.4000;Slippage=0.1;Execution=265.035 ms;
14:53:16.942990> Elapsted Open BuyLimit 
14:53:24.488514> Try Modify main Buy order, 
14:53:24.488514> Support: 63433.9 VolS:2.428 Resistence: 63439.2 VolR:0.629
14:53:24.750854> [1Leg]: BUY OK MODIFY BTCUSDC at 0.002 lot;price=63433.9000;execution=254.328 ms;
14:53:24.751830> Modify main BuyLimit (1Leg)
14:53:25.006835> Try Modify main Buy order, 
14:53:25.006835> Support: 63435.9 VolS:2.409 Resistence: 63439.2 VolR:0.629
14:53:25.257276> [1Leg]: BUY OK MODIFY BTCUSDC at 0.002 lot;price=63435.9000;execution=250.440 ms;
14:53:25.258273> Modify main BuyLimit (1Leg)
14:53:47.786974> Try Modify main Buy order, 
14:53:47.786974> Support: 63437.9 VolS:2.062 Resistence: 63441.2 VolR:0.584
14:53:48.148712> BinanceFuture - Vxxv1AWf[USD_M] Api Error Code: -2013 Message: Order does not exist.
14:53:48.149712> [1Leg]: Buy failed BTCUSDC;price=63438.0000
14:53:48.150713> Try place lock SellLimit, Bid: 63437.9 Ask:  63438.0
14:53:48.908968> [1Leg]: Sell OK BTCUSDC at 63461.0000;Gap=-3.94;Price=63438.0000;Slippage=-23.0;Execution=758.255 ms;
14:53:48.909968> Placed lock SellLimit 
14:55:54.402090> Signal 1(s), Bid: 63421.9 Ask:  63422.0
14:55:54.402090> Try Modify Lock Sell order for Close at now, 
14:55:54.666798> [1Leg]: SELL OK MODIFY BTCUSDC at 0.002 lot;price=63422.0000;execution=263.713 ms;
14:55:54.666798> Modify Lock SellLimit (1Leg) for Close at now
14:57:04.606586> Signal 2(s), Bid: 63415.9 Ask:  63416.0
14:57:25.745630> Signal 2(s), Bid: 63415.9 Ask:  63416.0
14:58:34.482848> Signal 1(s), Bid: 63437.2 Ask:  63437.3
14:58:34.482848> Try Open Sell Pos, deviationSell: 0.015 Ask: 63437.3
14:58:34.483846> Support: 63431.6 VolS:0.702 Resistence: 63437.3 VolR:1.328
14:58:34.732862> [1Leg]: Sell OK BTCUSDC at 63437.3000;Gap=0.015;Price=63437.3000;Slippage=0.0;Execution=249.016 ms;
14:58:34.733860> Elapsted Open Sell (1Leg)
14:58:34.979508> Try Modify main Sell order, 
14:58:34.980495> Support: 63426 VolS:1.84 Resistence: 63435 VolR:1.745
14:58:35.229645> [1Leg]: SELL OK MODIFY BTCUSDC at 0.002 lot;price=63435.0000;execution=249.150 ms;
14:58:35.230652> Modify main SellLimit (1Leg)
14:58:40.255959> Try Modify main Sell order, 
14:58:40.255959> Support: 63426 VolS:1.84 Resistence: 63432.1 VolR:2.949
14:58:40.526773> [1Leg]: SELL OK MODIFY BTCUSDC at 0.002 lot;price=63432.1000;execution=251.821 ms;
14:58:40.527780> Modify main SellLimit (1Leg)
14:58:41.444787> Try Modify main Sell order, 
14:58:41.444787> Support: 63426 VolS:1.84 Resistence: 63430.2 VolR:2.462
14:58:41.693388> [1Leg]: SELL OK MODIFY BTCUSDC at 0.002 lot;price=63430.2000;execution=247.603 ms;
14:58:41.694385> Modify main SellLimit (1Leg)
14:59:04.001135> Try place lock BuyLimit, Bid: 63432.5 Ask:  63432.6
14:59:04.991656> [1Leg]: Buy OK BTCUSDC at 63405.2000;Gap=-1.09;Price=63432.6000;Slippage=27.4;Execution=989.523 ms;
14:59:04.992651> Placed lock BuyLimit 
14:59:05.471424> Signal 1(s), Bid: 63432.5 Ask:  63432.6
14:59:33.500470> Signal 2(s), Bid: 63434.8 Ask:  63434.9
14:59:33.500470> Try Modify Lock Buy order for close at now, 
14:59:33.751392> [1Leg]: BUY OK MODIFY BTCUSDC at 0.002 lot;price=63434.8000;execution=249.930 ms;
14:59:33.751392> Modify BuyLimit (1Leg) for Close at now
15:00:17.829423> Signal 1(s), Bid: 63420.0 Ask:  63420.1
15:00:17.829423> Try Open Sell Pos, deviationSell: -0.305 Ask: 63420.1
15:00:17.830415> Support: 63420 VolS:1.192 Resistence: 63421.1 VolR:0.687
15:00:18.082433> [1Leg]: Sell OK BTCUSDC at 63420.1000;Gap=-0.305;Price=63420.1000;Slippage=0.0;Execution=251.018 ms;
15:00:18.083429> Elapsted Open Sell (1Leg)
15:00:18.781476> Try Modify main Sell order, 
15:00:18.782475> Support: 63419.3 VolS:0.596 Resistence: 63419.7 VolR:1.506
15:00:19.055888> [1Leg]: SELL OK MODIFY BTCUSDC at 0.002 lot;price=63419.7000;execution=273.413 ms;
15:00:19.056892> Modify main SellLimit (1Leg)
15:00:20.317596> Try Modify main Sell order, 
15:00:20.317596> Support: 63413.3 VolS:0.696 Resistence: 63416.7 VolR:0.662
15:00:20.567599> [1Leg]: SELL OK MODIFY BTCUSDC at 0.002 lot;price=63416.1000;execution=250.003 ms;
15:00:20.567599> Modify main SellLimit (1Leg)
15:00:23.032074> Try Modify main Sell order, 
15:00:23.033074> Support: 63407.9 VolS:0.93 Resistence: 63410.1 VolR:0.72
15:00:23.285244> [1Leg]: SELL OK MODIFY BTCUSDC at 0.002 lot;price=63408.6000;execution=252.170 ms;
15:00:23.287249> Modify main SellLimit (1Leg)
15:00:26.639637> Signal 1(s), Bid: 63408.5 Ask:  63408.6
15:00:31.363238> Signal 1(s), Bid: 63408.5 Ask:  63408.6
15:00:32.533533> Try Modify main Sell order, 
15:00:32.533533> Support: 63407.9 VolS:0.93 Resistence: 63408.6 VolR:0.978
15:00:32.784030> [1Leg]: SELL OK MODIFY BTCUSDC at 0.002 lot;price=63408.0000;execution=249.505 ms;
15:00:32.785019> Modify main SellLimit (1Leg)
15:00:35.342377> Try Modify main Sell order, 
15:00:35.342377> Support: 63399.2 VolS:0.583 Resistence: 63401.8 VolR:0.651
15:00:35.591390> [1Leg]: SELL OK MODIFY BTCUSDC at 0.002 lot;price=63400.1000;execution=249.013 ms;
15:00:35.591390> Modify main SellLimit (1Leg)
15:00:38.195625> Try Modify main Sell order, 
15:00:38.195625> Support: 63393.2 VolS:0.66 Resistence: 63396.8 VolR:1.571
15:00:38.938972> [1Leg]: SELL OK MODIFY BTCUSDC at 0.002 lot;price=63396.8000;execution=743.346 ms;
15:00:38.939976> Modify main SellLimit (1Leg)
15:00:39.771766> Try Modify main Sell order, 
15:00:39.773764> Support: 63393.2 VolS:0.66 Resistence: 63396.5 VolR:1.259
15:00:40.025778> [1Leg]: SELL OK MODIFY BTCUSDC at 0.002 lot;price=63396.5000;execution=250.997 ms;
15:00:40.025778> Modify main SellLimit (1Leg)
15:00:41.282686> Try Modify main Sell order, 
15:00:41.282686> Support: 63390.8 VolS:0.647 Resistence: 63392.3 VolR:0.736
15:00:41.552695> [1Leg]: SELL OK MODIFY BTCUSDC at 0.002 lot;price=63392.3000;execution=269.016 ms;
15:00:41.553694> Modify main SellLimit (1Leg)
15:00:42.797124> Signal 1(s), Bid: 63392.2 Ask:  63392.3
15:00:48.001800> Try place lock BuyLimit, Bid: 63417.9 Ask:  63418.0
15:00:48.255937> [1Leg]: Buy OK BTCUSDC at 63367.3000;Gap=-4.72;Price=63418.0000;Slippage=50.7;Execution=253.149 ms;
15:00:48.256937> Placed lock BuyLimit 
15:01:00.029085> Signal 1(s), Bid: 63411.4 Ask:  63411.5
15:01:00.350119> Signal 1(s), Bid: 63402.0 Ask:  63402.1
15:01:07.034016> Signal 1(s), Bid: 63392.3 Ask:  63392.4
15:01:23.670383> Signal 1(s), Bid: 63375.1 Ask:  63375.2
15:01:27.547689> Signal 1(s), Bid: 63374.0 Ask:  63374.1
15:01:34.100937> Signal 1(s), Bid: 63364.3 Ask:  63364.4
15:01:34.100937> Try Open Sell Pos, deviationSell: -2.455 Ask: 63364.4
15:01:34.100937> Support: 63361.7 VolS:0.632 Resistence: 63364.4 VolR:1.2
15:01:34.351935> [1Leg]: Sell OK BTCUSDC at 63364.4000;Gap=-2.455;Price=63364.4000;Slippage=0.0;Execution=250.998 ms;
15:01:34.352938> Elapsted Open Sell (1Leg)
15:01:40.000387> Try place lock BuyLimit, Bid: 63377.9 Ask:  63378.0
15:01:40.257130> [1Leg]: Buy OK BTCUSDC at 63339.4000;Gap=-1.94;Price=63380.0000;Slippage=40.6;Execution=255.742 ms;
15:01:40.257130> Placed lock BuyLimit 
15:01:46.040340> Signal 2(s), Bid: 63405.9 Ask:  63406.0
15:01:46.040340> Try Modify Lock Buy order for close at now, 
15:01:46.297398> [1Leg]: BUY OK MODIFY BTCUSDC at 0.002 lot;price=63405.9000;execution=256.059 ms;
15:01:46.297398> Modify BuyLimit (1Leg) for Close at now
15:01:50.708240> Signal 2(s), Bid: 63412.4 Ask:  63412.5
15:01:50.708240> Try Modify Lock Buy order for close at now, 
15:01:50.971248> [1Leg]: BUY OK MODIFY BTCUSDC at 0.002 lot;price=63412.4000;execution=262.012 ms;
15:01:50.971248> Modify BuyLimit (1Leg) for Close at now
15:01:50.973252> Signal 2(s), Bid: 63412.4 Ask:  63412.5
15:02:09.669880> Signal 1(s), Bid: 63420.0 Ask:  63420.1
15:03:07.236682> Signal 2(s), Bid: 63450.9 Ask:  63451.0
15:03:07.237681> Try Modify Lock Buy order for close at now, 
15:03:07.487615> [1Leg]: BUY OK MODIFY BTCUSDC at 0.002 lot;price=63450.9000;execution=249.934 ms;
15:03:07.487615> Modify BuyLimit (1Leg) for Close at now
15:03:09.877351> Signal 2(s), Bid: 63458.4 Ask:  63458.5
15:03:09.893364> Try Modify Lock Buy order for close at now, 
15:03:10.144293> [1Leg]: BUY OK MODIFY BTCUSDC at 0.002 lot;price=63458.4000;execution=250.929 ms;
15:03:10.144293> Modify BuyLimit (1Leg) for Close at now
15:03:46.459864> Signal 2(s), Bid: 63483.9 Ask:  63484.0
15:03:46.459864> Try Modify Lock Buy order for close at now, 
15:03:46.708881> [1Leg]: BUY OK MODIFY BTCUSDC at 0.002 lot;price=63483.9000;execution=249.016 ms;
15:03:46.709879> Modify BuyLimit (1Leg) for Close at now
15:04:24.159619> Signal 1(s), Bid: 63481.0 Ask:  63481.1
15:04:24.159619> Try Open Sell Pos, deviationSell: -0.095 Ask: 63481.1
15:04:24.160621> Support: 63481 VolS:2.131 Resistence: 63488.6 VolR:0.63
15:04:25.200841> [1Leg]: Sell OK BTCUSDC at 63481.1000;Gap=-0.095;Price=63481.1000;Slippage=0.0;Execution=1040.220 ms;
15:04:25.200841> Elapsted Open Sell (1Leg)
15:04:30.001835> Try place lock BuyLimit, Bid: 63485.9 Ask:  63486.0
15:04:30.269479> [1Leg]: Buy OK BTCUSDC at 63456.1000;Gap=1.585;Price=63486.0000;Slippage=29.9;Execution=266.642 ms;
15:04:30.269479> Placed lock BuyLimit 
15:04:34.811891> Signal 1(s), Bid: 63488.5 Ask:  63488.6
15:04:36.759291> Signal 2(s), Bid: 63508.0 Ask:  63508.1
15:04:36.759291> Try Modify Lock Buy order for close at now, 
15:04:37.009306> [1Leg]: BUY OK MODIFY BTCUSDC at 0.002 lot;price=63508.0000;execution=250.015 ms;
15:04:37.009306> Modify BuyLimit (1Leg) for Close at now
15:04:37.779577> Signal 2(s), Bid: 63511.9 Ask:  63512.0
15:04:37.779577> Try Modify Lock Buy order for close at now, 
15:04:38.030587> [1Leg]: BUY OK MODIFY BTCUSDC at 0.002 lot;price=63511.9000;execution=250.014 ms;
15:04:38.030587> Modify BuyLimit (1Leg) for Close at now
15:05:35.495270> Signal 1(s), Bid: 63489.4 Ask:  63489.5
15:05:35.495270> Try Open Sell Pos, deviationSell: 0.445 Ask: 63489.5
15:05:35.496272> Support: 63488.5 VolS:0.685 Resistence: 63489.5 VolR:1.53
15:05:35.748284> [1Leg]: Sell OK BTCUSDC at 63489.5000;Gap=0.445;Price=63486.1000;Slippage=-3.4;Execution=252.013 ms;
15:05:35.748284> Elapsted Open Sell (1Leg)
15:05:35.748284> Try Modify main Sell order, 
15:05:35.749285> Support: 63479.9 VolS:0.472 Resistence: 63486.1 VolR:1.001
15:05:36.079302> BinanceFuture - Vxxv1AWf[USD_M] Api Error Code: -2013 Message: Order does not exist.
15:05:36.098303> [1Leg]: Sell failed BTCUSDC;price=63486.1000
15:05:36.099305> Try Modify main Sell order, 
15:05:36.100304> Support: 63479.9 VolS:0.472 Resistence: 63486.1 VolR:1.001
15:05:36.861267> [1Leg]: SELL OK MODIFY BTCUSDC at 0.002 lot;price=63486.1000;execution=760.964 ms;
15:05:36.862259> Modify main SellLimit (1Leg)
15:05:36.863260> Signal 1(s), Bid: 63486.0 Ask:  63486.1
15:05:38.402703> Try Modify main Sell order, 
15:05:38.402703> Support: 63476.5 VolS:0.672 Resistence: 63480.1 VolR:1.522
15:05:38.653066> [1Leg]: SELL OK MODIFY BTCUSDC at 0.002 lot;price=63480.1000;execution=249.369 ms;
15:05:38.653066> Modify main SellLimit (1Leg)
15:05:50.001402> Try place lock BuyLimit, Bid: 63487.9 Ask:  63488.0
15:05:50.263443> [1Leg]: Buy OK BTCUSDC at 63455.1000;Gap=-3.605;Price=63488.0000;Slippage=32.9;Execution=262.041 ms;
15:05:50.265429> Placed lock BuyLimit 
15:06:06.349956> Signal 1(s), Bid: 63480.0 Ask:  63480.1
15:07:27.401457> Signal 1(s), Bid: 63459.9 Ask:  63460.0
15:08:12.216974> Signal 2(s), Bid: 63489.9 Ask:  63490.0
15:08:12.216974> Try Open BuyLimit, Bid: 63489.9 Ask:  63490.0
15:08:12.216974> Support: 63489.9 VolS:2.236 Resistence: 63490.9 VolR:0.601
15:08:13.246068> [1Leg]: Buy OK BTCUSDC at 63489.9000;Gap=-2.385;Price=63490.0000;Slippage=0.1;Execution=1028.095 ms;
15:08:13.247060> Elapsted Open BuyLimit 
15:08:24.018081> Try place lock SellLimit, Bid: 63486.0 Ask:  63486.1
15:08:24.322089> [1Leg]: Sell OK BTCUSDC at 63514.9000;Gap=-0.215;Price=63486.1000;Slippage=-28.8;Execution=302.019 ms;
15:08:24.323089> Placed lock SellLimit 
15:08:59.307536> Signal 2(s), Bid: 63491.9 Ask:  63492.0
15:09:38.946555> Signal 1(s), Bid: 63482.0 Ask:  63482.1
15:09:38.946555> Try Modify Lock Sell order for Close at now, 
15:09:39.197454> [1Leg]: SELL OK MODIFY BTCUSDC at 0.002 lot;price=63482.1000;execution=250.899 ms;
15:09:39.198440> Modify Lock SellLimit (1Leg) for Close at now
15:10:56.639766> Signal 2(s), Bid: 63523.3 Ask:  63523.4
15:10:56.639766> Try Open BuyLimit, Bid: 63523.3 Ask:  63523.4
15:10:56.639766> Support: 63523.3 VolS:1.94 Resistence: 63524 VolR:0.809
15:10:56.891657> [1Leg]: Buy OK BTCUSDC at 63523.3000;Gap=-0.60;Price=63523.4000;Slippage=0.1;Execution=251.891 ms;
15:10:56.892658> Elapsted Open BuyLimit 
15:11:03.208062> Try Modify main Buy order, 
15:11:03.212062> Support: 63523.3 VolS:0.943 Resistence: 63524 VolR:1.309
15:11:03.462270> [1Leg]: BUY OK MODIFY BTCUSDC at 0.002 lot;price=63523.8000;execution=250.208 ms;
15:11:03.462270> Modify main BuyLimit (1Leg)
15:11:16.000592> Try place lock SellLimit, Bid: 63516.2 Ask:  63516.3
15:11:17.089688> [1Leg]: Sell OK BTCUSDC at 63548.8000;Gap=0.97;Price=63516.3000;Slippage=-32.5;Execution=1088.103 ms;
15:11:17.090693> Placed lock SellLimit 
15:14:28.481658> Signal 1(s), Bid: 63528.0 Ask:  63528.1
15:14:28.482657> Try Modify Lock Sell order for Close at now, 
15:14:28.731682> [1Leg]: SELL OK MODIFY BTCUSDC at 0.002 lot;price=63528.1000;execution=249.024 ms;
15:14:28.732691> Modify Lock SellLimit (1Leg) for Close at now
15:14:39.037354> Signal 1(s), Bid: 63516.0 Ask:  63516.1
15:14:39.037354> Try Modify Lock Sell order for Close at now, 
15:14:39.302842> [1Leg]: SELL OK MODIFY BTCUSDC at 0.002 lot;price=63516.1000;execution=265.488 ms;
15:14:39.302842> Modify Lock SellLimit (1Leg) for Close at now
15:14:39.446852> Signal 1(s), Bid: 63506.0 Ask:  63506.1
15:14:39.447850> Try Modify Lock Sell order for Close at now, 
15:14:39.700058> [1Leg]: SELL OK MODIFY BTCUSDC at 0.002 lot;price=63506.1000;execution=252.208 ms;
15:14:39.700058> Modify Lock SellLimit (1Leg) for Close at now
15:14:59.527060> Signal 1(s), Bid: 63511.4 Ask:  63511.5
15:14:59.527060> Try Open Sell Pos, deviationSell: -1.08 Ask: 63511.5
15:14:59.528055> Support: 63511.4 VolS:1.706 Resistence: 63512.2 VolR:0.714
15:14:59.777068> [1Leg]: Sell OK BTCUSDC at 63511.5000;Gap=-1.08;Price=63501.2000;Slippage=-10.3;Execution=249.012 ms;
15:14:59.777068> Elapsted Open Sell (1Leg)
15:14:59.778068> Try Modify main Sell order, 
15:14:59.778068> Support: 63499.8 VolS:5.23 Resistence: 63501.2 VolR:0.859
15:15:00.175354> BinanceFuture - Vxxv1AWf[USD_M] Api Error Code: -2013 Message: Order does not exist.
15:15:00.207315> [1Leg]: Sell failed BTCUSDC;price=63501.2000
15:15:00.277319> Try Modify main Sell order, 
15:15:00.279336> Support: 63499.8 VolS:4.084 Resistence: 63499.9 VolR:3.509
15:15:01.355552> [1Leg]: SELL OK MODIFY BTCUSDC at 0.002 lot;price=63499.9000;execution=1075.226 ms;
15:15:01.356558> Modify main SellLimit (1Leg)
15:15:01.465554> Try Modify main Sell order, 
15:15:01.465554> Support: 63488.3 VolS:0.691 Resistence: 63494.5 VolR:2.109
15:15:01.715567> [1Leg]: SELL OK MODIFY BTCUSDC at 0.002 lot;price=63494.5000;execution=248.999 ms;
15:15:01.715567> Modify main SellLimit (1Leg)
15:15:02.496820> Try Modify main Sell order, 
15:15:02.497822> Support: 63488.3 VolS:0.691 Resistence: 63492.6 VolR:0.743
15:15:02.745837> [1Leg]: SELL OK MODIFY BTCUSDC at 0.002 lot;price=63492.2000;execution=248.015 ms;
15:15:02.745837> Modify main SellLimit (1Leg)
15:15:02.747841> Signal 1(s), Bid: 63492.1 Ask:  63492.2
15:15:03.082854> Try Modify main Sell order, 
15:15:03.083854> Support: 63488.3 VolS:0.691 Resistence: 63492.1 VolR:1.469
15:15:03.335874> [1Leg]: SELL OK MODIFY BTCUSDC at 0.002 lot;price=63492.1000;execution=252.020 ms;
15:15:03.336867> Modify main SellLimit (1Leg)
15:15:06.456327> Try Modify main Sell order, 
15:15:06.456327> Support: 63488.3 VolS:0.698 Resistence: 63490.1 VolR:1.051
15:15:06.705334> [1Leg]: SELL OK MODIFY BTCUSDC at 0.002 lot;price=63490.1000;execution=249.007 ms;
15:15:06.705334> Modify main SellLimit (1Leg)
15:15:09.621699> Try Modify main Sell order, 
15:15:09.621699> Support: 63484 VolS:0.763 Resistence: 63488.4 VolR:1.733
15:15:09.870707> [1Leg]: SELL OK MODIFY BTCUSDC at 0.002 lot;price=63488.4000;execution=248.014 ms;
15:15:09.871706> Modify main SellLimit (1Leg)
15:15:16.001240> Try place lock BuyLimit, Bid: 63494.0 Ask:  63494.1
15:15:16.256265> [1Leg]: Buy OK BTCUSDC at 63463.4000;Gap=0.74;Price=63494.1000;Slippage=30.7;Execution=255.026 ms;
15:15:16.257263> Placed lock BuyLimit 
15:16:11.354841> Signal 1(s), Bid: 63514.9 Ask:  63515.0
15:16:23.191456> Signal 1(s), Bid: 63475.8 Ask:  63475.9
15:17:48.001458> Signal 1(s), Bid: 63486.1 Ask:  63486.2
15:17:48.781096> Signal 1(s), Bid: 63476.6 Ask:  63476.7
15:18:17.197728> Signal 2(s), Bid: 63483.9 Ask:  63484.0
15:18:17.264731> Try Modify Lock Buy order for close at now, 
15:18:17.515752> [1Leg]: BUY OK MODIFY BTCUSDC at 0.002 lot;price=63483.9000;execution=250.020 ms;
15:18:17.517759> Modify BuyLimit (1Leg) for Close at now
15:18:47.181784> Signal 1(s), Bid: 63501.9 Ask:  63502.0
15:19:11.230580> Signal 2(s), Bid: 63501.9 Ask:  63502.0
15:19:11.230580> Try Modify Lock Buy order for close at now, 
15:19:11.481595> [1Leg]: BUY OK MODIFY BTCUSDC at 0.002 lot;price=63501.9000;execution=250.015 ms;
15:19:11.481595> Modify BuyLimit (1Leg) for Close at now
