18:13:23.017958> WebSocket connected! Start Partial @depth20 [Future] process...
18:13:23.017958> WebSocket connected! Start Partial @depth20 [Future] process...
18:13:23.019960> WebSocket connected! Start @depth [Future] process...
18:13:23.017958> Lenta has started...Start SubscribeToAggTradeStream @aggTrade [future] process...
18:13:24.606682> Lenta has started...Start SubscribeToAggTradeStream @aggTrade [future] process...
18:13:24.629683> WebSocket connected! Start Partial @depth20 [Future] process...
18:13:25.457322> WebSocket connected! Start @depth [Future] process...
18:13:27.043264> WebSocket connected! Start Partial @depth20 [Future] process...
18:13:29.944651> BinanceFuture - Vxxv1AWf[USD_M] USD_M Balance: 61.39344397 USDT
18:13:39.816326> Try Open BuyLimit, Bid: 68297.5 Ask:  68297.6
18:13:39.816326> Support: 68297.5 VolS:1.84 Resistence: 68297.6 VolR:3.777
18:13:40.114240> [1Leg]: Buy OK BTCUSDC at 0.00;Gap=3.746666666666666666666666667;Price=68297.60;Slippage=68297.6;Execution=290.918 ms;
18:13:40.115240> Placed Main BuyLimit, ticketCustom = 1 ticket= 3284074093 LastBuyPrice=68297.6
18:13:40.124249> Try adding BuyLimit, Bid: 68297.5 Ask:  68297.6
18:13:40.124249> Support: 68297.5 VolS:1.84 Resistence: 68297.6 VolR:3.777
18:13:40.955542> [1Leg]: Buy OK BTCUSDC at 0.00;Gap=3.746666666666666666666666667;Price=68297.60;Slippage=68297.6;Execution=831.293 ms;
18:13:40.956533> adding BuyLimit, ticket = 3284074093 ticketCustom = 2 
18:14:21.147146>  DevBUY (-): 85.28076923076923076923076923 avgGapBuy:-33.280769230769230769230769231 
18:15:17.229799> Try adding SellLimit, Ask: 68177.2
18:15:17.229799> Support: 68171 VolS:1.293 Resistence: 68177.6 VolR:2.505
18:15:18.059250> [1Leg]: Sell OK BTCUSDC at 0.00;Gap=-7.67125;Price=68171.10;Slippage=68171.1;Execution=827.451 ms;
18:15:18.059250> adding Sell (1Leg), ticket = 3284074093 ticketCustom = 3
