11:04:53.419527> WebSocket connected! Start Partial @depth20 [Future] process...
11:04:53.422528> WebSocket connected! Start @depth [Future] process...
11:04:53.423529> Lenta has started...Start SubscribeToAggTradeStream @aggTrade [future] process...
11:04:53.501532> WebSocket connected! Start Partial @depth20 [Future] process...
11:04:54.347816> Lenta has started...Start SubscribeToAggTradeStream @aggTrade [future] process...
11:04:54.374819> WebSocket connected! Start Partial @depth20 [Future] process...
11:04:54.402814> WebSocket connected! Start Partial @depth20 [Future] process...
11:04:54.405816> WebSocket connected! Start @depth [Future] process...
11:04:54.823101> BinanceFuture - Vxxv1AWf[USD_M] USD_M Balance: 235.97361612 USDT
11:30:47.588969> Try Open BuyLimit, Bid: 65746.5 Ask:  65746.6
11:30:47.589969> Lenta Signal open long, OpenLong:True Stk:1 StkImp:1 Lnt:2 Prg:0 Tide:20 Bid: 65746.5 Ask:  65746.6
11:30:47.996993> [1Leg]: Buy OK BTCUSDC at 0.00;Price=0.0;Slippage=65746.6;Execution=405.023 ms;
11:30:47.997993> Placed Main BuyLimit, ticketCustom = 1 ticket= 4037601091 LastBuyPrice=65746.5
11:30:52.166234> Try place lock SellLimit, Bid: 65746.5 Ask:65746.6 wantPrice:65908.1  EntrPrice:65746.6
11:30:53.422311> [1Leg]: Sell OK BTCUSDC at 65908.10;Price=65908.1;Slippage=-161.5;Execution=1255.078 ms;
11:30:53.423305> Placed lock SellLimit, ticketCustom= 2, ticket= 4037601091 
11:30:53.423305>  
11:31:19.011663> Try Modify Lock Sell order, 
11:31:19.260678> [1Leg]: SELL OK MODIFY BTCUSDC at 0.002 lot;price=65908.00;execution=245.019 ms;
11:31:19.260678> Modify Lock SellLimit (1Leg)
11:31:22.028072> Try Modify Lock Sell order, 
11:31:22.276087> [1Leg]: SELL OK MODIFY BTCUSDC at 0.002 lot;price=65907.70;execution=247.012 ms;
11:31:22.276087> Modify Lock SellLimit (1Leg)
11:31:43.006899> Try Modify Lock Sell order, 
11:31:43.262926> [1Leg]: SELL OK MODIFY BTCUSDC at 0.002 lot;price=65907.60;execution=255.026 ms;
11:31:43.262926> Modify Lock SellLimit (1Leg)
11:31:49.050248> Try Modify Lock Sell order, 
11:31:49.308262> [1Leg]: SELL OK MODIFY BTCUSDC at 0.002 lot;price=65907.30;execution=257.014 ms;
11:31:49.308262> Modify Lock SellLimit (1Leg)
11:32:07.052931> Try Modify Lock Sell order, 
11:32:07.298936> [1Leg]: SELL OK MODIFY BTCUSDC at 0.002 lot;price=65907.10;execution=246.006 ms;
11:32:07.299937> Modify Lock SellLimit (1Leg)
11:32:19.055893> Try Modify Lock Sell order, 
11:32:19.302909> [1Leg]: SELL OK MODIFY BTCUSDC at 0.002 lot;price=65906.70;execution=245.013 ms;
11:32:19.314907> Modify Lock SellLimit (1Leg)
11:32:28.085406> Try Modify Lock Sell order, 
11:32:28.374421> [1Leg]: SELL OK MODIFY BTCUSDC at 0.002 lot;price=65906.60;execution=288.016 ms;
11:32:28.374421> Modify Lock SellLimit (1Leg)
11:32:37.064918> Try Modify Lock Sell order, 
11:32:37.313936> [1Leg]: SELL OK MODIFY BTCUSDC at 0.002 lot;price=65906.30;execution=248.016 ms;
11:32:37.314934> Modify Lock SellLimit (1Leg)
11:32:49.072933> Try Modify Lock Sell order, 
11:32:49.404950> [1Leg]: SELL OK MODIFY BTCUSDC at 0.002 lot;price=65906.20;execution=332.017 ms;
11:32:49.404950> Modify Lock SellLimit (1Leg)
11:32:55.012481> Try Modify Lock Sell order, 
11:32:55.257496> [1Leg]: SELL OK MODIFY BTCUSDC at 0.002 lot;price=65906.00;execution=245.015 ms;
11:32:55.258502> Modify Lock SellLimit (1Leg)
11:32:59.033711> Try Delete lock Sell order,  ticket = 4037601091 ticketCustom = 2
11:32:59.034711> Stop Signal close long, stoploss=65696.6 TotalVal=0.002 pos:0.002 EntrPrice=65746.6 Stk:1 Lnt:1 Prg:0 Bid: 65692.3 Ask:  65692.4
11:32:59.328728> OrderId: [4037602206]: Sell Limit OK DELETE  BTCUSDC;price=0;Execution=293.017 ms;
11:32:59.329728> Delete lock SellLimit (1Leg)
11:32:59.329728> Try Close Buy, Ask: 65692.4 Bid:65692.3 
11:32:59.329728> Stop Signal close long, stoploss=65696.6 TotalVal=0.002 pos:0.002 EntrPrice=65746.6 Stk:1 Lnt:1 Prg:0 Bid: 65692.3 Ask:  65692.4
11:32:59.593742> [1Leg]: Sell OK BTCUSDC at 0.00;Price=0.0;Slippage=65692.4;Execution=263.013 ms;
11:32:59.609744> Close Main Buy, ticketCustom = 3 ticket = 4037644451
11:33:28.308646> Try Open BuyLimit, Bid: 65690.8 Ask:  65690.9
11:33:28.309644> Lenta Signal open long, OpenLong:True Stk:20 StkImp:1 Lnt:0 Prg:0 Tide:20 Bid: 65690.8 Ask:  65690.9
11:33:28.875676> [1Leg]: Buy OK BTCUSDC at 0.00;Price=0.0;Slippage=65690.9;Execution=557.031 ms;
11:33:28.937679> Placed Main BuyLimit, ticketCustom = 4 ticket= 4037644451 LastBuyPrice=65690.8
11:33:34.049974> Try place lock SellLimit, Bid: 65704.0 Ask:65704.1 wantPrice:65740.9  EntrPrice:65690.9
11:33:34.321014> [1Leg]: Sell OK BTCUSDC at 65740.90;Price=65740.9;Slippage=-36.8;Execution=271.040 ms;
11:33:34.321999> Placed lock SellLimit, ticketCustom= 5, ticket= 4037659021 
11:33:34.322995>  
11:38:22.539504> Try Delete lock Sell order,  ticket = 4037659021 ticketCustom = 5
11:38:22.539504> Stop Signal close long, stoploss=65640.9 TotalVal=0.002 pos:0.002 EntrPrice=65690.9 Stk:10 Lnt:1 Prg:0 Bid: 65640.1 Ask:  65640.2
11:38:22.843521> OrderId: [4037659021]: Sell Limit OK DELETE  BTCUSDC;price=0;Execution=304.018 ms;
11:38:22.844522> Delete lock SellLimit (1Leg)
11:38:22.845525> Try Close Buy, Ask: 65640.2 Bid:65640.1 
11:38:22.845525> Stop Signal close long, stoploss=65640.9 TotalVal=0.002 pos:0.002 EntrPrice=65690.9 Stk:10 Lnt:1 Prg:0 Bid: 65640.1 Ask:  65640.2
11:38:23.300567> [1Leg]: Sell OK BTCUSDC at 0.00;Price=0.0;Slippage=65637.7;Execution=454.046 ms;
11:38:23.300567> Close Main Buy, ticketCustom = 6 ticket = 4037659021
11:39:16.411288> Try Open BuyLimit, Bid: 65637.9 Ask:  65638.0
11:39:16.411288> Lenta Signal open long, OpenLong:True Stk:20 StkImp:1 Lnt:1 Prg:0 Tide:10 Bid: 65637.9 Ask:  65638.0
11:39:16.665301> [1Leg]: Buy OK BTCUSDC at 0.00;Price=0.0;Slippage=65638.0;Execution=253.015 ms;
11:39:16.666301> Placed Main BuyLimit, ticketCustom = 7 ticket= 4037659021 LastBuyPrice=65637.9
11:39:22.070611> Try place lock SellLimit, Bid: 65643.4 Ask:65643.5 wantPrice:65701.3  EntrPrice:65638.0
11:39:23.163672> [1Leg]: Sell OK BTCUSDC at 65701.30;Price=65701.3;Slippage=-57.8;Execution=1092.062 ms;
11:39:23.174672> Placed lock SellLimit, ticketCustom= 8, ticket= 4037762364 
11:39:23.174672>  
11:39:25.050781> Try Modify Lock Sell order, 
11:39:25.512808> [1Leg]: SELL OK MODIFY BTCUSDC at 0.002 lot;price=65701.10;execution=455.026 ms;
11:39:25.559813> Modify Lock SellLimit (1Leg)
11:39:34.021697> Try Modify Lock Sell order, 
11:39:34.305712> [1Leg]: SELL OK MODIFY BTCUSDC at 0.002 lot;price=65701.00;execution=284.015 ms;
11:39:34.306715> Modify Lock SellLimit (1Leg)
11:39:40.046045> Try Modify Lock Sell order, 
11:39:40.552074> [1Leg]: SELL OK MODIFY BTCUSDC at 0.002 lot;price=65700.70;execution=489.029 ms;
11:39:40.553073> Modify Lock SellLimit (1Leg)
11:41:57.169146> Try Delete lock Sell order,  ticket = 4037762364 ticketCustom = 8
11:41:57.169146> Lenta Signal close long, stoploss=65588.0 TotalVal=0.002 pos:0.002 EntrPrice=65638.0 Stk:10 StkImp:2 Lnt:2 Prg:0 Bid: 65630.0 Ask:  65630.1
11:41:57.302155> OrderId: [4037762364]: Sell Limit OK DELETE  BTCUSDC;price=0;Execution=133.008 ms;
11:41:57.312154> Delete lock SellLimit (1Leg)
11:41:57.320155> Try Close Buy, Ask: 65630.1 Bid:65630.0 
11:41:57.324157> Lenta Signal close long, stoploss=65588.0 TotalVal=0.002 pos:0.002 EntrPrice=65638.0 Stk:10 StkImp:2 Lnt:2 Prg:0 Bid: 65630.0 Ask:  65630.1
11:41:57.919189> [1Leg]: Sell OK BTCUSDC at 0.00;Price=0.0;Slippage=65630.1;Execution=589.033 ms;
11:41:57.919189> Close Main Buy, ticketCustom = 9 ticket = 4037762364
11:42:01.006365> Try Open SellLimit, Ask: 65629.5 Bid:65629.4
11:42:01.007366> Lenta Signal open short, OpenShort:True Stk:10 StkImp:2 Lnt:0 Prg:0 Bid: 65629.4 Ask:  65629.5
11:42:02.136429> [1Leg]: Sell OK BTCUSDC at 0.00;Price=0.0;Slippage=65618.1;Execution=1129.063 ms;
11:42:02.137431> Placed Main SellLimit, ticketCustom = 10 ticket = 4037762364 LastSellPrice=65629.5
11:42:07.005709> Try place lock BuyLimit, Bid: 65613.4 Ask:  65613.5 wantPrice:65568.0 EntrPrice:65618.0
11:42:07.284731> [1Leg]: Buy OK BTCUSDC at 65568.00;Price=65568.0;Slippage=45.5;Execution=271.018 ms;
11:42:07.285731>  
11:42:07.287729> Placed lock BuyLimit, ticketCustom= 11, ticket= 4037762364 
11:43:46.695926> Try Open SellLimit, Ask: 65608.7 Bid:65608.6
11:43:46.696937> Lenta Signal open short, OpenShort:True Stk:10 StkImp:2 Lnt:1 Prg:0 Bid: 65608.6 Ask:  65608.7
11:43:46.975942> [1Leg]: Sell OK BTCUSDC at 0.00;Price=0.0;Slippage=65608.7;Execution=278.013 ms;
11:43:46.975942> Placed Main SellLimit, ticketCustom = 12 ticket = 4037884869 LastSellPrice=65608.7
11:45:13.931957> Try Delete lock Buy order, ticket = 4037762364 ticketCustom = 11
11:45:13.932957> Stop Signal close short, stoploss=65658.6 TotalVal=0.002 pos:-0.002 EntrPrice=65608.6 Stk:2 Lnt:1 Prg:0 Bid: 65659.5 Ask:  65659.8
11:45:14.508989> BinanceFuture - Vxxv1AWf[USD_M] DELETE FAILURE.....
11:45:19.525278> Try Close Sell, Bid: 65637.4 Ask:  65637.5
11:45:19.526278> Stop Signal close short, stoploss=65658.6 TotalVal=0.002 pos:-0.002 EntrPrice=65608.6 Stk:2 Lnt:1 Prg:0 Bid: 65659.5 Ask:  65659.8
11:45:19.786292> [1Leg]: Buy OK BTCUSDC at 0.00;Price=0.0;Slippage=65637.5;Execution=260.014 ms;
11:45:19.795293> Close Main Sell ticketCustom = 13 ticket= 4037884869
11:45:22.050431> Try Open SellLimit, Ask: 65628.1 Bid:65628.0
11:45:22.051427> Lenta Signal open short, OpenShort:True Stk:10 StkImp:2 Lnt:0 Prg:0 Bid: 65628.0 Ask:  65628.1
11:45:23.349495> [1Leg]: Sell OK BTCUSDC at 0.00;Price=0.0;Slippage=65628.1;Execution=1296.067 ms;
11:45:23.349495> Placed Main SellLimit, ticketCustom = 14 ticket = 4037926079 LastSellPrice=65628.1
11:45:28.050484> Try Modify Lock Buy order, 
11:45:28.595516> BinanceFuture - Vxxv1AWf[USD_M] Api Error Code: -2013 Message: Order does not exist.
11:45:28.602517> [1Leg]: Buy failed BTCUSDC;price=65628.10
11:45:33.642805> Try Modify Lock Buy order, 
11:45:34.152841> BinanceFuture - Vxxv1AWf[USD_M] Api Error Code: -2013 Message: Order does not exist.
11:45:34.152841> [1Leg]: Buy failed BTCUSDC;price=65643.00
11:45:39.196121> Try Modify Lock Buy order, 
11:45:40.027171> BinanceFuture - Vxxv1AWf[USD_M] Api Error Code: -2013 Message: Order does not exist.
11:45:40.028171> [1Leg]: Buy failed BTCUSDC;price=65639.70
11:45:45.139463> Try Modify Lock Buy order, 
11:45:45.904508> BinanceFuture - Vxxv1AWf[USD_M] Api Error Code: -2013 Message: Order does not exist.
11:45:45.936510> [1Leg]: Buy failed BTCUSDC;price=65636.90
11:45:51.220811> Try Modify Lock Buy order, 
11:45:51.705845> BinanceFuture - Vxxv1AWf[USD_M] Api Error Code: -2013 Message: Order does not exist.
11:45:51.706842> [1Leg]: Buy failed BTCUSDC;price=65644.00
11:45:56.938141> Try Modify Lock Buy order, 
11:45:57.396168> BinanceFuture - Vxxv1AWf[USD_M] Api Error Code: -2013 Message: Order does not exist.
11:45:57.421169> [1Leg]: Buy failed BTCUSDC;price=65644.70
11:46:02.544462> Try Modify Lock Buy order, 
11:46:03.389509> BinanceFuture - Vxxv1AWf[USD_M] Api Error Code: -2013 Message: Order does not exist.
11:46:03.389509> [1Leg]: Buy failed BTCUSDC;price=65641.90
11:46:08.471799> Try Modify Lock Buy order, 
11:46:08.921829> BinanceFuture - Vxxv1AWf[USD_M] Api Error Code: -2013 Message: Order does not exist.
11:46:08.922828> [1Leg]: Buy failed BTCUSDC;price=65634.10
