09:44:43.873655> WebSocket connected! Start Partial @depth20 [Future] process...
09:44:43.876656> Lenta has started...Start SubscribeToAggTradeStream @aggTrade [future] process...
09:44:43.876656> WebSocket connected! Start @depth [Future] process...
09:44:43.903656> Lenta has started...Start SubscribeToAggTradeStream @aggTrade [future] process...
09:44:43.903656> WebSocket connected! Start Partial @depth20 [Future] process...
09:44:43.904657> WebSocket connected! Start @depth [Future] process...
09:44:44.865942> WebSocket connected! Start @depth [Future] process...
09:44:44.872911> WebSocket connected! Start Partial @depth20 [Future] process...
09:44:44.880944> WebSocket connected! Start @depth [Future] process...
09:44:44.894919> Lenta has started...Start SubscribeToAggTradeStream @aggTrade [future] process...
09:44:44.898930> Lenta has started...Start SubscribeToAggTradeStream @aggTrade [future] process...
09:44:44.902973> WebSocket connected! Start Partial @depth20 [Future] process...
09:44:45.902926> BinanceFuture - Vxxv1AWf[USD_M] USD_M Balance: 674.08556865 USDT
09:45:36.720290> Signal 2(s), Bid: 62197.0 Ask:  62197.1
09:46:01.039336> Signal 2(s), Bid: 62209.9 Ask:  62210.0
09:46:11.869957> Signal 2(s), Bid: 62210.0 Ask:  62210.1
09:47:46.169067> Signal 2(s), Bid: 62158.1 Ask:  62158.2
09:50:46.917664> Unable to read data from the transport connection: An existing connection was forcibly closed by the remote host.
09:50:51.961187> BinanceFuture - Vxxv1AWf[USD_M] Reconect to WebSocket #
09:50:51.977188> WebSocket [SubscribeToAggTradeStream()] [Closed] [future] and reconnect again [with Task.Delay]..
