11:41:23.841680> WebSocket connected! Start Partial @depth20 [Future] process...
11:41:23.842681> WebSocket connected! Start Partial @depth20 [Future] process...
11:41:23.843680> Lenta has started...Start SubscribeToAggTradeStream @aggTrade [future] process...
11:41:23.903684> WebSocket connected! Start @depth [Future] process...
11:41:24.889898> WebSocket connected! Start Partial @depth20 [Future] process...
11:41:24.889898> WebSocket connected! Start @depth [Future] process...
11:41:24.904904> WebSocket connected! Start Partial @depth20 [Future] process...
11:41:24.919896> BinanceFuture - Vxxv1AWf[USD_M] USD_M Balance: 462.00689384 USDT
11:41:24.924896> Lenta has started...Start SubscribeToAggTradeStream @aggTrade [future] process...
13:04:12.687808> Signal 2(s), Bid: 64136.8 Ask:  64136.9
13:24:23.374989> Signal 2(s), Bid: 63819.8 Ask:  63819.9
13:36:25.619452> Signal 1(s), Bid: 63911.3 Ask:  63911.4
13:47:30.342261> Signal 1(s), Bid: 63992.9 Ask:  63993.0
14:04:28.345353> Signal 1(s), Bid: 64050.0 Ask:  64050.1
14:05:32.154331> Signal 2(s), Bid: 63951.1 Ask:  63951.2
15:10:36.136861> Signal 1(s), Bid: 63516.0 Ask:  63516.1
15:51:07.440910> WebSocket [ConnectToDepthStream()] [future] error: Unable to read data from the transport connection: An existing connection was forcibly closed by the remote host.
15:51:12.603204> BinanceFuture - Vxxv1AWf[USD_M] Reconect ConnectToDepthStream() to WebSocket #
15:51:12.604205> WebSocket [ConnectToDepthStream()] [Closed] [future] and reconnect again [during Task.Delay]..
15:58:24.266336> WebSocket connected! Start @depth [Future] process...
