17:50:56.962033> WebSocket connected! Start @depth [Future] process...
17:50:56.972033> WebSocket connected! Start Partial @depth20 [Future] process...
17:50:57.851893> WebSocket connected! Start @depth [Future] process...
17:50:57.889899> Lenta has started...Start SubscribeToAggTradeStream @aggTrade [future] process...
17:50:57.924893> WebSocket connected! Start Partial @depth20 [Future] process...
17:50:57.936893> BinanceFuture - Vxxv1AWf[USD_M] USD_M Balance: 278.53843062 USDT
17:50:58.360831> WebSocket connected! Start Partial @depth20 [Future] process...
17:50:58.618180> Lenta has started...Start SubscribeToAggTradeStream @aggTrade [future] process...
17:50:58.930539> WebSocket connected! Start Partial @depth20 [Future] process...
18:07:24.801371> Try Open Buy, Bid: 69575.8 Ask:  69575.9
18:07:24.801371> Lenta Signal open long, OpenLong:True Stk:0 StkImp:1 Lnt:2 Prg:0 Bid: 69575.8 Ask:  69575.9
18:07:24.802362> Support: 69575.8 VolS:3.061 Resistence: 69583 VolR:0.458
18:07:26.140990> [1Leg]: Buy OK BTCUSDC at 0.00;Gap=-4.12125;Price=69577.60;Slippage=69577.6;Execution=1335.629 ms;
18:07:26.141990> Move:1 Stk:0 Lnt:2 Prg:0 Bid: 69577.5 Ask:  69577.6
18:07:26.142991> Placed Main Buy, ticketCustom = 1 ticket= 3584348820 LastBuyPrice=69575.9
18:12:46.812752> Try Close Buy, TotalVal=0.01 pos0.01 Bid: 69885.6 Ask: 69885.7, stoploss=69075.9
18:12:46.812752> TakeProfit Signal close long, stoploss=69075.9 TotalVal=0.01 pos:0.01 EntrPrice=69575.9 Stk:2 Lnt:2 Prg:0 Bid: 69885.6 Ask:  69885.7
18:12:49.123574> [1Leg]: Sell OK BTCUSDC at 0.00;Gap=5.2875;Price=69895.10;Slippage=69895.1;Execution=2309.838 ms;
18:12:49.124559> Move:2 Stk:2 Lnt:2 Prg:0 Fon:0 Bid: 69895.0 Ask:  69895.1
18:12:49.124559> Close Main Buy, ticketCustom = 2 ticket = 3584348820
18:17:31.707006> Try Open Buy, Bid: 69917.0 Ask:  69917.1
18:17:31.709008> Lenta Signal open long, OpenLong:True Stk:0 StkImp:1 Lnt:2 Prg:0 Bid: 69917.0 Ask:  69917.1
18:17:31.709008> Support: 69917 VolS:1.72 Resistence: 69922.2 VolR:0.534
18:17:33.118298> [1Leg]: Buy OK BTCUSDC at 0.00;Gap=-2.10;Price=69921.10;Slippage=69921.1;Execution=1409.291 ms;
18:17:33.119300> Move:1 Stk:0 Lnt:2 Prg:0 Bid: 69921.0 Ask:  69921.1
18:17:33.119300> Placed Main Buy, ticketCustom = 3 ticket= 3584694751 LastBuyPrice=69917.1
