12:20:10.336015> Lenta has started...Start SubscribeToAggTradeStream @aggTrade [future] process...
12:20:10.340022> WebSocket connected! Start @depth [Future] process...
12:20:10.347017> Lenta has started...Start SubscribeToAggTradeStream @aggTrade [future] process...
12:20:10.359013> WebSocket connected! Start Partial @depth20 [Future] process...
12:20:10.362011> WebSocket connected! Start Partial @depth20 [Future] process...
12:20:10.362011> WebSocket connected! Start @depth [Future] process...
12:20:11.363931> WebSocket connected! Start Partial @depth20 [Future] process...
12:20:11.394932> WebSocket connected! Start @depth [Future] process...
12:20:11.399934> WebSocket connected! Start Partial @depth20 [Future] process...
12:20:11.400936> WebSocket connected! Start @depth [Future] process...
12:20:11.435939> Lenta has started...Start SubscribeToAggTradeStream @aggTrade [future] process...
12:20:11.437935> Lenta has started...Start SubscribeToAggTradeStream @aggTrade [future] process...
12:20:11.900064> BinanceFuture - Vxxv1AWf[USD_M] USD_M Balance: 675.06920882 USDT
12:37:50.481478> Signal 1(s), Bid: 62896.4 Ask:  62896.5
12:37:50.482470> Try Open Sell Pos, deviationSell: 1.565 Ask: 62896.5
12:37:50.482470> Support: 62890 VolS:0.082 Resistence: 62896.5 VolR:0.654
12:37:50.743256> [1Leg]: Sell OK BTCUSDC at 62896.5000;Gap=1.565;Price=62896.5000;Slippage=0.0;Execution=256.788 ms;
12:37:50.744255> Elapsted Open Sell (1Leg)
12:38:05.871191> Try Modify main Sell order, 
12:38:05.871191> Support: 62889.4 VolS:0.637 Resistence: 62893.5 VolR:1.691
12:38:06.143192> [1Leg]: SELL OK MODIFY BTCUSDC at 0.002 lot;price=62893.5000;execution=267.940 ms;
12:38:06.144193> Modify main SellLimit (1Leg)
12:38:07.531836> Try Modify main Sell order, 
12:38:07.531836> Support: 62880.7 VolS:0.621 Resistence: 62886 VolR:1.509
12:38:07.783860> [1Leg]: SELL OK MODIFY BTCUSDC at 0.002 lot;price=62886.0000;execution=251.023 ms;
12:38:07.784851> Modify main SellLimit (1Leg)
12:38:08.543618> Try Modify main Sell order, 
12:38:08.544617> Support: 62880.7 VolS:0.621 Resistence: 62883.5 VolR:1.96
12:38:08.798632> [1Leg]: SELL OK MODIFY BTCUSDC at 0.002 lot;price=62883.5000;execution=254.015 ms;
12:38:08.799635> Modify main SellLimit (1Leg)
12:38:15.967076> Try Modify main Sell order, 
12:38:15.968077> Support: 62882.4 VolS:0.764 Resistence: 62883.5 VolR:0.984
12:38:16.218136> [1Leg]: SELL OK MODIFY BTCUSDC at 0.002 lot;price=62882.5000;execution=250.059 ms;
12:38:16.219128> Modify main SellLimit (1Leg)
12:38:25.000476> Try place BuyLimit, Bid: 62895.9 Ask:  62896.0
12:38:26.027415> [1Leg]: Buy OK BTCUSDC at 62782.5000;Gap=-0.695;Price=62896.0000;Slippage=113.5;Execution=1025.895 ms;
12:38:26.028408> Placed lock BuyLimit 
12:41:17.732577> Try Modify Lock Buy order for close at now, 
12:41:17.982086> [1Leg]: BUY OK MODIFY BTCUSDC at 0.002 lot;price=62875.3000;execution=247.563 ms;
12:41:17.982086> Modify BuyLimit (1Leg) for Close at now
12:43:39.178628> Signal 1(s), Bid: 62924.8 Ask:  62924.9
13:07:33.621046> Signal 2(s), Bid: 62916.6 Ask:  62916.7
13:07:33.621046> Try Open BuyLimit, Bid: 62916.6 Ask:  62916.7
13:07:33.621046> Support: 62916.6 VolS:2.543 Resistence: 62924.5 VolR:0.218
13:07:33.867043> [1Leg]: Buy OK BTCUSDC at 62916.6000;Gap=-4.565;Price=62916.7000;Slippage=0.1;Execution=245.013 ms;
13:07:33.868045> Elapsted Open BuyLimit 
13:07:34.134061> Try Modify main Buy order, 
13:07:34.134061> Support: 62921.6 VolS:1.38 Resistence: 62924.6 VolR:0.622
13:07:34.383088> [1Leg]: BUY OK MODIFY BTCUSDC at 0.002 lot;price=62921.6000;execution=249.027 ms;
13:07:34.384075> Modify main BuyLimit (1Leg)
13:07:44.331879> Try Modify main Buy order, 
13:07:44.332878> Support: 62921.6 VolS:0.693 Resistence: 62927.8 VolR:0.13
13:07:44.578905> [1Leg]: BUY OK MODIFY BTCUSDC at 0.002 lot;price=62922.9000;execution=245.026 ms;
13:07:44.579893> Modify main BuyLimit (1Leg)
13:07:46.522329> Try Modify main Buy order, 
13:07:46.522329> Support: 62922.9 VolS:1.032 Resistence: 62930 VolR:0.719
13:07:46.772369> [1Leg]: BUY OK MODIFY BTCUSDC at 0.002 lot;price=62925.9000;execution=250.040 ms;
13:07:46.774353> Modify main BuyLimit (1Leg)
13:07:56.455780> Try Modify main Buy order, 
13:07:56.456779> Support: 62926.2 VolS:0.853 Resistence: 62927.4 VolR:0.579
13:07:56.705066> [1Leg]: BUY OK MODIFY BTCUSDC at 0.002 lot;price=62926.2000;execution=248.288 ms;
13:07:56.705066> Modify main BuyLimit (1Leg)
13:07:57.473142> Try Modify main Buy order, 
13:07:57.474120> Support: 62929.3 VolS:2.04 Resistence: 62936.3 VolR:0.647
13:07:58.475474> [1Leg]: BUY OK MODIFY BTCUSDC at 0.002 lot;price=62929.3000;execution=1001.354 ms;
13:07:58.475474> Modify main BuyLimit (1Leg)
13:07:58.509478> Try Modify main Buy order, 
13:07:58.509478> Support: 62931.8 VolS:2.374 Resistence: 62933.3 VolR:0.606
13:07:58.759496> [1Leg]: BUY OK MODIFY BTCUSDC at 0.002 lot;price=62931.8000;execution=250.018 ms;
13:07:58.759496> Modify main BuyLimit (1Leg)
13:08:23.000770> Try place SellLimit, Bid: 62931.2 Ask:  62931.3
13:08:23.252416> [1Leg]: Sell OK BTCUSDC at 63031.8000;Gap=-4.155;Price=62931.3000;Slippage=-100.5;Execution=250.638 ms;
13:08:23.253414> Placed lock SellLimit 
13:17:19.507014> Try Modify Lock Sell order for Close at now, 
13:17:19.761045> [1Leg]: SELL OK MODIFY BTCUSDC at 0.002 lot;price=62850.1000;execution=253.032 ms;
13:17:19.762032> Modify Lock SellLimit (1Leg) for Close at now
13:35:10.667620> Signal 1(s), Bid: 62848.8 Ask:  62848.9
13:35:10.667620> Try Open Sell Pos, deviationSell: 3.78 Ask: 62848.9
13:35:10.668612> Support: 62839.9 VolS:0.133 Resistence: 62848.9 VolR:3.083
13:35:10.935128> [1Leg]: Sell OK BTCUSDC at 62848.9000;Gap=3.78;Price=62848.9000;Slippage=0.0;Execution=266.516 ms;
13:35:10.935128> Elapsted Open Sell (1Leg)
13:35:11.149141> Try Modify main Sell order, 
13:35:11.150143> Support: 62842.7 VolS:0.617 Resistence: 62848.1 VolR:2.528
13:35:12.242042> [1Leg]: SELL OK MODIFY BTCUSDC at 0.002 lot;price=62848.1000;execution=1090.901 ms;
13:35:12.242042> Modify main SellLimit (1Leg)
13:35:23.000233> Try place BuyLimit, Bid: 62860.2 Ask:  62860.3
13:35:23.286255> [1Leg]: Buy OK BTCUSDC at 62748.1000;Gap=-5.22;Price=62860.3000;Slippage=112.2;Execution=284.023 ms;
13:35:23.287248> Placed lock BuyLimit 
13:35:52.500334> Signal 1(s), Bid: 62839.6 Ask:  62839.7
13:38:17.760007> Signal 1(s), Bid: 62807.3 Ask:  62807.4
13:38:23.750871> Signal 1(s), Bid: 62802.2 Ask:  62805.0
13:42:19.728829> Try Modify Lock Buy order for close at now, 
13:42:20.173845> [1Leg]: BUY OK MODIFY BTCUSDC at 0.002 lot;price=62750.0000;execution=443.021 ms;
13:42:20.174851> Modify BuyLimit (1Leg) for Close at now
13:48:43.553083> Signal 2(s), Bid: 62644.3 Ask:  62650.0
13:48:43.553083> Try Open BuyLimit, Bid: 62644.3 Ask:  62650.0
13:48:43.553083> Support: 62573.8 VolS:8.606 Resistence: 62665.5 VolR:0.249
13:48:43.942106> [1Leg]: Buy OK BTCUSDC at 62644.3000;Gap=-52.035;Price=62650.0000;Slippage=5.7;Execution=389.024 ms;
13:48:43.943104> Elapsted Open BuyLimit 
13:48:44.040110> Try Modify main Buy order, 
13:48:44.040110> Support: 62666 VolS:0.485 Resistence: 62668.8 VolR:0.303
13:48:44.315144> [1Leg]: BUY OK MODIFY BTCUSDC at 0.002 lot;price=62668.5000;execution=275.034 ms;
13:48:44.316127> Modify main BuyLimit (1Leg)
13:48:44.555140> Try Modify main Buy order, 
13:48:44.555140> Support: 62683.3 VolS:1.049 Resistence: 62683.4 VolR:1.846
13:48:44.881172> [1Leg]: BUY OK MODIFY BTCUSDC at 0.002 lot;price=62683.3000;execution=326.031 ms;
13:48:44.885176> Modify main BuyLimit (1Leg)
13:48:47.000391> Try place SellLimit, Bid: 62675.9 Ask:  62676.0
13:48:47.807470> [1Leg]: Sell OK BTCUSDC at 62779.5000;Gap=-15.865;Price=62680.0000;Slippage=-99.5;Execution=805.080 ms;
13:48:47.808470> Placed lock SellLimit 
13:49:43.772201> Try Modify Lock Sell order for Close at now, 
13:49:44.048631> [1Leg]: SELL OK MODIFY BTCUSDC at 0.002 lot;price=62714.0000;execution=276.430 ms;
13:49:44.050627> Modify Lock SellLimit (1Leg) for Close at now
13:49:44.053628> Try Modify Lock Sell order for Close at now, 
13:49:44.321672> [1Leg]: SELL OK MODIFY BTCUSDC at 0.002 lot;price=62708.2000;execution=268.044 ms;
13:49:44.323655> Modify Lock SellLimit (1Leg) for Close at now
13:51:30.782316> Signal 2(s), Bid: 62710.9 Ask:  62711.0
13:51:30.783317> Try Open BuyLimit, Bid: 62710.9 Ask:  62711.0
13:51:30.783317> Support: 62704 VolS:59.858 Resistence: 62711.4 VolR:0.604
13:51:31.055335> [1Leg]: Buy OK BTCUSDC at 62710.9000;Gap=1.385;Price=62711.0000;Slippage=0.1;Execution=272.018 ms;
13:51:31.056332> Elapsted Open BuyLimit 
13:51:32.956802> Signal 2(s), Bid: 62711.3 Ask:  62711.4
13:51:32.956802> Try Modify main Buy order, 
13:51:32.957796> Support: 62704 VolS:59.858 Resistence: 62718.4 VolR:2.346
13:51:33.223602> [1Leg]: BUY OK MODIFY BTCUSDC at 0.002 lot;price=62711.3000;execution=264.807 ms;
13:51:33.224613> Modify main BuyLimit (1Leg)
13:51:38.163057> Try Modify main Buy order, 
13:51:38.164060> Support: 62720.8 VolS:0.526 Resistence: 62730.7 VolR:0.4
13:51:38.437076> [1Leg]: BUY OK MODIFY BTCUSDC at 0.002 lot;price=62722.4000;execution=273.016 ms;
13:51:38.438074> Modify main BuyLimit (1Leg)
13:51:38.640181> Try Modify main Buy order, 
13:51:38.641087> Support: 62726.8 VolS:1.83 Resistence: 62729.6 VolR:0.656
13:51:38.939103> [1Leg]: BUY OK MODIFY BTCUSDC at 0.002 lot;price=62726.8000;execution=297.017 ms;
13:51:38.940103> Modify main BuyLimit (1Leg)
13:51:41.362488> Try Modify main Buy order, 
13:51:41.363489> Support: 62728 VolS:2.334 Resistence: 62730 VolR:0.262
13:51:41.635503> [1Leg]: BUY OK MODIFY BTCUSDC at 0.002 lot;price=62728.0000;execution=272.014 ms;
13:51:41.635503> Modify main BuyLimit (1Leg)
13:51:42.505075> Try Modify main Buy order, 
13:51:42.506077> Support: 62729.9 VolS:2.409 Resistence: 62735.7 VolR:0.691
13:51:42.811099> [1Leg]: BUY OK MODIFY BTCUSDC at 0.002 lot;price=62729.9000;execution=304.023 ms;
13:51:42.812098> Modify main BuyLimit (1Leg)
13:51:43.002104> Try Modify main Buy order, 
13:51:43.003105> Support: 62729.9 VolS:48.687 Resistence: 62733.7 VolR:0.608
13:51:44.107092> [1Leg]: BUY OK MODIFY BTCUSDC at 0.002 lot;price=62732.7000;execution=1103.987 ms;
13:51:44.107092> Modify main BuyLimit (1Leg)
13:51:44.109095> Signal 2(s), Bid: 62732.7 Ask:  62732.8
13:51:44.147098> Signal 2(s), Bid: 62732.7 Ask:  62732.8
13:51:44.554127> Signal 2(s), Bid: 62732.7 Ask:  62732.8
13:51:46.203241> Signal 2(s), Bid: 62732.7 Ask:  62732.8
13:51:46.685317> Try Modify main Buy order, 
13:51:46.685317> Support: 62732.7 VolS:48.268 Resistence: 62742 VolR:1.181
13:51:46.953584> [1Leg]: BUY OK MODIFY BTCUSDC at 0.002 lot;price=62733.0000;execution=267.267 ms;
13:51:46.954333> Modify main BuyLimit (1Leg)
13:51:46.956334> Signal 2(s), Bid: 62733.0 Ask:  62733.1
13:51:47.208348> Signal 2(s), Bid: 62733.9 Ask:  62734.0
13:51:47.211348> Try Modify main Buy order, 
13:51:47.211348> Support: 62733.9 VolS:50.796 Resistence: 62742 VolR:1.181
13:51:47.463082> [1Leg]: BUY OK MODIFY BTCUSDC at 0.002 lot;price=62733.9000;execution=250.733 ms;
13:51:47.463082> Modify main BuyLimit (1Leg)
13:51:48.379564> Try Modify main Buy order, 
13:51:48.380561> Support: 62733.9 VolS:47.845 Resistence: 62743.1 VolR:6.304
13:51:48.650567> [1Leg]: BUY OK MODIFY BTCUSDC at 0.002 lot;price=62740.1000;execution=268.005 ms;
13:51:48.654565> Modify main BuyLimit (1Leg)
13:51:48.920584> Try Modify main Buy order, 
13:51:48.921584> Support: 62742 VolS:48.06 Resistence: 62743.1 VolR:6.318
13:51:49.203599> [1Leg]: BUY OK MODIFY BTCUSDC at 0.002 lot;price=62743.0000;execution=282.015 ms;
13:51:49.204601> Modify main BuyLimit (1Leg)
13:51:49.452623> Signal 2(s), Bid: 62743.0 Ask:  62743.1
13:52:09.005098> Try Modify main Buy order, 
13:52:09.009105> Support: 62745.5 VolS:2.218 Resistence: 62749.1 VolR:0.619
13:52:09.263109> [1Leg]: BUY OK MODIFY BTCUSDC at 0.002 lot;price=62745.5000;execution=251.999 ms;
13:52:09.263109> Modify main BuyLimit (1Leg)
13:52:10.013727> Try Modify main Buy order, 
13:52:10.014716> Support: 62747.2 VolS:2.442 Resistence: 62749.1 VolR:0.819
13:52:10.281737> [1Leg]: BUY OK MODIFY BTCUSDC at 0.002 lot;price=62747.2000;execution=267.021 ms;
13:52:10.281737> Modify main BuyLimit (1Leg)
13:52:12.136918> Try Modify main Buy order, 
13:52:12.136918> Support: 62747.4 VolS:1.241 Resistence: 62747.5 VolR:0.594
13:52:12.402943> [1Leg]: BUY OK MODIFY BTCUSDC at 0.002 lot;price=62747.4000;execution=266.024 ms;
13:52:12.403935> Modify main BuyLimit (1Leg)
13:52:14.384465> Try Modify main Buy order, 
13:52:14.386459> Support: 62747.7 VolS:1.223 Resistence: 62752.3 VolR:0.707
13:52:14.676467> [1Leg]: BUY OK MODIFY BTCUSDC at 0.002 lot;price=62747.7000;execution=288.017 ms;
13:52:14.677465> Modify main BuyLimit (1Leg)
13:52:19.649300> Try Modify main Buy order, 
13:52:19.651304> Support: 62748.2 VolS:1.863 Resistence: 62752.7 VolR:0.772
13:52:19.940310> [1Leg]: BUY OK MODIFY BTCUSDC at 0.002 lot;price=62748.2000;execution=287.015 ms;
13:52:19.941308> Modify main BuyLimit (1Leg)
13:52:20.202358> Try Modify main Buy order, 
13:52:20.205351> Support: 62748.7 VolS:2.273 Resistence: 62752.7 VolR:0.772
13:52:20.475340> [1Leg]: BUY OK MODIFY BTCUSDC at 0.002 lot;price=62748.7000;execution=267.997 ms;
13:52:20.476339> Modify main BuyLimit (1Leg)
13:52:20.687352> Try Modify main Buy order, 
13:52:20.687352> Support: 62749.9 VolS:2.257 Resistence: 62752.7 VolR:0.772
13:52:20.955375> [1Leg]: BUY OK MODIFY BTCUSDC at 0.002 lot;price=62749.9000;execution=267.024 ms;
13:52:20.956370> Modify main BuyLimit (1Leg)
13:52:23.192263> Try Modify main Buy order, 
13:52:23.192263> Support: 62752.2 VolS:3.273 Resistence: 62758.3 VolR:0.196
13:52:23.450270> [1Leg]: BUY OK MODIFY BTCUSDC at 0.002 lot;price=62752.2000;execution=257.013 ms;
13:52:23.451270> Modify main BuyLimit (1Leg)
13:52:23.716293> Try Modify main Buy order, 
13:52:23.716293> Support: 62752.6 VolS:1.969 Resistence: 62758.3 VolR:0.196
13:52:23.983300> [1Leg]: BUY OK MODIFY BTCUSDC at 0.002 lot;price=62752.6000;execution=265.034 ms;
13:52:23.983300> Modify main BuyLimit (1Leg)
13:52:24.258314> Try Modify main Buy order, 
13:52:24.258314> Support: 62757.2 VolS:1.834 Resistence: 62761.6 VolR:0.402
13:52:24.525335> [1Leg]: BUY OK MODIFY BTCUSDC at 0.002 lot;price=62757.2000;execution=266.019 ms;
13:52:24.525335> Modify main BuyLimit (1Leg)
13:52:25.838623> Try Modify main Buy order, 
13:52:25.838623> Support: 62759.9 VolS:2.669 Resistence: 62762.8 VolR:0.712
13:52:26.104633> [1Leg]: BUY OK MODIFY BTCUSDC at 0.002 lot;price=62759.9000;execution=265.015 ms;
13:52:26.105632> Modify main BuyLimit (1Leg)
13:52:26.968008> Try Modify main Buy order, 
13:52:26.969009> Support: 62763.2 VolS:2.734 Resistence: 62767 VolR:0.133
13:52:27.248032> [1Leg]: BUY OK MODIFY BTCUSDC at 0.002 lot;price=62763.2000;execution=279.023 ms;
13:52:27.249026> Modify main BuyLimit (1Leg)
13:52:27.499042> Try Modify main Buy order, 
13:52:27.499042> Support: 62771.9 VolS:1.272 Resistence: 62778.6 VolR:0.657
13:52:27.752056> [1Leg]: BUY OK MODIFY BTCUSDC at 0.002 lot;price=62774.5000;execution=252.013 ms;
13:52:27.753055> Modify main BuyLimit (1Leg)
13:52:27.989069> Try Modify main Buy order, 
13:52:27.989069> Support: 62775.1 VolS:1.544 Resistence: 62775.2 VolR:0.656
13:52:28.254082> [1Leg]: BUY OK MODIFY BTCUSDC at 0.002 lot;price=62775.1000;execution=264.012 ms;
13:52:28.256083> Modify main BuyLimit (1Leg)
13:52:33.001812> Try place SellLimit, Bid: 62772.0 Ask:  62772.1
13:52:33.251825> [1Leg]: Sell OK BTCUSDC at 62875.1000;Gap=-1.78;Price=62772.1000;Slippage=-103.0;Execution=249.019 ms;
13:52:33.252821> Placed lock SellLimit 
13:58:30.884001> Signal 1(s), Bid: 62748.1 Ask:  62748.2
13:58:30.884001> Try Modify Lock Sell order for Close at now, 
13:58:31.151013> [1Leg]: SELL OK MODIFY BTCUSDC at 0.002 lot;price=62748.2000;execution=266.012 ms;
13:58:31.151013> Modify Lock SellLimit (1Leg) for Close at now
13:58:33.716927> Signal 1(s), Bid: 62751.9 Ask:  62752.0
13:58:43.317698> Signal 1(s), Bid: 62750.4 Ask:  62750.5
13:58:43.317698> Try Open Sell Pos, deviationSell: 0.13 Ask: 62750.5
13:58:43.318698> Support: 62745.3 VolS:0.703 Resistence: 62752 VolR:36.591
13:58:43.585715> [1Leg]: Sell OK BTCUSDC at 62750.5000;Gap=0.13;Price=62750.5000;Slippage=0.0;Execution=267.017 ms;
13:58:43.586717> Elapsted Open Sell (1Leg)
13:58:46.262572> Signal 1(s), Bid: 62750.4 Ask:  62750.5
13:58:46.748601> Signal 1(s), Bid: 62750.4 Ask:  62750.5
13:58:47.869853> Signal 1(s), Bid: 62750.4 Ask:  62750.5
13:58:49.060808> Signal 1(s), Bid: 62750.4 Ask:  62750.5
13:58:57.038187> Try Modify main Sell order, 
13:58:57.039187> Support: 62726.1 VolS:0.655 Resistence: 62731.1 VolR:1.949
13:58:58.122528> [1Leg]: SELL OK MODIFY BTCUSDC at 0.002 lot;price=62731.1000;execution=1082.341 ms;
13:58:58.122528> Modify main SellLimit (1Leg)
13:58:58.161530> Try Modify main Sell order, 
13:58:58.161530> Support: 62722.5 VolS:0.84 Resistence: 62730 VolR:2.136
13:58:58.451547> [1Leg]: SELL OK MODIFY BTCUSDC at 0.002 lot;price=62730.0000;execution=289.016 ms;
13:58:58.451547> Modify main SellLimit (1Leg)
13:59:00.977394> Try Modify main Sell order, 
13:59:00.977394> Support: 62723.8 VolS:0.639 Resistence: 62729.2 VolR:2.613
13:59:01.253407> [1Leg]: SELL OK MODIFY BTCUSDC at 0.002 lot;price=62729.2000;execution=276.013 ms;
13:59:01.254408> Modify main SellLimit (1Leg)
13:59:06.935100> Try Modify main Sell order, 
13:59:06.938099> Support: 62723.8 VolS:0.63 Resistence: 62726.1 VolR:1.536
13:59:07.203827> [1Leg]: SELL OK MODIFY BTCUSDC at 0.002 lot;price=62726.1000;execution=265.728 ms;
13:59:07.204560> Modify main SellLimit (1Leg)
13:59:13.000001> Try place BuyLimit, Bid: 62729.9 Ask:  62730.0
13:59:13.247993> [1Leg]: Buy OK BTCUSDC at 62626.1000;Gap=0.815;Price=62730.0000;Slippage=103.9;Execution=247.003 ms;
13:59:13.249003> Placed lock BuyLimit 
13:59:57.475976> Signal 1(s), Bid: 62743.8 Ask:  62743.9
14:00:15.378935> Signal 1(s), Bid: 62743.8 Ask:  62743.9
14:00:28.488761> Signal 1(s), Bid: 62692.0 Ask:  62695.5
14:09:00.248322> Signal 1(s), Bid: 62676.7 Ask:  62676.8
14:09:00.248322> Try Open Sell Pos, deviationSell: -0.385 Ask: 62676.8
14:09:00.249314> Support: 62671.4 VolS:0.633 Resistence: 62678.1 VolR:36.662
14:09:00.516125> [1Leg]: Sell OK BTCUSDC at 62676.8000;Gap=-0.385;Price=62676.8000;Slippage=0.0;Execution=266.811 ms;
14:09:00.517123> Elapsted Open Sell (1Leg)
14:09:13.002324> Try place BuyLimit, Bid: 62678.0 Ask:  62678.1
14:09:14.002100> [1Leg]: Buy OK BTCUSDC at 62576.8000;Gap=-9.045;Price=62678.1000;Slippage=101.3;Execution=997.759 ms;
14:09:14.003089> Placed lock BuyLimit 
14:09:51.073464> Signal 1(s), Bid: 62676.3 Ask:  62676.4
14:10:40.182922> Try Modify Lock Buy order for close at now, 
14:10:40.503940> [1Leg]: BUY OK MODIFY BTCUSDC at 0.002 lot;price=62677.7000;execution=308.019 ms;
14:10:40.503940> Modify BuyLimit (1Leg) for Close at now
14:10:41.962413> Try Modify Lock Buy order for close at now, 
14:10:42.233421> [1Leg]: BUY OK MODIFY BTCUSDC at 0.002 lot;price=62678.0000;execution=271.009 ms;
14:10:42.234421> Modify BuyLimit (1Leg) for Close at now
14:12:15.852995> Signal 2(s), Bid: 62761.0 Ask:  62761.1
14:12:15.853997> Try Modify Lock Buy order for close at now, 
14:12:16.123536> [1Leg]: BUY OK MODIFY BTCUSDC at 0.002 lot;price=62761.0000;execution=268.542 ms;
14:12:16.123536> Modify BuyLimit (1Leg) for Close at now
14:12:16.347544> Signal 2(s), Bid: 62761.4 Ask:  62761.5
14:12:16.348544> Try Modify Lock Buy order for close at now, 
14:12:16.616184> [1Leg]: BUY OK MODIFY BTCUSDC at 0.002 lot;price=62761.4000;execution=266.639 ms;
14:12:16.617178> Modify BuyLimit (1Leg) for Close at now
14:13:36.501195> Try Modify Lock Buy order for close at now, 
14:13:36.779208> [1Leg]: BUY OK MODIFY BTCUSDC at 0.002 lot;price=62801.9000;execution=278.013 ms;
14:13:36.781209> Modify BuyLimit (1Leg) for Close at now
14:26:44.545309> Signal 2(s), Bid: 62812.9 Ask:  62813.0
14:26:44.546310> Try Open BuyLimit, Bid: 62812.9 Ask:  62813.0
14:26:44.546310> Support: 62812.9 VolS:5.003 Resistence: 62813 VolR:0.142
14:26:44.985335> [1Leg]: Buy OK BTCUSDC at 62812.9000;Gap=-1.025;Price=62813.0000;Slippage=0.1;Execution=439.025 ms;
14:26:44.985335> Elapsted Open BuyLimit 
14:26:45.028336> Signal 2(s), Bid: 62820.0 Ask:  62820.7
14:26:45.029339> Try Modify main Buy order, 
14:26:45.029339> Support: 62819.7 VolS:0.896 Resistence: 62821.6 VolR:0.113
14:26:46.078305> [1Leg]: BUY OK MODIFY BTCUSDC at 0.002 lot;price=62820.0000;execution=1048.966 ms;
14:26:46.079305> Modify main BuyLimit (1Leg)
14:26:46.161308> Try Modify main Buy order, 
14:26:46.162309> Support: 62823.2 VolS:1.273 Resistence: 62823.7 VolR:0.619
14:26:46.411323> [1Leg]: BUY OK MODIFY BTCUSDC at 0.002 lot;price=62823.2000;execution=249.014 ms;
14:26:46.411323> Modify main BuyLimit (1Leg)
14:26:49.016404> Try place SellLimit, Bid: 62814.0 Ask:  62814.1
14:26:49.272418> [1Leg]: Sell OK BTCUSDC at 62923.2000;Gap=-1.27;Price=62814.1000;Slippage=-109.1;Execution=255.013 ms;
14:26:49.272418> Placed lock SellLimit 
14:27:16.889203> Signal 2(s), Bid: 62832.9 Ask:  62833.0
14:27:42.296428> Try Modify Lock Sell order for Close at now, 
14:27:42.545441> [1Leg]: SELL OK MODIFY BTCUSDC at 0.002 lot;price=62828.1000;execution=249.013 ms;
14:27:42.546432> Modify Lock SellLimit (1Leg) for Close at now
