14:59:09.884411> WebSocket connected! Start Partial @depth20 [Future] process...
14:59:09.885408> WebSocket connected! Start Partial @depth20 [Future] process...
14:59:09.906409> WebSocket connected! Start @depth [Future] process...
14:59:09.928411> Lenta has started...Start SubscribeToAggTradeStream @aggTrade [future] process...
14:59:10.934273> Lenta has started...Start SubscribeToAggTradeStream @aggTrade [future] process...
14:59:10.936273> WebSocket connected! Start Partial @depth20 [Future] process...
14:59:10.947273> WebSocket connected! Start Partial @depth20 [Future] process...
14:59:10.959274> BinanceFuture - Vxxv1AWf[USD_M] USD_M Balance: 242.12435297 USDT
14:59:10.995288> WebSocket connected! Start @depth [Future] process...
15:00:16.354452> Try Open SellLimit, Ask: 65299.6 Bid:65299.4
15:00:16.362453> Step Signal open short, StepByStepDN:3 Stk:10 StkImp:0 Lnt:0 Prg:0 Bid: 65299.4 Ask:  65299.6
15:00:16.843481> [1Leg]: Sell OK BTCUSDC at 0.00;Gap=4.157575757575757575757575758;Price=65299.10;Slippage=65299.1;Execution=441.026 ms;
15:00:16.844482> Placed Main SellLimit, ticketCustom = 1 ticket = 3971958017 LastSellPrice=65299.6
15:06:42.306892> Try place lock BuyLimit, Bid: 65339.9 Ask:  65340.0
15:06:43.844982> Unable to read data from the transport connection: An existing connection was forcibly closed by the remote host.
15:06:43.846981> WebSocket [ConnectToDepthStream()] [future] error: Unable to read data from the transport connection: An existing connection was forcibly closed by the remote host.
15:06:43.976989> Unable to read data from the transport connection: An existing connection was forcibly closed by the remote host.
15:06:44.030991> WebSocket [ConnectToDepthStream()] [future] error: Unable to read data from the transport connection: An existing connection was forcibly closed by the remote host.
15:06:44.628026> [1Leg]: Buy OK BTCUSDC at 65339.90;Gap=1.502222222222222222222222222;Price=65243.90;Slippage=-96.0;Execution=2213.127 ms;
15:06:44.628026> Placed lock BuyLimit, ticketCustom= 2, ticket= 3971958017 
