19:15:51.820231> Lenta has started...Start SubscribeToAggTradeStream @aggTrade [future] process...
19:15:52.114248> WebSocket connected! Start @depth [Future] process...
19:15:52.835013> WebSocket connected! Start @depth [Future] process...
19:15:53.167181> WebSocket connected! Start Partial @depth20 [Future] process...
19:15:53.382183> WebSocket connected! Start Partial @depth20 [Future] process...
19:15:53.545599> WebSocket connected! Start Partial @depth20 [Future] process...
19:15:53.965600> WebSocket connected! Start Partial @depth20 [Future] process...
19:15:54.261101> Lenta has started...Start SubscribeToAggTradeStream @aggTrade [future] process...
19:15:54.409353> BinanceFuture - Vxxv1AWf[USD_M] USD_M Balance: 622.21785190 USDT
19:17:54.902477> BinanceFuture - Vxxv1AWf[USD_M] Reconect ConnectToDepthStream() to WebSocket #
19:17:54.903471> WebSocket [ConnectToDepthStream()] [Closed] [future] and reconnect again [during Task.Delay]..
19:17:56.978066> WebSocket connected! Start @depth [Future] process...
19:18:25.307965> BinanceFuture - Vxxv1AWf[USD_M] Reconect ConnectToDepthStream() to WebSocket #
19:18:25.307965> WebSocket [ConnectToDepthStream()] [Closed] [future] and reconnect again [during Task.Delay]..
19:18:27.016318> WebSocket connected! Start @depth [Future] process...
19:19:22.574037> BinanceFuture - Vxxv1AWf[USD_M] Reconect ConnectToDepthStream() to WebSocket #
19:19:22.576016> WebSocket [ConnectToDepthStream()] [Closed] [future] and reconnect again [during Task.Delay]..
19:19:23.579868> WebSocket connected! Start @depth [Future] process...
19:19:58.820517> BinanceFuture - Vxxv1AWf[USD_M] Reconect ConnectToDepthStream() to WebSocket #
19:19:58.820517> WebSocket [ConnectToDepthStream()] [Closed] [future] and reconnect again [during Task.Delay]..
19:19:59.815905> WebSocket connected! Start @depth [Future] process...
19:22:04.631626> BinanceFuture - Vxxv1AWf[USD_M] Reconect ConnectToDepthStream() to WebSocket #
19:22:04.631626> WebSocket [ConnectToDepthStream()] [Closed] [future] and reconnect again [during Task.Delay]..
19:22:05.614656> WebSocket connected! Start @depth [Future] process...
19:22:24.634462> BinanceFuture - Vxxv1AWf[USD_M] Reconect ConnectToDepthStream() to WebSocket #
19:22:24.634462> WebSocket [ConnectToDepthStream()] [Closed] [future] and reconnect again [during Task.Delay]..
19:22:25.605274> WebSocket connected! Start @depth [Future] process...
19:26:17.630681> BinanceFuture - Vxxv1AWf[USD_M] Reconect ConnectToDepthStream() to WebSocket #
19:26:17.634503> WebSocket [ConnectToDepthStream()] [Closed] [future] and reconnect again [during Task.Delay]..
19:26:19.592107> WebSocket connected! Start @depth [Future] process...
19:26:19.617107> BinanceFuture - Vxxv1AWf[USD_M] Reconect ConnectToDepthStream() to WebSocket #
19:26:19.617107> WebSocket [ConnectToDepthStream()] [Closed] [future] and reconnect again [during Task.Delay]..
19:26:20.599683> WebSocket connected! Start @depth [Future] process...
19:28:15.639896> BinanceFuture - Vxxv1AWf[USD_M] Reconect ConnectToDepthStream() to WebSocket #
19:28:15.639896> WebSocket [ConnectToDepthStream()] [Closed] [future] and reconnect again [during Task.Delay]..
19:28:16.634039> WebSocket connected! Start @depth [Future] process...
19:28:19.453736> BinanceFuture - Vxxv1AWf[USD_M] Reconect ConnectToDepthStream() to WebSocket #
19:28:19.453736> WebSocket [ConnectToDepthStream()] [Closed] [future] and reconnect again [during Task.Delay]..
19:28:25.456081> WebSocket connected! Start @depth [Future] process...
19:29:38.678425> BinanceFuture - Vxxv1AWf[USD_M] Reconect ConnectToDepthStream() to WebSocket #
19:29:38.678425> WebSocket [ConnectToDepthStream()] [Closed] [future] and reconnect again [during Task.Delay]..
19:29:40.521491> WebSocket connected! Start @depth [Future] process...
19:30:21.118095> BinanceFuture - Vxxv1AWf[USD_M] Reconect ConnectToDepthStream() to WebSocket #
19:30:21.119094> WebSocket [ConnectToDepthStream()] [Closed] [future] and reconnect again [during Task.Delay]..
19:30:22.211191> WebSocket connected! Start @depth [Future] process...
19:31:59.361018> BinanceFuture - Vxxv1AWf[USD_M] Reconect ConnectToDepthStream() to WebSocket #
19:31:59.362015> WebSocket [ConnectToDepthStream()] [Closed] [future] and reconnect again [during Task.Delay]..
19:32:01.673748> WebSocket connected! Start @depth [Future] process...
19:32:11.630237> BinanceFuture - Vxxv1AWf[USD_M] Reconect ConnectToDepthStream() to WebSocket #
19:32:11.630237> WebSocket [ConnectToDepthStream()] [Closed] [future] and reconnect again [during Task.Delay]..
19:32:12.641880> WebSocket connected! Start @depth [Future] process...
19:34:42.218883> BinanceFuture - Vxxv1AWf[USD_M] Reconect ConnectToDepthStream() to WebSocket #
19:34:42.218883> WebSocket [ConnectToDepthStream()] [Closed] [future] and reconnect again [during Task.Delay]..
19:34:43.201247> WebSocket connected! Start @depth [Future] process...
19:35:17.941287> WebSocket [ConnectToDepthStream()] [future] error: Received an unexpected EOF or 0 bytes from the transport stream.
19:35:22.969814> BinanceFuture - Vxxv1AWf[USD_M] Reconect ConnectToDepthStream() to WebSocket #
19:35:22.969814> WebSocket [ConnectToDepthStream()] [Closed] [future] and reconnect again [during Task.Delay]..
19:35:23.987073> WebSocket connected! Start @depth [Future] process...
19:36:49.950786> BinanceFuture - Vxxv1AWf[USD_M] Reconect ConnectToDepthStream() to WebSocket #
19:36:49.950786> WebSocket [ConnectToDepthStream()] [Closed] [future] and reconnect again [during Task.Delay]..
19:36:51.575066> WebSocket connected! Start @depth [Future] process...
19:37:04.258422> BinanceFuture - Vxxv1AWf[USD_M] Reconect ConnectToDepthStream() to WebSocket #
19:37:04.258422> WebSocket [ConnectToDepthStream()] [Closed] [future] and reconnect again [during Task.Delay]..
19:37:07.980095> WebSocket connected! Start @depth [Future] process...
19:39:55.764286> WebSocket [ConnectToDepthStream()] [future] error: Received an unexpected EOF or 0 bytes from the transport stream.
19:40:00.789842> BinanceFuture - Vxxv1AWf[USD_M] Reconect ConnectToDepthStream() to WebSocket #
19:40:00.789842> WebSocket [ConnectToDepthStream()] [Closed] [future] and reconnect again [during Task.Delay]..
19:40:02.490129> WebSocket connected! Start @depth [Future] process...
19:40:16.111829> BinanceFuture - Vxxv1AWf[USD_M] Reconect ConnectToDepthStream() to WebSocket #
19:40:16.111829> WebSocket [ConnectToDepthStream()] [Closed] [future] and reconnect again [during Task.Delay]..
19:40:17.084906> WebSocket connected! Start @depth [Future] process...
19:43:03.261620> WebSocket [ConnectToDepthStream()] [future] error: Unable to read data from the transport connection: An existing connection was forcibly closed by the remote host.
19:43:08.264002> BinanceFuture - Vxxv1AWf[USD_M] Reconect ConnectToDepthStream() to WebSocket #
19:43:08.264992> WebSocket [ConnectToDepthStream()] [Closed] [future] and reconnect again [during Task.Delay]..
19:43:08.323995> BinanceFuture - Vxxv1AWf[USD_M] Reconect ConnectToDepthStream() to WebSocket #
19:43:08.323995> WebSocket [ConnectToDepthStream()] [Closed] [future] and reconnect again [during Task.Delay]..
19:43:09.343211> WebSocket connected! Start @depth [Future] process...
19:43:09.978942> WebSocket connected! Start @depth [Future] process...
19:45:18.282855> BinanceFuture - Vxxv1AWf[USD_M] Reconect ConnectToDepthStream() to WebSocket #
19:45:18.282855> WebSocket [ConnectToDepthStream()] [Closed] [future] and reconnect again [during Task.Delay]..
19:45:19.320304> WebSocket connected! Start @depth [Future] process...
19:47:09.155577> BinanceFuture - Vxxv1AWf[USD_M] Reconect ConnectToDepthStream() to WebSocket #
19:47:09.156565> WebSocket [ConnectToDepthStream()] [Closed] [future] and reconnect again [during Task.Delay]..
19:47:11.243462> WebSocket connected! Start @depth [Future] process...
19:48:26.723963> BinanceFuture - Vxxv1AWf[USD_M] Reconect ConnectToDepthStream() to WebSocket #
19:48:26.724950> WebSocket [ConnectToDepthStream()] [Closed] [future] and reconnect again [during Task.Delay]..
19:48:28.020838> WebSocket connected! Start @depth [Future] process...
19:52:21.304784> BinanceFuture - Vxxv1AWf[USD_M] Reconect ConnectToDepthStream() to WebSocket #
19:52:21.304784> WebSocket [ConnectToDepthStream()] [Closed] [future] and reconnect again [during Task.Delay]..
19:52:22.367048> WebSocket connected! Start @depth [Future] process...
19:54:38.664371> BinanceFuture - Vxxv1AWf[USD_M] Reconect ConnectToDepthStream() to WebSocket #
19:54:38.664371> WebSocket [ConnectToDepthStream()] [Closed] [future] and reconnect again [during Task.Delay]..
19:54:39.688262> WebSocket connected! Start @depth [Future] process...
19:56:51.457646> BinanceFuture - Vxxv1AWf[USD_M] Reconect ConnectToDepthStream() to WebSocket #
19:56:51.457646> WebSocket [ConnectToDepthStream()] [Closed] [future] and reconnect again [during Task.Delay]..
19:56:52.482251> WebSocket connected! Start @depth [Future] process...
19:57:46.198477> WebSocket [ConnectToDepthStream()] [future] error: Unable to read data from the transport connection: An existing connection was forcibly closed by the remote host.
19:57:51.199635> BinanceFuture - Vxxv1AWf[USD_M] Reconect ConnectToDepthStream() to WebSocket #
19:57:51.200632> WebSocket [ConnectToDepthStream()] [Closed] [future] and reconnect again [during Task.Delay]..
19:57:53.588998> WebSocket connected! Start @depth [Future] process...
20:02:24.639988> BinanceFuture - Vxxv1AWf[USD_M] Reconect ConnectToDepthStream() to WebSocket #
20:02:24.639988> WebSocket [ConnectToDepthStream()] [Closed] [future] and reconnect again [during Task.Delay]..
20:02:25.918342> BinanceFuture - Vxxv1AWf[USD_M] Reconect ConnectToDepthStream() to WebSocket #
20:02:25.918342> WebSocket [ConnectToDepthStream()] [Closed] [future] and reconnect again [during Task.Delay]..
20:02:26.393760> WebSocket connected! Start @depth [Future] process...
20:02:26.894062> WebSocket connected! Start @depth [Future] process...
20:07:27.273378> WebSocket [ConnectToDepthStream()] [future] error: Received an unexpected EOF or 0 bytes from the transport stream.
20:07:32.309133> BinanceFuture - Vxxv1AWf[USD_M] Reconect ConnectToDepthStream() to WebSocket #
20:07:32.309133> WebSocket [ConnectToDepthStream()] [Closed] [future] and reconnect again [during Task.Delay]..
20:07:33.305680> WebSocket connected! Start @depth [Future] process...
20:08:33.745594> BinanceFuture - Vxxv1AWf[USD_M] Reconect ConnectToDepthStream() to WebSocket #
20:08:33.745594> WebSocket [ConnectToDepthStream()] [Closed] [future] and reconnect again [during Task.Delay]..
20:08:34.768523> WebSocket connected! Start @depth [Future] process...
20:12:47.265044> BinanceFuture - Vxxv1AWf[USD_M] Reconect ConnectToDepthStream() to WebSocket #
20:12:47.266040> WebSocket [ConnectToDepthStream()] [Closed] [future] and reconnect again [during Task.Delay]..
20:12:48.282782> WebSocket connected! Start @depth [Future] process...
20:12:54.874658> BinanceFuture - Vxxv1AWf[USD_M] Reconect ConnectToDepthStream() to WebSocket #
20:12:54.874658> WebSocket [ConnectToDepthStream()] [Closed] [future] and reconnect again [during Task.Delay]..
20:12:55.867305> WebSocket connected! Start @depth [Future] process...
20:15:51.763357> WebSocket [ConnectToDepthStream()] [future] error: Received an unexpected EOF or 0 bytes from the transport stream.
20:15:56.773548> BinanceFuture - Vxxv1AWf[USD_M] Reconect ConnectToDepthStream() to WebSocket #
20:15:56.775522> WebSocket [ConnectToDepthStream()] [Closed] [future] and reconnect again [during Task.Delay]..
20:15:57.780662> WebSocket connected! Start @depth [Future] process...
20:16:04.439353> BinanceFuture - Vxxv1AWf[USD_M] Reconect ConnectToDepthStream() to WebSocket #
20:16:04.439353> WebSocket [ConnectToDepthStream()] [Closed] [future] and reconnect again [during Task.Delay]..
20:16:05.407290> WebSocket connected! Start @depth [Future] process...
20:17:31.294847> BinanceFuture - Vxxv1AWf[USD_M] Reconect ConnectToDepthStream() to WebSocket #
20:17:31.294847> WebSocket [ConnectToDepthStream()] [Closed] [future] and reconnect again [during Task.Delay]..
20:17:32.307448> WebSocket connected! Start @depth [Future] process...
20:17:44.360201> BinanceFuture - Vxxv1AWf[USD_M] Reconect ConnectToDepthStream() to WebSocket #
20:17:44.361193> WebSocket [ConnectToDepthStream()] [Closed] [future] and reconnect again [during Task.Delay]..
20:17:45.390785> WebSocket connected! Start @depth [Future] process...
20:20:04.666738> BinanceFuture - Vxxv1AWf[USD_M] Reconect ConnectToDepthStream() to WebSocket #
20:20:04.666738> WebSocket [ConnectToDepthStream()] [Closed] [future] and reconnect again [during Task.Delay]..
20:20:05.662676> WebSocket connected! Start @depth [Future] process...
20:20:45.875280> WebSocket [ConnectToDepthStream()] [future] error: Unable to read data from the transport connection: An existing connection was forcibly closed by the remote host.
20:20:50.911950> BinanceFuture - Vxxv1AWf[USD_M] Reconect ConnectToDepthStream() to WebSocket #
20:20:50.911950> WebSocket [ConnectToDepthStream()] [Closed] [future] and reconnect again [during Task.Delay]..
20:20:51.888663> WebSocket connected! Start @depth [Future] process...
20:23:05.933306> WebSocket [ConnectToDepthStream()] [future] error: Unable to read data from the transport connection: An existing connection was forcibly closed by the remote host.
20:23:10.979043> BinanceFuture - Vxxv1AWf[USD_M] Reconect ConnectToDepthStream() to WebSocket #
20:23:10.979043> WebSocket [ConnectToDepthStream()] [Closed] [future] and reconnect again [during Task.Delay]..
20:23:12.906076> WebSocket connected! Start @depth [Future] process...
20:25:03.052849> WebSocket [ConnectToDepthStream()] [future] error: Received an unexpected EOF or 0 bytes from the transport stream.
20:25:08.106353> BinanceFuture - Vxxv1AWf[USD_M] Reconect ConnectToDepthStream() to WebSocket #
20:25:08.106353> WebSocket [ConnectToDepthStream()] [Closed] [future] and reconnect again [during Task.Delay]..
20:25:09.132177> WebSocket connected! Start @depth [Future] process...
20:28:35.155878> BinanceFuture - Vxxv1AWf[USD_M] Reconect ConnectToDepthStream() to WebSocket #
20:28:35.155878> WebSocket [ConnectToDepthStream()] [Closed] [future] and reconnect again [during Task.Delay]..
20:28:36.483681> WebSocket connected! Start @depth [Future] process...
20:29:04.073600> BinanceFuture - Vxxv1AWf[USD_M] Reconect ConnectToDepthStream() to WebSocket #
20:29:04.073600> WebSocket [ConnectToDepthStream()] [Closed] [future] and reconnect again [during Task.Delay]..
20:29:05.468631> WebSocket connected! Start @depth [Future] process...
20:31:10.042786> BinanceFuture - Vxxv1AWf[USD_M] Reconect ConnectToDepthStream() to WebSocket #
20:31:10.043784> WebSocket [ConnectToDepthStream()] [Closed] [future] and reconnect again [during Task.Delay]..
20:31:11.813884> WebSocket connected! Start @depth [Future] process...
20:32:02.237283> BinanceFuture - Vxxv1AWf[USD_M] Reconect ConnectToDepthStream() to WebSocket #
20:32:02.239284> WebSocket [ConnectToDepthStream()] [Closed] [future] and reconnect again [during Task.Delay]..
20:32:03.336351> WebSocket connected! Start @depth [Future] process...
20:33:44.164273> BinanceFuture - Vxxv1AWf[USD_M] Reconect ConnectToDepthStream() to WebSocket #
20:33:44.166253> WebSocket [ConnectToDepthStream()] [Closed] [future] and reconnect again [during Task.Delay]..
20:33:46.468745> WebSocket connected! Start @depth [Future] process...
20:34:21.137999> BinanceFuture - Vxxv1AWf[USD_M] Reconect ConnectToDepthStream() to WebSocket #
20:34:21.138987> WebSocket [ConnectToDepthStream()] [Closed] [future] and reconnect again [during Task.Delay]..
20:34:22.624922> WebSocket connected! Start @depth [Future] process...
