20:30:34.697058> WebSocket connected! Start @depth [Future] process...
20:30:34.703055> WebSocket connected! Start Partial @depth20 [Future] process...
20:30:34.705060> WebSocket connected! Start Partial @depth20 [Future] process...
20:30:34.738059> Lenta has started...Start SubscribeToAggTradeStream @aggTrade [future] process...
20:30:35.697269> Lenta has started...Start SubscribeToAggTradeStream @aggTrade [future] process...
20:30:35.702265> WebSocket connected! Start Partial @depth20 [Future] process...
20:30:35.717266> WebSocket connected! Start Partial @depth20 [Future] process...
20:30:35.723267> WebSocket connected! Start @depth [Future] process...
20:30:40.949787> BinanceFuture - Vxxv1AWf[USD_M] USD_M Balance: 627.86432850 USDT
21:08:19.520807> BinanceFuture - Vxxv1AWf[USD_M] Reconect ConnectToDepthStream() to WebSocket #
21:08:19.521806> WebSocket [ConnectToDepthStream()] [Closed] [future] and reconnect again [during Task.Delay]..
21:08:20.574072> WebSocket connected! Start @depth [Future] process...
21:19:15.681909> BinanceFuture - Vxxv1AWf[USD_M] Reconect ConnectToDepthStream() to WebSocket #
21:19:15.684907> WebSocket [ConnectToDepthStream()] [Closed] [future] and reconnect again [during Task.Delay]..
21:19:17.692019> WebSocket connected! Start @depth [Future] process...
21:21:08.098001> BinanceFuture - Vxxv1AWf[USD_M] Reconect ConnectToDepthStream() to WebSocket #
21:21:08.098001> WebSocket [ConnectToDepthStream()] [Closed] [future] and reconnect again [during Task.Delay]..
21:21:09.110286> WebSocket connected! Start @depth [Future] process...
21:34:59.323889> Signal 1(s), Bid: 59156.1 Ask:  59156.2
21:34:59.324887> Try Open SellLimit, Ask: 59156.2
21:34:59.324887> Support: 59156.1 VolS:3.262 Resistence: 59156.2 VolR:0.797
21:35:04.978775> [1Leg]: Sell OK BTCUSDC at 59156.2000;Gap=-3.71;Price=59168.7000;Slippage=12.5;Execution=5649.900 ms;
21:35:04.979774> Placed Main SellLimit, ticketCustom = 1 ticket = 2584894869
21:35:12.000076> Try place lock BuyLimit, Bid: 59180.6 Ask:  59180.7
21:35:18.906783> [1Leg]: Buy OK BTCUSDC at 59068.6000;Gap=2.30;Price=59200.0000;Slippage=131.4;Execution=6905.738 ms;
21:35:18.906783> Placed lock BuyLimit, ticketCustom= 2, ticket= 2584894869 
21:36:24.120415> Signal 1(s), Bid: 59180.0 Ask:  59180.1
21:36:24.120415> Try adding SellLimit, Ask: 59180.1
21:36:24.121414> Support: 59175.7 VolS:0.638 Resistence: 59182.1 VolR:1.685
21:36:36.963893> [1Leg]: Sell OK BTCUSDC at 59180.1000;Gap=-0.34;Price=59172.8000;Slippage=-7.3;Execution=12841.479 ms;
21:36:36.964893> adding Sell (1Leg), ticket = 2584938449 ticketCustom = 3
21:36:46.001670> Try Delete lock Buy order, ticket = 2584894869 ticketCustom = 2
21:36:46.004656> Support: 59189.9 VolS:0.874 Resistence: 59190.1 VolR:1.999
21:36:53.677684> BinanceFuture - Vxxv1AWf[USD_M] DELETE FAILURE.....
21:36:53.705692> Try Delete lock Buy order, ticket = 2584894869 ticketCustom = 2
21:36:53.706686> Support: 59184 VolS:1.736 Resistence: 59194 VolR:0.362
21:36:53.994702> BinanceFuture - Vxxv1AWf[USD_M] DELETE FAILURE.....
21:36:53.996703> Try Delete lock Buy order, ticket = 2584894869 ticketCustom = 2
21:36:53.996703> Support: 59184 VolS:1.736 Resistence: 59194 VolR:0.362
21:36:54.302721> BinanceFuture - Vxxv1AWf[USD_M] DELETE FAILURE.....
21:36:54.303721> Try Delete lock Buy order, ticket = 2584894869 ticketCustom = 2
21:36:54.303721> Support: 59184 VolS:1.134 Resistence: 59188 VolR:0.836
21:36:54.589549> BinanceFuture - Vxxv1AWf[USD_M] DELETE FAILURE.....
21:36:54.591538> Try Delete lock Buy order, ticket = 2584894869 ticketCustom = 2
21:36:54.591538> Support: 59187.9 VolS:1.353 Resistence: 59188 VolR:1.933
21:36:54.885555> BinanceFuture - Vxxv1AWf[USD_M] DELETE FAILURE.....
21:36:54.888555> Try Delete lock Buy order, ticket = 2584894869 ticketCustom = 2
21:36:54.888555> Support: 59187.9 VolS:1.353 Resistence: 59188 VolR:1.933
21:36:55.203573> BinanceFuture - Vxxv1AWf[USD_M] DELETE FAILURE.....
21:36:55.206574> Try Delete lock Buy order, ticket = 2584894869 ticketCustom = 2
21:36:55.206574> Support: 59187.9 VolS:0.989 Resistence: 59188 VolR:2.13
21:36:59.879487> BinanceFuture - Vxxv1AWf[USD_M] DELETE FAILURE.....
21:36:59.881487> Try Delete lock Buy order, ticket = 2584894869 ticketCustom = 2
21:36:59.917488> Support: 59187.7 VolS:0.96 Resistence: 59188 VolR:1.981
21:37:06.900450> BinanceFuture - Vxxv1AWf[USD_M] DELETE FAILURE.....
21:37:06.918454> Try Delete lock Buy order, ticket = 2584894869 ticketCustom = 2
21:37:06.919453> Support: 59186.4 VolS:0.883 Resistence: 59186.6 VolR:3.166
21:37:07.229470> BinanceFuture - Vxxv1AWf[USD_M] DELETE FAILURE.....
21:37:07.230471> Try Delete lock Buy order, ticket = 2584894869 ticketCustom = 2
21:37:07.230471> Support: 59186.4 VolS:0.883 Resistence: 59186.6 VolR:3.371
21:37:07.517487> BinanceFuture - Vxxv1AWf[USD_M] DELETE FAILURE.....
21:37:07.518488> Try Delete lock Buy order, ticket = 2584894869 ticketCustom = 2
21:37:07.518488> Support: 59186.4 VolS:0.883 Resistence: 59186.6 VolR:3.371
21:37:07.803513> BinanceFuture - Vxxv1AWf[USD_M] DELETE FAILURE.....
21:37:07.805504> Try Delete lock Buy order, ticket = 2584894869 ticketCustom = 2
21:37:07.805504> Support: 59186.4 VolS:0.883 Resistence: 59186.6 VolR:3.392
21:37:08.129522> BinanceFuture - Vxxv1AWf[USD_M] DELETE FAILURE.....
21:37:08.131523> Try Delete lock Buy order, ticket = 2584894869 ticketCustom = 2
21:37:08.131523> Support: 59186.4 VolS:0.883 Resistence: 59186.6 VolR:3.392
21:37:11.865136> BinanceFuture - Vxxv1AWf[USD_M] DELETE FAILURE.....
21:37:11.894138> Try Delete lock Buy order, ticket = 2584894869 ticketCustom = 2
21:37:11.894138> Support: 59186.4 VolS:0.883 Resistence: 59186.6 VolR:3.225
21:37:16.644762> BinanceFuture - Vxxv1AWf[USD_M] DELETE FAILURE.....
21:37:16.646763> Try Delete lock Buy order, ticket = 2584894869 ticketCustom = 2
21:37:16.647763> Support: 59186.5 VolS:2.049 Resistence: 59186.6 VolR:0.628
21:37:16.936778> BinanceFuture - Vxxv1AWf[USD_M] DELETE FAILURE.....
21:37:16.938780> Try Delete lock Buy order, ticket = 2584894869 ticketCustom = 2
21:37:16.938780> Support: 59186.5 VolS:2.05 Resistence: 59189.7 VolR:0.979
21:37:17.248797> BinanceFuture - Vxxv1AWf[USD_M] DELETE FAILURE.....
21:37:17.294800> Try Delete lock Buy order, ticket = 2584894869 ticketCustom = 2
21:37:17.294800> Support: 59186.5 VolS:2.05 Resistence: 59189.7 VolR:0.979
21:37:17.600817> BinanceFuture - Vxxv1AWf[USD_M] DELETE FAILURE.....
21:37:17.614819> Try Delete lock Buy order, ticket = 2584894869 ticketCustom = 2
21:37:17.614819> Support: 59186.5 VolS:2.056 Resistence: 59189.7 VolR:0.979
21:37:17.919836> BinanceFuture - Vxxv1AWf[USD_M] DELETE FAILURE.....
21:37:17.921836> Try Delete lock Buy order, ticket = 2584894869 ticketCustom = 2
21:37:17.921836> Support: 59186.5 VolS:2.056 Resistence: 59189.7 VolR:0.979
21:37:18.228854> BinanceFuture - Vxxv1AWf[USD_M] DELETE FAILURE.....
21:37:18.231853> Try Delete lock Buy order, ticket = 2584894869 ticketCustom = 2
21:37:18.231853> Support: 59186.5 VolS:2.056 Resistence: 59188.9 VolR:1.038
21:37:21.875886> BinanceFuture - Vxxv1AWf[USD_M] DELETE FAILURE.....
21:37:21.912889> Try Delete lock Buy order, ticket = 2584894869 ticketCustom = 2
21:37:21.912889> Support: 59186.5 VolS:2.332 Resistence: 59188.9 VolR:0.972
21:37:22.205903> BinanceFuture - Vxxv1AWf[USD_M] DELETE FAILURE.....
21:37:22.208903> Try Delete lock Buy order, ticket = 2584894869 ticketCustom = 2
21:37:22.208903> Support: 59186.5 VolS:2.374 Resistence: 59188.3 VolR:1.035
21:37:22.519924> BinanceFuture - Vxxv1AWf[USD_M] DELETE FAILURE.....
21:37:22.544925> Try Delete lock Buy order, ticket = 2584894869 ticketCustom = 2
21:37:22.545925> Support: 59186.5 VolS:2.374 Resistence: 59188.3 VolR:1.035
21:37:22.855939> BinanceFuture - Vxxv1AWf[USD_M] DELETE FAILURE.....
21:37:22.869941> Try Delete lock Buy order, ticket = 2584894869 ticketCustom = 2
21:37:22.869941> Support: 59186.5 VolS:2.667 Resistence: 59194 VolR:0.564
21:37:23.155961> BinanceFuture - Vxxv1AWf[USD_M] DELETE FAILURE.....
21:37:23.157962> Try Delete lock Buy order, ticket = 2584894869 ticketCustom = 2
21:37:23.157962> Support: 59186.5 VolS:2.667 Resistence: 59191.7 VolR:1.028
21:37:25.809272> BinanceFuture - Vxxv1AWf[USD_M] DELETE FAILURE.....
21:37:25.811281> Try Delete lock Buy order, ticket = 2584894869 ticketCustom = 2
21:37:25.811281> Support: 59209.9 VolS:1.568 Resistence: 59218 VolR:0.522
21:37:30.170911> BinanceFuture - Vxxv1AWf[USD_M] DELETE FAILURE.....
21:37:30.198921> Try Delete lock Buy order, ticket = 2584894869 ticketCustom = 2
21:37:30.199915> Support: 59214.1 VolS:2.398 Resistence: 59223.9 VolR:0.169
21:37:30.581936> BinanceFuture - Vxxv1AWf[USD_M] DELETE FAILURE.....
21:37:30.598936> Try Delete lock Buy order, ticket = 2584894869 ticketCustom = 2
21:37:30.598936> Support: 59215.8 VolS:3.249 Resistence: 59218.4 VolR:1
21:37:30.880952> BinanceFuture - Vxxv1AWf[USD_M] DELETE FAILURE.....
21:37:30.907968> Try Delete lock Buy order, ticket = 2584894869 ticketCustom = 2
21:37:30.909964> Support: 59215.8 VolS:1.738 Resistence: 59215.9 VolR:1.29
21:37:31.244977> BinanceFuture - Vxxv1AWf[USD_M] DELETE FAILURE.....
21:37:31.247977> Try Delete lock Buy order, ticket = 2584894869 ticketCustom = 2
21:37:31.247977> Support: 59215.8 VolS:1.738 Resistence: 59215.9 VolR:1.29
21:37:31.552992> BinanceFuture - Vxxv1AWf[USD_M] DELETE FAILURE.....
21:37:31.554990> Try Delete lock Buy order, ticket = 2584894869 ticketCustom = 2
21:37:31.555992> Support: 59215.8 VolS:2.096 Resistence: 59215.9 VolR:1.034
21:37:31.843008> BinanceFuture - Vxxv1AWf[USD_M] DELETE FAILURE.....
21:37:31.846008> Try Delete lock Buy order, ticket = 2584894869 ticketCustom = 2
21:37:31.846008> Support: 59215.8 VolS:2.096 Resistence: 59215.9 VolR:1.034
21:37:32.160027> BinanceFuture - Vxxv1AWf[USD_M] DELETE FAILURE.....
21:37:32.162026> Try Delete lock Buy order, ticket = 2584894869 ticketCustom = 2
21:37:32.162026> Support: 59215.8 VolS:1.862 Resistence: 59215.9 VolR:1.016
21:37:36.254225> BinanceFuture - Vxxv1AWf[USD_M] DELETE FAILURE.....
21:37:36.256226> Signal 1(s), Bid: 59219.9 Ask:  59220.0
21:37:36.257227> Try Delete lock Buy order, ticket = 2584894869 ticketCustom = 2
21:37:36.257227> Support: 59219.9 VolS:4.186 Resistence: 59222.7 VolR:0.352
21:37:36.547246> BinanceFuture - Vxxv1AWf[USD_M] DELETE FAILURE.....
21:37:36.547246> Try adding SellLimit, Ask: 59220.0
21:37:36.547246> Support: 59219.9 VolS:4.186 Resistence: 59222.7 VolR:0.352
21:37:36.799270> [1Leg]: Sell OK BTCUSDC at 59220.0000;Gap=-1.045;Price=59220.0000;Slippage=0.0;Execution=251.027 ms;
21:37:36.800257> adding Sell (1Leg), ticket = 2584938449 ticketCustom = 4
21:37:36.802258> Try Delete lock Buy order, ticket = 2584894869 ticketCustom = 2
21:37:36.802258> Support: 59219.9 VolS:4.182 Resistence: 59224.2 VolR:0.933
21:37:37.155595> BinanceFuture - Vxxv1AWf[USD_M] DELETE FAILURE.....
21:37:37.248596> Try Delete lock Buy order, ticket = 2584894869 ticketCustom = 2
21:37:37.248596> Support: 59219.9 VolS:4.182 Resistence: 59224.2 VolR:0.933
21:37:37.557613> BinanceFuture - Vxxv1AWf[USD_M] DELETE FAILURE.....
21:37:37.558613> Try Delete lock Buy order, ticket = 2584894869 ticketCustom = 2
21:37:37.558613> Support: 59220.3 VolS:2.702 Resistence: 59223.6 VolR:0.954
21:37:37.851630> BinanceFuture - Vxxv1AWf[USD_M] DELETE FAILURE.....
21:37:37.853631> Try Delete lock Buy order, ticket = 2584894869 ticketCustom = 2
21:37:37.853631> Support: 59222.3 VolS:3.662 Resistence: 59227.1 VolR:1.02
21:37:38.148992> BinanceFuture - Vxxv1AWf[USD_M] DELETE FAILURE.....
21:37:38.219991> Try Delete lock Buy order, ticket = 2584894869 ticketCustom = 2
21:37:38.219991> Support: 59222.3 VolS:3.662 Resistence: 59227.1 VolR:1.02
21:37:40.588389> BinanceFuture - Vxxv1AWf[USD_M] DELETE FAILURE.....
21:37:40.598386> Try Delete lock Buy order, ticket = 2584894869 ticketCustom = 2
21:37:40.599387> Support: 59231.2 VolS:3.387 Resistence: 59231.7 VolR:0.879
21:37:46.097990> BinanceFuture - Vxxv1AWf[USD_M] DELETE FAILURE.....
