15:09:52.760011> Lenta has started...Start SubscribeToAggTradeStream @aggTrade [future] process...
15:09:52.762011> WebSocket connected! Start @depth [Future] process...
15:09:52.762011> WebSocket connected! Start Partial @depth20 [Future] process...
15:09:53.798399> WebSocket connected! Start Partial @depth20 [Future] process...
15:09:55.271822> WebSocket connected! Start @depth [Future] process...
15:09:55.287817> WebSocket connected! Start Partial @depth20 [Future] process...
15:09:55.303820> Lenta has started...Start SubscribeToAggTradeStream @aggTrade [future] process...
15:09:55.670839> WebSocket connected! Start Partial @depth20 [Future] process...
15:09:59.747686> BinanceFuture - Vxxv1AWf[USD_M] USD_M Balance: 622.18485128 USDT
15:17:58.190064> BinanceFuture - Vxxv1AWf[USD_M] Reconect ConnectToDepthStream() to WebSocket #
15:17:58.191062> WebSocket [ConnectToDepthStream()] [Closed] [future] and reconnect again [during Task.Delay]..
15:17:59.210664> WebSocket connected! Start @depth [Future] process...
15:18:06.998472> BinanceFuture - Vxxv1AWf[USD_M] Reconect ConnectToDepthStream() to WebSocket #
15:18:06.998472> WebSocket [ConnectToDepthStream()] [Closed] [future] and reconnect again [during Task.Delay]..
15:18:07.985251> WebSocket connected! Start @depth [Future] process...
15:20:58.120376> Signal 2(s), Bid: 58831.9 Ask:  58832.0
15:20:58.120376> Try Open BuyLimit, Bid: 58831.9 Ask:  58832.0
15:20:58.120376> Support: 58822.5 VolS:1.576 Resistence: 58837.9 VolR:0.295
15:21:02.341643> [1Leg]: Buy OK BTCUSDC at 58831.9000;Gap=-1.065;Price=58818.0000;Slippage=-13.9;Execution=4217.276 ms;
15:21:02.341643> Placed Main BuyLimit, ticketCustom = 1 ticket= 2572904300
15:21:02.344646> Try Modify main Buy order, 
15:21:02.344646> Support: 58817.9 VolS:0.953 Resistence: 58818 VolR:1.123
15:21:09.143540> BinanceFuture - Vxxv1AWf[USD_M] Api Error Code: -2013 Message: Order does not exist.
15:21:09.144550> [1Leg]: Buy failed BTCUSDC;price=58826.0000
15:21:09.144550> Error Modify main BuyLimit, ticketCustom=1 ticket=2572904300
15:21:09.146541> Try place lock SellLimit, Bid: 58825.9 Ask:  58826.0
15:21:09.398557> [1Leg]: Sell OK BTCUSDC at 58927.1000;Gap=-0.145;Price=58829.9000;Slippage=-97.2;Execution=251.014 ms;
15:21:09.399554> Placed lock SellLimit, ticketCustom= 2, ticket= 2572904300 
15:21:55.998585> BinanceFuture - Vxxv1AWf[USD_M] Reconect ConnectToDepthStream() to WebSocket #
15:21:56.001579> WebSocket [ConnectToDepthStream()] [Closed] [future] and reconnect again [during Task.Delay]..
15:21:57.027465> WebSocket connected! Start @depth [Future] process...
15:22:01.185231> Signal 2(s), Bid: 58733.0 Ask:  58733.1
15:22:01.185231> Try adding BuyLimit, Bid: 58733.0 Ask:  58733.1
15:22:01.186220> Support: 58728.1 VolS:0.641 Resistence: 58733.1 VolR:0.54
15:22:05.457143> [1Leg]: Buy OK BTCUSDC at 58733.0000;Gap=1.06;Price=58723.9000;Slippage=-9.1;Execution=4270.923 ms;
15:22:05.457143> adding BuyLimit, ticket = 2572951798 ticketCustom = 3 
15:22:09.001832> Try Delete lock Sell order,  ticket = 2572904300 ticketCustom = 2
15:22:09.002804> Support: 58723.8 VolS:0.955 Resistence: 58733.1 VolR:0.415
15:22:10.219381> BinanceFuture - Vxxv1AWf[USD_M] Reconect ConnectToDepthStream() to WebSocket #
15:22:10.219381> WebSocket [ConnectToDepthStream()] [Closed] [future] and reconnect again [during Task.Delay]..
15:22:11.194816> WebSocket connected! Start @depth [Future] process...
15:22:12.811541> BinanceFuture - Vxxv1AWf[USD_M] DELETE FAILURE.....
15:25:15.298209> Try Delete lock Sell order,  ticket = 2572904300 ticketCustom = 2
15:25:15.300209> Support: 58745.9 VolS:0.986 Resistence: 58760.6 VolR:0.612
15:25:19.847474> WebSocket [ConnectToDepthStream()] [future] error: Received an unexpected EOF or 0 bytes from the transport stream.
15:25:20.210688> BinanceFuture - Vxxv1AWf[USD_M] DELETE FAILURE.....
15:25:20.213688> Try Delete lock Sell order,  ticket = 2572904300 ticketCustom = 2
15:25:20.213688> Support: 58736.8 VolS:0.836 Resistence: 58743.9 VolR:1
15:25:20.986351> BinanceFuture - Vxxv1AWf[USD_M] DELETE FAILURE.....
15:25:20.988342> Try Delete lock Sell order,  ticket = 2572904300 ticketCustom = 2
15:25:20.988342> Support: 58710 VolS:0.801 Resistence: 58722.4 VolR:0.792
15:25:21.275358> BinanceFuture - Vxxv1AWf[USD_M] DELETE FAILURE.....
15:25:21.277358> Try Delete lock Sell order,  ticket = 2572904300 ticketCustom = 2
15:25:21.277358> Support: 58729.4 VolS:3.588 Resistence: 58743.2 VolR:0.98
15:25:21.624377> BinanceFuture - Vxxv1AWf[USD_M] DELETE FAILURE.....
15:25:21.627378> Try Delete lock Sell order,  ticket = 2572904300 ticketCustom = 2
15:25:21.627378> Support: 58792.2 VolS:0.784 Resistence: 58788.1 VolR:2.16
15:25:21.940396> BinanceFuture - Vxxv1AWf[USD_M] DELETE FAILURE.....
15:25:21.947396> Try Delete lock Sell order,  ticket = 2572904300 ticketCustom = 2
15:25:21.947396> Support: 58774.7 VolS:0.785 Resistence: 58778.1 VolR:4.24
15:25:22.327418> BinanceFuture - Vxxv1AWf[USD_M] DELETE FAILURE.....
15:25:22.328418> Try Delete lock Sell order,  ticket = 2572904300 ticketCustom = 2
15:25:22.328418> Support: 58785.9 VolS:2.076 Resistence: 58795.6 VolR:0.264
15:25:23.021018> BinanceFuture - Vxxv1AWf[USD_M] Reconect ConnectToDepthStream() to WebSocket #
15:25:23.022002> WebSocket [ConnectToDepthStream()] [Closed] [future] and reconnect again [during Task.Delay]..
15:25:24.577935> BinanceFuture - Vxxv1AWf[USD_M] Reconect to WebSocket #
15:25:24.578936> WebSocket [SubscribeToAggTradeStream()] [Closed] [future] and reconnect again [with Task.Delay]..
15:25:24.729222> WebSocket connected! Start @depth [Future] process...
15:25:24.854227> BinanceFuture - Vxxv1AWf[USD_M] Reconect ConnectToDepthStream() to WebSocket #
15:25:24.854227> WebSocket [ConnectToDepthStream()] [Closed] [future] and reconnect again [during Task.Delay]..
15:25:25.549467> Lenta has started...Start SubscribeToAggTradeStream @aggTrade [future] process...
15:25:25.653476> BinanceFuture - Vxxv1AWf[USD_M] Reconect to WebSocket #
15:25:25.653476> WebSocket [SubscribeToAggTradeStream()] [Closed] [future] and reconnect again [with Task.Delay]..
15:25:25.749475> BinanceFuture - Vxxv1AWf[USD_M] DELETE FAILURE.....
15:25:25.752474> Try Delete lock Sell order,  ticket = 2572904300 ticketCustom = 2
15:25:25.752474> Support: 58787.9 VolS:1.046 Resistence: 58789.2 VolR:0.794
15:25:25.853487> WebSocket connected! Start @depth [Future] process...
15:25:26.042492> BinanceFuture - Vxxv1AWf[USD_M] DELETE FAILURE.....
15:25:26.043494> Try Delete lock Sell order,  ticket = 2572904300 ticketCustom = 2
15:25:26.043494> Support: 58788.7 VolS:1.283 Resistence: 58788.8 VolR:0.936
15:25:26.330522> BinanceFuture - Vxxv1AWf[USD_M] DELETE FAILURE.....
15:25:26.332508> Try Delete lock Sell order,  ticket = 2572904300 ticketCustom = 2
15:25:26.332508> Support: 58791.9 VolS:1.221 Resistence: 58800.7 VolR:0.334
15:25:26.721531> Lenta has started...Start SubscribeToAggTradeStream @aggTrade [future] process...
15:25:26.731531> BinanceFuture - Vxxv1AWf[USD_M] DELETE FAILURE.....
15:25:26.733531> Try Delete lock Sell order,  ticket = 2572904300 ticketCustom = 2
15:25:26.733531> Support: 58792.7 VolS:1.294 Resistence: 58792.9 VolR:0.707
15:25:27.046547> BinanceFuture - Vxxv1AWf[USD_M] DELETE FAILURE.....
15:25:27.183557> Try Delete lock Sell order,  ticket = 2572904300 ticketCustom = 2
15:25:27.183557> Support: 58792.7 VolS:1.294 Resistence: 58792.9 VolR:0.707
15:25:28.979886> BinanceFuture - Vxxv1AWf[USD_M] DELETE FAILURE.....
15:25:29.009887> Try Delete lock Sell order,  ticket = 2572904300 ticketCustom = 2
15:25:29.009887> Support: 58792.8 VolS:0.995 Resistence: 58792.9 VolR:0.988
15:25:34.468917> BinanceFuture - Vxxv1AWf[USD_M] DELETE FAILURE.....
15:25:34.598926> Try Delete lock Sell order,  ticket = 2572904300 ticketCustom = 2
15:25:34.717932> Support: 58794.2 VolS:0.777 Resistence: 58794.3 VolR:1.041
15:25:35.009950> BinanceFuture - Vxxv1AWf[USD_M] DELETE FAILURE.....
15:25:35.040958> Try Delete lock Sell order,  ticket = 2572904300 ticketCustom = 2
15:25:35.040958> Support: 58794.2 VolS:0.777 Resistence: 58794.3 VolR:1.041
15:25:35.338968> BinanceFuture - Vxxv1AWf[USD_M] DELETE FAILURE.....
15:25:35.339969> Try Delete lock Sell order,  ticket = 2572904300 ticketCustom = 2
15:25:35.339969> Support: 58794.2 VolS:0.919 Resistence: 58794.3 VolR:1.429
15:25:35.641985> BinanceFuture - Vxxv1AWf[USD_M] DELETE FAILURE.....
15:25:35.643986> Try Delete lock Sell order,  ticket = 2572904300 ticketCustom = 2
15:25:35.643986> Support: 58794.2 VolS:1.065 Resistence: 58801.1 VolR:0.343
15:25:36.379027> BinanceFuture - Vxxv1AWf[USD_M] DELETE FAILURE.....
15:25:36.402029> Try Delete lock Sell order,  ticket = 2572904300 ticketCustom = 2
15:25:36.402029> Support: 58794.2 VolS:1.265 Resistence: 58794.4 VolR:0.681
15:25:40.345020> BinanceFuture - Vxxv1AWf[USD_M] DELETE FAILURE.....
15:25:40.395024> Try Delete lock Sell order,  ticket = 2572904300 ticketCustom = 2
15:25:40.395024> Support: 58801.6 VolS:0.708 Resistence: 58813.5 VolR:1.157
15:25:53.658959> BinanceFuture - Vxxv1AWf[USD_M] DELETE FAILURE.....
