15:41:18.923130> WebSocket connected! Start Partial @depth20 [Future] process...
15:41:18.923130> Lenta has started...Start SubscribeToAggTradeStream @aggTrade [future] process...
15:41:18.950130> WebSocket connected! Start Partial @depth20 [Future] process...
15:41:18.978132> WebSocket connected! Start @depth [Future] process...
15:41:19.911200> Lenta has started...Start SubscribeToAggTradeStream @aggTrade [future] process...
15:41:19.925194> WebSocket connected! Start Partial @depth20 [Future] process...
15:41:20.003196> BinanceFuture - Vxxv1AWf[USD_M] USD_M Balance: 242.18205306 USDT
15:41:20.008197> WebSocket connected! Start Partial @depth20 [Future] process...
15:41:20.013197> WebSocket connected! Start @depth [Future] process...
15:42:23.273464> Try Open BuyLimit, Bid: 65129.4 Ask:  65129.5
15:42:23.273464> Step Signal open long, StepByStepUP:3 Stk:20 StkImp:0 Lnt:2 Prg:0 Tide:20 Bid: 65129.4 Ask:  65129.5
15:42:23.558348> [1Leg]: Buy OK BTCUSDC at 0.00;Gap=-7.61;Price=65129.50;Slippage=65129.5;Execution=271.890 ms;
15:42:23.559332> Placed Main BuyLimit, ticketCustom = 1 ticket= 3973628449 LastBuyPrice=65129.4
15:47:39.592286> Try place lock SellLimit, Bid: 65104.4 Ask:  65104.5
15:47:42.483452> [1Leg]: Sell OK BTCUSDC at 65104.50;Gap=-3.9525;Price=65054.60;Slippage=-49.9;Execution=2891.165 ms;
15:47:42.484452> Placed lock SellLimit, ticketCustom= 2, ticket= 3973628449 
15:47:42.486452> Try Modify Lock Sell order, 
15:47:43.311635> BinanceFuture - Vxxv1AWf[USD_M] Api Error Code: -2013 Message: Order does not exist.
15:47:43.311635> [1Leg]: Sell failed BTCUSDC;price=65145.40
15:47:47.154249> BinanceFuture - Vxxv1AWf[USD_M] Reconect ConnectToDepthStream() to WebSocket #
15:47:47.155247> WebSocket [ConnectToDepthStream()] [Closed] [future] and reconnect again [during Task.Delay]..
15:47:47.212253> BinanceFuture - Vxxv1AWf[USD_M] Reconect ConnectToDepthStream() to WebSocket #
15:47:47.212253> WebSocket [ConnectToDepthStream()] [Closed] [future] and reconnect again [during Task.Delay]..
15:47:47.551273> BinanceFuture - Vxxv1AWf[USD_M] Reconect to WebSocket #
15:47:47.552278> WebSocket [SubscribeToAggTradeStream()] [Closed] [future] and reconnect again [with Task.Delay]..
15:47:47.676276> BinanceFuture - Vxxv1AWf[USD_M] Reconect to WebSocket #
15:47:47.688285> WebSocket [SubscribeToAggTradeStream()] [Closed] [future] and reconnect again [with Task.Delay]..
15:47:48.125265> WebSocket connected! Start @depth [Future] process...
15:47:48.234265> WebSocket connected! Start @depth [Future] process...
15:47:48.548259> Lenta has started...Start SubscribeToAggTradeStream @aggTrade [future] process...
15:47:48.643271> Lenta has started...Start SubscribeToAggTradeStream @aggTrade [future] process...
