10:48:47.700050> WebSocket connected! Start @depth [Future] process...
10:48:47.700050> WebSocket connected! Start Partial @depth20 [Future] process...
10:48:47.702051> WebSocket connected! Start Partial @depth20 [SPOT] process...
10:48:47.706050> Lenta has started...Start SubscribeToAggTradeStream @aggTrade [future] process...
10:48:47.951064> WebSocket connected! Start Partial @depth20 [SPOT] process...
10:48:48.138074> Binance - Vxxv1AWf[SPOT] SPOT Balance: 0.15097346 USDT
10:48:48.546981> Lenta has started...Start SubscribeToAggTradeStream @aggTrade [future] process...
10:48:48.565977> WebSocket connected! Start @depth [Future] process...
10:48:48.575978> WebSocket connected! Start Partial @depth20 [Future] process...
10:48:49.079080> BinanceFuture - Vxxv1AWf[USD_M] USD_M Balance: 170.96399846 USDT
10:53:23.722985>  DevBUY (-): 67.19175000 avgGapBuy:-32.34175000 
13:10:09.937888>  DevBUY (-): 64.92437500 avgGapBuy:-40.30437500 
13:10:12.364025>  DevBUY (-): 65.21437500 avgGapBuy:-40.30437500 
13:10:15.685216>  DevBUY (+): 65.94975000 avgGapBuy:-34.74975000 
13:10:57.817634>  DevBUY (+): 63.79225000 avgGapBuy:-31.24225000 
13:11:31.932587>  DevSELL (+): -64.23900000 avgGapSell:6.15900000 
13:11:37.367899>  DevSELL (+): -64.84937500 avgGapSell:4.66937500 
13:11:38.049940>  DevSELL (+): -70.94937500 avgGapSell:4.66937500 
13:11:38.919989>  DevSELL (+): -84.14937500 avgGapSell:4.66937500 
13:11:40.445077>  DevSELL (+): -84.44937500 avgGapSell:4.66937500 
13:11:43.296241>  DevSELL (-): -80.81487500 avgGapSell:-2.18512500 
