08:43:07.151860> WebSocket connected! Start Partial @depth20 [Future] process...
08:43:07.153860> Lenta has started...Start SubscribeToAggTradeStream @aggTrade [future] process...
08:43:07.154857> WebSocket connected! Start Partial @depth20 [Future] process...
08:43:07.160860> WebSocket connected! Start @depth [Future] process...
08:43:08.162637> Lenta has started...Start SubscribeToAggTradeStream @aggTrade [future] process...
08:43:08.188634> WebSocket connected! Start Partial @depth20 [Future] process...
08:43:08.214634> WebSocket connected! Start @depth [Future] process...
08:43:08.253637> WebSocket connected! Start Partial @depth20 [Future] process...
08:43:08.774921> BinanceFuture - Vxxv1AWf[USD_M] USD_M Balance: 263.14933597 USDT
10:00:03.261174> BinanceFuture - Vxxv1AWf[USD_M] Reconect ConnectToDepthStream() to WebSocket #
10:00:03.262169> WebSocket [ConnectToDepthStream()] [Closed] [future] and reconnect again [during Task.Delay]..
10:00:04.339230> WebSocket connected! Start @depth [Future] process...
10:32:42.688592> WebSocket [SubscribePartialDepthStream()] [future] error: Unable to read data from the transport connection: An existing connection was forcibly closed by the remote host.
10:32:42.759593> WebSocket [ConnectToDepthStream()] [future] error: Unable to read data from the transport connection: An existing connection was forcibly closed by the remote host.
10:32:42.786596> WebSocket [ConnectToDepthStream()] [future] error: Unable to read data from the transport connection: An existing connection was forcibly closed by the remote host.
10:32:42.787598> WebSocket [SubscribePartialDepthStream()] [future] error: Unable to read data from the transport connection: An existing connection was forcibly closed by the remote host.
10:32:42.788598> WebSocket [SubscribePartialDepthStream()] [future] error: Unable to read data from the transport connection: An existing connection was forcibly closed by the remote host.
10:32:42.796597> WebSocket [SubscribePartialDepthStream()] [future] error: Unable to read data from the transport connection: An existing connection was forcibly closed by the remote host.
10:32:44.310685> Unable to read data from the transport connection: An existing connection was forcibly closed by the remote host.
10:32:44.329686> Unable to read data from the transport connection: An existing connection was forcibly closed by the remote host.
