17:52:40.704097> Lenta has started...Start SubscribeToAggTradeStream @aggTrade [future] process...
17:52:40.706097> WebSocket connected! Start @depth [Future] process...
17:52:40.709099> WebSocket connected! Start Partial @depth20 [Future] process...
17:52:40.744098> WebSocket connected! Start Partial @depth20 [Future] process...
17:52:41.674240> WebSocket connected! Start Partial @depth20 [Future] process...
17:52:41.701237> WebSocket connected! Start Partial @depth20 [Future] process...
17:52:41.704238> Lenta has started...Start SubscribeToAggTradeStream @aggTrade [future] process...
17:52:41.705237> WebSocket connected! Start @depth [Future] process...
17:52:43.113298> BinanceFuture - Vxxv1AWf[USD_M] USD_M Balance: 377.84858897 USDT
20:06:34.345065> Unable to read data from the transport connection: An existing connection was forcibly closed by the remote host.
20:06:36.754204> Unable to write data to the transport connection: An existing connection was forcibly closed by the remote host.
20:06:36.755204> A request to send or receive data was disallowed because the socket is not connected and (when sending on a datagram socket using a sendto call) no address was supplied
20:06:41.406471> BinanceFuture - Vxxv1AWf[USD_M] Reconect to WebSocket #
20:06:41.407472> WebSocket [SubscribeToAggTradeStream()] [Closed] [future] and reconnect again [with Task.Delay]..
20:06:43.117570> Unable to write data to the transport connection: An existing connection was forcibly closed by the remote host.
20:06:43.844611> A request to send or receive data was disallowed because the socket is not connected and (when sending on a datagram socket using a sendto call) no address was supplied
20:06:49.737556> BinanceFuture - Vxxv1AWf[USD_M] Reconect to WebSocket #
20:06:49.738555> WebSocket [SubscribeToAggTradeStream()] [Closed] [future] and reconnect again [with Task.Delay]..
20:07:12.437869> Lenta has started...Start SubscribeToAggTradeStream @aggTrade [future] process...
20:07:14.011948> Lenta has started...Start SubscribeToAggTradeStream @aggTrade [future] process...
20:09:48.392814>  DevBUY (-): 123.88 avgGapBuy:-22.88 
