14:46:58.753002> WebSocket connected! Start Partial @depth20 [Future] process...
14:46:58.754003> WebSocket connected! Start Partial @depth20 [SPOT] process...
14:46:58.758002> WebSocket connected! Start @depth [Future] process...
14:46:58.765003> Binance - Vxxv1AWf[SPOT] SPOT Balance: 0.15097346 USDT
14:46:58.779008> Lenta has started...Start SubscribeToAggTradeStream @aggTrade [future] process...
14:46:59.040018> WebSocket connected! Start Partial @depth20 [SPOT] process...
14:46:59.629128> WebSocket connected! Start Partial @depth20 [Future] process...
14:46:59.668151> Lenta has started...Start SubscribeToAggTradeStream @aggTrade [future] process...
14:46:59.669128> WebSocket connected! Start @depth [Future] process...
14:47:00.185444> BinanceFuture - Vxxv1AWf[USD_M] USD_M Balance: 171.01300769 USDT
17:21:21.675429>  DevSELL (-): -95.57175000 avgGapSell:-24.08825000 
17:21:39.499451>  DevSELL (-): -67.35112500 avgGapSell:-29.88887500 
17:21:42.922646>  DevSELL (-): -83.96025000 avgGapSell:-30.02975000 
17:21:44.359729>  DevSELL (-): -110.85025000 avgGapSell:-30.02975000 
17:21:48.872988>  DevSELL (+): -87.82737500 avgGapSell:-32.86262500 
17:21:48.974994>  DevSELL (+): -96.92737500 avgGapSell:-32.86262500 
17:22:31.158411>  DevBUY (+): 71.28125000 avgGapBuy:-53.89125000 
17:22:31.822450>  DevBUY (-): 63.51712500 avgGapBuy:-50.92712500 
17:22:33.739559>  DevBUY (-): 120.04712500 avgGapBuy:-50.92712500 
17:22:34.031576>  DevBUY (+): 92.04712500 avgGapBuy:-50.92712500 
17:23:08.661563> Unable to read data from the transport connection: An existing connection was forcibly closed by the remote host.
17:23:08.667563> Unable to read data from the transport connection: An existing connection was forcibly closed by the remote host.
17:23:13.975869> BinanceFuture - Vxxv1AWf[USD_M] Reconect to WebSocket #
17:23:13.976867> WebSocket [SubscribeToAggTradeStream()] [Closed] [future] and reconnect again [with Task.Delay]..
17:23:13.977868> BinanceFuture - Vxxv1AWf[USD_M] Reconect to WebSocket #
17:23:13.977868> WebSocket [SubscribeToAggTradeStream()] [Closed] [future] and reconnect again [with Task.Delay]..
17:23:17.867092> Lenta has started...Start SubscribeToAggTradeStream @aggTrade [future] process...
17:23:19.351176> Lenta has started...Start SubscribeToAggTradeStream @aggTrade [future] process...
