11:07:24.336002> WebSocket connected! Start @depth [Future] process...
11:07:24.336002> WebSocket connected! Start Partial @depth20 [Future] process...
11:07:24.336002> Lenta has started...Start SubscribeToAggTradeStream @aggTrade [future] process...
11:07:24.336002> WebSocket connected! Start Partial @depth20 [Future] process...
11:07:25.429772> Lenta has started...Start SubscribeToAggTradeStream @aggTrade [future] process...
11:07:25.445388> WebSocket connected! Start Partial @depth20 [Future] process...
11:07:25.445388> WebSocket connected! Start Partial @depth20 [Future] process...
11:07:26.007888> BinanceFuture - Vxxv1AWf[USD_M] USD_M Balance: 46.98923914 USDT
11:07:26.289141> WebSocket connected! Start @depth [Future] process...
11:11:13.132412> Try Open SellLimit, Ask: 69344.5
11:11:13.132412> Support: 69338.6 VolS:0.395 Resistence: 69344.5 VolR:0.966
11:11:14.288931> [1Leg]: Sell OK BTCUSDC at 0.00;Gap=1.96875;Price=69337.70;Slippage=69337.7;Execution=1140.883 ms;
11:11:14.288931> Placed Main SellLimit, ticketCustom = 1 ticket = 3324287092 LastSellPrice=69344.4
11:13:00.628205> Try adding SellLimit, Ask: 69387.6
11:13:00.628205> Support: 69387.5 VolS:3.301 Resistence: 69388 VolR:0.142
11:13:00.909461> [1Leg]: Sell OK BTCUSDC at 0.00;Gap=2.96;Price=69387.60;Slippage=69387.6;Execution=281.257 ms;
11:13:00.909461> adding Sell (1Leg), ticket = 3324287092 ticketCustom = 2
11:13:02.112584> Try Close Sell, Bid: 69387.5 Ask:  69387.6
11:13:02.112584> Support: 69387.5 VolS:3.203 Resistence: 69387.6 VolR:0.201
11:13:02.393833> [1Leg]: Buy OK BTCUSDC at 0.00;Gap=2.96;Price=69387.60;Slippage=69387.6;Execution=281.249 ms;
11:13:02.393833> Close Main Sell ticketCustom = 3 ticket= 3324287092
