09:25:12.292940> WebSocket connected! Start Partial @depth20 [Future] process...
09:25:12.292940> WebSocket connected! Start Partial @depth20 [Future] process...
09:25:12.295940> Lenta has started...Start SubscribeToAggTradeStream @aggTrade [future] process...
09:25:12.314940> WebSocket connected! Start @depth [Future] process...
09:25:13.242334> WebSocket connected! Start @depth [Future] process...
09:25:13.262321> WebSocket connected! Start Partial @depth20 [Future] process...
09:25:13.264321> Lenta has started...Start SubscribeToAggTradeStream @aggTrade [future] process...
09:25:13.281320> WebSocket connected! Start Partial @depth20 [Future] process...
09:25:13.773507> BinanceFuture - Vxxv1AWf[USD_M] USD_M Balance: 258.85322010 USDT
10:34:48.237414> Signal 1(s), Bid: 63046.0 Ask:  63046.1
10:35:35.822503> Signal 1(s), Bid: 63068.9 Ask:  63069.0
10:37:25.727531> Signal 1(s), Bid: 63095.8 Ask:  63095.9
10:46:25.752115> Signal 1(s), Bid: 63030.9 Ask:  63032.1
11:29:03.418494> Signal 2(s), Bid: 62971.9 Ask:  62972.0
11:42:23.544446> Signal 1(s), Bid: 63108.4 Ask:  63108.5
12:42:19.170883> Signal 2(s), Bid: 63076.6 Ask:  63076.7
12:47:14.807410> Signal 2(s), Bid: 63085.0 Ask:  63085.1
14:39:28.959547> Unable to read data from the transport connection: An established connection was aborted by the software in your host machine.
14:39:34.043839> BinanceFuture - Vxxv1AWf[USD_M] Reconect to WebSocket #
14:39:34.044839> WebSocket [SubscribeToAggTradeStream()] [Closed] [future] and reconnect again [with Task.Delay]..
14:39:42.777341> Unable to read data from the transport connection: An existing connection was forcibly closed by the remote host.
14:39:47.885629> BinanceFuture - Vxxv1AWf[USD_M] Reconect to WebSocket #
14:39:47.966638> WebSocket [SubscribeToAggTradeStream()] [Closed] [future] and reconnect again [with Task.Delay]..
15:08:06.119858> Lenta has started...Start SubscribeToAggTradeStream @aggTrade [future] process...
15:08:42.980971> Lenta has started...Start SubscribeToAggTradeStream @aggTrade [future] process...
15:17:06.763247> Unable to write data to the transport connection: An existing connection was forcibly closed by the remote host.
15:17:06.763247> A request to send or receive data was disallowed because the socket is not connected and (when sending on a datagram socket using a sendto call) no address was supplied
15:17:11.774543> BinanceFuture - Vxxv1AWf[USD_M] Reconect to WebSocket #
15:17:11.775536> WebSocket [SubscribeToAggTradeStream()] [Closed] [future] and reconnect again [with Task.Delay]..
