14:05:34.106157> WebSocket connected! Start Partial @depth20 [Future] process...
14:05:34.149164> Lenta has started...Start SubscribeToAggTradeStream @aggTrade [future] process...
14:05:34.150158> WebSocket connected! Start @depth [Future] process...
14:05:34.161159> WebSocket connected! Start Partial @depth20 [Future] process...
14:05:35.169379> Lenta has started...Start SubscribeToAggTradeStream @aggTrade [future] process...
14:05:35.182385> WebSocket connected! Start Partial @depth20 [Future] process...
14:05:35.185387> WebSocket connected! Start Partial @depth20 [Future] process...
14:05:35.205385> WebSocket connected! Start @depth [Future] process...
14:05:35.804794> BinanceFuture - Vxxv1AWf[USD_M] USD_M Balance: 50.91955125 USDT
14:06:16.517228> Try Open BuyLimit, Bid: 55201.6 Ask:  55201.7
14:06:16.517228> Order Signal open long, Order=0 StepByStepUP:0 Stk:0 StkImp:0 Lnt:1 Prg:0 Tide:10 Bid: 55201.6 Ask:  55201.7
14:06:16.782405> [1Leg]: Buy OK BTCUSDC at 0.00;Price=0.0;Slippage=55201.7;Execution=260.195 ms;
14:06:16.782405> Placed Main BuyLimit, ticketCustom = 1 ticket= 4502127091 LastBuyPrice=55201.6
14:06:38.573230> Try adding BuyLimit, Bid: 55175.7 Ask:  55175.8
14:06:38.828397> [1Leg]: Buy OK BTCUSDC at 55173.70;Price=55173.7;Slippage=2.1;Execution=255.168 ms;
14:06:38.828397> adding BuyLimit, ticket = 4502127091 ticketCustom = 2 
14:06:44.850181> Try adding BuyLimit, Bid: 55147.9 Ask:  55148.8
14:06:45.101135> [1Leg]: Buy OK BTCUSDC at 55145.90;Price=55145.9;Slippage=2.9;Execution=250.954 ms;
14:06:45.107128> adding BuyLimit, ticket = 4502127091 ticketCustom = 3 
14:35:16.001266> Try Open SellLimit, Ask: 55201.6 Bid:55201.5
14:35:16.002226> Order Signal open short, Order=2222 StepByStepDN:0 Stk:111 StkImp:1 Lnt:1 Prg:0 Bid: 55201.5 Ask:  55201.6
14:35:17.128291> [1Leg]: Sell OK BTCUSDC at 0.00;Price=0.0;Slippage=55197.6;Execution=1124.986 ms;
14:35:17.353303> Placed Main SellLimit, ticketCustom = 4 ticket = 4502127091 LastSellPrice=55201.6
