10:04:19.875340> Lenta has started...Start SubscribeToAggTradeStream @aggTrade [future] process...
10:04:19.878340> WebSocket connected! Start Partial @depth20 [Future] process...
10:04:19.879339> Lenta has started...Start SubscribeToAggTradeStream @aggTrade [future] process...
10:04:19.888340> WebSocket connected! Start @depth [Future] process...
10:04:19.888340> WebSocket connected! Start @depth [Future] process...
10:04:19.888340> WebSocket connected! Start Partial @depth20 [Future] process...
10:04:20.813060> Lenta has started...Start SubscribeToAggTradeStream @aggTrade [future] process...
10:04:20.815049> WebSocket connected! Start Partial @depth20 [Future] process...
10:04:20.820049> WebSocket connected! Start Partial @depth20 [Future] process...
10:04:20.826047> WebSocket connected! Start @depth [Future] process...
10:04:20.829047> WebSocket connected! Start @depth [Future] process...
10:04:20.838055> Lenta has started...Start SubscribeToAggTradeStream @aggTrade [future] process...
10:04:21.813353> BinanceFuture - Vxxv1AWf[USD_M] USD_M Balance: 674.08053870 USDT
10:05:39.383472> Signal 2(s), Bid: 62024.4 Ask:  62024.5
10:05:41.963368> Signal 2(s), Bid: 62039.5 Ask:  62039.6
10:05:56.456950> Signal 2(s), Bid: 62076.0 Ask:  62076.1
10:06:22.463166> Signal 1(s), Bid: 61998.0 Ask:  61998.1
10:06:37.858314> Signal 1(s), Bid: 61993.9 Ask:  61994.0
10:07:24.391451> Signal 2(s), Bid: 62057.8 Ask:  62057.9
10:07:25.368816> Signal 2(s), Bid: 62065.1 Ask:  62065.2
10:07:25.396814> Signal 2(s), Bid: 62070.5 Ask:  62070.6
10:07:27.664646> Signal 2(s), Bid: 62082.9 Ask:  62083.0
10:08:07.877749> Signal 1(s), Bid: 62074.0 Ask:  62074.1
10:08:21.995761> Signal 1(s), Bid: 62000.0 Ask:  62000.1
10:08:26.982704> Signal 1(s), Bid: 62010.0 Ask:  62010.1
10:08:28.811840> Signal 1(s), Bid: 61998.4 Ask:  61998.5
10:08:30.038130> Signal 1(s), Bid: 61986.1 Ask:  61987.5
10:10:11.797878> Signal 2(s), Bid: 62043.9 Ask:  62044.0
10:12:20.000574> Signal 2(s), Bid: 61993.5 Ask:  61993.6
10:12:20.197594> Signal 2(s), Bid: 61993.5 Ask:  61993.6
10:12:36.511175> Signal 2(s), Bid: 61986.0 Ask:  61986.1
10:12:41.523187> Signal 2(s), Bid: 61995.9 Ask:  61996.0
10:12:45.178713> Signal 2(s), Bid: 62013.2 Ask:  62013.3
10:12:50.012761> Signal 2(s), Bid: 62016.0 Ask:  62016.1
10:13:01.232474> Signal 2(s), Bid: 62036.6 Ask:  62036.7
10:15:19.477014> Signal 2(s), Bid: 62082.0 Ask:  62082.1
10:15:26.481048> Signal 2(s), Bid: 62080.0 Ask:  62080.1
10:21:41.438445> Signal 2(s), Bid: 62239.9 Ask:  62240.0
10:22:32.454242> Signal 2(s), Bid: 62219.7 Ask:  62219.8
10:27:15.966428> Signal 2(s), Bid: 62180.0 Ask:  62180.1
10:30:41.258593> Signal 2(s), Bid: 62210.8 Ask:  62210.9
10:31:15.995819> Signal 2(s), Bid: 62193.9 Ask:  62194.3
10:31:25.949155> Signal 2(s), Bid: 62202.5 Ask:  62202.6
10:31:33.914134> Signal 2(s), Bid: 62225.9 Ask:  62226.0
10:31:58.976211> Signal 2(s), Bid: 62202.4 Ask:  62202.5
10:32:28.520934> Signal 2(s), Bid: 62199.7 Ask:  62199.8
10:32:57.534490> Signal 2(s), Bid: 62218.0 Ask:  62220.0
10:33:45.381622> Signal 2(s), Bid: 62231.9 Ask:  62232.0
10:33:47.784202> Signal 2(s), Bid: 62235.9 Ask:  62236.0
10:33:58.228416> Signal 2(s), Bid: 62242.0 Ask:  62242.1
10:34:25.421097> Signal 2(s), Bid: 62209.9 Ask:  62210.0
10:34:26.097693> Signal 2(s), Bid: 62210.2 Ask:  62210.3
10:34:36.674674> Signal 2(s), Bid: 62245.9 Ask:  62246.0
10:35:41.416185> Signal 2(s), Bid: 62227.3 Ask:  62227.4
10:36:40.295062> Signal 2(s), Bid: 62233.9 Ask:  62234.0
10:36:41.610548> Signal 2(s), Bid: 62239.7 Ask:  62239.8
10:37:34.735802> Signal 2(s), Bid: 62212.1 Ask:  62212.2
10:38:58.353186> Signal 2(s), Bid: 62251.5 Ask:  62251.6
10:39:05.578531> Signal 2(s), Bid: 62252.9 Ask:  62253.0
10:39:05.937988> Signal 2(s), Bid: 62266.2 Ask:  62266.3
10:39:08.458602> Signal 2(s), Bid: 62274.1 Ask:  62274.2
10:39:42.245045> Signal 2(s), Bid: 62242.5 Ask:  62242.6
10:44:04.893873> Signal 1(s), Bid: 62239.5 Ask:  62239.6
10:44:13.934230> Signal 1(s), Bid: 62239.5 Ask:  62239.6
10:45:13.688076> Signal 1(s), Bid: 62277.9 Ask:  62278.0
10:45:34.339923> Signal 1(s), Bid: 62236.6 Ask:  62236.7
10:45:34.850951> Signal 1(s), Bid: 62236.6 Ask:  62236.7
10:45:38.186861> Signal 1(s), Bid: 62236.6 Ask:  62236.7
10:45:43.268474> Signal 1(s), Bid: 62235.0 Ask:  62235.1
10:45:48.408595> Signal 1(s), Bid: 62219.1 Ask:  62219.2
10:46:08.040495> Signal 1(s), Bid: 62219.9 Ask:  62220.0
10:46:09.076335> Signal 1(s), Bid: 62216.4 Ask:  62216.5
10:46:38.177765> Signal 2(s), Bid: 62275.9 Ask:  62276.0
10:46:52.066985> Signal 2(s), Bid: 62291.8 Ask:  62291.9
10:46:58.113568> Signal 2(s), Bid: 62313.9 Ask:  62314.0
10:47:15.042268> Signal 2(s), Bid: 62324.6 Ask:  62324.7
10:49:20.342448> Signal 1(s), Bid: 62316.0 Ask:  62316.1
11:03:36.508639> Signal 1(s), Bid: 62413.8 Ask:  62413.9
11:05:19.883574> Signal 1(s), Bid: 62376.0 Ask:  62376.1
11:05:24.818621> Signal 1(s), Bid: 62363.6 Ask:  62363.7
11:05:27.606046> Signal 1(s), Bid: 62359.7 Ask:  62359.8
11:05:33.101249> Signal 1(s), Bid: 62358.3 Ask:  62358.4
11:05:39.983842> Signal 1(s), Bid: 62349.2 Ask:  62349.3
11:05:40.412865> Signal 1(s), Bid: 62348.1 Ask:  62348.2
11:05:51.215608> Signal 1(s), Bid: 62333.3 Ask:  62333.9
11:05:55.878313> Signal 1(s), Bid: 62315.9 Ask:  62316.0
11:05:57.875556> Signal 1(s), Bid: 62309.4 Ask:  62309.5
11:09:52.187686> Signal 1(s), Bid: 62282.0 Ask:  62282.1
11:10:03.257418> Signal 1(s), Bid: 62280.0 Ask:  62280.1
11:10:10.436088> Signal 1(s), Bid: 62272.0 Ask:  62272.1
11:10:10.774843> Signal 1(s), Bid: 62272.0 Ask:  62272.1
11:10:12.135607> Signal 1(s), Bid: 62268.9 Ask:  62269.0
11:10:17.823388> Signal 1(s), Bid: 62268.5 Ask:  62268.6
11:12:30.220261> Signal 2(s), Bid: 62326.3 Ask:  62326.4
11:12:38.777701> Signal 2(s), Bid: 62349.9 Ask:  62350.0
11:12:39.110706> Signal 2(s), Bid: 62358.2 Ask:  62358.3
11:12:41.641760> Signal 2(s), Bid: 62362.0 Ask:  62362.1
11:13:31.449456> Signal 1(s), Bid: 62307.5 Ask:  62307.6
11:13:42.767702> Signal 1(s), Bid: 62309.9 Ask:  62310.0
11:14:50.308499> Signal 1(s), Bid: 62305.0 Ask:  62305.1
11:15:25.504641> Signal 1(s), Bid: 62266.0 Ask:  62266.1
11:15:25.958671> Signal 1(s), Bid: 62260.5 Ask:  62260.6
11:15:48.090126> Signal 1(s), Bid: 62230.0 Ask:  62230.1
11:15:54.858433> Signal 1(s), Bid: 62232.0 Ask:  62232.1
11:16:00.706895> Signal 1(s), Bid: 62229.2 Ask:  62229.3
11:16:40.923060> Signal 1(s), Bid: 62220.0 Ask:  62220.1
11:16:44.448560> Signal 1(s), Bid: 62221.9 Ask:  62222.0
11:17:03.970525> Signal 1(s), Bid: 62210.9 Ask:  62211.0
11:18:33.543839> Signal 2(s), Bid: 62224.1 Ask:  62224.2
11:18:36.133267> Signal 2(s), Bid: 62236.5 Ask:  62236.6
11:21:20.777475> Signal 2(s), Bid: 62244.8 Ask:  62244.9
11:21:37.601258> Signal 2(s), Bid: 62277.1 Ask:  62277.2
11:25:59.201241> Signal 2(s), Bid: 62270.8 Ask:  62270.9
11:26:48.013838> Signal 2(s), Bid: 62316.6 Ask:  62316.7
11:29:26.576917> Signal 2(s), Bid: 62322.7 Ask:  62322.8
11:29:36.924092> Signal 2(s), Bid: 62327.8 Ask:  62327.9
11:29:54.290279> Signal 2(s), Bid: 62327.8 Ask:  62327.9
11:30:25.519691> Signal 2(s), Bid: 62334.4 Ask:  62334.5
11:30:57.276101> Signal 1(s), Bid: 62282.0 Ask:  62282.1
11:31:11.156796> Signal 1(s), Bid: 62270.5 Ask:  62270.6
11:31:11.246802> Signal 1(s), Bid: 62270.5 Ask:  62270.6
11:31:13.353848> Signal 1(s), Bid: 62248.8 Ask:  62248.9
11:31:14.639398> Signal 1(s), Bid: 62243.4 Ask:  62243.5
11:31:14.781406> Signal 1(s), Bid: 62243.4 Ask:  62243.5
11:31:16.312644> Signal 1(s), Bid: 62234.0 Ask:  62234.1
11:31:17.677279> Signal 1(s), Bid: 62216.5 Ask:  62216.6
11:31:20.945468> Signal 1(s), Bid: 62219.6 Ask:  62219.7
11:31:21.472505> Signal 1(s), Bid: 62213.0 Ask:  62213.1
11:32:42.621009> Signal 2(s), Bid: 62283.9 Ask:  62284.0
11:34:20.338378> Signal 2(s), Bid: 62244.0 Ask:  62244.1
11:34:34.331512> Signal 2(s), Bid: 62283.1 Ask:  62283.2
11:35:12.784063> Signal 2(s), Bid: 62272.6 Ask:  62272.7
11:40:02.016813> Signal 2(s), Bid: 62333.1 Ask:  62333.2
11:40:10.510288> Signal 2(s), Bid: 62341.1 Ask:  62341.2
11:40:24.820468> Signal 2(s), Bid: 62337.9 Ask:  62338.0
11:47:15.100932> Signal 1(s), Bid: 62290.0 Ask:  62290.1
11:48:29.941698> Signal 1(s), Bid: 62289.9 Ask:  62290.0
11:49:31.918246> Signal 1(s), Bid: 62336.3 Ask:  62336.4
11:51:39.125542> Signal 2(s), Bid: 62330.0 Ask:  62330.1
