14:44:13.716069> WebSocket connected! Start Partial @depth20 [Future] process...
14:44:13.722069> Lenta has started...Start SubscribeToAggTradeStream @aggTrade [future] process...
14:44:13.716069> WebSocket connected! Start @depth [Future] process...
14:44:13.726068> WebSocket connected! Start Partial @depth20 [Future] process...
14:44:14.623011> Lenta has started...Start SubscribeToAggTradeStream @aggTrade [future] process...
14:44:14.635022> WebSocket connected! Start Partial @depth20 [Future] process...
14:44:14.663978> WebSocket connected! Start @depth [Future] process...
14:44:14.663978> BinanceFuture - Vxxv1AWf[USD_M] USD_M Balance: 242.39898073 USDT
14:44:14.667987> WebSocket connected! Start Partial @depth20 [Future] process...
14:46:00.098623> Try Open BuyLimit, Bid: 65239.6 Ask:  65239.7
14:46:00.098623> Step Signal open long, StepByStepUP:3 Stk:20 StkImp:0 Lnt:1 Prg:0 Tide:20 Bid: 65239.6 Ask:  65239.7
14:46:00.369518> [1Leg]: Buy OK BTCUSDC at 0.00;Gap=4.01625;Price=65239.70;Slippage=65239.7;Execution=267.894 ms;
14:46:00.370514> Placed Main BuyLimit, ticketCustom = 1 ticket= 3971587092 LastBuyPrice=65239.6
14:46:07.026765> Try place lock SellLimit, Bid: 65256.7 Ask:  65256.8
14:46:08.721848> [1Leg]: Sell OK BTCUSDC at 65256.80;Gap=-3.9775;Price=65258.60;Slippage=1.8;Execution=1694.088 ms;
14:46:08.722849> Placed lock SellLimit, ticketCustom= 2, ticket= 3971587092 
14:48:24.708015> Try adding SellLimit, Ask: 65300.4
14:48:24.709009> Support: 65294.6 VolS:0.46 Resistence: 65300.4 VolR:1.33
14:48:24.962067> [1Leg]: Sell OK BTCUSDC at 0.00;Gap=7.425;Price=65293.90;Slippage=65293.9;Execution=253.058 ms;
14:48:24.963074> adding Sell (1Leg), ticket = 3971664114 ticketCustom = 3
14:48:32.004744> Try place lock BuyLimit, Bid: 65289.8 Ask:  65289.9
14:48:33.644679> [1Leg]: Buy OK BTCUSDC at 65289.80;Gap=1.225;Price=65289.90;Slippage=0.1;Execution=1639.935 ms;
14:48:33.644679> Placed lock BuyLimit, ticketCustom= 4, ticket= 3971664114 
