22:33:38.460526> Lenta has started...Start SubscribeToAggTradeStream @aggTrade [future] process...
22:33:38.462527> WebSocket connected! Start Partial @depth20 [Future] process...
22:33:38.463527> Binance - Vxxv1AWf[SPOT] SPOT Balance: 0.15097346 USDT
22:33:38.465527> WebSocket connected! Start @depth [Future] process...
22:33:38.518531> WebSocket connected! Start Partial @depth20 [SPOT] process...
22:33:38.673552> WebSocket connected! Start Partial @depth20 [SPOT] process...
22:33:39.295397> WebSocket connected! Start Partial @depth20 [Future] process...
22:33:39.322387> Lenta has started...Start SubscribeToAggTradeStream @aggTrade [future] process...
22:33:39.360390> WebSocket connected! Start @depth [Future] process...
22:33:39.780620> BinanceFuture - Vxxv1AWf[USD_M] USD_M Balance: 162.06278411 USDT
22:37:09.030807> Try Open BuyLimit, Bid: 61208.40 Ask:  61208.50
22:37:09.031806> Gap Signal open long, OrdZig=0 Order=0 StepByStepUP:0 Stk:20 StkImp:0 Lnt:1 Prg:0 Tide:20 Natiag:1 Bid: 61208.40 Ask:  61208.50
22:37:09.307910> [1Leg]: Buy OK BTCUSDT at 0.00;Price=0.00;Slippage=61208.5;Execution=273.103 ms;
22:37:09.308909> Placed Main BuyLimit, ticketCustom = 1 ticket= 400802197180 LastBuyPrice=61208.40
22:37:09.855944>  BuyLimit executed, LastBuyPrice:61208.40
22:42:47.998812> WebSocket [ConnectToDepthStream()] [future] error: Received an unexpected EOF or 0 bytes from the transport stream.
22:42:48.485840> WebSocket [ConnectToDepthStream()] [future] error: Received an unexpected EOF or 0 bytes from the transport stream.
22:42:53.022306> BinanceFuture - Vxxv1AWf[USD_M] Reconect ConnectToDepthStream() to WebSocket #
22:42:53.023302> WebSocket [ConnectToDepthStream()] [Closed] [future] and reconnect again [during Task.Delay]..
22:42:53.564035> BinanceFuture - Vxxv1AWf[USD_M] Reconect ConnectToDepthStream() to WebSocket #
22:42:53.564035> WebSocket [ConnectToDepthStream()] [Closed] [future] and reconnect again [during Task.Delay]..
22:42:54.017593> WebSocket connected! Start @depth [Future] process...
22:42:54.538802> WebSocket connected! Start @depth [Future] process...
