22:23:33.035794> WebSocket connected! Start Partial @depth20 [Future] process...
22:23:33.072795> Lenta has started...Start SubscribeToAggTradeStream @aggTrade [future] process...
22:23:33.087807> Lenta has started...Start SubscribeToAggTradeStream @aggTrade [future] process...
22:23:33.088796> WebSocket connected! Start @depth [Future] process...
22:23:33.088796> WebSocket connected! Start @depth [Future] process...
22:23:33.088796> WebSocket connected! Start Partial @depth20 [Future] process...
22:23:33.979706> WebSocket connected! Start @depth [Future] process...
22:23:33.993745> Lenta has started...Start SubscribeToAggTradeStream @aggTrade [future] process...
22:23:34.000724> WebSocket connected! Start Partial @depth20 [Future] process...
22:23:34.003726> WebSocket connected! Start Partial @depth20 [Future] process...
22:23:34.005706> Lenta has started...Start SubscribeToAggTradeStream @aggTrade [future] process...
22:23:34.012730> WebSocket connected! Start @depth [Future] process...
22:23:34.458742> BinanceFuture - Vxxv1AWf[USD_M] USD_M Balance: 692.66226028 USDT
22:24:02.406485> Try Open BuyLimit, Bid: 64645.9 Ask:  64646.0
22:24:02.406485> Support: 64643.4 VolS:1.5 Resistence: 64650.9 VolR:0.531
22:24:02.665501> [1Leg]: Buy OK BTCUSDC at 64645.9000;Gap=-0.025;Price=64646.0000;Slippage=0.1;Execution=256.020 ms;
22:24:02.666497> Elapsted Open BuyLimit 
22:24:06.806854> Try Modify Buy order, 
22:24:06.806854> Support: 64649.8 VolS:2.883 Resistence: 64651.9 VolR:0.189
22:24:07.057876> [1Leg]: BUY OK MODIFY BTCUSDC at 0.002 lot;price=64649.8000;execution=248.025 ms;
22:24:07.057876> Modify BuyLimit (1Leg)
22:24:07.310884> Try Modify Buy order, 
22:24:07.310884> Support: 64655.5 VolS:0.779 Resistence: 64660.4 VolR:0.616
22:24:07.559163> [1Leg]: BUY OK MODIFY BTCUSDC at 0.002 lot;price=64655.5000;execution=248.280 ms;
22:24:07.560153> Modify BuyLimit (1Leg)
22:24:07.818177> Try Modify Buy order, 
22:24:07.818177> Support: 64658.9 VolS:3.013 Resistence: 64663.9 VolR:0.641
22:24:08.069184> [1Leg]: BUY OK MODIFY BTCUSDC at 0.002 lot;price=64658.9000;execution=250.017 ms;
22:24:08.070180> Modify BuyLimit (1Leg)
