16:27:15.876018> Lenta has started...Start SubscribeToAggTradeStream @aggTrade [future] process...
16:27:15.878017> WebSocket connected! Start @depth [Future] process...
16:27:15.912019> WebSocket connected! Start Partial @depth20 [Future] process...
16:27:15.934020> WebSocket connected! Start Partial @depth20 [Future] process...
16:27:16.800585> WebSocket connected! Start Partial @depth20 [Future] process...
16:27:16.803576> Lenta has started...Start SubscribeToAggTradeStream @aggTrade [future] process...
16:27:16.855580> WebSocket connected! Start Partial @depth20 [Future] process...
16:27:16.863580> WebSocket connected! Start @depth [Future] process...
16:27:17.311864> BinanceFuture - Vxxv1AWf[USD_M] USD_M Balance: 61.80461097 USDT
16:32:42.184914> Try Open SellLimit, Ask: 55634.4 Bid:55634.3
16:32:42.186914> Order Signal open short, Order=1 StepByStepDN:0 Stk:20 StkImp:0 Lnt:2 Prg:0 Natiag:1 Bid: 55634.3 Ask:  55634.4
16:32:42.445928> [1Leg]: Sell OK BTCUSDC at 0.00;Price=0.0;Slippage=55615.8;Execution=256.014 ms;
16:32:42.446942> Placed Main SellLimit, ticketCustom = 1 ticket = 4508459827 LastSellPrice=55634.4
16:56:44.209497> Try adding SellLimit, Ask: 55660.4
16:56:44.209497> Support: 55660.3 VolS:2.716 Resistence: 55660.4 VolR:2.999
16:56:45.208327> [1Leg]: Sell OK BTCUSDC at 55662.40;Price=55662.4;Slippage=-2.0;Execution=997.832 ms;
16:56:45.208327> adding Sell (1Leg), ticket = 4508459827 ticketCustom = 2
17:29:28.068705> Try Close Sell, Bid: 55385.7 Ask:  55386.2
17:29:28.069706> TakeProfit Signal close short, stoploss=56189.05 TotalVal=0.004 pos:-0.004 EntrPrice=55639.05 Stk:10 Lnt:2 Prg:0 Bid: 55385.7 Ask:  55386.2
17:29:28.429729> [1Leg]: Buy OK BTCUSDC at 0.00;Price=0.0;Slippage=55386.2;Execution=260.017 ms;
17:29:28.430729> Close Main Sell ticketCustom = 3 ticket= 4508459827
17:29:29.000804> Try Close Sell, Bid: 55382.9 Ask:  55383.0
17:29:29.001800> TakeProfit Signal close short, stoploss=56189.05 TotalVal=0.004 pos:-0.004 EntrPrice=55639.05 Stk:10 Lnt:0 Prg:0 Bid: 55382.9 Ask:  55383.0
17:29:30.016010> [1Leg]: Buy OK BTCUSDC at 0.00;Price=0.0;Slippage=55383.0;Execution=1014.210 ms;
17:29:30.017012> Close Main Sell ticketCustom = 4 ticket= 4511245453
