19:00:24.841152> WebSocket connected! Start Partial @depth20 [Future] process...
19:00:24.844149> WebSocket connected! Start @depth [Future] process...
19:00:24.845149> WebSocket connected! Start Partial @depth20 [Future] process...
19:00:25.626028> Lenta has started...Start SubscribeToAggTradeStream @aggTrade [future] process...
19:00:28.643395> Lenta has started...Start SubscribeToAggTradeStream @aggTrade [future] process...
19:00:28.643395> WebSocket connected! Start @depth [Future] process...
19:00:28.648371> WebSocket connected! Start Partial @depth20 [Future] process...
19:00:28.657370> WebSocket connected! Start Partial @depth20 [Future] process...
19:00:28.921385> BinanceFuture - Vxxv1AWf[USD_M] USD_M Balance: 98.70710632 USDT
19:04:24.672967> Try Open SellLimit, Ask: 70362.0
19:04:24.672967> Support: 70357.6 VolS:1.081 Resistence: 70362 VolR:4.46
19:04:24.977800> [1Leg]: Sell OK BTCUSDC at 0.00;Gap=6.6175;Price=70336.10;Slippage=70336.1;Execution=287.840 ms;
19:04:24.978797> Placed Main SellLimit, ticketCustom = 1 ticket = 3209864895
19:04:27.009048> Try adding SellLimit, Ask: 70330.0
19:04:27.010048> Support: 70318.7 VolS:0.631 Resistence: 70333.6 VolR:1.086
19:04:28.116489> [1Leg]: Sell OK BTCUSDC at 70335.00;Gap=-4.835;Price=70328.20;Slippage=-6.8;Execution=1106.441 ms;
19:04:28.117486> adding Sell (1Leg), ticket = 3209864895 ticketCustom = 2
19:05:24.817161> Try adding SellLimit, Ask: 70387.8
19:05:24.817161> Support: 70387.7 VolS:2.519 Resistence: 70393.3 VolR:0.96
19:05:25.183181> [1Leg]: Sell OK BTCUSDC at 70392.80;Gap=2.56875;Price=70387.80;Slippage=-5.0;Execution=365.020 ms;
19:05:25.183181> adding Sell (1Leg), ticket = 3209864895 ticketCustom = 3
19:05:52.192378> Try place lock BuyLimit, Bid: 70383.9 Ask:  70384.0
19:05:52.512399> [1Leg]: Buy OK BTCUSDC at 70378.90;Gap=-4.95875;Price=70384.00;Slippage=5.1;Execution=315.019 ms;
19:05:52.512399> Placed lock BuyLimit, ticketCustom= 4, ticket= 3209864895 
19:05:52.513402> Try Modify Lock Buy order for close at now, 
