12:14:10.322038> WebSocket connected! Start @depth [Future] process...
12:14:10.329040> Lenta has started...Start SubscribeToAggTradeStream @aggTrade [future] process...
12:14:10.330039> WebSocket connected! Start @depth [Future] process...
12:14:10.331038> WebSocket connected! Start Partial @depth20 [Future] process...
12:14:10.331038> WebSocket connected! Start Partial @depth20 [Future] process...
12:14:10.332046> Lenta has started...Start SubscribeToAggTradeStream @aggTrade [future] process...
12:14:11.411560> WebSocket connected! Start Partial @depth20 [Future] process...
12:14:11.419550> WebSocket connected! Start Partial @depth20 [Future] process...
12:14:11.422561> Lenta has started...Start SubscribeToAggTradeStream @aggTrade [future] process...
12:14:11.428552> WebSocket connected! Start @depth [Future] process...
12:14:11.434551> WebSocket connected! Start @depth [Future] process...
12:14:11.443553> Lenta has started...Start SubscribeToAggTradeStream @aggTrade [future] process...
12:14:11.933578> BinanceFuture - Vxxv1AWf[USD_M] USD_M Balance: 674.08079648 USDT
12:15:46.958504> Signal 1(s), Bid: 62305.0 Ask:  62305.1
12:15:56.921075> Signal 1(s), Bid: 62292.2 Ask:  62292.3
12:16:20.622716> Signal 1(s), Bid: 62260.1 Ask:  62260.2
12:23:33.696860> Signal 1(s), Bid: 62290.8 Ask:  62290.9
12:26:21.831018> Signal 1(s), Bid: 62283.6 Ask:  62283.7
12:26:22.231042> Signal 1(s), Bid: 62280.3 Ask:  62280.4
12:26:23.603928> Signal 1(s), Bid: 62280.3 Ask:  62280.4
12:27:40.382894> Signal 1(s), Bid: 62258.0 Ask:  62258.1
12:34:44.697828> Signal 1(s), Bid: 62275.1 Ask:  62275.2
12:34:59.792880> Signal 1(s), Bid: 62276.8 Ask:  62276.9
12:35:20.781918> Signal 1(s), Bid: 62265.3 Ask:  62265.4
12:38:02.638396> Signal 2(s), Bid: 62299.5 Ask:  62299.6
12:38:15.866336> Signal 2(s), Bid: 62309.8 Ask:  62309.9
12:38:25.333873> Signal 2(s), Bid: 62309.8 Ask:  62309.9
12:38:36.189846> Signal 2(s), Bid: 62317.9 Ask:  62318.0
12:38:37.062886> Signal 2(s), Bid: 62320.3 Ask:  62320.4
12:38:50.422530> Signal 2(s), Bid: 62324.9 Ask:  62325.0
12:39:37.468194> Signal 2(s), Bid: 62318.0 Ask:  62318.1
12:41:27.198360> Signal 2(s), Bid: 62263.9 Ask:  62264.0
