11:41:15.502248> WebSocket connected! Start Partial @depth20 [Future] process...
11:41:15.503249> WebSocket connected! Start Partial @depth20 [Future] process...
11:41:15.504248> WebSocket connected! Start @depth [Future] process...
11:41:15.514250> Lenta has started...Start SubscribeToAggTradeStream @aggTrade [future] process...
11:41:16.403793> WebSocket connected! Start Partial @depth20 [Future] process...
11:41:16.450847> WebSocket connected! Start Partial @depth20 [Future] process...
11:41:16.452818> WebSocket connected! Start @depth [Future] process...
11:41:16.481812> Lenta has started...Start SubscribeToAggTradeStream @aggTrade [future] process...
11:41:16.977313> BinanceFuture - Vxxv1AWf[USD_M] USD_M Balance: 249.99939454 USDT
16:15:09.501027> WebSocket [ConnectToDepthStream()] [future] error: Unable to read data from the transport connection: An existing connection was forcibly closed by the remote host.
16:15:13.204240> WebSocket [SubscribePartialDepthStream()] [future] error: Unable to read data from the transport connection: An existing connection was forcibly closed by the remote host.
16:15:13.900281> Unable to read data from the transport connection: An existing connection was forcibly closed by the remote host.
16:15:14.525313> BinanceFuture - Vxxv1AWf[USD_M] Reconect ConnectToDepthStream() to WebSocket #
16:15:14.527315> WebSocket [ConnectToDepthStream()] [Closed] [future] and reconnect again [during Task.Delay]..
16:15:15.404365> Unable to read data from the transport connection: An established connection was aborted by the software in your host machine.
16:15:15.569376> WebSocket connected! Start @depth [Future] process...
16:15:16.172409> WebSocket [ConnectToDepthStream()] [future] error: Received an unexpected EOF or 0 bytes from the transport stream.
16:15:18.217354> BinanceFuture - Vxxv1AWf[USD_M] Reconect to WebSocket #
16:15:18.218353> WebSocket [SubscribePartialDepthStream()] [Closed] [future] and reconnect again [during Task.Delay]..
16:15:18.647389> BinanceFuture - Vxxv1AWf[USD_M] Reconect to WebSocket #
16:15:18.647389> BinanceFuture - Vxxv1AWf[USD_M] Reconect to WebSocket #
16:15:18.647389> BinanceFuture - Vxxv1AWf[USD_M] Reconect to WebSocket #
16:15:18.649377> WebSocket [SubscribePartialDepthStream()] [Closed] [future] and reconnect again [during Task.Delay]..
16:15:18.649377> WebSocket [SubscribePartialDepthStream()] [Closed] [future] and reconnect again [during Task.Delay]..
16:15:18.651377> WebSocket [SubscribePartialDepthStream()] [Closed] [future] and reconnect again [during Task.Delay]..
16:15:19.231942> WebSocket connected! Start @depth [Future] process...
16:15:19.593697> WebSocket connected! Start @depth [Future] process...
16:15:19.620700> WebSocket connected! Start @depth [Future] process...
16:15:19.647700> WebSocket connected! Start @depth [Future] process...
