18:50:53.553391> WebSocket connected! Start Partial @depth20 [Future] process...
18:50:53.597390> WebSocket connected! Start @depth [Future] process...
18:50:53.681395> Lenta has started...Start SubscribeToAggTradeStream @aggTrade [future] process...
18:50:53.712396> WebSocket connected! Start Partial @depth20 [Future] process...
18:50:54.231426> WebSocket connected! Start Partial @depth20 [Future] process...
18:50:54.242427> WebSocket connected! Start Partial @depth20 [Future] process...
18:50:54.359433> WebSocket connected! Start @depth [Future] process...
18:50:54.365434> Lenta has started...Start SubscribeToAggTradeStream @aggTrade [future] process...
18:50:54.855888> BinanceFuture - Vxxv1AWf[USD_M] USD_M Balance: 96.19941213 USDT
18:54:51.165076> Try Open BuyLimit, Bid: 68035.2 Ask:  68035.3
18:54:51.166076> Support: 68030.9 VolS:0.552 Resistence: 68035.3 VolR:1.369
18:54:51.462094> [1Leg]: Buy OK BTCUSDC at 0.00;Gap=-2.325;Price=68035.30;Slippage=68035.3;Execution=294.017 ms;
18:54:51.464092> Placed Main BuyLimit, ticketCustom = 1 ticket= 3246371086
18:56:35.422109> Try place lock SellLimit, Bid: 68096.3 Ask:  68096.4
18:56:35.703892> [1Leg]: Sell OK BTCUSDC at 68097.40;Gap=-8.065;Price=68096.40;Slippage=-1.0;Execution=280.796 ms;
18:56:35.704889> Placed lock SellLimit, ticketCustom= 2, ticket= 3246371086 
18:56:35.704889> Try adding BuyLimit, Bid: 68096.3 Ask:  68096.4
18:56:35.705890> Support: 68096.3 VolS:2.281 Resistence: 68105.3 VolR:0.339
18:56:35.985465> [1Leg]: Buy OK BTCUSDC at 0.00;Gap=-8.00625;Price=68098.80;Slippage=68098.8;Execution=279.574 ms;
18:56:35.986459> adding BuyLimit, ticket = 3246409355 ticketCustom = 3 
19:00:19.761532> Try adding BuyLimit, Bid: 68038.2 Ask:  68038.3
19:00:19.761532> Support: 68038.2 VolS:0.709 Resistence: 68044.3 VolR:0.365
19:00:20.045546> [1Leg]: Buy OK BTCUSDC at 0.00;Gap=-3.13125;Price=68038.30;Slippage=68038.3;Execution=283.022 ms;
19:00:20.047542> adding BuyLimit, ticket = 3246409355 ticketCustom = 4 
