22:14:29.438497> WebSocket connected! Start Partial @depth20 [Future] process...
22:14:29.440496> Lenta has started...Start SubscribeToAggTradeStream @aggTrade [future] process...
22:14:29.445496> WebSocket connected! Start Partial @depth20 [Future] process...
22:14:29.447497> WebSocket connected! Start @depth [Future] process...
22:14:29.451496> Lenta has started...Start SubscribeToAggTradeStream @aggTrade [future] process...
22:14:29.464497> WebSocket connected! Start @depth [Future] process...
22:14:30.371064> Lenta has started...Start SubscribeToAggTradeStream @aggTrade [future] process...
22:14:30.378070> WebSocket connected! Start @depth [Future] process...
22:14:30.390070> WebSocket connected! Start @depth [Future] process...
22:14:30.395064> WebSocket connected! Start Partial @depth20 [Future] process...
22:14:30.404068> WebSocket connected! Start Partial @depth20 [Future] process...
22:14:30.413068> Lenta has started...Start SubscribeToAggTradeStream @aggTrade [future] process...
22:14:30.914589> BinanceFuture - Vxxv1AWf[USD_M] USD_M Balance: 692.61819630 USDT
22:15:27.026523> Try Open BuyLimit, Bid: 64589.9 Ask:  64590.0
22:15:27.026523> Support: 64589.9 VolS:1.703 Resistence: 64597.9 VolR:0.563
22:15:27.299271> [1Leg]: Buy OK BTCUSDC at 64589.9000;Gap=-3.615;Price=64590.0000;Slippage=0.1;Execution=268.757 ms;
22:15:27.299271> Elapsted Open BuyLimit 
22:15:28.145809> Try Modify Buy order, 
22:15:28.145809> Support: 64593.9 VolS:1.038 Resistence: 64603.8 VolR:0.155
22:15:28.402381> [1Leg]: BUY OK MODIFY BTCUSDC at 0.002 lot;price=64597.3000;execution=253.586 ms;
22:15:28.404384> Modify BuyLimit (1Leg)
22:15:28.684403> Try Modify Buy order, 
22:15:28.684403> Support: 64599.9 VolS:3.415 Resistence: 64604.5 VolR:0.626
22:15:28.959418> [1Leg]: BUY OK MODIFY BTCUSDC at 0.002 lot;price=64599.9000;execution=274.018 ms;
22:15:28.959418> Modify BuyLimit (1Leg)
22:15:29.207018> Try Modify Buy order, 
22:15:29.208018> Support: 64601.4 VolS:2.972 Resistence: 64609 VolR:0.195
22:15:29.464141> [1Leg]: BUY OK MODIFY BTCUSDC at 0.002 lot;price=64601.4000;execution=256.123 ms;
22:15:29.466122> Modify BuyLimit (1Leg)
22:15:29.708885> Try Modify Buy order, 
22:15:29.709887> Support: 64605.9 VolS:2.656 Resistence: 64612 VolR:0.559
22:15:29.968045> [1Leg]: BUY OK MODIFY BTCUSDC at 0.002 lot;price=64605.9000;execution=258.159 ms;
22:15:29.969037> Modify BuyLimit (1Leg)
