13:00:34.845421> WebSocket connected! Start Partial @depth20 [Future] process...
13:00:34.851422> Lenta has started...Start SubscribeToAggTradeStream @aggTrade [future] process...
13:00:34.891424> WebSocket connected! Start Partial @depth20 [Future] process...
13:00:34.902438> WebSocket connected! Start @depth [Future] process...
13:00:35.819481> WebSocket connected! Start @depth [Future] process...
13:00:35.865579> WebSocket connected! Start Partial @depth20 [Future] process...
13:00:35.887496> WebSocket connected! Start Partial @depth20 [Future] process...
13:00:35.957489> Lenta has started...Start SubscribeToAggTradeStream @aggTrade [future] process...
13:00:36.394520> BinanceFuture - Vxxv1AWf[USD_M] USD_M Balance: 238.77983063 USDT
13:01:49.563308> Try Open SellLimit, Ask: 65252.1 Bid:65252.0
13:01:49.563308> Step Signal open short, StepByStepDN:3 Stk:10 StkImp:0 Lnt:0 Prg:0 Bid: 65252.0 Ask:  65252.1
13:01:49.827322> [1Leg]: Sell OK BTCUSDC at 0.00;Price=0.0;Slippage=65252.1;Execution=261.023 ms;
13:01:49.828315> Placed Main SellLimit, ticketCustom = 1 ticket = 4013996742 LastSellPrice=65252.1
13:01:54.016030> Try place lock BuyLimit, Bid: 65234.0 Ask:  65234.1 wantPrice:65194.0 EntrPrice:65244.0
13:01:54.745036> [1Leg]: Buy OK BTCUSDC at 65194.00;Price=65194.0;Slippage=40.1;Execution=728.006 ms;
13:01:54.745036>  
13:01:54.765036> Placed lock BuyLimit, ticketCustom= 2, ticket= 4013996742 
13:06:10.901522> Try Delete lock Buy order, ticket = 4013996742 ticketCustom = 2
13:06:10.902521> Lenta Signal close short, stoploss=65304.0 TotalVal=0.002 pos:-0.002 EntrPrice=65244.0 Stk:1 StkImp:1 Lnt:2 Prg:0 Bid: 65231.9 Ask:  65232.0
13:06:11.165536> OrderId: [4013999446]: Buy Limit OK DELETE  BTCUSDC;price=0;Execution=262.014 ms;
13:06:11.166537> Delete lock BuyLimit (1Leg)
13:06:11.166537> Try Close Sell, Bid: 65239.6 Ask:  65239.7
13:06:11.167537> Lenta Signal close short, stoploss=65304.0 TotalVal=0.002 pos:-0.002 EntrPrice=65244.0 Stk:1 StkImp:1 Lnt:2 Prg:0 Bid: 65231.9 Ask:  65232.0
13:06:11.422549> [1Leg]: Buy OK BTCUSDC at 0.00;Price=0.0;Slippage=65240.0;Execution=255.012 ms;
13:06:11.422549> Close Main Sell ticketCustom = 3 ticket= 4014070710
