12:52:39.979953> WebSocket connected! Start Partial @depth20 [Future] process...
12:52:39.981953> WebSocket connected! Start @depth [Future] process...
12:52:39.981953> Lenta has started...Start SubscribeToAggTradeStream @aggTrade [future] process...
12:52:39.982953> Lenta has started...Start SubscribeToAggTradeStream @aggTrade [future] process...
12:52:40.016955> WebSocket connected! Start Partial @depth20 [Future] process...
12:52:40.278970> WebSocket connected! Start @depth [Future] process...
12:52:40.944090> WebSocket connected! Start @depth [Future] process...
12:52:40.953090> WebSocket connected! Start Partial @depth20 [Future] process...
12:52:40.955091> Lenta has started...Start SubscribeToAggTradeStream @aggTrade [future] process...
12:52:40.974092> WebSocket connected! Start Partial @depth20 [Future] process...
12:52:40.981093> Lenta has started...Start SubscribeToAggTradeStream @aggTrade [future] process...
12:52:40.990092> WebSocket connected! Start @depth [Future] process...
12:52:41.699776> BinanceFuture - Vxxv1AWf[USD_M] USD_M Balance: 674.09096387 USDT
12:53:43.107082> Signal 1(s), Bid: 62539.9 Ask:  62540.0
12:53:44.405648> Signal 1(s), Bid: 62534.3 Ask:  62534.4
12:53:45.651808> Signal 1(s), Bid: 62530.1 Ask:  62530.2
12:53:46.776818> Signal 1(s), Bid: 62529.0 Ask:  62529.1
12:53:53.734186> Signal 1(s), Bid: 62526.0 Ask:  62526.1
12:54:07.537491> Signal 1(s), Bid: 62508.8 Ask:  62508.9
12:55:27.097590> Signal 1(s), Bid: 62511.3 Ask:  62511.4
12:55:42.591164> Signal 1(s), Bid: 62503.9 Ask:  62504.0
12:55:50.212980> Signal 1(s), Bid: 62503.7 Ask:  62503.8
12:55:55.422227> Signal 1(s), Bid: 62492.0 Ask:  62492.1
12:56:20.820542> Signal 1(s), Bid: 62476.6 Ask:  62476.7
12:56:36.074542> Signal 1(s), Bid: 62457.0 Ask:  62457.1
12:57:23.714060> Signal 1(s), Bid: 62442.6 Ask:  62442.7
12:57:48.865144> Signal 1(s), Bid: 62452.0 Ask:  62452.1
12:59:26.481788> Signal 2(s), Bid: 62495.9 Ask:  62496.0
13:00:12.524044> Signal 2(s), Bid: 62494.4 Ask:  62494.5
13:00:16.075649> Signal 2(s), Bid: 62489.9 Ask:  62491.5
13:00:35.885542> Signal 2(s), Bid: 62480.0 Ask:  62480.1
13:03:00.642367> Signal 2(s), Bid: 62508.4 Ask:  62508.5
13:03:08.254401> Signal 2(s), Bid: 62534.7 Ask:  62534.8
13:03:19.998476> Signal 2(s), Bid: 62528.0 Ask:  62528.1
13:07:30.914903> Signal 1(s), Bid: 62488.0 Ask:  62488.1
13:07:42.998733> Signal 1(s), Bid: 62482.0 Ask:  62482.1
13:07:49.128890> Signal 1(s), Bid: 62480.4 Ask:  62480.5
13:09:00.804526> Signal 1(s), Bid: 62502.8 Ask:  62502.9
13:09:03.928599> Signal 1(s), Bid: 62498.0 Ask:  62498.1
13:09:48.775177> Signal 1(s), Bid: 62505.9 Ask:  62506.0
13:09:56.538463> Signal 1(s), Bid: 62501.2 Ask:  62501.3
13:10:10.320963> Signal 1(s), Bid: 62501.2 Ask:  62501.3
13:10:16.010172> Signal 1(s), Bid: 62495.9 Ask:  62496.0
13:10:21.867772> Signal 1(s), Bid: 62493.3 Ask:  62493.4
13:13:13.467451> Signal 1(s), Bid: 62527.9 Ask:  62528.0
13:13:13.913871> Signal 1(s), Bid: 62523.9 Ask:  62524.0
13:13:30.597459> Signal 1(s), Bid: 62534.0 Ask:  62534.1
13:15:34.528377> Signal 1(s), Bid: 62536.9 Ask:  62537.0
13:15:49.390435> Signal 1(s), Bid: 62539.1 Ask:  62539.2
13:15:51.721802> Signal 1(s), Bid: 62525.0 Ask:  62525.1
13:15:53.477244> Signal 1(s), Bid: 62508.9 Ask:  62509.5
13:16:02.726128> Signal 1(s), Bid: 62516.6 Ask:  62516.7
13:16:07.336763> Signal 1(s), Bid: 62504.7 Ask:  62504.8
13:16:15.973690> Signal 1(s), Bid: 62511.9 Ask:  62512.0
13:16:16.300890> Signal 1(s), Bid: 62511.9 Ask:  62512.0
13:16:18.925837> Signal 1(s), Bid: 62501.6 Ask:  62501.7
13:16:32.324043> Signal 1(s), Bid: 62513.9 Ask:  62514.0
13:17:08.295545> Signal 1(s), Bid: 62493.9 Ask:  62494.0
13:17:55.346121> Signal 1(s), Bid: 62496.0 Ask:  62496.1
13:18:06.628398> Signal 1(s), Bid: 62499.6 Ask:  62499.7
13:18:15.427207> Signal 1(s), Bid: 62508.4 Ask:  62508.5
13:18:56.201801> Signal 1(s), Bid: 62509.7 Ask:  62509.8
13:19:01.792364> Signal 1(s), Bid: 62504.0 Ask:  62504.1
13:19:05.291217> Signal 1(s), Bid: 62504.0 Ask:  62504.1
13:19:08.687718> Signal 1(s), Bid: 62503.2 Ask:  62503.3
13:19:28.885608> Signal 1(s), Bid: 62516.6 Ask:  62516.7
13:19:53.730897> Signal 1(s), Bid: 62535.1 Ask:  62535.2
13:20:18.776968> Signal 1(s), Bid: 62530.0 Ask:  62530.1
13:21:46.569687> Signal 2(s), Bid: 62557.1 Ask:  62557.2
13:25:23.955700> Signal 1(s), Bid: 62589.5 Ask:  62589.6
13:25:28.192390> Signal 1(s), Bid: 62583.1 Ask:  62583.2
13:25:28.608805> Signal 1(s), Bid: 62578.2 Ask:  62578.3
13:25:52.203059> Signal 1(s), Bid: 62571.0 Ask:  62571.1
13:25:52.349068> Signal 1(s), Bid: 62571.0 Ask:  62571.1
13:26:09.615068> Signal 1(s), Bid: 62567.7 Ask:  62567.8
13:27:37.273964> Signal 1(s), Bid: 62546.2 Ask:  62546.3
13:27:40.716558> Signal 1(s), Bid: 62544.0 Ask:  62544.1
13:27:40.968577> Signal 1(s), Bid: 62544.0 Ask:  62544.1
13:38:08.060325> Signal 1(s), Bid: 62449.9 Ask:  62450.0
13:43:29.069216> Signal 2(s), Bid: 62445.9 Ask:  62446.0
13:54:46.111118> Signal 2(s), Bid: 62413.1 Ask:  62413.2
13:54:52.050848> Signal 2(s), Bid: 62413.1 Ask:  62413.2
14:00:04.563021> Signal 1(s), Bid: 62355.6 Ask:  62356.1
14:00:18.394554> Signal 1(s), Bid: 62340.0 Ask:  62340.1
14:02:15.773656> Signal 1(s), Bid: 62352.0 Ask:  62352.1
14:02:43.570530> Signal 1(s), Bid: 62365.6 Ask:  62365.7
14:02:49.836859> Signal 1(s), Bid: 62367.9 Ask:  62368.0
14:03:10.019703> Signal 1(s), Bid: 62354.0 Ask:  62354.1
14:03:41.916463> Signal 1(s), Bid: 62352.0 Ask:  62352.1
14:08:16.306065> Signal 1(s), Bid: 62334.0 Ask:  62334.1
14:08:31.401857> Signal 1(s), Bid: 62331.4 Ask:  62331.5
14:08:31.795638> Signal 1(s), Bid: 62329.7 Ask:  62329.8
14:09:16.368554> Signal 1(s), Bid: 62339.2 Ask:  62339.3
14:09:59.249514> Signal 1(s), Bid: 62332.0 Ask:  62332.7
14:10:01.827208> Signal 1(s), Bid: 62316.0 Ask:  62316.1
14:10:12.758721> Signal 1(s), Bid: 62324.9 Ask:  62325.0
