08:35:43.921476> WebSocket connected! Start Partial @depth20 [Future] process...
08:35:43.923476> Lenta has started...Start SubscribeToAggTradeStream @aggTrade [future] process...
08:35:43.924476> WebSocket connected! Start @depth [Future] process...
08:35:43.924476> WebSocket connected! Start Partial @depth20 [Future] process...
08:35:44.921104> Lenta has started...Start SubscribeToAggTradeStream @aggTrade [future] process...
08:35:44.926105> WebSocket connected! Start Partial @depth20 [Future] process...
08:35:44.944103> WebSocket connected! Start @depth [Future] process...
08:35:44.991097> WebSocket connected! Start Partial @depth20 [Future] process...
08:35:45.964474> BinanceFuture - Vxxv1AWf[USD_M] USD_M Balance: 489.83127819 USDT
10:27:08.097894> Signal 2(s), Lnt:0 Prg:2  Bid: 63227.8 Ask:  63227.9
10:27:08.097894> Try Open BuyLimit, Bid: 63227.8 Ask:  63227.9
10:27:08.097894> Support: 63222 VolS:0.527 Resistence: 63238 VolR:0.536
10:27:09.207629> [1Leg]: Buy OK BTCUSDC at 63227.90;Gap=-8.71375;Price=63217.50;Slippage=-10.4;Execution=1090.729 ms;
10:27:09.210630> Placed Main BuyLimit, ticketCustom = 1 ticket= 2822397954
10:27:10.000686> Try Modify main Buy order, 
10:27:10.001675> Support: 63210 VolS:0.496 Resistence: 63210.1 VolR:1.294
10:27:10.368697> BinanceFuture - Vxxv1AWf[USD_M] Api Error Code: -2013 Message: Order does not exist.
10:27:10.370697> [1Leg]: Buy failed BTCUSDC;price=63210.10
10:27:10.370697> Error Modify main BuyLimit, ticketCustom=1 ticket=0
10:27:11.426572> Try Modify main Buy order, 
10:27:11.426572> Support: 63209.7 VolS:0.755 Resistence: 63210.1 VolR:2.6
10:27:11.721578> BinanceFuture - Vxxv1AWf[USD_M] Api Error Code: -2013 Message: Order does not exist.
10:27:11.721578> [1Leg]: Buy failed BTCUSDC;price=63210.10
10:27:11.722579> Error Modify main BuyLimit, ticketCustom=1 ticket=0
10:27:12.781034> Try place lock SellLimit, Bid: 63188.2 Ask:  63189.2
10:27:13.056052> [1Leg]: Sell OK BTCUSDC at 63317.50;Gap=-13.9275;Price=63189.20;Slippage=-128.3;Execution=274.016 ms;
10:27:13.056052> Placed lock SellLimit, ticketCustom= 2, ticket= 2822397954 
10:31:41.610943> Signal 2(s), Lnt:0 Prg:2  Bid: 63187.5 Ask:  63187.6
10:31:41.611943> Try adding BuyLimit, Bid: 63187.5 Ask:  63187.6
10:31:41.636944> Support: 63185 VolS:0.884 Resistence: 63187.6 VolR:3.371
10:31:41.898014> [1Leg]: Buy OK BTCUSDC at 63187.50;Gap=6.2775;Price=63169.60;Slippage=-17.9;Execution=260.067 ms;
10:31:41.899973> adding BuyLimit, ticket = 2822499560 ticketCustom = 3 
10:31:44.000893> Try Delete lock Sell order,  ticket = 2822397954 ticketCustom = 2
10:31:44.001882> Support: 63173.8 VolS:0.907 Resistence: 63174.4 VolR:0.858
10:31:45.068098> BinanceFuture - Vxxv1AWf[USD_M] DELETE FAILURE.....
10:31:47.115008> Try Delete lock Sell order,  ticket = 2822397954 ticketCustom = 2
10:31:47.139996> Support: 63176.4 VolS:0.571 Resistence: 63180.1 VolR:1.099
10:31:47.465017> BinanceFuture - Vxxv1AWf[USD_M] DELETE FAILURE.....
10:31:49.524363> Try Delete lock Sell order,  ticket = 2822397954 ticketCustom = 2
10:31:49.525354> Support: 63176.4 VolS:1.718 Resistence: 63184.9 VolR:0.282
10:31:49.837375> BinanceFuture - Vxxv1AWf[USD_M] DELETE FAILURE.....
10:31:51.880228> Try Delete lock Sell order,  ticket = 2822397954 ticketCustom = 2
10:31:51.881218> Support: 63183 VolS:1.908 Resistence: 63183.7 VolR:0.841
10:31:52.167924> BinanceFuture - Vxxv1AWf[USD_M] DELETE FAILURE.....
10:31:54.207300> Try Delete lock Sell order,  ticket = 2822397954 ticketCustom = 2
10:31:54.208291> Support: 63183 VolS:2.397 Resistence: 63183.7 VolR:0.841
10:31:54.501307> BinanceFuture - Vxxv1AWf[USD_M] DELETE FAILURE.....
10:31:56.549205> Try Delete lock Sell order,  ticket = 2822397954 ticketCustom = 2
10:31:56.550203> Support: 63182.9 VolS:0.873 Resistence: 63183.7 VolR:0.841
10:31:56.857908> BinanceFuture - Vxxv1AWf[USD_M] DELETE FAILURE.....
10:31:58.918127> Try Delete lock Sell order,  ticket = 2822397954 ticketCustom = 2
10:31:58.921134> Support: 63182 VolS:1.08 Resistence: 63182.1 VolR:1.953
10:31:59.235630> BinanceFuture - Vxxv1AWf[USD_M] DELETE FAILURE.....
10:32:01.264747> Try Delete lock Sell order,  ticket = 2822397954 ticketCustom = 2
10:32:01.265745> Support: 63179.3 VolS:0.882 Resistence: 63182.1 VolR:3.014
10:32:01.552112> BinanceFuture - Vxxv1AWf[USD_M] DELETE FAILURE.....
10:32:03.580556> Try Delete lock Sell order,  ticket = 2822397954 ticketCustom = 2
10:32:03.580556> Support: 63177.5 VolS:0.835 Resistence: 63180.1 VolR:3.282
10:32:03.897526> BinanceFuture - Vxxv1AWf[USD_M] DELETE FAILURE.....
10:32:05.926289> Try Delete lock Sell order,  ticket = 2822397954 ticketCustom = 2
10:32:05.927291> Support: 63180 VolS:0.917 Resistence: 63180.1 VolR:2.445
10:32:06.277885> BinanceFuture - Vxxv1AWf[USD_M] DELETE FAILURE.....
10:32:08.333849> Try Delete lock Sell order,  ticket = 2822397954 ticketCustom = 2
10:32:08.334849> Support: 63180 VolS:0.976 Resistence: 63180.1 VolR:2.266
10:32:08.687866> BinanceFuture - Vxxv1AWf[USD_M] DELETE FAILURE.....
10:32:10.693540> Try Delete lock Sell order,  ticket = 2822397954 ticketCustom = 2
10:32:10.694525> Support: 63176.7 VolS:0.823 Resistence: 63178.1 VolR:1.584
10:32:10.986541> BinanceFuture - Vxxv1AWf[USD_M] DELETE FAILURE.....
10:32:13.019185> Try Delete lock Sell order,  ticket = 2822397954 ticketCustom = 2
10:32:13.020181> Support: 63178 VolS:1.343 Resistence: 63178.1 VolR:1.45
10:32:13.380968> BinanceFuture - Vxxv1AWf[USD_M] DELETE FAILURE.....
10:32:15.424525> Try Delete lock Sell order,  ticket = 2822397954 ticketCustom = 2
10:32:15.426524> Support: 63182.5 VolS:1.261 Resistence: 63182.6 VolR:1.501
10:32:15.779551> BinanceFuture - Vxxv1AWf[USD_M] DELETE FAILURE.....
10:32:17.880693> Try Delete lock Sell order,  ticket = 2822397954 ticketCustom = 2
10:32:17.881683> Support: 63182.1 VolS:0.904 Resistence: 63182.6 VolR:1.63
10:32:18.175701> BinanceFuture - Vxxv1AWf[USD_M] DELETE FAILURE.....
10:32:20.211770> Try Delete lock Sell order,  ticket = 2822397954 ticketCustom = 2
10:32:20.211770> Support: 63159.9 VolS:1.9 Resistence: 63166.9 VolR:1.09
10:32:20.556354> BinanceFuture - Vxxv1AWf[USD_M] DELETE FAILURE.....
10:32:22.602490> Try Delete lock Sell order,  ticket = 2822397954 ticketCustom = 2
10:32:22.603480> Support: 63168.7 VolS:1.783 Resistence: 63170.1 VolR:0.804
10:32:22.900504> BinanceFuture - Vxxv1AWf[USD_M] DELETE FAILURE.....
10:32:24.981599> Try Delete lock Sell order,  ticket = 2822397954 ticketCustom = 2
10:32:24.982602> Support: 63177.9 VolS:1.539 Resistence: 63178 VolR:1.483
10:32:25.277160> BinanceFuture - Vxxv1AWf[USD_M] DELETE FAILURE.....
10:32:27.319921> Try Delete lock Sell order,  ticket = 2822397954 ticketCustom = 2
10:32:27.322880> Support: 63177.9 VolS:1.969 Resistence: 63178 VolR:1.489
10:32:27.620896> BinanceFuture - Vxxv1AWf[USD_M] DELETE FAILURE.....
10:32:29.714378> Try Delete lock Sell order,  ticket = 2822397954 ticketCustom = 2
10:32:29.715369> Support: 63165.9 VolS:0.909 Resistence: 63166 VolR:1.344
10:32:30.009742> BinanceFuture - Vxxv1AWf[USD_M] DELETE FAILURE.....
10:32:32.075809> Try Delete lock Sell order,  ticket = 2822397954 ticketCustom = 2
10:32:32.079809> Support: 63162.4 VolS:1.385 Resistence: 63162.5 VolR:1.551
10:32:32.372156> BinanceFuture - Vxxv1AWf[USD_M] DELETE FAILURE.....
10:32:34.389490> Try Delete lock Sell order,  ticket = 2822397954 ticketCustom = 2
10:32:34.389490> Support: 63176 VolS:1.187 Resistence: 63176.1 VolR:2.317
10:32:34.688507> BinanceFuture - Vxxv1AWf[USD_M] DELETE FAILURE.....
10:32:36.735456> Try Delete lock Sell order,  ticket = 2822397954 ticketCustom = 2
10:32:36.751455> Support: 63176 VolS:1.389 Resistence: 63176.1 VolR:2.244
10:32:37.068392> BinanceFuture - Vxxv1AWf[USD_M] DELETE FAILURE.....
10:32:39.141487> Try Delete lock Sell order,  ticket = 2822397954 ticketCustom = 2
10:32:39.142486> Support: 63176 VolS:1.461 Resistence: 63176.1 VolR:1.79
10:32:39.429502> BinanceFuture - Vxxv1AWf[USD_M] DELETE FAILURE.....
10:32:41.462654> Try Delete lock Sell order,  ticket = 2822397954 ticketCustom = 2
10:32:41.463641> Support: 63176 VolS:1.891 Resistence: 63177.9 VolR:1.503
10:32:41.778774> BinanceFuture - Vxxv1AWf[USD_M] DELETE FAILURE.....
10:32:43.802080> Try Delete lock Sell order,  ticket = 2822397954 ticketCustom = 2
10:32:43.803069> Support: 63176 VolS:1.97 Resistence: 63177.9 VolR:1.503
10:32:44.152090> BinanceFuture - Vxxv1AWf[USD_M] DELETE FAILURE.....
10:32:46.219095> Try Delete lock Sell order,  ticket = 2822397954 ticketCustom = 2
10:32:46.220086> Support: 63182.1 VolS:1.633 Resistence: 63182.2 VolR:0.927
10:32:46.527238> BinanceFuture - Vxxv1AWf[USD_M] DELETE FAILURE.....
10:32:48.536550> Try Delete lock Sell order,  ticket = 2822397954 ticketCustom = 2
10:32:48.536550> Support: 63182.1 VolS:0.573 Resistence: 63182.2 VolR:1.236
10:32:48.829541> BinanceFuture - Vxxv1AWf[USD_M] DELETE FAILURE.....
10:32:50.851696> Try Delete lock Sell order,  ticket = 2822397954 ticketCustom = 2
10:32:50.852705> Support: 63182.1 VolS:0.759 Resistence: 63182.2 VolR:1.198
10:32:51.157654> BinanceFuture - Vxxv1AWf[USD_M] DELETE FAILURE.....
10:32:53.247482> Try Delete lock Sell order,  ticket = 2822397954 ticketCustom = 2
10:32:53.248478> Support: 63173.4 VolS:0.332 Resistence: 63182.2 VolR:1.399
10:32:53.543060> BinanceFuture - Vxxv1AWf[USD_M] DELETE FAILURE.....
10:32:55.571196> Try Delete lock Sell order,  ticket = 2822397954 ticketCustom = 2
10:32:55.572199> Support: 63174.4 VolS:0.891 Resistence: 63176.1 VolR:1.956
10:32:55.866459> BinanceFuture - Vxxv1AWf[USD_M] DELETE FAILURE.....
10:32:57.868863> Try Delete lock Sell order,  ticket = 2822397954 ticketCustom = 2
10:32:57.868863> Support: 63176 VolS:1.248 Resistence: 63176.1 VolR:1.953
10:32:58.167571> BinanceFuture - Vxxv1AWf[USD_M] DELETE FAILURE.....
10:33:00.221958> Try Delete lock Sell order,  ticket = 2822397954 ticketCustom = 2
10:33:00.252959> Support: 63176 VolS:1.732 Resistence: 63176.6 VolR:0.906
10:33:00.581981> BinanceFuture - Vxxv1AWf[USD_M] DELETE FAILURE.....
10:33:02.621659> Try Delete lock Sell order,  ticket = 2822397954 ticketCustom = 2
10:33:02.622656> Support: 63175.5 VolS:0.732 Resistence: 63176.1 VolR:1.328
10:33:02.926673> BinanceFuture - Vxxv1AWf[USD_M] DELETE FAILURE.....
10:33:04.953765> Try Delete lock Sell order,  ticket = 2822397954 ticketCustom = 2
10:33:04.953765> Support: 63174.6 VolS:0.808 Resistence: 63174.7 VolR:1.849
10:33:05.265147> BinanceFuture - Vxxv1AWf[USD_M] DELETE FAILURE.....
10:33:07.351622> Try Delete lock Sell order,  ticket = 2822397954 ticketCustom = 2
10:33:07.353624> Support: 63174.6 VolS:1.479 Resistence: 63174.7 VolR:1.529
10:33:07.639613> BinanceFuture - Vxxv1AWf[USD_M] DELETE FAILURE.....
10:33:09.687353> Try Delete lock Sell order,  ticket = 2822397954 ticketCustom = 2
10:33:09.688331> Support: 63174.6 VolS:1.748 Resistence: 63176.3 VolR:0.851
10:33:09.968346> BinanceFuture - Vxxv1AWf[USD_M] DELETE FAILURE.....
10:33:11.996936> Try Delete lock Sell order,  ticket = 2822397954 ticketCustom = 2
10:33:11.996936> Support: 63180.2 VolS:2.208 Resistence: 63180.3 VolR:1.352
10:33:12.372958> BinanceFuture - Vxxv1AWf[USD_M] DELETE FAILURE.....
10:33:14.401926> Try Delete lock Sell order,  ticket = 2822397954 ticketCustom = 2
10:33:14.402918> Support: 63180.2 VolS:2.221 Resistence: 63180.3 VolR:1.354
10:33:14.728072> BinanceFuture - Vxxv1AWf[USD_M] DELETE FAILURE.....
10:33:16.791330> Try Delete lock Sell order,  ticket = 2822397954 ticketCustom = 2
10:33:16.793330> Support: 63180.2 VolS:2.184 Resistence: 63180.3 VolR:1.354
10:33:17.084333> BinanceFuture - Vxxv1AWf[USD_M] DELETE FAILURE.....
10:33:19.126754> Try Delete lock Sell order,  ticket = 2822397954 ticketCustom = 2
10:33:19.127739> Support: 63180.2 VolS:2.39 Resistence: 63182.1 VolR:0.422
10:33:19.466088> BinanceFuture - Vxxv1AWf[USD_M] DELETE FAILURE.....
10:33:21.503173> Try Delete lock Sell order,  ticket = 2822397954 ticketCustom = 2
10:33:21.504173> Support: 63180.2 VolS:1.741 Resistence: 63180.3 VolR:1.702
10:33:21.790377> BinanceFuture - Vxxv1AWf[USD_M] DELETE FAILURE.....
10:33:23.827656> Try Delete lock Sell order,  ticket = 2822397954 ticketCustom = 2
10:33:23.828648> Support: 63180.2 VolS:1.362 Resistence: 63180.3 VolR:1.649
10:33:24.233667> BinanceFuture - Vxxv1AWf[USD_M] DELETE FAILURE.....
10:33:26.253234> Try Delete lock Sell order,  ticket = 2822397954 ticketCustom = 2
10:33:26.254222> Support: 63191.8 VolS:0.828 Resistence: 63192 VolR:1.834
10:33:26.551240> BinanceFuture - Vxxv1AWf[USD_M] DELETE FAILURE.....
10:33:28.603153> Try Delete lock Sell order,  ticket = 2822397954 ticketCustom = 2
10:33:28.604139> Support: 63181.5 VolS:0.261 Resistence: 63189.9 VolR:2.829
10:33:28.904157> BinanceFuture - Vxxv1AWf[USD_M] DELETE FAILURE.....
10:33:30.962020> Try Delete lock Sell order,  ticket = 2822397954 ticketCustom = 2
10:33:30.963011> Support: 63188 VolS:1.388 Resistence: 63188.1 VolR:2.597
10:33:31.254026> BinanceFuture - Vxxv1AWf[USD_M] DELETE FAILURE.....
10:33:33.278508> Try Delete lock Sell order,  ticket = 2822397954 ticketCustom = 2
10:33:33.278508> Support: 63188 VolS:0.988 Resistence: 63188.1 VolR:2.726
10:33:33.617533> BinanceFuture - Vxxv1AWf[USD_M] DELETE FAILURE.....
10:33:35.692326> Try Delete lock Sell order,  ticket = 2822397954 ticketCustom = 2
10:33:35.694338> Support: 63188 VolS:2.096 Resistence: 63188.1 VolR:1.584
10:33:35.983333> BinanceFuture - Vxxv1AWf[USD_M] DELETE FAILURE.....
10:33:38.032263> Try Delete lock Sell order,  ticket = 2822397954 ticketCustom = 2
10:33:38.034263> Support: 63188 VolS:2.583 Resistence: 63188.1 VolR:1.035
10:33:38.360285> BinanceFuture - Vxxv1AWf[USD_M] DELETE FAILURE.....
10:33:40.401407> Try Delete lock Sell order,  ticket = 2822397954 ticketCustom = 2
10:33:40.401407> Support: 63192.3 VolS:0.947 Resistence: 63192.4 VolR:1.837
10:33:40.754422> BinanceFuture - Vxxv1AWf[USD_M] DELETE FAILURE.....
10:33:42.769109> Try Delete lock Sell order,  ticket = 2822397954 ticketCustom = 2
10:33:42.769109> Support: 63188 VolS:1.925 Resistence: 63188.1 VolR:2.788
10:33:43.065127> BinanceFuture - Vxxv1AWf[USD_M] DELETE FAILURE.....
10:33:45.147014> Try Delete lock Sell order,  ticket = 2822397954 ticketCustom = 2
10:33:45.166016> Support: 63188 VolS:2.061 Resistence: 63188.1 VolR:2.053
10:33:45.451638> BinanceFuture - Vxxv1AWf[USD_M] DELETE FAILURE.....
10:33:47.501245> Try Delete lock Sell order,  ticket = 2822397954 ticketCustom = 2
10:33:47.503249> Support: 63214.2 VolS:2.897 Resistence: 63214.6 VolR:0.824
10:33:47.807248> BinanceFuture - Vxxv1AWf[USD_M] DELETE FAILURE.....
10:33:49.851914> Try Delete lock Sell order,  ticket = 2822397954 ticketCustom = 2
10:33:49.851914> Support: 63192 VolS:1.943 Resistence: 63193.9 VolR:0.859
10:33:50.266936> BinanceFuture - Vxxv1AWf[USD_M] DELETE FAILURE.....
10:33:52.281951> Try Delete lock Sell order,  ticket = 2822397954 ticketCustom = 2
10:33:52.282940> Support: 63182 VolS:1.886 Resistence: 63184.7 VolR:0.794
10:33:52.581176> BinanceFuture - Vxxv1AWf[USD_M] DELETE FAILURE.....
10:33:54.653815> Try Delete lock Sell order,  ticket = 2822397954 ticketCustom = 2
10:33:54.654814> Support: 63176 VolS:0.346 Resistence: 63182.4 VolR:0.828
10:33:54.939833> BinanceFuture - Vxxv1AWf[USD_M] DELETE FAILURE.....
10:33:56.989129> Try Delete lock Sell order,  ticket = 2822397954 ticketCustom = 2
10:33:56.996130> Support: 63181.6 VolS:0.869 Resistence: 63182.1 VolR:1.464
10:33:57.298526> BinanceFuture - Vxxv1AWf[USD_M] DELETE FAILURE.....
10:33:59.314706> Try Delete lock Sell order,  ticket = 2822397954 ticketCustom = 2
10:33:59.316688> Support: 63157.9 VolS:0.454 Resistence: 63162.1 VolR:0.961
10:33:59.614706> BinanceFuture - Vxxv1AWf[USD_M] DELETE FAILURE.....
10:34:01.641669> Try Delete lock Sell order,  ticket = 2822397954 ticketCustom = 2
10:34:01.642673> Support: 63130 VolS:0.152 Resistence: 63135.5 VolR:1.38
10:34:02.877736> BinanceFuture - Vxxv1AWf[USD_M] DELETE FAILURE.....
10:34:04.880863> Try Delete lock Sell order,  ticket = 2822397954 ticketCustom = 2
10:34:04.882853> Support: 63120.1 VolS:0.886 Resistence: 63120.2 VolR:1.833
