22:39:17.186482> Lenta has started...Start SubscribeToAggTradeStream @aggTrade [future] process...
22:39:17.229483> WebSocket connected! Start @depth [Future] process...
22:39:17.229483> WebSocket connected! Start Partial @depth20 [Future] process...
22:39:17.230484> Lenta has started...Start SubscribeToAggTradeStream @aggTrade [future] process...
22:39:17.250485> WebSocket connected! Start Partial @depth20 [Future] process...
22:39:17.250485> WebSocket connected! Start @depth [Future] process...
22:39:18.219973> WebSocket connected! Start @depth [Future] process...
22:39:18.223969> WebSocket connected! Start Partial @depth20 [Future] process...
22:39:18.236968> WebSocket connected! Start Partial @depth20 [Future] process...
22:39:18.238969> WebSocket connected! Start @depth [Future] process...
22:39:18.273970> Lenta has started...Start SubscribeToAggTradeStream @aggTrade [future] process...
22:39:18.281971> Lenta has started...Start SubscribeToAggTradeStream @aggTrade [future] process...
22:39:18.774859> BinanceFuture - Vxxv1AWf[USD_M] USD_M Balance: 692.82552720 USDT
22:39:28.313968> Try Open Sell Pos, deviationSell: 8.75 Ask: 64592.1
22:39:28.314960> Support: 64589.5 VolS:0.719 Resistence: 64592.1 VolR:1.687
22:39:28.588093> [1Leg]: Sell OK BTCUSDC at 64592.1000;Gap=8.75;Price=64586.1000;Slippage=-6.0;Execution=270.132 ms;
22:39:28.589087> Elapsted Open Sell (1Leg)
22:39:29.305087> Try Modify Sell order, 
22:39:29.305087> Support: 64579.9 VolS:0.629 Resistence: 64586.1 VolR:1.226
22:39:29.567021> [1Leg]: SELL OK MODIFY BTCUSDC at 0.002 lot;price=64584.1000;execution=257.932 ms;
22:39:29.567021> Modify SellLimit (1Leg)
22:39:30.838186> Try Modify Sell order, 
22:39:30.838186> Support: 64572.4 VolS:0.53 Resistence: 64578.1 VolR:0.864
22:39:31.097201> [1Leg]: SELL OK MODIFY BTCUSDC at 0.002 lot;price=64578.1000;execution=258.016 ms;
22:39:31.097201> Modify SellLimit (1Leg)
