19:11:16.660374> WebSocket connected! Start Partial @depth20 [Future] process...
19:11:16.678375> Lenta has started...Start SubscribeToAggTradeStream @aggTrade [future] process...
19:11:16.739381> WebSocket connected! Start @depth [Future] process...
19:11:16.741388> WebSocket connected! Start Partial @depth20 [Future] process...
19:11:17.700810> WebSocket connected! Start @depth [Future] process...
19:11:17.705811> WebSocket connected! Start Partial @depth20 [Future] process...
19:11:17.748809> Lenta has started...Start SubscribeToAggTradeStream @aggTrade [future] process...
19:11:17.751847> WebSocket connected! Start Partial @depth20 [Future] process...
19:11:18.239082> BinanceFuture - Vxxv1AWf[USD_M] USD_M Balance: 171.67439120 USDT
21:09:43.851230> Try Open BuyLimit, Bid: 60852.00 Ask:  60870.70
21:09:43.851230> Order Signal open long, OrdZig=2 Order=222 StepByStepUP:3 Stk:2 StkImp:2 Lnt:2 Prg:0 Tide:20 Natiag:2 Bid: 60852.00 Ask:  60870.70
21:09:44.405429> [1Leg]: Buy OK BTCUSDT at 0.00;Price=0.00;Slippage=60900.0;Execution=551.215 ms;
21:09:44.406426> Placed Main BuyLimit, ticketCustom = 1 ticket= 391703272041 LastBuyPrice=60852.00
21:09:48.000367> Try place lock SellLimit, Bid: 60909.20 Ask:60909.30 wantPrice:61100.0  EntrPrice:60900.0
21:09:49.085771> [1Leg]: Sell OK BTCUSDT at 61100.00;Price=61100.00;Slippage=-211.9;Execution=1084.525 ms;
21:09:49.086651> Placed lock SellLimit, ticketCustom= 2, ticket= 391703272041 
21:09:49.086651>  
21:11:17.754071>  DevBUY (+): 94.40125 avgGapBuy:-20.00125 
21:12:54.910617> Try Modify Lock Sell order for Close at now, 
21:12:54.911618> close long, modify for take min profit, TotalVal=0.002 pos:0.002 EntrPrice=60900.0 Stk:10 Lnt:2 Prg:0 Bid: 61006.00 Ask:  61006.10
21:12:55.173823> [1Leg]: SELL OK MODIFY BTCUSDT at 0.002 lot;price=61011.10;execution=259.208 ms;
21:12:55.174822> Modify Lock SellLimit (1Leg) for Close at now
21:13:05.438398>  DevSELL (-): -72.5575 avgGapSell:-18.4425 
21:13:05.570404>  DevBUY (+): 81.2425 avgGapBuy:-18.4425 
