21:23:49.260724> WebSocket connected! Start @depth [Future] process...
21:23:49.261723> Lenta has started...Start SubscribeToAggTradeStream @aggTrade [future] process...
21:23:49.262723> WebSocket connected! Start Partial @depth20 [Future] process...
21:23:49.320734> WebSocket connected! Start Partial @depth20 [Future] process...
21:23:50.217424> Lenta has started...Start SubscribeToAggTradeStream @aggTrade [future] process...
21:23:50.220426> WebSocket connected! Start Partial @depth20 [Future] process...
21:23:50.228417> WebSocket connected! Start Partial @depth20 [Future] process...
21:23:50.233418> WebSocket connected! Start @depth [Future] process...
21:23:50.763459> BinanceFuture - Vxxv1AWf[USD_M] USD_M Balance: 252.74827602 USDT
22:00:36.943939> Try Open Sell, Ask: 69725.2 Bid: 69725.1
22:00:36.943939> Lenta Signal open short, OpenShort:True Stk:10 StkImp:2 Lnt:2 Prg:0 Bid: 69725.1 Ask:  69725.2
22:00:37.898058> [1Leg]: Sell OK BTCUSDC at 0.00;Gap=0.38875;Price=69721.70;Slippage=69721.7;Execution=950.133 ms;
22:00:37.898058> Move:1 Stk:10 Lnt:2 Prg:0 Fon:0 Bid: 69721.6 Ask:  69721.7
22:00:37.899059> Placed Main Sell, ticketCustom = 1 ticket = 3708875335 LastSellPrice=69725.1
22:09:39.078616> Try Close Sell, TotalVal=0.025 pos-0.025 Bid: 69792.0 Ask:  69792.1, stoploss=70025.1
22:09:39.079624> Lenta Signal close short, stoploss=70025.1 TotalVal=0.025 pos:-0.025 EntrPrice=69725.1 Stk:10 StkImp:2 Lnt:2 Prg:0 Bid: 69792.0 Ask:  69792.1
22:09:40.009910> [1Leg]: Buy OK BTCUSDC at 0.00;Gap=1.90;Price=69816.50;Slippage=69816.5;Execution=930.285 ms;
22:09:40.010911> Move:1 Stk:10 Lnt:2 Prg:0 Fon:0 Bid: 69816.4 Ask:  69816.5
22:09:40.010911> Close Main Sell ticketCustom = 2 ticket= 3708875335
22:09:40.046913> Try Open Sell, Ask: 69816.5 Bid: 69816.4
22:09:40.048912> Lenta Signal open short, OpenShort:True Stk:10 StkImp:2 Lnt:0 Prg:0 Bid: 69816.4 Ask:  69816.5
22:09:40.282924> [1Leg]: Sell OK BTCUSDC at 0.00;Gap=1.39625;Price=69821.00;Slippage=69821.0;Execution=234.013 ms;
22:09:40.283925> Move:1 Stk:10 Lnt:0 Prg:0 Fon:0 Bid: 69820.9 Ask:  69821.0
22:09:40.283925> Placed Main Sell, ticketCustom = 3 ticket = 3708983261 LastSellPrice=69816.4
