21:43:23.908702> WebSocket connected! Start @depth [Future] process...
21:43:23.909702> Lenta has started...Start SubscribeToAggTradeStream @aggTrade [future] process...
21:43:23.910703> WebSocket connected! Start Partial @depth20 [Future] process...
21:43:23.958704> WebSocket connected! Start Partial @depth20 [Future] process...
21:43:24.910574> WebSocket connected! Start Partial @depth20 [Future] process...
21:43:24.911574> WebSocket connected! Start Partial @depth20 [Future] process...
21:43:24.943581> Lenta has started...Start SubscribeToAggTradeStream @aggTrade [future] process...
21:43:24.959582> WebSocket connected! Start @depth [Future] process...
21:43:25.411237> BinanceFuture - Vxxv1AWf[USD_M] USD_M Balance: 89.24152149 USDT
21:53:35.340806> Try Open BuyLimit, Bid: 56583.7 Ask:  56583.8
21:53:35.340806> Order Signal open long, Order=0 StepByStepUP:0 Stk:10 StkImp:0 Lnt:1 Prg:0 Tide:10 Natiag:2 Bid: 56583.7 Ask:  56583.8
21:53:35.664825> [1Leg]: Buy OK BTCUSDC at 0.00;Price=0.0;Slippage=56583.8;Execution=320.019 ms;
21:53:35.664825> Placed Main BuyLimit, ticketCustom = 1 ticket= 4522636474 LastBuyPrice=56583.7
22:27:36.007754> Try place lock SellLimit, Bid: 56685.5 Ask:56685.6 wantPrice:56685.5  EntrPrice:56583.8
22:27:36.315772> [1Leg]: Sell OK BTCUSDC at 56685.50;Price=56685.5;Slippage=0.1;Execution=308.018 ms;
22:27:36.315772> Placed lock SellLimit, ticketCustom= 2, ticket= 4522636474 
22:27:36.315772> TakeProfit Signal close long, stoploss=56033.8 TotalVal=0.002 pos:0.002 EntrPrice=56583.8 Stk:20 Lnt:2 Prg:0 Bid: 56685.5 Ask:  56680.5
22:27:36.316771> Try Delete lock Sell order,  ticket = 4522636474 ticketCustom = 2
22:27:36.316771> TakeProfit Signal close long, stoploss=56033.8 TotalVal=0.002 pos:0.002 EntrPrice=56583.8 Stk:20 Lnt:2 Prg:0 Bid: 56685.5 Ask:  56680.5
22:27:36.992812> BinanceFuture - Vxxv1AWf[USD_M] DELETE FAILURE.....
