18:43:11.540229> WebSocket connected! Start Partial @depth20 [Future] process...
18:43:11.563230> WebSocket connected! Start @depth [Future] process...
18:43:11.569231> WebSocket connected! Start Partial @depth20 [Future] process...
18:43:11.574231> Lenta has started...Start SubscribeToAggTradeStream @aggTrade [future] process...
18:43:12.563700> WebSocket connected! Start @depth [Future] process...
18:43:12.590707> WebSocket connected! Start Partial @depth20 [Future] process...
18:43:12.602696> BinanceFuture - Vxxv1AWf[USD_M] USD_M Balance: 242.57640015 USDT
18:43:12.607702> Lenta has started...Start SubscribeToAggTradeStream @aggTrade [future] process...
18:43:12.618704> WebSocket connected! Start Partial @depth20 [Future] process...
18:43:25.660676> Try Open SellLimit, Ask: 64726.1 Bid:64726.0
18:43:25.660676> Step Signal open short, StepByStepDN:3 Stk:10 StkImp:0 Lnt:0 Prg:0 Bid: 64726.0 Ask:  64726.1
18:43:25.931404> [1Leg]: Sell OK BTCUSDC at 0.00;Price=0.0;Slippage=64726.1;Execution=266.727 ms;
18:43:25.932403> Placed Main SellLimit, ticketCustom = 1 ticket = 3982461296 LastSellPrice=64726.1
18:43:31.016995> Try place lock BuyLimit, Bid: 64726.0 Ask:  64726.1 wantPrice:64670.7 EntrPrice:64726.0
18:43:31.272757> [1Leg]: Buy OK BTCUSDC at 64670.70;Price=64670.7;Slippage=55.4;Execution=255.762 ms;
18:43:31.273775> Placed lock BuyLimit, ticketCustom= 2, ticket= 3982461296 
18:45:04.496974> Try Delete lock Buy order, ticket = 3982461296 ticketCustom = 2
18:45:04.898996> BinanceFuture - Vxxv1AWf[USD_M] DELETE FAILURE.....
18:45:09.984584> Try Close Sell, Bid: 64804.5 Ask:  64804.6
18:45:10.234143> [1Leg]: Buy OK BTCUSDC at 0.00;Price=0.0;Slippage=64804.6;Execution=248.576 ms;
18:45:10.235140> Close Main Sell ticketCustom = 3 ticket= 3982512200
18:45:10.238139> Try Delete lock Buy order, ticket = 3982461296 ticketCustom = 2
18:45:11.013941> BinanceFuture - Vxxv1AWf[USD_M] DELETE FAILURE.....
18:45:16.045535> Try Close Sell, Bid: 64817.1 Ask:  64817.2
18:45:16.296454> [1Leg]: Buy OK BTCUSDC at 0.00;Price=0.0;Slippage=64817.2;Execution=249.935 ms;
18:45:16.296454> Close Main Sell ticketCustom = 4 ticket= 3982512200
