15:40:16.567323> Lenta has started...Start SubscribeToAggTradeStream @aggTrade [future] process...
15:40:16.567323> WebSocket connected! Start @depth [Future] process...
15:40:16.568325> WebSocket connected! Start Partial @depth20 [Future] process...
15:40:16.579330> WebSocket connected! Start Partial @depth20 [Future] process...
15:40:17.557116> WebSocket connected! Start Partial @depth20 [Future] process...
15:40:17.563104> WebSocket connected! Start Partial @depth20 [Future] process...
15:40:17.580127> Lenta has started...Start SubscribeToAggTradeStream @aggTrade [future] process...
15:40:17.601121> WebSocket connected! Start @depth [Future] process...
15:40:18.067209> BinanceFuture - Vxxv1AWf[USD_M] USD_M Balance: 686.69221563 USDT
15:49:36.884722> BinanceFuture - Vxxv1AWf[USD_M] Reconect to WebSocket #
15:49:36.885722> WebSocket [SubscribeToAggTradeStream()] [Closed] [future] and reconnect again [with Task.Delay]..
15:54:12.378515> Lenta has started...Start SubscribeToAggTradeStream @aggTrade [future] process...
16:57:34.742175> BinanceFuture - Vxxv1AWf[USD_M] Reconect to WebSocket #
16:57:34.742175> WebSocket [SubscribeToAggTradeStream()] [Closed] [future] and reconnect again [with Task.Delay]..
16:59:06.574453> Lenta has started...Start SubscribeToAggTradeStream @aggTrade [future] process...
17:02:32.495291>  DevSELL (-): -272.07125 avgGapSell:13.97125 
17:02:32.826311>  DevSELL (+): -239.17125 avgGapSell:13.97125 
17:02:34.522658>  DevSELL (-): -127.17125 avgGapSell:13.97125 
17:02:34.869682>  DevSELL (+): -149.22125 avgGapSell:4.92125 
17:02:41.041157> BinanceFuture - Vxxv1AWf[USD_M] Reconect to WebSocket #
17:02:41.046092> WebSocket [SubscribeToAggTradeStream()] [Closed] [future] and reconnect again [with Task.Delay]..
17:02:42.224733> Lenta has started...Start SubscribeToAggTradeStream @aggTrade [future] process...
