17:41:00.419306> WebSocket connected! Start Partial @depth20 [Future] process...
17:41:00.420304> WebSocket connected! Start @depth [Future] process...
17:41:00.421305> Lenta has started...Start SubscribeToAggTradeStream @aggTrade [future] process...
17:41:00.421305> Lenta has started...Start SubscribeToAggTradeStream @aggTrade [future] process...
17:41:00.422303> WebSocket connected! Start Partial @depth20 [Future] process...
17:41:00.422303> WebSocket connected! Start @depth [Future] process...
17:41:01.393685> WebSocket connected! Start Partial @depth20 [Future] process...
17:41:01.425652> WebSocket connected! Start Partial @depth20 [Future] process...
17:41:01.426652> Lenta has started...Start SubscribeToAggTradeStream @aggTrade [future] process...
17:41:01.426652> Lenta has started...Start SubscribeToAggTradeStream @aggTrade [future] process...
17:41:01.437652> WebSocket connected! Start @depth [Future] process...
17:41:01.455653> WebSocket connected! Start @depth [Future] process...
17:41:01.908895> BinanceFuture - Vxxv1AWf[USD_M] USD_M Balance: 213.47662035 USDT
19:26:28.949443>  DevSELL (+): -79.01875 avgGapSell:-3.58125 
20:11:03.214988> WebSocket [SubscribePartialDepthStream()] [future] error: Unable to read data from the transport connection: A connection attempt failed because the connected party did not properly respond after a period of time, or established connection failed because connected host has failed to respond.
20:11:08.256849> BinanceFuture - Vxxv1AWf[USD_M] Reconect to WebSocket #
20:11:08.257838> WebSocket [SubscribePartialDepthStream()] [Closed] [future] and reconnect again [during Task.Delay]..
20:11:22.280038> Unable to read data from the transport connection: A connection attempt failed because the connected party did not properly respond after a period of time, or established connection failed because connected host has failed to respond.
20:11:22.280038> Unable to read data from the transport connection: A connection attempt failed because the connected party did not properly respond after a period of time, or established connection failed because connected host has failed to respond.
20:11:22.282039> WebSocket [SubscribePartialDepthStream()] [future] error: Unable to read data from the transport connection: A connection attempt failed because the connected party did not properly respond after a period of time, or established connection failed because connected host has failed to respond.
20:11:22.926772> Unable to read data from the transport connection: A connection attempt failed because the connected party did not properly respond after a period of time, or established connection failed because connected host has failed to respond.
20:11:23.534356> Unable to read data from the transport connection: A connection attempt failed because the connected party did not properly respond after a period of time, or established connection failed because connected host has failed to respond.
20:11:23.542342> WebSocket [ConnectToDepthStream()] [future] error: Unable to read data from the transport connection: A connection attempt failed because the connected party did not properly respond after a period of time, or established connection failed because connected host has failed to respond.
20:11:24.795632> WebSocket [ConnectToDepthStream()] [future] error: Unable to read data from the transport connection: A connection attempt failed because the connected party did not properly respond after a period of time, or established connection failed because connected host has failed to respond.
20:11:27.314042> BinanceFuture - Vxxv1AWf[USD_M] Reconect to WebSocket #
20:11:27.314042> WebSocket [SubscribePartialDepthStream()] [Closed] [future] and reconnect again [during Task.Delay]..
20:11:27.315060> BinanceFuture - Vxxv1AWf[USD_M] Reconect to WebSocket #
20:11:27.315998> WebSocket [SubscribeToAggTradeStream()] [Closed] [future] and reconnect again [with Task.Delay]..
20:11:27.314042> BinanceFuture - Vxxv1AWf[USD_M] Reconect to WebSocket #
20:11:27.317997> WebSocket [SubscribeToAggTradeStream()] [Closed] [future] and reconnect again [with Task.Delay]..
20:11:27.928591> BinanceFuture - Vxxv1AWf[USD_M] Reconect to WebSocket #
20:11:27.928591> WebSocket [SubscribeToAggTradeStream()] [Closed] [future] and reconnect again [with Task.Delay]..
20:11:43.687733> WebSocket connected! Start @depth [Future] process...
20:11:44.928824> Lenta has started...Start SubscribeToAggTradeStream @aggTrade [future] process...
20:11:49.277665> WebSocket connected! Start @depth [Future] process...
20:11:49.311666> Lenta has started...Start SubscribeToAggTradeStream @aggTrade [future] process...
20:11:49.923707> Lenta has started...Start SubscribeToAggTradeStream @aggTrade [future] process...
20:13:32.664866> BinanceFuture - Vxxv1AWf[USD_M] Reconect ConnectToDepthStream() to WebSocket #
20:13:32.667865> WebSocket [ConnectToDepthStream()] [Closed] [future] and reconnect again [during Task.Delay]..
20:13:33.689188> WebSocket connected! Start @depth [Future] process...
20:13:36.909602> BinanceFuture - Vxxv1AWf[USD_M] Reconect ConnectToDepthStream() to WebSocket #
20:13:36.910603> WebSocket [ConnectToDepthStream()] [Closed] [future] and reconnect again [during Task.Delay]..
20:13:37.941578> WebSocket connected! Start @depth [Future] process...
20:14:02.047988>  DevSELL (-): -166.26625 avgGapSell:-2.23375 
20:14:03.821092> WebSocket [ConnectToDepthStream()] [future] error: Unable to read data from the transport connection: An existing connection was forcibly closed by the remote host.
20:14:04.656138> WebSocket [ConnectToDepthStream()] [future] error: Unable to read data from the transport connection: An existing connection was forcibly closed by the remote host.
20:14:08.826936> BinanceFuture - Vxxv1AWf[USD_M] Reconect ConnectToDepthStream() to WebSocket #
20:14:08.827927> WebSocket [ConnectToDepthStream()] [Closed] [future] and reconnect again [during Task.Delay]..
20:14:09.667994> BinanceFuture - Vxxv1AWf[USD_M] Reconect ConnectToDepthStream() to WebSocket #
20:14:09.667994> WebSocket [ConnectToDepthStream()] [Closed] [future] and reconnect again [during Task.Delay]..
20:14:09.915002> WebSocket connected! Start @depth [Future] process...
20:14:10.660291> WebSocket connected! Start @depth [Future] process...
