09:25:51.809305> Lenta has started...Start SubscribeToAggTradeStream @aggTrade [future] process...
09:25:51.810304> WebSocket connected! Start Partial @depth20 [Future] process...
09:25:51.811306> WebSocket connected! Start @depth [Future] process...
09:25:51.811306> WebSocket connected! Start Partial @depth20 [Future] process...
09:25:52.922885> Lenta has started...Start SubscribeToAggTradeStream @aggTrade [future] process...
09:25:52.929868> WebSocket connected! Start @depth [Future] process...
09:25:52.933867> WebSocket connected! Start Partial @depth20 [Future] process...
09:25:52.933867> WebSocket connected! Start Partial @depth20 [Future] process...
09:25:53.471878> BinanceFuture - Vxxv1AWf[USD_M] USD_M Balance: 48.29202495 USDT
09:42:15.532226> Try Open SellLimit, Ask: 69070.1
09:42:15.532226> Support: 69063.8 VolS:1.356 Resistence: 69070.1 VolR:3.099
09:42:15.823583> [1Leg]: Sell OK BTCUSDC at 0.00;Gap=1.93125;Price=69070.10;Slippage=69070.1;Execution=288.362 ms;
09:42:15.824583> Placed Main SellLimit, ticketCustom = 1 ticket = 3323002736 LastSellPrice=69070.0
09:42:15.828580> Try Open SellLimit, Ask: 69070.1
09:42:15.828580> Support: 69070 VolS:0.663 Resistence: 69070.1 VolR:3.099
09:42:16.941965> [1Leg]: Sell OK BTCUSDC at 69070.10;Gap=1.93125;Price=69070.10;Slippage=0.0;Execution=1113.385 ms;
09:42:16.942966> Placed Main SellLimit, ticketCustom = 2 ticket = 3323002736 LastSellPrice=69070.1
09:44:40.495723> Try Close Sell, Bid: 69075.5 Ask:  69075.6
09:44:40.495723> Support: 69075.5 VolS:1.224 Resistence: 69080.5 VolR:0.4
09:44:40.791740> [1Leg]: Buy OK BTCUSDC at 0.00;Gap=-2.4375;Price=69075.60;Slippage=69075.6;Execution=295.018 ms;
09:44:40.792740> Close Main Sell ticketCustom = 3 ticket= 3323002736
09:44:41.000715> Try Close Sell, Bid: 69075.5 Ask:  69075.6
09:44:41.000715> Support: 69075.5 VolS:1.224 Resistence: 69080.5 VolR:0.4
09:44:42.098935> [1Leg]: Buy OK BTCUSDC at 0.00;Gap=-2.4375;Price=69075.60;Slippage=69075.6;Execution=1097.227 ms;
09:44:42.099941> Close Main Sell ticketCustom = 4 ticket= 3323033427
