20:52:49.698093> WebSocket connected! Start Partial @depth20 [Future] process...
20:52:49.708105> WebSocket connected! Start @depth [Future] process...
20:52:49.710108> Lenta has started...Start SubscribeToAggTradeStream @aggTrade [future] process...
20:52:50.667255> WebSocket connected! Start Partial @depth20 [Future] process...
20:52:51.034096> WebSocket connected! Start Partial @depth20 [Future] process...
20:52:51.052089> Lenta has started...Start SubscribeToAggTradeStream @aggTrade [future] process...
20:52:52.549098> WebSocket connected! Start Partial @depth20 [Future] process...
20:52:53.057895> BinanceFuture - Vxxv1AWf[USD_M] USD_M Balance: 622.26056263 USDT
20:52:55.933233> WebSocket connected! Start @depth [Future] process...
20:54:24.999898> BinanceFuture - Vxxv1AWf[USD_M] Reconect ConnectToDepthStream() to WebSocket #
20:54:25.000900> WebSocket [ConnectToDepthStream()] [Closed] [future] and reconnect again [during Task.Delay]..
20:54:26.541801> BinanceFuture - Vxxv1AWf[USD_M] Reconect ConnectToDepthStream() to WebSocket #
20:54:26.541801> WebSocket [ConnectToDepthStream()] [Closed] [future] and reconnect again [during Task.Delay]..
20:54:27.366397> WebSocket connected! Start @depth [Future] process...
20:54:28.506949> WebSocket connected! Start @depth [Future] process...
20:55:55.123284> BinanceFuture - Vxxv1AWf[USD_M] Reconect ConnectToDepthStream() to WebSocket #
20:55:55.126257> WebSocket [ConnectToDepthStream()] [Closed] [future] and reconnect again [during Task.Delay]..
20:55:56.110939> WebSocket connected! Start @depth [Future] process...
20:56:42.045067> BinanceFuture - Vxxv1AWf[USD_M] Reconect ConnectToDepthStream() to WebSocket #
20:56:42.045067> WebSocket [ConnectToDepthStream()] [Closed] [future] and reconnect again [during Task.Delay]..
20:56:43.445261> WebSocket connected! Start @depth [Future] process...
20:57:24.901799> BinanceFuture - Vxxv1AWf[USD_M] Reconect ConnectToDepthStream() to WebSocket #
20:57:24.901799> WebSocket [ConnectToDepthStream()] [Closed] [future] and reconnect again [during Task.Delay]..
20:57:25.868320> WebSocket connected! Start @depth [Future] process...
21:00:35.630063> BinanceFuture - Vxxv1AWf[USD_M] Reconect ConnectToDepthStream() to WebSocket #
21:00:35.630063> WebSocket [ConnectToDepthStream()] [Closed] [future] and reconnect again [during Task.Delay]..
21:00:36.729909> WebSocket connected! Start @depth [Future] process...
21:00:51.814835> BinanceFuture - Vxxv1AWf[USD_M] Reconect ConnectToDepthStream() to WebSocket #
21:00:51.814835> WebSocket [ConnectToDepthStream()] [Closed] [future] and reconnect again [during Task.Delay]..
21:00:52.807332> WebSocket connected! Start @depth [Future] process...
21:01:46.187367> BinanceFuture - Vxxv1AWf[USD_M] Reconect ConnectToDepthStream() to WebSocket #
21:01:46.189385> WebSocket [ConnectToDepthStream()] [Closed] [future] and reconnect again [during Task.Delay]..
21:01:48.134355> WebSocket connected! Start @depth [Future] process...
21:02:08.480103> BinanceFuture - Vxxv1AWf[USD_M] Reconect ConnectToDepthStream() to WebSocket #
21:02:08.480103> WebSocket [ConnectToDepthStream()] [Closed] [future] and reconnect again [during Task.Delay]..
21:02:09.478176> WebSocket connected! Start @depth [Future] process...
21:02:56.999731> BinanceFuture - Vxxv1AWf[USD_M] Reconect ConnectToDepthStream() to WebSocket #
21:02:56.999731> WebSocket [ConnectToDepthStream()] [Closed] [future] and reconnect again [during Task.Delay]..
21:02:58.094792> WebSocket connected! Start @depth [Future] process...
21:04:07.434051> BinanceFuture - Vxxv1AWf[USD_M] Reconect to WebSocket #
21:04:07.435044> WebSocket [SubscribeToAggTradeStream()] [Closed] [future] and reconnect again [with Task.Delay]..
21:04:08.450264> Lenta has started...Start SubscribeToAggTradeStream @aggTrade [future] process...
21:04:23.709901> BinanceFuture - Vxxv1AWf[USD_M] Reconect ConnectToDepthStream() to WebSocket #
21:04:23.709901> WebSocket [ConnectToDepthStream()] [Closed] [future] and reconnect again [during Task.Delay]..
21:04:25.381413> WebSocket connected! Start @depth [Future] process...
21:04:54.738119> Received an unexpected EOF or 0 bytes from the transport stream.
21:04:59.752706> BinanceFuture - Vxxv1AWf[USD_M] Reconect to WebSocket #
21:04:59.753697> WebSocket [SubscribeToAggTradeStream()] [Closed] [future] and reconnect again [with Task.Delay]..
21:05:00.742408> Lenta has started...Start SubscribeToAggTradeStream @aggTrade [future] process...
21:05:44.257037> BinanceFuture - Vxxv1AWf[USD_M] Reconect ConnectToDepthStream() to WebSocket #
21:05:44.257037> WebSocket [ConnectToDepthStream()] [Closed] [future] and reconnect again [during Task.Delay]..
21:05:45.366421> WebSocket connected! Start @depth [Future] process...
