11:54:14.531379> Lenta has started...Start SubscribeToAggTradeStream @aggTrade [future] process...
11:54:14.531379> WebSocket connected! Start @depth [Future] process...
11:54:14.532379> WebSocket connected! Start Partial @depth20 [Future] process...
11:54:14.534379> Lenta has started...Start SubscribeToAggTradeStream @aggTrade [future] process...
11:54:14.537379> WebSocket connected! Start @depth [Future] process...
11:54:14.539379> WebSocket connected! Start Partial @depth20 [Future] process...
11:54:15.473570> WebSocket connected! Start @depth [Future] process...
11:54:15.473570> WebSocket connected! Start Partial @depth20 [Future] process...
11:54:15.482579> Lenta has started...Start SubscribeToAggTradeStream @aggTrade [future] process...
11:54:15.492654> WebSocket connected! Start Partial @depth20 [Future] process...
11:54:15.506580> Lenta has started...Start SubscribeToAggTradeStream @aggTrade [future] process...
11:54:15.515573> WebSocket connected! Start @depth [Future] process...
11:54:15.981202> BinanceFuture - Vxxv1AWf[USD_M] USD_M Balance: 674.05074345 USDT
11:54:28.727011> WebSocket connected! Start Partial @depth20 [Future] process...
11:54:28.728026> Lenta has started...Start SubscribeToAggTradeStream @aggTrade [future] process...
11:54:28.736023> Lenta has started...Start SubscribeToAggTradeStream @aggTrade [future] process...
11:54:28.749005> WebSocket connected! Start @depth [Future] process...
11:54:28.752007> WebSocket connected! Start @depth [Future] process...
11:54:28.754003> WebSocket connected! Start Partial @depth20 [Future] process...
11:54:29.379670> WebSocket connected! Start Partial @depth20 [Future] process...
11:54:29.384684> WebSocket connected! Start @depth [Future] process...
11:54:29.385671> Lenta has started...Start SubscribeToAggTradeStream @aggTrade [future] process...
11:54:29.396671> WebSocket connected! Start Partial @depth20 [Future] process...
11:54:29.398671> WebSocket connected! Start @depth [Future] process...
11:54:29.422671> Lenta has started...Start SubscribeToAggTradeStream @aggTrade [future] process...
11:54:29.950966> BinanceFuture - Vxxv1AWf[USD_M] USD_M Balance: 674.08294585 USDT
11:58:25.110044> Signal 1(s), Bid: 62366.5 Ask:  62366.6
11:58:28.182222> Signal 1(s), Bid: 62366.5 Ask:  62366.6
11:58:56.105415> Signal 1(s), Bid: 62356.0 Ask:  62356.1
11:59:25.056077> Signal 1(s), Bid: 62340.0 Ask:  62340.1
