14:53:43.408603> Lenta has started...Start SubscribeToAggTradeStream @aggTrade [future] process...
14:53:43.411601> WebSocket connected! Start @depth [Future] process...
14:53:43.416602> WebSocket connected! Start Partial @depth20 [Future] process...
14:53:43.416602> WebSocket connected! Start Partial @depth20 [Future] process...
14:53:44.373586> WebSocket connected! Start Partial @depth20 [Future] process...
14:53:44.389834> WebSocket connected! Start @depth [Future] process...
14:53:44.424824> BinanceFuture - Vxxv1AWf[USD_M] USD_M Balance: 241.12690205 USDT
14:53:44.424824> WebSocket connected! Start Partial @depth20 [Future] process...
14:53:44.424824> Lenta has started...Start SubscribeToAggTradeStream @aggTrade [future] process...
14:53:48.020205> Try place lock BuyLimit, Bid: 65397.9 Ask:  65398.0
14:53:48.493854> [1Leg]: Buy OK BTCUSDC at 65397.90;Gap=-4.80;Price=65399.70;Slippage=1.8;Execution=470.659 ms;
14:53:48.493854> Placed lock BuyLimit, ticketCustom= 1, ticket= 3971812931 
14:53:48.495850> Try Modify Lock Buy order, 
14:53:48.744862> [1Leg]: BUY OK MODIFY BTCUSDC at 0.002 lot;price=65399.60;execution=248.012 ms;
14:53:48.745863> Modify Lock BuyLimit (1Leg)
14:53:52.406795> Try Modify Lock Buy order, 
14:53:52.656352> [1Leg]: BUY OK MODIFY BTCUSDC at 0.002 lot;price=65404.70;execution=249.557 ms;
14:53:52.656352> Modify Lock BuyLimit (1Leg)
14:53:58.234803> Try Modify Lock Buy order, 
14:53:58.486828> [1Leg]: BUY OK MODIFY BTCUSDC at 0.002 lot;price=65405.30;execution=252.025 ms;
14:53:58.486828> Modify Lock BuyLimit (1Leg)
