21:27:06.009375> WebSocket connected! Start @depth [Future] process...
21:27:06.046378> WebSocket connected! Start Partial @depth20 [Future] process...
21:27:06.051377> Lenta has started...Start SubscribeToAggTradeStream @aggTrade [future] process...
21:27:06.068382> WebSocket connected! Start @depth [Future] process...
21:27:06.089381> WebSocket connected! Start Partial @depth20 [Future] process...
21:27:06.464402> Lenta has started...Start SubscribeToAggTradeStream @aggTrade [future] process...
21:27:07.178062> WebSocket connected! Start Partial @depth20 [Future] process...
21:27:07.216052> Lenta has started...Start SubscribeToAggTradeStream @aggTrade [future] process...
21:27:07.274055> WebSocket connected! Start Partial @depth20 [Future] process...
21:27:07.276055> Lenta has started...Start SubscribeToAggTradeStream @aggTrade [future] process...
21:27:07.293056> WebSocket connected! Start @depth [Future] process...
21:27:07.308057> WebSocket connected! Start @depth [Future] process...
21:27:09.227214> BinanceFuture - Vxxv1AWf[USD_M] USD_M Balance: 682.26179251 USDT
21:28:01.475691> Try Open Sell Pos, deviationSell: -2.455 Ask: 63954.0
21:28:01.475691> Support: 63953.9 VolS:2.252 Resistence: 63957 VolR:1
21:28:01.774436> [1Leg]: Sell OK BTCUSDC at 63954.0000;Gap=-2.455;Price=63954.0000;Slippage=0.0;Execution=293.753 ms;
21:28:01.776430> Elapsted Open Sell (1Leg)
21:28:04.001286> Try place BuyLimit, Bid: 63954.0 Ask:  63954.1
21:28:04.364423> BinanceFuture - Vxxv1AWf[USD_M] Api Error Code: -4001 Message: Price less than 0.
21:28:04.365423> [1Leg]: Buy FAILED BTCUSDC;Gap=3.045;Price=63954.1000
