21:31:20.477889> WebSocket connected! Start Partial @depth20 [Future] process...
21:31:20.486893> WebSocket connected! Start Partial @depth20 [Future] process...
21:31:20.486893> WebSocket connected! Start @depth [Future] process...
21:31:20.487891> WebSocket connected! Start @depth [Future] process...
21:31:20.510893> Lenta has started...Start SubscribeToAggTradeStream @aggTrade [future] process...
21:31:20.512892> Lenta has started...Start SubscribeToAggTradeStream @aggTrade [future] process...
21:31:21.499248> WebSocket connected! Start Partial @depth20 [Future] process...
21:31:21.504242> WebSocket connected! Start Partial @depth20 [Future] process...
21:31:21.505242> Lenta has started...Start SubscribeToAggTradeStream @aggTrade [future] process...
21:31:21.516245> WebSocket connected! Start @depth [Future] process...
21:31:21.521250> Lenta has started...Start SubscribeToAggTradeStream @aggTrade [future] process...
21:31:21.534249> WebSocket connected! Start @depth [Future] process...
21:31:22.013748> BinanceFuture - Vxxv1AWf[USD_M] USD_M Balance: 674.63551178 USDT
21:49:08.686925> Signal 2(s), Bid: 63307.5 Ask:  63308.1
21:49:08.687926> Try Open BuyLimit, Bid: 63307.5 Ask:  63308.1
21:49:08.687926> Support: 63304.9 VolS:2.427 Resistence: 63316.2 VolR:0.094
21:49:09.403964> [1Leg]: Buy OK BTCUSDC at 63307.5000;Gap=-1.755;Price=63309.9000;Slippage=2.4;Execution=669.039 ms;
21:49:09.418977> Elapsted Open BuyLimit 
21:49:09.423967> Try Modify main Buy order, 
21:49:09.423967> Support: 63307.5 VolS:0.965 Resistence: 63309.9 VolR:0.968
21:49:11.050109> BinanceFuture - Vxxv1AWf[USD_M] Api Error Code: -2013 Message: Order does not exist.
21:49:11.126065> [1Leg]: Buy failed BTCUSDC;price=63309.9000
21:49:11.267073> Try Modify main Buy order, 
21:49:11.269074> Support: 63309.1 VolS:0.843 Resistence: 63309.9 VolR:0.694
21:49:13.328191> BinanceFuture - Vxxv1AWf[USD_M] Api Error Code: -2013 Message: Order does not exist.
21:49:13.455198> [1Leg]: Buy failed BTCUSDC;price=63308.1000
21:49:14.061234> Try place lock SellLimit, Bid: 63294.0 Ask:  63294.1
21:49:14.404254> [1Leg]: Sell OK BTCUSDC at 63332.5000;Gap=-14.885;Price=63294.1000;Slippage=-38.4;Execution=303.016 ms;
21:49:14.405254> Placed lock SellLimit 
21:49:24.320821> Unable to read data from the transport connection: An existing connection was forcibly closed by the remote host.
21:49:29.393112> BinanceFuture - Vxxv1AWf[USD_M] Reconect to WebSocket #
21:49:29.395112> WebSocket [SubscribeToAggTradeStream()] [Closed] [future] and reconnect again [with Task.Delay]..
