15:24:10.575341> WebSocket connected! Start Partial @depth20 [Future] process...
15:24:10.590341> WebSocket connected! Start @depth [Future] process...
15:24:10.591341> WebSocket connected! Start @depth [Future] process...
15:24:10.592344> WebSocket connected! Start Partial @depth20 [Future] process...
15:24:10.592344> Lenta has started...Start SubscribeToAggTradeStream @aggTrade [future] process...
15:24:10.593343> Lenta has started...Start SubscribeToAggTradeStream @aggTrade [future] process...
15:24:11.580869> Lenta has started...Start SubscribeToAggTradeStream @aggTrade [future] process...
15:24:11.587860> Lenta has started...Start SubscribeToAggTradeStream @aggTrade [future] process...
15:24:11.587860> WebSocket connected! Start @depth [Future] process...
15:24:11.588860> BinanceFuture - Vxxv1AWf[USD_M] USD_M Balance: 674.06838694 USDT
15:24:11.595871> WebSocket connected! Start Partial @depth20 [Future] process...
15:24:11.598860> WebSocket connected! Start Partial @depth20 [Future] process...
15:24:11.606861> WebSocket connected! Start @depth [Future] process...
15:25:04.607924> Signal 2(s), Bid: 63469.9 Ask:  63470.0
15:26:06.567581> Signal 2(s), Bid: 63465.1 Ask:  63465.2
15:26:07.418218> Signal 2(s), Bid: 63483.9 Ask:  63484.0
15:26:14.643742> Signal 2(s), Bid: 63498.7 Ask:  63498.8
15:27:43.818979> Signal 2(s), Bid: 63489.9 Ask:  63490.0
15:27:45.330558> Signal 2(s), Bid: 63505.9 Ask:  63506.0
15:28:03.965853> Signal 2(s), Bid: 63501.7 Ask:  63501.8
15:28:50.971837> Signal 2(s), Bid: 63495.9 Ask:  63496.0
15:29:03.273030> Signal 2(s), Bid: 63517.9 Ask:  63518.0
15:29:18.643261> Signal 2(s), Bid: 63531.0 Ask:  63531.1
15:29:23.878919> Signal 2(s), Bid: 63533.9 Ask:  63534.0
15:30:00.267932> Signal 2(s), Bid: 63521.9 Ask:  63522.0
15:30:03.540100> Signal 2(s), Bid: 63533.9 Ask:  63534.0
15:30:09.176916> Signal 2(s), Bid: 63555.6 Ask:  63555.7
15:30:16.477463> Signal 2(s), Bid: 63570.3 Ask:  63572.1
15:30:29.615618> Signal 2(s), Bid: 63569.0 Ask:  63569.1
15:30:29.819642> Signal 2(s), Bid: 63569.0 Ask:  63569.1
15:31:09.174610> Signal 2(s), Bid: 63599.9 Ask:  63600.0
15:31:33.174010> Signal 1(s), Bid: 63586.0 Ask:  63586.1
15:32:07.755771> Signal 2(s), Bid: 63600.0 Ask:  63606.0
15:32:08.061374> Signal 2(s), Bid: 63609.9 Ask:  63610.0
15:32:25.176350> Signal 1(s), Bid: 63606.0 Ask:  63606.1
15:33:00.351855> Signal 1(s), Bid: 63598.0 Ask:  63598.1
15:34:34.923270> Signal 1(s), Bid: 63560.0 Ask:  63560.1
15:34:56.390303> Signal 1(s), Bid: 63563.9 Ask:  63564.0
15:35:04.892085> Signal 1(s), Bid: 63558.0 Ask:  63558.1
15:35:31.287998> Signal 2(s), Bid: 63554.0 Ask:  63554.1
15:35:53.126354> Signal 2(s), Bid: 63558.0 Ask:  63558.1
15:38:13.331093> Signal 1(s), Bid: 63555.9 Ask:  63556.0
15:38:15.335169> Signal 1(s), Bid: 63546.1 Ask:  63546.2
15:38:49.685698> Signal 2(s), Bid: 63549.2 Ask:  63549.3
15:40:21.669854> Signal 1(s), Bid: 63551.0 Ask:  63551.1
15:42:06.948251> Signal 2(s), Bid: 63529.9 Ask:  63530.0
15:43:40.942109> Signal 1(s), Bid: 63531.9 Ask:  63532.0
15:44:17.876094> Signal 1(s), Bid: 63531.9 Ask:  63532.0
15:46:25.708650> Signal 2(s), Bid: 63513.9 Ask:  63514.0
15:48:19.108755> Signal 2(s), Bid: 63530.0 Ask:  63530.1
15:49:33.823991> Signal 1(s), Bid: 63531.9 Ask:  63532.0
15:49:51.488355> Signal 1(s), Bid: 63531.9 Ask:  63532.0
15:50:27.374569> Signal 1(s), Bid: 63546.0 Ask:  63546.1
15:50:49.308542> Signal 2(s), Bid: 63537.8 Ask:  63537.9
15:51:59.158776> Signal 2(s), Bid: 63545.9 Ask:  63546.0
15:52:12.926111> Signal 2(s), Bid: 63545.7 Ask:  63545.8
15:53:03.933574> Signal 1(s), Bid: 63549.6 Ask:  63549.7
15:53:20.384247> Signal 2(s), Bid: 63549.9 Ask:  63550.0
15:54:27.119107> Signal 1(s), Bid: 63546.0 Ask:  63546.1
15:55:14.812183> Signal 1(s), Bid: 63546.3 Ask:  63546.4
15:57:43.498904> Signal 1(s), Bid: 63562.0 Ask:  63562.1
15:59:14.278131> Signal 1(s), Bid: 63559.6 Ask:  63559.7
16:00:02.692970> Signal 1(s), Bid: 63508.3 Ask:  63508.4
16:00:28.938447> Signal 2(s), Bid: 63541.9 Ask:  63542.0
16:01:09.432993> Signal 1(s), Bid: 63540.0 Ask:  63540.1
16:01:55.949038> Signal 1(s), Bid: 63509.8 Ask:  63509.9
16:03:22.014765> Signal 1(s), Bid: 63484.1 Ask:  63484.2
16:03:45.617104> Signal 2(s), Bid: 63497.6 Ask:  63500.1
16:04:01.492330> Signal 1(s), Bid: 63486.0 Ask:  63486.1
16:04:21.278171> Signal 1(s), Bid: 63482.1 Ask:  63482.2
16:05:11.044144> Signal 1(s), Bid: 63485.9 Ask:  63486.0
16:05:38.972222> Signal 2(s), Bid: 63514.3 Ask:  63514.4
16:06:39.405493> Signal 1(s), Bid: 63523.9 Ask:  63524.0
16:07:19.312259> Signal 2(s), Bid: 63543.9 Ask:  63544.0
16:07:22.793562> Signal 2(s), Bid: 63543.9 Ask:  63544.0
16:08:04.143052> Signal 2(s), Bid: 63546.9 Ask:  63547.0
16:08:14.817005> Signal 2(s), Bid: 63562.0 Ask:  63562.1
16:08:15.356003> Signal 2(s), Bid: 63565.3 Ask:  63565.4
16:08:15.916034> Signal 2(s), Bid: 63565.3 Ask:  63565.4
16:08:22.081010> Signal 2(s), Bid: 63579.9 Ask:  63580.0
16:09:09.293388> Signal 1(s), Bid: 63556.0 Ask:  63556.1
16:09:19.508686> Signal 1(s), Bid: 63556.0 Ask:  63556.1
16:10:01.035126> Signal 2(s), Bid: 63591.1 Ask:  63591.2
16:10:01.960420> Signal 2(s), Bid: 63591.1 Ask:  63591.2
16:10:05.092923> Signal 2(s), Bid: 63597.3 Ask:  63597.4
16:10:18.181848> Signal 2(s), Bid: 63607.9 Ask:  63608.0
16:10:19.531211> Signal 2(s), Bid: 63610.4 Ask:  63611.1
16:10:45.630166> Signal 1(s), Bid: 63628.0 Ask:  63628.1
16:11:02.937627> Signal 1(s), Bid: 63618.6 Ask:  63618.7
16:11:23.653002> Signal 1(s), Bid: 63664.1 Ask:  63664.2
16:11:28.197774> Signal 1(s), Bid: 63652.0 Ask:  63652.1
16:12:06.376407> Signal 2(s), Bid: 63705.9 Ask:  63706.0
16:12:37.860155> Signal 2(s), Bid: 63721.9 Ask:  63722.0
16:12:46.920839> Signal 2(s), Bid: 63714.0 Ask:  63714.1
16:13:03.213694> Signal 2(s), Bid: 63700.0 Ask:  63700.1
16:13:05.656443> Signal 2(s), Bid: 63717.9 Ask:  63718.0
16:13:12.870775> Signal 2(s), Bid: 63710.0 Ask:  63710.1
16:13:20.936257> Signal 2(s), Bid: 63712.6 Ask:  63712.7
16:14:13.624211> Signal 1(s), Bid: 63679.1 Ask:  63679.2
16:14:14.660307> Signal 1(s), Bid: 63679.1 Ask:  63679.2
16:14:16.285564> Signal 1(s), Bid: 63678.2 Ask:  63678.3
16:14:41.789358> Signal 1(s), Bid: 63673.9 Ask:  63674.0
16:14:44.331178> Signal 1(s), Bid: 63662.0 Ask:  63663.5
16:14:55.760402> Signal 1(s), Bid: 63651.7 Ask:  63651.8
16:14:56.708571> Signal 1(s), Bid: 63650.0 Ask:  63650.1
16:14:57.836078> Signal 1(s), Bid: 63648.0 Ask:  63648.1
16:15:07.567107> Signal 2(s), Bid: 63663.9 Ask:  63664.0
16:15:08.039155> Signal 2(s), Bid: 63665.9 Ask:  63666.0
16:15:36.118239> Signal 1(s), Bid: 63635.7 Ask:  63635.8
16:16:01.493356> Signal 2(s), Bid: 63635.9 Ask:  63636.0
16:16:06.636709> Signal 2(s), Bid: 63646.0 Ask:  63646.1
16:17:29.215735> Signal 2(s), Bid: 63675.8 Ask:  63675.9
16:17:45.615939> Signal 1(s), Bid: 63660.0 Ask:  63660.1
16:18:33.217650> Signal 2(s), Bid: 63667.1 Ask:  63667.2
16:19:12.424312> Signal 2(s), Bid: 63693.9 Ask:  63694.0
16:19:17.985186> Signal 2(s), Bid: 63710.7 Ask:  63710.8
16:19:28.056521> Signal 1(s), Bid: 63704.4 Ask:  63704.5
16:19:40.365511> Signal 1(s), Bid: 63723.1 Ask:  63723.2
16:20:05.969235> Signal 1(s), Bid: 63717.5 Ask:  63717.6
16:20:42.342388> Signal 1(s), Bid: 63712.0 Ask:  63712.1
16:20:47.807790> Signal 1(s), Bid: 63707.1 Ask:  63707.2
16:21:33.903254> Signal 1(s), Bid: 63701.9 Ask:  63702.0
16:21:42.227676> Signal 2(s), Bid: 63727.7 Ask:  63727.8
16:21:42.912395> Signal 2(s), Bid: 63734.8 Ask:  63734.9
16:21:46.422995> Signal 2(s), Bid: 63755.5 Ask:  63755.6
16:21:47.458973> Signal 2(s), Bid: 63769.9 Ask:  63770.0
16:22:08.382438> Signal 1(s), Bid: 63798.0 Ask:  63798.1
16:22:11.414805> Signal 1(s), Bid: 63782.9 Ask:  63783.0
16:22:14.025243> Signal 1(s), Bid: 63766.1 Ask:  63766.2
16:22:24.299177> Signal 1(s), Bid: 63763.9 Ask:  63764.0
16:22:35.528361> Signal 2(s), Bid: 63765.9 Ask:  63766.0
16:22:36.144392> Signal 2(s), Bid: 63782.9 Ask:  63783.0
16:22:39.258678> Signal 2(s), Bid: 63785.9 Ask:  63786.0
16:22:44.308387> Signal 1(s), Bid: 63817.9 Ask:  63818.0
16:22:50.589359> Signal 1(s), Bid: 63804.0 Ask:  63804.1
16:22:56.377461> Signal 1(s), Bid: 63779.9 Ask:  63780.0
16:23:33.895322> Signal 1(s), Bid: 63762.0 Ask:  63762.1
16:24:10.798138> Signal 1(s), Bid: 63751.8 Ask:  63751.9
16:24:12.658573> Signal 1(s), Bid: 63742.9 Ask:  63743.0
16:24:40.234612> Signal 2(s), Bid: 63733.9 Ask:  63734.0
16:25:07.164172> Signal 1(s), Bid: 63727.4 Ask:  63727.5
16:25:08.722089> Signal 1(s), Bid: 63723.4 Ask:  63723.5
16:25:09.576299> Signal 1(s), Bid: 63717.0 Ask:  63717.1
16:25:12.215834> Signal 1(s), Bid: 63714.0 Ask:  63714.1
16:25:14.893176> Signal 1(s), Bid: 63709.4 Ask:  63709.5
16:25:53.506015> Signal 1(s), Bid: 63703.9 Ask:  63704.0
16:26:29.603926> Signal 1(s), Bid: 63687.9 Ask:  63688.0
16:27:00.428281> Signal 1(s), Bid: 63676.9 Ask:  63677.0
16:27:20.062056> Signal 2(s), Bid: 63697.9 Ask:  63698.0
16:28:15.083839> Signal 1(s), Bid: 63686.0 Ask:  63686.1
16:28:25.144292> Signal 1(s), Bid: 63670.0 Ask:  63670.1
16:28:40.122562> Signal 1(s), Bid: 63650.2 Ask:  63650.3
16:28:52.782928> Signal 1(s), Bid: 63650.2 Ask:  63650.3
16:29:00.150469> Signal 1(s), Bid: 63637.5 Ask:  63637.6
16:29:10.991793> Signal 2(s), Bid: 63647.9 Ask:  63648.0
16:29:43.939717> Signal 2(s), Bid: 63654.7 Ask:  63654.8
16:29:48.605534> Signal 2(s), Bid: 63663.7 Ask:  63663.8
16:30:39.585172> Signal 2(s), Bid: 63657.9 Ask:  63658.0
16:31:08.223221> Signal 2(s), Bid: 63667.9 Ask:  63668.0
16:31:08.405240> Signal 2(s), Bid: 63675.0 Ask:  63678.0
16:31:15.520070> Signal 2(s), Bid: 63683.9 Ask:  63684.0
16:31:26.523264> Signal 2(s), Bid: 63693.9 Ask:  63694.0
16:31:49.195222> Signal 2(s), Bid: 63697.9 Ask:  63698.0
16:32:16.163069> Signal 2(s), Bid: 63699.9 Ask:  63700.0
16:32:27.147427> Signal 2(s), Bid: 63722.1 Ask:  63722.2
16:32:28.989786> Signal 2(s), Bid: 63720.1 Ask:  63720.2
16:32:30.265857> Signal 2(s), Bid: 63721.9 Ask:  63722.8
16:32:32.888873> Signal 2(s), Bid: 63737.4 Ask:  63737.5
16:32:37.462957> Signal 2(s), Bid: 63740.0 Ask:  63740.1
16:33:34.105222> Signal 2(s), Bid: 63697.9 Ask:  63698.0
16:34:00.645056> Signal 1(s), Bid: 63694.0 Ask:  63694.1
16:34:07.357422> Signal 1(s), Bid: 63686.0 Ask:  63686.1
16:34:41.556860> Signal 2(s), Bid: 63682.4 Ask:  63682.5
16:35:30.491216> Signal 1(s), Bid: 63702.0 Ask:  63702.1
16:36:53.959760> Signal 1(s), Bid: 63711.9 Ask:  63712.0
16:37:07.660102> Signal 2(s), Bid: 63722.0 Ask:  63722.1
16:37:08.221070> Signal 2(s), Bid: 63731.3 Ask:  63731.4
16:37:09.607383> Signal 2(s), Bid: 63736.2 Ask:  63736.3
16:37:28.385978> Signal 1(s), Bid: 63771.2 Ask:  63771.3
16:37:50.427742> Signal 1(s), Bid: 63770.6 Ask:  63770.7
16:37:53.383871> Signal 1(s), Bid: 63779.9 Ask:  63780.0
16:38:18.289800> Signal 1(s), Bid: 63795.0 Ask:  63795.1
16:38:24.998976> Signal 1(s), Bid: 63788.0 Ask:  63788.1
16:38:31.448448> Signal 1(s), Bid: 63764.0 Ask:  63764.1
16:38:52.481530> Signal 1(s), Bid: 63755.9 Ask:  63756.0
16:39:09.793880> Signal 1(s), Bid: 63764.1 Ask:  63764.2
16:39:51.141049> Signal 1(s), Bid: 63742.4 Ask:  63742.5
16:40:24.678959> Signal 1(s), Bid: 63720.2 Ask:  63720.3
16:40:25.440997> Signal 1(s), Bid: 63718.7 Ask:  63718.8
16:40:29.112659> Signal 1(s), Bid: 63707.9 Ask:  63708.0
16:40:36.342738> Signal 1(s), Bid: 63707.4 Ask:  63707.5
16:40:37.358212> Signal 1(s), Bid: 63707.4 Ask:  63707.5
16:40:58.372151> Signal 2(s), Bid: 63715.9 Ask:  63716.0
16:41:06.470411> Signal 2(s), Bid: 63733.9 Ask:  63734.0
16:41:47.397644> Signal 2(s), Bid: 63753.9 Ask:  63754.0
16:43:43.989453> Signal 2(s), Bid: 63764.4 Ask:  63764.5
16:44:05.881060> Signal 2(s), Bid: 63764.4 Ask:  63764.5
16:45:06.842868> Signal 2(s), Bid: 63755.8 Ask:  63755.9
16:45:17.157029> Signal 1(s), Bid: 63742.9 Ask:  63743.0
16:45:18.521421> Signal 1(s), Bid: 63742.9 Ask:  63743.0
16:45:26.301420> Signal 1(s), Bid: 63732.1 Ask:  63732.2
16:46:10.830264> Signal 1(s), Bid: 63699.9 Ask:  63700.0
16:46:16.567072> Signal 1(s), Bid: 63695.4 Ask:  63695.5
16:46:47.829485> Signal 1(s), Bid: 63694.2 Ask:  63694.3
16:46:55.092858> Signal 1(s), Bid: 63694.2 Ask:  63694.3
16:47:30.263067> Signal 2(s), Bid: 63711.9 Ask:  63712.0
16:47:45.407717> Signal 1(s), Bid: 63708.0 Ask:  63708.1
16:49:03.893036> Signal 2(s), Bid: 63711.7 Ask:  63711.8
16:49:40.351791> Signal 2(s), Bid: 63719.9 Ask:  63720.0
16:51:17.805176> Signal 2(s), Bid: 63709.2 Ask:  63709.3
16:54:35.307289> Signal 2(s), Bid: 63683.9 Ask:  63684.0
16:55:10.729150> Signal 2(s), Bid: 63691.9 Ask:  63692.0
16:55:54.358251> Signal 2(s), Bid: 63700.0 Ask:  63700.1
16:56:16.816114> Signal 2(s), Bid: 63693.9 Ask:  63694.0
16:57:12.681439> Signal 2(s), Bid: 63715.7 Ask:  63715.8
16:57:13.503035> Signal 2(s), Bid: 63719.9 Ask:  63720.0
16:57:14.120623> Signal 2(s), Bid: 63723.9 Ask:  63724.0
16:57:38.368749> Signal 2(s), Bid: 63746.0 Ask:  63746.1
16:59:13.092867> Signal 1(s), Bid: 63717.0 Ask:  63717.1
17:00:20.493858> Signal 1(s), Bid: 63711.3 Ask:  63711.4
17:00:32.929862> Signal 1(s), Bid: 63684.0 Ask:  63685.5
17:01:02.342898> Signal 2(s), Bid: 63669.9 Ask:  63670.0
17:01:02.725919> Signal 2(s), Bid: 63669.9 Ask:  63670.0
17:01:47.564225> Signal 2(s), Bid: 63683.9 Ask:  63684.0
17:02:40.199105> Signal 2(s), Bid: 63682.0 Ask:  63682.1
17:03:28.133321> Signal 1(s), Bid: 63678.0 Ask:  63678.1
17:05:31.637211> Signal 1(s), Bid: 63616.4 Ask:  63616.5
17:06:26.465756> Signal 2(s), Bid: 63596.0 Ask:  63596.1
17:06:53.039179> Signal 2(s), Bid: 63599.9 Ask:  63600.0
17:08:17.345872> Signal 2(s), Bid: 63648.0 Ask:  63648.1
17:08:19.325333> Signal 2(s), Bid: 63649.9 Ask:  63650.0
17:08:34.945719> Signal 1(s), Bid: 63637.8 Ask:  63637.9
17:08:35.161730> Signal 1(s), Bid: 63637.8 Ask:  63637.9
17:09:26.806392> Signal 2(s), Bid: 63669.9 Ask:  63670.0
17:09:27.429428> Signal 2(s), Bid: 63669.9 Ask:  63670.0
17:09:29.222085> Signal 2(s), Bid: 63673.9 Ask:  63674.0
17:10:02.558561> Signal 2(s), Bid: 63675.1 Ask:  63675.2
17:10:09.723942> Signal 1(s), Bid: 63662.0 Ask:  63662.1
17:10:19.763928> Signal 1(s), Bid: 63660.0 Ask:  63660.1
17:10:45.257587> Signal 2(s), Bid: 63659.5 Ask:  63659.6
17:11:34.444081> Signal 1(s), Bid: 63656.0 Ask:  63656.1
17:11:35.711724> Signal 1(s), Bid: 63650.0 Ask:  63650.1
17:13:09.735972> Signal 1(s), Bid: 63649.9 Ask:  63650.0
17:14:37.150422> Signal 1(s), Bid: 63667.9 Ask:  63668.0
17:14:37.695454> Signal 1(s), Bid: 63667.9 Ask:  63668.0
17:14:41.994263> Signal 1(s), Bid: 63667.9 Ask:  63668.0
17:15:19.054204> Signal 1(s), Bid: 63673.9 Ask:  63674.0
17:16:19.709166> Signal 1(s), Bid: 63662.0 Ask:  63662.1
17:16:26.370455> Signal 1(s), Bid: 63654.0 Ask:  63654.1
17:16:46.178568> Signal 1(s), Bid: 63630.0 Ask:  63630.1
17:16:47.688802> Signal 1(s), Bid: 63627.3 Ask:  63627.4
17:17:52.625162> Signal 1(s), Bid: 63601.9 Ask:  63602.0
17:18:37.592855> Signal 1(s), Bid: 63587.0 Ask:  63587.1
17:18:46.708036> Signal 1(s), Bid: 63582.9 Ask:  63583.0
17:18:57.914961> Signal 1(s), Bid: 63576.9 Ask:  63577.0
17:19:19.845854> Signal 2(s), Bid: 63591.9 Ask:  63592.0
17:19:31.933867> Signal 1(s), Bid: 63590.0 Ask:  63590.1
17:19:36.641604> Signal 1(s), Bid: 63582.8 Ask:  63582.9
17:19:46.258926> Signal 1(s), Bid: 63570.0 Ask:  63570.1
17:20:17.797210> Signal 1(s), Bid: 63571.0 Ask:  63571.1
17:20:32.133919> Signal 1(s), Bid: 63568.8 Ask:  63568.9
17:20:39.968966> Signal 1(s), Bid: 63561.5 Ask:  63561.6
17:20:40.261981> Signal 1(s), Bid: 63561.5 Ask:  63561.6
17:20:42.369942> Signal 1(s), Bid: 63550.0 Ask:  63550.1
17:20:54.472466> Signal 1(s), Bid: 63538.4 Ask:  63538.5
17:21:09.280839> Signal 1(s), Bid: 63538.0 Ask:  63538.1
17:21:39.924264> Signal 2(s), Bid: 63542.8 Ask:  63542.9
17:21:44.446162> Signal 2(s), Bid: 63545.9 Ask:  63546.0
17:22:13.850730> Signal 1(s), Bid: 63527.0 Ask:  63527.1
17:22:33.264762> Signal 1(s), Bid: 63520.0 Ask:  63520.1
17:22:35.912545> Signal 1(s), Bid: 63512.0 Ask:  63512.1
17:22:46.213572> Signal 2(s), Bid: 63507.6 Ask:  63507.7
17:22:53.375554> Signal 2(s), Bid: 63509.9 Ask:  63510.0
17:23:16.483372> Signal 2(s), Bid: 63524.0 Ask:  63524.1
17:24:02.524131> Signal 2(s), Bid: 63549.9 Ask:  63550.0
17:24:05.747225> Signal 2(s), Bid: 63559.8 Ask:  63559.9
17:24:09.694087> Signal 2(s), Bid: 63560.5 Ask:  63560.6
17:24:25.456712> Signal 2(s), Bid: 63588.5 Ask:  63588.6
17:25:59.580782> Signal 1(s), Bid: 63591.9 Ask:  63592.0
17:26:39.032117> Signal 1(s), Bid: 63580.5 Ask:  63580.6
17:27:54.112483> Signal 2(s), Bid: 63603.2 Ask:  63603.3
17:28:42.422373> Signal 1(s), Bid: 63594.0 Ask:  63594.1
17:30:52.948281> Signal 2(s), Bid: 63575.3 Ask:  63575.4
17:31:03.648239> Signal 2(s), Bid: 63588.2 Ask:  63588.3
17:31:14.470909> Signal 2(s), Bid: 63592.9 Ask:  63593.1
17:32:49.865562> Signal 2(s), Bid: 63606.0 Ask:  63606.1
17:33:05.609303> Signal 2(s), Bid: 63602.0 Ask:  63602.1
17:33:12.303024> Signal 2(s), Bid: 63592.0 Ask:  63592.1
17:33:42.731363> Signal 2(s), Bid: 63616.8 Ask:  63617.7
17:33:43.331377> Signal 2(s), Bid: 63618.1 Ask:  63618.2
17:33:44.871755> Signal 2(s), Bid: 63618.1 Ask:  63618.2
17:33:50.383643> Signal 2(s), Bid: 63620.7 Ask:  63620.8
17:34:09.038722> Signal 2(s), Bid: 63675.9 Ask:  63676.0
17:34:24.014530> Signal 1(s), Bid: 63652.0 Ask:  63652.1
17:34:37.864629> Signal 1(s), Bid: 63658.0 Ask:  63658.1
17:34:43.083917> Signal 1(s), Bid: 63636.4 Ask:  63636.5
17:34:55.108428> Signal 1(s), Bid: 63628.0 Ask:  63628.1
17:35:02.159700> Signal 1(s), Bid: 63626.0 Ask:  63626.1
17:35:16.655715> Signal 1(s), Bid: 63599.2 Ask:  63599.3
17:35:29.102371> Signal 1(s), Bid: 63613.9 Ask:  63614.0
17:35:32.774360> Signal 1(s), Bid: 63598.0 Ask:  63598.1
17:35:38.969613> Signal 1(s), Bid: 63586.0 Ask:  63586.1
17:35:39.472629> Signal 1(s), Bid: 63580.0 Ask:  63580.1
17:35:51.854609> Signal 1(s), Bid: 63580.0 Ask:  63580.1
17:36:02.656499> Signal 1(s), Bid: 63565.2 Ask:  63565.3
17:36:17.610861> Signal 1(s), Bid: 63535.8 Ask:  63535.9
17:36:19.025317> Signal 1(s), Bid: 63534.5 Ask:  63534.6
17:36:22.111008> Signal 1(s), Bid: 63524.6 Ask:  63524.7
17:36:26.419441> Signal 1(s), Bid: 63520.0 Ask:  63520.1
17:36:55.598703> Signal 1(s), Bid: 63525.9 Ask:  63526.0
17:37:11.760815> Signal 1(s), Bid: 63521.1 Ask:  63521.2
17:37:35.796898> Signal 1(s), Bid: 63532.0 Ask:  63532.1
17:38:53.664466> Signal 2(s), Bid: 63542.8 Ask:  63542.9
17:39:10.903836> Signal 1(s), Bid: 63540.0 Ask:  63540.1
17:39:37.628030> Signal 1(s), Bid: 63543.5 Ask:  63543.6
17:39:57.820323> Signal 1(s), Bid: 63538.0 Ask:  63538.1
17:40:04.955045> Signal 1(s), Bid: 63534.1 Ask:  63534.2
17:40:33.997167> Signal 1(s), Bid: 63523.4 Ask:  63523.5
17:40:46.129012> Signal 1(s), Bid: 63510.0 Ask:  63510.1
17:41:11.362367> Signal 2(s), Bid: 63503.9 Ask:  63504.0
17:41:24.468646> Signal 2(s), Bid: 63525.9 Ask:  63526.0
17:41:24.883678> Signal 2(s), Bid: 63531.5 Ask:  63532.0
17:41:30.185346> Signal 1(s), Bid: 63516.9 Ask:  63517.0
17:41:45.196631> Signal 1(s), Bid: 63503.1 Ask:  63503.2
17:41:58.874555> Signal 1(s), Bid: 63471.1 Ask:  63471.2
17:42:14.172244> Signal 1(s), Bid: 63481.9 Ask:  63482.0
17:42:23.773528> Signal 2(s), Bid: 63485.9 Ask:  63486.0
17:43:12.847350> Signal 2(s), Bid: 63501.9 Ask:  63502.0
17:43:14.357182> Signal 2(s), Bid: 63501.9 Ask:  63502.0
17:43:21.488058> Signal 2(s), Bid: 63502.7 Ask:  63502.8
17:43:37.803894> Signal 1(s), Bid: 63502.0 Ask:  63502.1
17:44:37.769159> Signal 1(s), Bid: 63502.8 Ask:  63502.9
17:44:39.070872> Signal 1(s), Bid: 63500.0 Ask:  63500.1
17:45:02.021760> Signal 1(s), Bid: 63501.9 Ask:  63502.0
17:45:09.246968> Signal 1(s), Bid: 63494.0 Ask:  63494.1
17:45:22.164360> Signal 1(s), Bid: 63488.0 Ask:  63488.1
17:45:29.883458> Signal 1(s), Bid: 63488.0 Ask:  63488.1
17:45:39.091738> Signal 1(s), Bid: 63480.0 Ask:  63480.1
17:45:43.350614> Signal 1(s), Bid: 63480.0 Ask:  63480.1
17:45:49.391348> Signal 1(s), Bid: 63472.0 Ask:  63472.1
17:46:17.989288> Signal 2(s), Bid: 63491.9 Ask:  63492.0
17:47:15.274502> Signal 2(s), Bid: 63459.9 Ask:  63460.0
17:47:36.814802> Signal 2(s), Bid: 63485.9 Ask:  63486.0
17:47:41.054262> Signal 2(s), Bid: 63487.9 Ask:  63488.0
17:47:53.177125> Signal 1(s), Bid: 63492.0 Ask:  63492.1
17:48:20.935971> Signal 1(s), Bid: 63488.6 Ask:  63488.7
17:48:22.356165> Signal 1(s), Bid: 63480.0 Ask:  63480.1
17:48:32.013250> Signal 1(s), Bid: 63478.0 Ask:  63478.1
17:48:49.031546> Signal 1(s), Bid: 63470.0 Ask:  63470.1
17:49:29.560809> Signal 1(s), Bid: 63467.9 Ask:  63468.0
17:50:07.355459> Signal 1(s), Bid: 63462.0 Ask:  63462.1
17:50:29.135126> Signal 1(s), Bid: 63469.9 Ask:  63470.0
17:50:50.596149> Signal 2(s), Bid: 63481.6 Ask:  63481.7
17:50:59.893414> Signal 2(s), Bid: 63491.0 Ask:  63491.1
17:51:35.721043> Signal 2(s), Bid: 63509.9 Ask:  63510.0
17:51:59.076240> Signal 1(s), Bid: 63513.4 Ask:  63513.5
17:52:01.614385> Signal 1(s), Bid: 63510.7 Ask:  63510.8
17:52:30.620323> Signal 2(s), Bid: 63519.9 Ask:  63520.0
17:52:38.514094> Signal 2(s), Bid: 63519.9 Ask:  63520.0
17:53:00.038017> Signal 2(s), Bid: 63519.9 Ask:  63520.0
17:53:17.028454> Signal 2(s), Bid: 63519.9 Ask:  63520.0
17:53:26.430383> Signal 2(s), Bid: 63524.2 Ask:  63524.3
17:54:16.376474> Signal 2(s), Bid: 63518.8 Ask:  63518.9
17:55:04.718185> Signal 1(s), Bid: 63526.0 Ask:  63526.1
17:56:15.057868> Signal 2(s), Bid: 63539.8 Ask:  63539.9
17:56:19.090141> Signal 2(s), Bid: 63545.7 Ask:  63545.8
17:57:16.540129> Signal 1(s), Bid: 63542.0 Ask:  63542.1
17:58:02.327957> Signal 2(s), Bid: 63541.9 Ask:  63542.0
17:58:10.882010> Signal 2(s), Bid: 63541.9 Ask:  63542.0
17:58:17.745677> Signal 2(s), Bid: 63541.9 Ask:  63542.0
17:58:27.032765> Signal 2(s), Bid: 63540.0 Ask:  63540.1
17:59:15.383023> Signal 2(s), Bid: 63558.0 Ask:  63558.1
17:59:37.380014> Signal 2(s), Bid: 63559.9 Ask:  63560.0
17:59:55.239325> Signal 1(s), Bid: 63558.0 Ask:  63558.1
18:01:05.776268> Signal 2(s), Bid: 63555.5 Ask:  63556.2
18:01:15.123212> Signal 2(s), Bid: 63559.9 Ask:  63560.0
18:01:48.563851> Signal 2(s), Bid: 63567.8 Ask:  63567.9
18:02:06.699882> Signal 2(s), Bid: 63579.9 Ask:  63580.0
18:02:16.153202> Signal 2(s), Bid: 63582.5 Ask:  63582.6
18:02:25.730545> Signal 2(s), Bid: 63589.9 Ask:  63590.0
18:02:40.191557> Signal 2(s), Bid: 63588.8 Ask:  63588.9
18:02:45.606830> Signal 2(s), Bid: 63606.7 Ask:  63606.8
18:03:22.842264> Signal 1(s), Bid: 63579.2 Ask:  63579.3
18:03:49.750381> Signal 1(s), Bid: 63558.0 Ask:  63558.1
18:03:50.477391> Signal 1(s), Bid: 63542.7 Ask:  63542.8
18:03:58.346648> Signal 1(s), Bid: 63529.9 Ask:  63530.0
18:03:58.677669> Signal 1(s), Bid: 63529.9 Ask:  63530.0
18:04:21.064671> Signal 2(s), Bid: 63527.4 Ask:  63527.5
18:04:52.537047> Signal 2(s), Bid: 63531.9 Ask:  63532.0
18:05:24.909270> Signal 2(s), Bid: 63505.4 Ask:  63505.5
18:06:30.956125> Signal 2(s), Bid: 63507.9 Ask:  63508.0
18:06:32.656405> Signal 2(s), Bid: 63515.9 Ask:  63516.0
18:06:40.909941> Signal 2(s), Bid: 63517.9 Ask:  63518.0
18:07:07.214159> Signal 2(s), Bid: 63543.9 Ask:  63544.0
18:07:34.884311> Signal 2(s), Bid: 63568.6 Ask:  63568.7
18:08:28.335362> Signal 2(s), Bid: 63564.0 Ask:  63564.1
18:09:10.999746> Signal 2(s), Bid: 63567.9 Ask:  63568.0
18:09:11.175226> Signal 2(s), Bid: 63567.9 Ask:  63568.0
18:09:53.782995> Signal 2(s), Bid: 63587.9 Ask:  63588.0
18:09:59.018811> Signal 2(s), Bid: 63606.0 Ask:  63606.1
18:11:38.040071> Signal 1(s), Bid: 63550.6 Ask:  63550.7
18:11:41.977539> Signal 1(s), Bid: 63547.6 Ask:  63547.7
18:11:49.243660> Signal 1(s), Bid: 63541.0 Ask:  63541.1
18:11:57.305886> Signal 1(s), Bid: 63514.7 Ask:  63514.8
18:11:59.416611> Signal 1(s), Bid: 63511.4 Ask:  63511.5
18:12:07.985912> Signal 1(s), Bid: 63505.9 Ask:  63506.0
18:12:10.324561> Signal 1(s), Bid: 63507.9 Ask:  63508.0
18:12:28.043245> Signal 2(s), Bid: 63507.9 Ask:  63508.0
18:12:30.116625> Signal 1(s), Bid: 63501.0 Ask:  63501.1
18:13:06.100693> Signal 2(s), Bid: 63504.0 Ask:  63504.1
18:13:28.737288> Signal 2(s), Bid: 63504.0 Ask:  63504.1
18:14:08.496444> Signal 2(s), Bid: 63532.0 Ask:  63532.1
18:15:01.790243> Signal 2(s), Bid: 63526.0 Ask:  63526.1
18:16:00.888644> Signal 2(s), Bid: 63502.3 Ask:  63502.4
18:16:20.456804> Signal 1(s), Bid: 63502.0 Ask:  63502.1
18:16:39.855873> Signal 1(s), Bid: 63490.0 Ask:  63490.1
18:16:41.627020> Signal 1(s), Bid: 63490.0 Ask:  63490.1
18:16:42.026043> Signal 1(s), Bid: 63490.0 Ask:  63490.1
18:16:45.234247> Signal 1(s), Bid: 63479.6 Ask:  63479.7
18:16:59.624562> Signal 1(s), Bid: 63474.1 Ask:  63474.2
18:17:20.052557> Signal 1(s), Bid: 63472.0 Ask:  63472.1
18:17:51.777141> Signal 2(s), Bid: 63459.9 Ask:  63460.0
18:19:07.997985> Signal 2(s), Bid: 63493.9 Ask:  63494.0
18:19:08.863034> Signal 2(s), Bid: 63500.4 Ask:  63500.5
18:21:26.324359> Signal 2(s), Bid: 63495.9 Ask:  63496.0
18:22:10.993463> Signal 2(s), Bid: 63519.9 Ask:  63520.0
18:22:32.251946> Signal 1(s), Bid: 63496.0 Ask:  63496.1
18:22:52.016750> Signal 2(s), Bid: 63496.0 Ask:  63496.1
18:24:00.333437> Signal 1(s), Bid: 63486.3 Ask:  63486.4
18:24:03.202476> Signal 1(s), Bid: 63482.9 Ask:  63483.0
18:24:42.471704> Signal 1(s), Bid: 63481.9 Ask:  63482.0
18:25:15.349970> Signal 2(s), Bid: 63477.5 Ask:  63477.6
18:25:26.854975> Signal 1(s), Bid: 63470.0 Ask:  63470.1
18:26:15.980089> Signal 2(s), Bid: 63459.9 Ask:  63460.0
18:28:21.229489> Signal 1(s), Bid: 63482.9 Ask:  63483.0
18:28:49.271387> Signal 2(s), Bid: 63486.1 Ask:  63486.2
18:29:00.830263> Signal 1(s), Bid: 63480.1 Ask:  63480.2
18:29:05.473442> Signal 1(s), Bid: 63481.7 Ask:  63481.8
18:30:08.187591> Signal 2(s), Bid: 63483.9 Ask:  63484.0
18:30:08.630614> Signal 2(s), Bid: 63487.9 Ask:  63488.0
18:30:17.003431> Signal 1(s), Bid: 63466.0 Ask:  63466.1
18:30:21.667636> Signal 2(s), Bid: 63477.3 Ask:  63477.4
18:30:44.514746> Signal 1(s), Bid: 63461.7 Ask:  63461.8
18:31:46.656249> Signal 2(s), Bid: 63469.9 Ask:  63470.0
18:32:14.091329> Signal 2(s), Bid: 63468.0 Ask:  63468.1
18:33:13.360421> Signal 1(s), Bid: 63464.0 Ask:  63464.1
18:33:28.009646> Signal 1(s), Bid: 63455.4 Ask:  63455.5
18:34:05.071668> Signal 1(s), Bid: 63451.0 Ask:  63451.1
18:34:16.612556> Signal 1(s), Bid: 63442.4 Ask:  63442.5
18:34:17.571998> Signal 1(s), Bid: 63442.4 Ask:  63442.5
18:34:17.968713> Signal 1(s), Bid: 63429.3 Ask:  63430.2
18:34:29.403167> Signal 1(s), Bid: 63420.0 Ask:  63420.1
18:35:00.402707> Signal 2(s), Bid: 63419.9 Ask:  63420.0
18:35:59.971888> Signal 2(s), Bid: 63481.3 Ask:  63481.4
18:36:28.888137> Signal 2(s), Bid: 63477.9 Ask:  63478.0
18:36:40.632472> Signal 1(s), Bid: 63483.9 Ask:  63484.0
18:38:02.215304> Signal 2(s), Bid: 63494.9 Ask:  63495.0
18:38:03.695492> Signal 2(s), Bid: 63494.9 Ask:  63495.0
18:38:21.915925> Signal 2(s), Bid: 63499.8 Ask:  63499.9
18:39:11.186900> Signal 2(s), Bid: 63506.1 Ask:  63506.2
18:39:20.570609> Signal 2(s), Bid: 63514.6 Ask:  63514.7
18:39:51.825304> Signal 2(s), Bid: 63531.8 Ask:  63531.9
18:41:12.999035> Signal 2(s), Bid: 63507.7 Ask:  63507.8
18:41:24.942727> Signal 2(s), Bid: 63513.9 Ask:  63514.0
18:41:27.247869> Signal 2(s), Bid: 63521.9 Ask:  63522.0
18:41:35.581911> Signal 2(s), Bid: 63520.0 Ask:  63520.1
18:42:05.005071> Signal 1(s), Bid: 63527.9 Ask:  63528.0
18:42:55.444909> Signal 2(s), Bid: 63531.9 Ask:  63532.0
18:43:08.264317> Signal 2(s), Bid: 63533.8 Ask:  63533.9
18:43:12.603578> Signal 2(s), Bid: 63540.4 Ask:  63540.5
18:43:15.202281> Signal 2(s), Bid: 63540.4 Ask:  63540.5
18:43:56.421115> Signal 1(s), Bid: 63510.0 Ask:  63510.1
18:46:01.310601> Signal 1(s), Bid: 63508.0 Ask:  63508.1
18:46:14.760551> Signal 1(s), Bid: 63505.8 Ask:  63505.9
18:46:32.860856> Signal 1(s), Bid: 63494.4 Ask:  63494.5
18:46:33.575642> Signal 1(s), Bid: 63489.7 Ask:  63489.8
18:48:12.605206> Signal 1(s), Bid: 63474.6 Ask:  63474.7
18:48:15.829148> Signal 1(s), Bid: 63465.4 Ask:  63465.5
18:48:25.090930> Signal 1(s), Bid: 63458.8 Ask:  63458.9
18:48:31.406432> Signal 1(s), Bid: 63444.3 Ask:  63444.4
18:48:35.685962> Signal 1(s), Bid: 63442.1 Ask:  63442.2
18:48:42.880428> Signal 1(s), Bid: 63442.1 Ask:  63442.2
18:48:56.176317> Signal 1(s), Bid: 63431.3 Ask:  63431.4
18:49:14.964081> Signal 2(s), Bid: 63441.9 Ask:  63442.0
18:50:07.797206> Signal 1(s), Bid: 63456.6 Ask:  63456.7
18:50:27.551277> Signal 2(s), Bid: 63469.9 Ask:  63470.0
18:50:34.162149> Signal 2(s), Bid: 63476.5 Ask:  63476.6
18:50:39.699435> Signal 2(s), Bid: 63476.5 Ask:  63476.6
18:50:57.092868> Signal 2(s), Bid: 63490.8 Ask:  63490.9
18:53:24.165578> Signal 2(s), Bid: 63473.5 Ask:  63473.6
18:54:15.498334> Signal 2(s), Bid: 63453.1 Ask:  63453.2
18:54:28.388352> Signal 2(s), Bid: 63461.8 Ask:  63461.9
18:54:32.215048> Signal 2(s), Bid: 63465.9 Ask:  63466.0
18:56:00.346973> Signal 2(s), Bid: 63493.9 Ask:  63494.0
18:56:29.877922> Signal 2(s), Bid: 63508.9 Ask:  63509.0
18:56:42.920655> Signal 2(s), Bid: 63508.9 Ask:  63509.0
18:57:01.371245> Signal 2(s), Bid: 63507.0 Ask:  63507.1
18:57:27.999930> Signal 1(s), Bid: 63494.4 Ask:  63494.5
19:00:04.862042> Signal 1(s), Bid: 63489.9 Ask:  63490.0
19:00:52.906819> Signal 2(s), Bid: 63514.0 Ask:  63514.1
19:01:47.565211> Signal 1(s), Bid: 63504.0 Ask:  63504.1
19:01:53.475683> Signal 1(s), Bid: 63498.0 Ask:  63498.1
19:02:46.659767> Signal 2(s), Bid: 63534.1 Ask:  63534.2
19:03:10.480602> Signal 2(s), Bid: 63548.7 Ask:  63548.8
19:04:03.409410> Signal 1(s), Bid: 63596.6 Ask:  63596.7
19:04:11.893642> Signal 1(s), Bid: 63578.0 Ask:  63578.1
19:04:33.997202> Signal 1(s), Bid: 63572.0 Ask:  63572.1
19:04:42.690482> Signal 1(s), Bid: 63572.0 Ask:  63572.1
19:05:09.642166> Signal 1(s), Bid: 63566.0 Ask:  63566.1
19:05:16.908495> Signal 1(s), Bid: 63556.0 Ask:  63556.1
19:05:28.438616> Signal 2(s), Bid: 63555.9 Ask:  63556.0
19:05:30.847667> Signal 2(s), Bid: 63559.9 Ask:  63560.0
19:05:41.565016> Signal 2(s), Bid: 63563.9 Ask:  63564.0
19:05:50.378175> Signal 2(s), Bid: 63563.9 Ask:  63564.0
19:05:53.318744> Signal 2(s), Bid: 63575.9 Ask:  63576.0
19:05:56.811131> Signal 2(s), Bid: 63575.9 Ask:  63576.0
19:06:00.794105> Signal 2(s), Bid: 63573.9 Ask:  63574.0
19:06:12.224631> Signal 2(s), Bid: 63580.5 Ask:  63580.6
19:06:37.425458> Signal 2(s), Bid: 63577.7 Ask:  63577.8
19:09:23.002591> Signal 1(s), Bid: 63587.1 Ask:  63587.2
19:09:57.596356> Signal 1(s), Bid: 63570.0 Ask:  63570.1
19:10:08.368742> Signal 1(s), Bid: 63558.0 Ask:  63558.1
19:10:10.754026> Signal 1(s), Bid: 63556.0 Ask:  63556.1
19:10:37.883251> Signal 2(s), Bid: 63556.1 Ask:  63556.2
19:11:23.654360> Signal 1(s), Bid: 63586.0 Ask:  63586.1
19:11:36.527401> Signal 1(s), Bid: 63567.9 Ask:  63568.0
19:11:41.354887> Signal 1(s), Bid: 63565.4 Ask:  63565.5
19:11:44.904614> Signal 1(s), Bid: 63560.0 Ask:  63560.1
19:11:49.845258> Signal 1(s), Bid: 63550.0 Ask:  63550.1
19:11:59.475656> Signal 1(s), Bid: 63531.1 Ask:  63531.2
19:12:06.495166> Signal 1(s), Bid: 63513.4 Ask:  63514.1
19:12:47.285146> Signal 2(s), Bid: 63547.5 Ask:  63547.6
19:13:00.525095> Signal 1(s), Bid: 63546.0 Ask:  63546.1
19:13:24.514033> Signal 1(s), Bid: 63532.0 Ask:  63532.1
19:15:11.313546> Signal 1(s), Bid: 63545.9 Ask:  63546.0
19:15:37.533457> Signal 2(s), Bid: 63542.6 Ask:  63542.7
19:16:25.807930> Signal 1(s), Bid: 63529.9 Ask:  63530.0
19:16:33.762207> Signal 1(s), Bid: 63522.1 Ask:  63522.2
19:16:41.087099> Signal 1(s), Bid: 63522.1 Ask:  63522.2
19:18:07.850906> Signal 1(s), Bid: 63465.9 Ask:  63466.0
19:18:11.524015> Signal 1(s), Bid: 63447.4 Ask:  63447.5
19:18:18.192973> Signal 1(s), Bid: 63441.9 Ask:  63442.0
19:19:04.498571> Signal 1(s), Bid: 63447.9 Ask:  63448.0
19:19:27.257920> Signal 2(s), Bid: 63458.7 Ask:  63458.8
19:19:39.826194> Signal 2(s), Bid: 63471.9 Ask:  63472.0
19:19:46.090549> Signal 2(s), Bid: 63481.7 Ask:  63481.8
19:20:16.882286> Signal 2(s), Bid: 63479.8 Ask:  63479.9
19:21:40.743189> Signal 2(s), Bid: 63519.7 Ask:  63519.8
19:22:52.851650> Signal 2(s), Bid: 63543.3 Ask:  63543.4
19:23:00.586197> Signal 2(s), Bid: 63559.9 Ask:  63560.0
19:23:01.808760> Signal 2(s), Bid: 63562.0 Ask:  63562.1
19:23:05.571933> Signal 2(s), Bid: 63586.0 Ask:  63590.0
19:23:08.309666> Signal 2(s), Bid: 63593.9 Ask:  63594.0
19:23:21.157822> Signal 2(s), Bid: 63635.9 Ask:  63636.0
19:23:28.912669> Signal 2(s), Bid: 63668.8 Ask:  63668.9
19:23:52.194933> Signal 2(s), Bid: 63663.9 Ask:  63664.0
19:23:54.299834> Signal 2(s), Bid: 63669.9 Ask:  63670.0
19:24:05.333455> Signal 2(s), Bid: 63669.5 Ask:  63669.6
19:24:28.032989> Signal 2(s), Bid: 63645.9 Ask:  63646.0
19:24:30.475738> Signal 2(s), Bid: 63645.9 Ask:  63646.0
19:24:37.547465> Signal 2(s), Bid: 63674.3 Ask:  63674.4
19:25:21.168457> Signal 2(s), Bid: 63664.0 Ask:  63664.1
19:25:59.009032> Signal 1(s), Bid: 63639.0 Ask:  63639.1
19:27:14.927416> Signal 2(s), Bid: 63641.9 Ask:  63642.0
19:27:20.607586> Signal 2(s), Bid: 63641.9 Ask:  63642.0
19:27:28.904076> Signal 2(s), Bid: 63650.0 Ask:  63650.1
19:27:33.918642> Signal 2(s), Bid: 63663.9 Ask:  63664.0
19:28:43.069540> Signal 1(s), Bid: 63638.0 Ask:  63638.1
19:28:48.901001> Signal 1(s), Bid: 63638.0 Ask:  63638.1
19:29:16.079248> Signal 1(s), Bid: 63645.9 Ask:  63646.0
19:30:37.574555> Signal 1(s), Bid: 63627.2 Ask:  63627.3
19:31:03.298016> Signal 2(s), Bid: 63637.1 Ask:  63637.2
19:31:41.213514> Signal 2(s), Bid: 63650.8 Ask:  63650.9
19:31:44.144468> Signal 2(s), Bid: 63651.9 Ask:  63652.0
19:31:46.197772> Signal 2(s), Bid: 63651.9 Ask:  63652.0
19:32:25.949130> Signal 2(s), Bid: 63683.1 Ask:  63683.2
19:32:28.013094> Signal 2(s), Bid: 63694.2 Ask:  63694.3
19:32:54.709901> Signal 2(s), Bid: 63697.8 Ask:  63697.9
19:33:07.777330> Signal 2(s), Bid: 63714.0 Ask:  63714.1
19:33:12.534051> Signal 2(s), Bid: 63714.0 Ask:  63714.1
19:33:27.182830> Signal 2(s), Bid: 63700.0 Ask:  63700.1
19:33:30.162331> Signal 2(s), Bid: 63699.9 Ask:  63700.0
19:33:32.704720> Signal 2(s), Bid: 63699.9 Ask:  63700.0
19:33:57.880317> Signal 2(s), Bid: 63703.6 Ask:  63703.7
19:34:03.525121> Signal 2(s), Bid: 63712.0 Ask:  63712.1
19:34:07.632149> Signal 2(s), Bid: 63712.0 Ask:  63712.1
19:34:15.201113> Signal 2(s), Bid: 63712.0 Ask:  63712.1
19:35:01.216775> Signal 2(s), Bid: 63730.9 Ask:  63731.0
19:35:09.092653> Signal 2(s), Bid: 63754.0 Ask:  63754.1
19:35:22.031910> Signal 1(s), Bid: 63727.0 Ask:  63727.1
19:36:14.762446> Signal 2(s), Bid: 63716.0 Ask:  63717.6
19:36:31.717766> Signal 1(s), Bid: 63683.7 Ask:  63684.1
19:36:49.033246> Signal 2(s), Bid: 63677.0 Ask:  63677.1
19:37:22.814157> Signal 2(s), Bid: 63668.0 Ask:  63668.1
19:37:39.492303> Signal 2(s), Bid: 63694.1 Ask:  63694.8
19:37:41.115397> Signal 2(s), Bid: 63697.5 Ask:  63697.6
19:37:46.323709> Signal 2(s), Bid: 63701.1 Ask:  63701.2
19:38:12.856155> Signal 1(s), Bid: 63681.3 Ask:  63681.4
19:38:18.734311> Signal 1(s), Bid: 63674.0 Ask:  63674.1
19:39:14.993269> Signal 2(s), Bid: 63677.8 Ask:  63677.9
19:39:27.925199> Signal 1(s), Bid: 63678.4 Ask:  63678.5
19:39:46.703532> Signal 1(s), Bid: 63673.0 Ask:  63673.1
19:39:57.132882> Signal 1(s), Bid: 63664.8 Ask:  63664.9
19:40:02.354310> Signal 1(s), Bid: 63664.5 Ask:  63664.6
19:40:54.648927> Signal 2(s), Bid: 63681.9 Ask:  63682.0
19:42:49.918283> Signal 1(s), Bid: 63685.0 Ask:  63685.1
19:42:50.319306> Signal 1(s), Bid: 63674.6 Ask:  63674.7
19:43:23.375363> Signal 1(s), Bid: 63657.6 Ask:  63657.7
19:43:25.167084> Signal 1(s), Bid: 63657.6 Ask:  63657.7
19:44:00.638824> Signal 1(s), Bid: 63642.9 Ask:  63643.0
19:44:05.260244> Signal 1(s), Bid: 63638.0 Ask:  63638.1
19:44:11.817143> Signal 1(s), Bid: 63633.8 Ask:  63633.9
19:44:35.332320> Signal 1(s), Bid: 63625.5 Ask:  63625.6
19:44:37.396554> Signal 1(s), Bid: 63625.5 Ask:  63625.6
19:44:48.266245> Signal 1(s), Bid: 63625.5 Ask:  63625.6
19:45:00.604891> Signal 1(s), Bid: 63615.3 Ask:  63615.4
19:45:04.796158> Signal 1(s), Bid: 63614.6 Ask:  63614.7
19:45:49.928970> Signal 1(s), Bid: 63608.7 Ask:  63608.8
19:46:08.720061> Signal 1(s), Bid: 63617.5 Ask:  63617.6
19:47:18.876629> Signal 1(s), Bid: 63614.3 Ask:  63614.4
19:48:11.622618> Signal 1(s), Bid: 63614.0 Ask:  63614.1
19:48:15.895800> Signal 1(s), Bid: 63599.9 Ask:  63600.0
19:48:17.418379> Signal 1(s), Bid: 63599.9 Ask:  63600.0
19:48:44.993860> Signal 1(s), Bid: 63555.9 Ask:  63556.0
19:48:53.172939> Signal 1(s), Bid: 63567.9 Ask:  63568.0
19:49:40.114005> Signal 1(s), Bid: 63556.0 Ask:  63556.1
19:50:09.244845> Signal 1(s), Bid: 63552.6 Ask:  63552.7
19:50:09.499860> Signal 1(s), Bid: 63537.8 Ask:  63537.9
19:50:14.964513> Signal 1(s), Bid: 63534.8 Ask:  63534.9
19:50:15.281715> Signal 1(s), Bid: 63523.2 Ask:  63523.3
19:50:19.880457> Signal 1(s), Bid: 63515.8 Ask:  63515.9
19:50:29.162455> Signal 1(s), Bid: 63515.8 Ask:  63515.9
19:50:33.856974> Signal 1(s), Bid: 63515.8 Ask:  63515.9
19:50:35.463653> Signal 1(s), Bid: 63515.8 Ask:  63515.9
19:50:43.660320> Signal 1(s), Bid: 63512.3 Ask:  63512.4
19:51:05.687501> Signal 2(s), Bid: 63519.9 Ask:  63520.0
19:51:17.097288> Signal 1(s), Bid: 63509.6 Ask:  63509.7
19:51:27.848537> Signal 1(s), Bid: 63523.9 Ask:  63524.0
19:51:37.431327> Signal 2(s), Bid: 63527.9 Ask:  63528.0
19:51:48.246639> Signal 2(s), Bid: 63542.0 Ask:  63542.1
19:52:00.254853> Signal 2(s), Bid: 63551.9 Ask:  63552.0
19:52:03.038102> Signal 2(s), Bid: 63557.3 Ask:  63557.4
19:53:55.993985> Signal 2(s), Bid: 63566.8 Ask:  63566.9
19:54:14.466151> Signal 2(s), Bid: 63589.0 Ask:  63589.1
19:54:14.863646> Signal 2(s), Bid: 63589.0 Ask:  63589.1
19:54:24.463194> Signal 1(s), Bid: 63608.7 Ask:  63608.8
19:54:55.464464> Signal 2(s), Bid: 63606.9 Ask:  63607.0
19:54:57.195561> Signal 2(s), Bid: 63606.9 Ask:  63607.0
19:55:17.671770> Signal 2(s), Bid: 63621.2 Ask:  63621.3
19:55:41.659673> Signal 2(s), Bid: 63634.5 Ask:  63634.6
19:56:37.789156> Signal 2(s), Bid: 63633.7 Ask:  63633.8
19:57:34.288408> Signal 2(s), Bid: 63649.9 Ask:  63650.0
19:57:49.174623> Signal 2(s), Bid: 63657.9 Ask:  63658.0
19:58:05.165713> Signal 2(s), Bid: 63664.7 Ask:  63664.8
19:58:09.310940> Signal 2(s), Bid: 63672.7 Ask:  63672.8
19:58:16.475244> Signal 1(s), Bid: 63649.4 Ask:  63649.5
19:58:28.112031> Signal 1(s), Bid: 63636.0 Ask:  63636.1
19:59:37.370026> Signal 2(s), Bid: 63650.7 Ask:  63650.8
19:59:50.612224> Signal 2(s), Bid: 63657.8 Ask:  63657.9
19:59:52.307324> Signal 2(s), Bid: 63657.8 Ask:  63657.9
20:00:33.470686> Signal 2(s), Bid: 63647.9 Ask:  63648.0
20:01:20.990410> Signal 1(s), Bid: 63644.0 Ask:  63644.1
20:01:29.201877> Signal 2(s), Bid: 63635.1 Ask:  63635.2
20:03:23.651975> Signal 1(s), Bid: 63629.4 Ask:  63629.5
20:04:40.223976> Signal 1(s), Bid: 63616.0 Ask:  63616.1
20:04:42.242269> Signal 1(s), Bid: 63614.7 Ask:  63614.8
20:04:43.986160> Signal 1(s), Bid: 63604.3 Ask:  63604.4
20:05:23.747305> Signal 1(s), Bid: 63600.0 Ask:  63600.1
20:06:24.494908> Signal 2(s), Bid: 63617.9 Ask:  63618.0
20:06:30.693018> Signal 2(s), Bid: 63626.5 Ask:  63626.6
20:07:18.528076> Signal 2(s), Bid: 63636.3 Ask:  63636.4
20:07:33.829144> Signal 2(s), Bid: 63651.8 Ask:  63651.9
20:08:02.602859> Signal 1(s), Bid: 63657.2 Ask:  63657.3
20:10:04.129095> Signal 1(s), Bid: 63646.7 Ask:  63646.8
20:12:48.898874> Signal 2(s), Bid: 63677.3 Ask:  63677.4
20:13:26.526813> Signal 1(s), Bid: 63659.8 Ask:  63659.9
20:15:11.477507> Signal 1(s), Bid: 63662.2 Ask:  63662.3
20:15:13.070797> Signal 1(s), Bid: 63639.8 Ask:  63639.9
20:15:22.760291> Signal 1(s), Bid: 63636.4 Ask:  63636.5
20:15:23.032318> Signal 1(s), Bid: 63634.0 Ask:  63634.1
20:16:09.472675> Signal 1(s), Bid: 63613.6 Ask:  63613.7
20:17:09.639480> Signal 1(s), Bid: 63610.0 Ask:  63610.1
20:17:11.487596> Signal 1(s), Bid: 63604.3 Ask:  63604.4
20:18:18.663571> Signal 1(s), Bid: 63589.0 Ask:  63589.1
20:18:26.291919> Signal 2(s), Bid: 63611.0 Ask:  63611.1
20:20:22.479046> Signal 1(s), Bid: 63614.7 Ask:  63614.8
20:20:31.426232> Signal 1(s), Bid: 63612.0 Ask:  63612.1
20:23:35.625959> Signal 2(s), Bid: 63617.9 Ask:  63618.0
20:24:16.553193> Signal 1(s), Bid: 63610.0 Ask:  63610.1
20:24:16.643201> Signal 1(s), Bid: 63610.0 Ask:  63610.1
20:24:33.940192> Signal 1(s), Bid: 63580.0 Ask:  63580.1
20:25:23.122766> Signal 2(s), Bid: 63571.9 Ask:  63572.0
20:25:30.081167> Signal 2(s), Bid: 63578.7 Ask:  63578.8
20:27:07.142919> Signal 1(s), Bid: 63556.0 Ask:  63556.1
20:27:13.977309> Signal 1(s), Bid: 63556.0 Ask:  63556.1
20:27:36.120578> Signal 1(s), Bid: 63542.4 Ask:  63542.5
20:27:43.125027> Signal 1(s), Bid: 63531.9 Ask:  63532.0
20:27:51.873528> Signal 2(s), Bid: 63544.0 Ask:  63544.1
20:27:59.442962> Signal 2(s), Bid: 63544.0 Ask:  63544.1
20:28:04.254239> Signal 2(s), Bid: 63564.2 Ask:  63564.3
20:28:07.332414> Signal 2(s), Bid: 63575.2 Ask:  63575.3
20:28:08.766497> Signal 2(s), Bid: 63575.2 Ask:  63575.3
20:28:09.033512> Signal 2(s), Bid: 63575.2 Ask:  63575.3
20:28:09.936564> Signal 2(s), Bid: 63575.2 Ask:  63575.3
20:28:10.519597> Signal 2(s), Bid: 63575.2 Ask:  63575.3
20:28:13.451765> Signal 2(s), Bid: 63575.2 Ask:  63575.3
20:28:23.339927> Signal 2(s), Bid: 63548.0 Ask:  63548.1
20:30:04.343443> Signal 2(s), Bid: 63558.0 Ask:  63558.1
20:31:37.858636> Signal 2(s), Bid: 63585.9 Ask:  63586.0
20:33:06.358580> Signal 2(s), Bid: 63593.9 Ask:  63594.0
20:35:20.345390> Signal 1(s), Bid: 63593.2 Ask:  63593.3
20:35:37.568495> Signal 1(s), Bid: 63574.1 Ask:  63574.2
20:36:44.603100> Signal 2(s), Bid: 63593.9 Ask:  63594.0
20:36:45.001122> Signal 2(s), Bid: 63593.9 Ask:  63594.0
20:37:57.127347> Signal 2(s), Bid: 63596.9 Ask:  63597.0
20:38:23.849762> Signal 2(s), Bid: 63641.5 Ask:  63641.6
20:38:25.178836> Signal 2(s), Bid: 63641.5 Ask:  63641.6
20:38:25.624863> Signal 2(s), Bid: 63641.5 Ask:  63641.6
20:38:25.757872> Signal 2(s), Bid: 63646.7 Ask:  63646.8
20:38:26.100890> Signal 2(s), Bid: 63646.7 Ask:  63646.8
20:38:27.666980> Signal 2(s), Bid: 63646.7 Ask:  63646.8
20:38:31.224184> Signal 2(s), Bid: 63646.7 Ask:  63646.8
20:38:32.128235> Signal 2(s), Bid: 63646.7 Ask:  63646.8
20:38:33.393307> Signal 2(s), Bid: 63646.7 Ask:  63646.8
20:38:34.588376> Signal 2(s), Bid: 63646.7 Ask:  63646.8
20:38:35.847449> Signal 2(s), Bid: 63646.7 Ask:  63646.8
20:38:38.959631> Signal 2(s), Bid: 63648.0 Ask:  63648.1
20:38:40.745731> Signal 2(s), Bid: 63646.0 Ask:  63646.1
20:38:42.799848> Signal 2(s), Bid: 63646.0 Ask:  63646.1
20:38:43.126875> Signal 2(s), Bid: 63646.0 Ask:  63646.1
20:38:43.329878> Signal 2(s), Bid: 63646.0 Ask:  63646.1
20:38:43.505888> Signal 2(s), Bid: 63646.0 Ask:  63646.1
20:38:45.080977> Signal 2(s), Bid: 63646.0 Ask:  63646.1
20:38:45.404996> Signal 2(s), Bid: 63646.0 Ask:  63646.1
20:38:51.087325> Signal 2(s), Bid: 63655.9 Ask:  63656.0
20:38:51.547349> Signal 2(s), Bid: 63668.5 Ask:  63668.6
20:38:51.907370> Signal 2(s), Bid: 63668.5 Ask:  63668.6
20:39:01.520747> Signal 2(s), Bid: 63662.0 Ask:  63662.1
20:39:58.526313> Signal 2(s), Bid: 63651.9 Ask:  63652.0
20:41:23.020799> Signal 2(s), Bid: 63648.3 Ask:  63648.4
20:41:30.344220> Signal 2(s), Bid: 63651.3 Ask:  63651.4
20:41:34.345801> Signal 2(s), Bid: 63659.7 Ask:  63659.8
20:42:26.757807> Signal 2(s), Bid: 63669.9 Ask:  63670.0
20:42:43.316758> Signal 2(s), Bid: 63669.9 Ask:  63670.0
20:45:44.646117> Signal 1(s), Bid: 63677.9 Ask:  63678.0
20:46:39.193249> Signal 1(s), Bid: 63675.9 Ask:  63676.0
20:46:45.577609> Signal 1(s), Bid: 63675.9 Ask:  63676.0
20:47:57.512137> Signal 2(s), Bid: 63691.9 Ask:  63692.0
20:51:18.045635> Signal 2(s), Bid: 63703.1 Ask:  63703.2
20:51:23.465946> Signal 2(s), Bid: 63692.2 Ask:  63692.3
20:52:17.867150> Signal 2(s), Bid: 63703.1 Ask:  63703.2
20:53:00.116487> Signal 2(s), Bid: 63698.0 Ask:  63698.1
20:53:15.159350> Signal 2(s), Bid: 63698.1 Ask:  63698.2
20:53:21.866735> Signal 2(s), Bid: 63672.4 Ask:  63672.5
20:53:22.856791> Signal 2(s), Bid: 63683.6 Ask:  63683.7
20:53:27.901080> Signal 2(s), Bid: 63674.0 Ask:  63674.1
20:53:35.837534> Signal 1(s), Bid: 63716.5 Ask:  63716.6
20:53:39.321736> Signal 1(s), Bid: 63695.1 Ask:  63695.2
20:53:42.131162> Signal 1(s), Bid: 63695.1 Ask:  63695.2
20:53:51.387676> Signal 1(s), Bid: 63695.1 Ask:  63695.2
20:54:13.211416> Signal 1(s), Bid: 63699.8 Ask:  63699.9
20:55:16.128728> Signal 1(s), Bid: 63723.9 Ask:  63724.0
20:55:29.172301> Signal 1(s), Bid: 63710.0 Ask:  63710.1
20:56:50.100591> Signal 1(s), Bid: 63734.0 Ask:  63734.1
20:58:01.203862> Signal 1(s), Bid: 63725.0 Ask:  63725.1
20:58:07.217883> Signal 1(s), Bid: 63723.1 Ask:  63723.2
21:00:56.719655> Signal 2(s), Bid: 63690.9 Ask:  63691.0
21:02:19.214386> Signal 2(s), Bid: 63699.9 Ask:  63700.0
21:02:48.951089> Signal 2(s), Bid: 63686.0 Ask:  63686.1
21:07:38.853714> Signal 2(s), Bid: 63719.9 Ask:  63720.0
21:08:33.539848> Signal 1(s), Bid: 63698.1 Ask:  63698.2
21:08:34.054888> Signal 1(s), Bid: 63698.1 Ask:  63698.2
21:08:34.308895> Signal 1(s), Bid: 63698.1 Ask:  63698.2
21:10:18.091973> Signal 1(s), Bid: 63678.5 Ask:  63678.6
21:10:25.529319> Signal 1(s), Bid: 63674.1 Ask:  63674.2
21:10:45.219039> Signal 2(s), Bid: 63664.8 Ask:  63664.9
21:12:01.810986> Signal 2(s), Bid: 63669.9 Ask:  63670.0
21:12:29.857763> Signal 1(s), Bid: 63660.9 Ask:  63661.0
21:12:52.204609> Signal 1(s), Bid: 63658.8 Ask:  63658.9
21:15:13.181275> Signal 1(s), Bid: 63654.7 Ask:  63654.8
21:15:16.636345> Signal 1(s), Bid: 63646.8 Ask:  63646.9
21:16:28.849379> Signal 2(s), Bid: 63651.9 Ask:  63652.0
21:16:32.435288> Signal 2(s), Bid: 63651.9 Ask:  63652.0
21:19:12.834643> Signal 2(s), Bid: 63674.9 Ask:  63675.0
21:20:38.297633> Signal 2(s), Bid: 63678.8 Ask:  63678.9
21:20:48.880225> Signal 2(s), Bid: 63688.0 Ask:  63688.1
21:24:53.600873> Signal 2(s), Bid: 63690.4 Ask:  63690.5
21:25:15.267190> Signal 1(s), Bid: 63694.0 Ask:  63694.1
21:27:27.722340> Signal 2(s), Bid: 63711.7 Ask:  63711.8
21:29:02.885954> Signal 1(s), Bid: 63708.2 Ask:  63708.3
21:30:06.002096> Signal 1(s), Bid: 63690.6 Ask:  63691.2
21:30:18.940735> Signal 2(s), Bid: 63707.3 Ask:  63707.4
21:31:01.820408> Signal 2(s), Bid: 63724.7 Ask:  63724.8
21:31:03.960454> Signal 2(s), Bid: 63737.5 Ask:  63737.6
21:32:11.792074> Signal 2(s), Bid: 63736.1 Ask:  63736.2
21:32:31.009755> Signal 2(s), Bid: 63749.9 Ask:  63750.0
21:33:39.913350> Signal 1(s), Bid: 63747.7 Ask:  63747.8
21:33:51.331901> Signal 1(s), Bid: 63744.8 Ask:  63744.9
21:34:27.250497> Signal 1(s), Bid: 63744.8 Ask:  63744.9
21:34:52.661520> Signal 1(s), Bid: 63734.0 Ask:  63736.4
21:34:53.311567> Signal 1(s), Bid: 63728.0 Ask:  63728.1
21:35:27.161624> Signal 1(s), Bid: 63693.5 Ask:  63693.8
21:35:31.226314> Signal 1(s), Bid: 63681.4 Ask:  63681.5
21:36:08.620830> Signal 1(s), Bid: 63670.0 Ask:  63670.1
21:36:17.353796> Signal 1(s), Bid: 63664.8 Ask:  63664.9
21:36:53.624048> Signal 1(s), Bid: 63657.9 Ask:  63658.0
21:37:15.573017> Signal 2(s), Bid: 63683.9 Ask:  63684.0
21:37:25.123325> Signal 2(s), Bid: 63698.7 Ask:  63698.8
21:37:26.414614> Signal 2(s), Bid: 63720.8 Ask:  63720.9
21:38:26.203356> Signal 1(s), Bid: 63720.6 Ask:  63722.1
21:38:42.013037> Signal 1(s), Bid: 63714.0 Ask:  63714.1
21:39:33.569859> Signal 1(s), Bid: 63714.0 Ask:  63714.1
21:39:34.581180> Signal 1(s), Bid: 63700.0 Ask:  63700.1
21:41:42.463876> Signal 1(s), Bid: 63705.9 Ask:  63706.0
21:44:34.870898> Signal 2(s), Bid: 63701.9 Ask:  63702.0
21:46:00.989183> Signal 2(s), Bid: 63738.0 Ask:  63738.1
21:46:07.277334> Signal 2(s), Bid: 63741.9 Ask:  63742.0
21:46:39.531693> Signal 2(s), Bid: 63740.0 Ask:  63740.1
21:47:10.963943> Signal 2(s), Bid: 63762.5 Ask:  63762.6
21:47:49.153086> Signal 2(s), Bid: 63861.9 Ask:  63862.0
21:48:16.383639> Signal 2(s), Bid: 63827.1 Ask:  63827.2
21:48:20.491875> Signal 2(s), Bid: 63827.1 Ask:  63827.2
21:48:35.900762> Signal 2(s), Bid: 63885.9 Ask:  63886.0
21:48:42.151119> Signal 2(s), Bid: 63887.9 Ask:  63888.0
21:49:32.587010> Signal 2(s), Bid: 63859.9 Ask:  63860.0
21:50:42.974045> Signal 2(s), Bid: 63862.2 Ask:  63862.3
21:51:10.147604> Signal 2(s), Bid: 63893.9 Ask:  63894.0
21:51:10.936649> Signal 2(s), Bid: 63893.9 Ask:  63894.0
21:51:11.852700> Signal 2(s), Bid: 63893.9 Ask:  63894.0
21:51:12.617746> Signal 2(s), Bid: 63894.1 Ask:  63894.2
21:51:12.718749> Signal 2(s), Bid: 63857.9 Ask:  63858.0
21:51:13.035769> Signal 2(s), Bid: 63897.9 Ask:  63898.0
21:51:23.352359> Signal 2(s), Bid: 63881.9 Ask:  63882.0
21:51:28.293643> Signal 2(s), Bid: 63895.9 Ask:  63896.0
21:51:33.368933> Signal 2(s), Bid: 63871.9 Ask:  63872.0
21:51:33.956968> Signal 2(s), Bid: 63907.1 Ask:  63907.2
21:51:39.296276> Signal 2(s), Bid: 63855.1 Ask:  63855.2
21:51:44.846592> Signal 2(s), Bid: 63873.9 Ask:  63874.0
21:51:45.447626> Signal 2(s), Bid: 63908.1 Ask:  63908.2
21:51:51.265961> Signal 2(s), Bid: 63896.1 Ask:  63896.2
21:51:51.600980> Signal 2(s), Bid: 63878.1 Ask:  63878.2
21:51:52.064006> Signal 2(s), Bid: 63895.9 Ask:  63896.0
21:51:57.484325> Signal 1(s), Bid: 63859.7 Ask:  63859.8
21:51:57.932344> Signal 1(s), Bid: 63884.8 Ask:  63884.9
21:51:59.857454> Signal 1(s), Bid: 63900.7 Ask:  63900.8
21:51:59.904457> Signal 1(s), Bid: 63892.0 Ask:  63892.1
21:52:03.049636> Signal 2(s), Bid: 63892.0 Ask:  63892.1
21:52:03.446659> Signal 2(s), Bid: 63881.1 Ask:  63881.2
21:52:04.422717> Signal 2(s), Bid: 63892.6 Ask:  63892.7
21:52:04.463716> Signal 2(s), Bid: 63855.4 Ask:  63855.5
21:52:06.441832> Signal 2(s), Bid: 63892.6 Ask:  63892.7
21:52:09.004978> Signal 1(s), Bid: 63888.0 Ask:  63888.1
21:52:15.093326> Signal 1(s), Bid: 63876.3 Ask:  63876.4
21:52:16.158388> Signal 1(s), Bid: 63875.6 Ask:  63875.7
21:52:16.616415> Signal 1(s), Bid: 63875.6 Ask:  63875.7
21:52:36.456554> Signal 2(s), Bid: 63857.7 Ask:  63857.8
21:53:03.342759> Signal 2(s), Bid: 63863.9 Ask:  63864.0
21:53:26.179070> Signal 1(s), Bid: 63865.9 Ask:  63866.0
21:54:31.302614> Signal 1(s), Bid: 63866.9 Ask:  63867.0
21:54:53.929913> Signal 1(s), Bid: 63860.8 Ask:  63860.9
21:54:54.851966> Signal 1(s), Bid: 63854.0 Ask:  63854.1
21:54:55.142984> Signal 1(s), Bid: 63860.8 Ask:  63860.9
21:54:55.436999> Signal 1(s), Bid: 63866.9 Ask:  63867.0
21:54:55.525006> Signal 1(s), Bid: 63854.0 Ask:  63854.1
21:54:56.907084> Signal 1(s), Bid: 63852.0 Ask:  63852.1
21:55:39.230543> Signal 1(s), Bid: 63881.0 Ask:  63881.1
21:55:56.664395> Signal 2(s), Bid: 63869.9 Ask:  63870.0
21:56:01.349373> Signal 2(s), Bid: 63871.2 Ask:  63871.3
21:56:04.806109> Signal 2(s), Bid: 63881.0 Ask:  63881.1
21:56:50.380505> Signal 1(s), Bid: 63832.0 Ask:  63832.1
21:57:26.389333> Signal 1(s), Bid: 63824.0 Ask:  63824.1
21:58:29.353850> Signal 2(s), Bid: 63848.4 Ask:  63848.5
21:58:33.850187> Signal 2(s), Bid: 63865.9 Ask:  63866.0
21:59:10.136797> Signal 1(s), Bid: 63860.0 Ask:  63860.1
21:59:55.794842> Signal 2(s), Bid: 63877.1 Ask:  63877.2
22:00:34.075954> Signal 1(s), Bid: 63872.0 Ask:  63872.1
22:03:39.641595> Signal 1(s), Bid: 63828.9 Ask:  63829.0
22:03:42.077734> Signal 1(s), Bid: 63835.5 Ask:  63835.6
22:04:19.127859> Signal 1(s), Bid: 63822.5 Ask:  63822.6
22:05:42.536639> Signal 1(s), Bid: 63844.6 Ask:  63844.7
22:07:26.123580> Signal 1(s), Bid: 63790.0 Ask:  63790.1
22:07:48.213847> Signal 2(s), Bid: 63774.3 Ask:  63774.4
22:08:04.174763> Signal 1(s), Bid: 63783.9 Ask:  63784.0
22:08:09.276053> Signal 1(s), Bid: 63791.9 Ask:  63792.0
22:10:00.135677> Signal 2(s), Bid: 63797.7 Ask:  63797.8
22:10:32.531533> Signal 1(s), Bid: 63804.4 Ask:  63804.5
22:12:37.831399> Signal 2(s), Bid: 63802.1 Ask:  63802.2
22:12:57.027501> Signal 2(s), Bid: 63802.1 Ask:  63802.2
22:14:42.847567> Signal 2(s), Bid: 63799.8 Ask:  63799.9
22:14:45.769736> Signal 2(s), Bid: 63799.8 Ask:  63799.9
22:14:57.135386> Signal 2(s), Bid: 63805.9 Ask:  63806.0
22:18:47.791889> Signal 1(s), Bid: 63781.1 Ask:  63781.2
22:24:48.271108> Signal 1(s), Bid: 63782.2 Ask:  63782.3
22:27:36.314767> Signal 1(s), Bid: 63796.0 Ask:  63796.1
22:30:22.343639> Signal 1(s), Bid: 63788.0 Ask:  63788.1
22:30:43.889873> Signal 1(s), Bid: 63781.9 Ask:  63782.0
22:32:15.603335> Signal 1(s), Bid: 63793.5 Ask:  63793.6
22:33:22.218158> Signal 1(s), Bid: 63754.0 Ask:  63754.1
22:33:26.895427> Signal 1(s), Bid: 63788.0 Ask:  63788.1
22:33:28.590522> Signal 1(s), Bid: 63788.0 Ask:  63788.1
22:33:46.687560> WebSocket [SubscribePartialDepthStream()] [future] error: Unable to read data from the transport connection: An existing connection was forcibly closed by the remote host.
22:33:46.689562> Unable to read data from the transport connection: An existing connection was forcibly closed by the remote host.
22:33:51.896858> BinanceFuture - Vxxv1AWf[USD_M] Reconect to WebSocket #
22:33:51.900857> BinanceFuture - Vxxv1AWf[USD_M] Reconect to WebSocket #
22:33:51.900857> WebSocket [SubscribePartialDepthStream()] [Closed] [future] and reconnect again [during Task.Delay]..
22:33:51.901857> WebSocket [SubscribeToAggTradeStream()] [Closed] [future] and reconnect again [with Task.Delay]..
22:33:53.233954> Lenta has started...Start SubscribeToAggTradeStream @aggTrade [future] process...
22:33:53.244937> WebSocket connected! Start @depth [Future] process...
22:38:05.926620> Unable to read data from the transport connection: An existing connection was forcibly closed by the remote host.
22:38:11.052912> BinanceFuture - Vxxv1AWf[USD_M] Reconect to WebSocket #
22:38:11.052912> WebSocket [SubscribeToAggTradeStream()] [Closed] [future] and reconnect again [with Task.Delay]..
22:38:12.639000> Lenta has started...Start SubscribeToAggTradeStream @aggTrade [future] process...
22:39:52.271717> WebSocket [SubscribePartialDepthStream()] [future] error: Unable to read data from the transport connection: An existing connection was forcibly closed by the remote host.
22:39:57.561015> BinanceFuture - Vxxv1AWf[USD_M] Reconect to WebSocket #
22:39:57.561015> WebSocket [SubscribePartialDepthStream()] [Closed] [future] and reconnect again [during Task.Delay]..
22:39:59.157108> WebSocket connected! Start @depth [Future] process...
22:42:45.290907> WebSocket [ConnectToDepthStream()] [future] error: Unable to read data from the transport connection: An established connection was aborted by the software in your host machine.
22:42:47.647042> WebSocket [SubscribePartialDepthStream()] [future] error: Unable to read data from the transport connection: An existing connection was forcibly closed by the remote host.
22:42:50.416200> BinanceFuture - Vxxv1AWf[USD_M] Reconect ConnectToDepthStream() to WebSocket #
22:42:50.425201> WebSocket [ConnectToDepthStream()] [Closed] [future] and reconnect again [during Task.Delay]..
22:42:51.558265> WebSocket connected! Start @depth [Future] process...
22:42:52.792336> BinanceFuture - Vxxv1AWf[USD_M] Reconect to WebSocket #
22:42:52.797335> WebSocket [SubscribePartialDepthStream()] [Closed] [future] and reconnect again [during Task.Delay]..
22:42:53.917402> WebSocket connected! Start @depth [Future] process...
22:48:49.715802> WebSocket [SubscribePartialDepthStream()] [future] error: Unable to write data to the transport connection: An existing connection was forcibly closed by the remote host.
22:48:49.716802> WebSocket [SubscribePartialDepthStream()] [future] error: A request to send or receive data was disallowed because the socket is not connected and (when sending on a datagram socket using a sendto call) no address was supplied
22:48:49.808809> WebSocket [ConnectToDepthStream()] [future] error: Unable to write data to the transport connection: An existing connection was forcibly closed by the remote host.
22:48:49.809807> WebSocket [ConnectToDepthStream()] [future] error: A request to send or receive data was disallowed because the socket is not connected and (when sending on a datagram socket using a sendto call) no address was supplied
22:48:50.316837> Unable to read data from the transport connection: An established connection was aborted by the software in your host machine.
22:48:54.743089> BinanceFuture - Vxxv1AWf[USD_M] Reconect to WebSocket #
22:48:54.743089> WebSocket [SubscribePartialDepthStream()] [Closed] [future] and reconnect again [during Task.Delay]..
22:48:54.812092> BinanceFuture - Vxxv1AWf[USD_M] Reconect ConnectToDepthStream() to WebSocket #
22:48:54.819093> WebSocket [ConnectToDepthStream()] [Closed] [future] and reconnect again [during Task.Delay]..
22:48:54.958102> Unable to read data from the transport connection: An existing connection was forcibly closed by the remote host.
22:48:55.277120> WebSocket [ConnectToDepthStream()] [future] error: Unable to read data from the transport connection: An existing connection was forcibly closed by the remote host.
22:48:55.408128> BinanceFuture - Vxxv1AWf[USD_M] Reconect to WebSocket #
22:48:55.408128> WebSocket [SubscribeToAggTradeStream()] [Closed] [future] and reconnect again [with Task.Delay]..
22:48:55.488133> WebSocket [ConnectToDepthStream()] [future] error: Unable to read data from the transport connection: An existing connection was forcibly closed by the remote host.
22:48:56.225176> WebSocket connected! Start @depth [Future] process...
22:48:56.226174> WebSocket connected! Start @depth [Future] process...
22:48:56.486190> Lenta has started...Start SubscribeToAggTradeStream @aggTrade [future] process...
22:48:59.993395> BinanceFuture - Vxxv1AWf[USD_M] Reconect to WebSocket #
22:48:59.994392> WebSocket [SubscribeToAggTradeStream()] [Closed] [future] and reconnect again [with Task.Delay]..
22:49:00.451416> BinanceFuture - Vxxv1AWf[USD_M] Reconect ConnectToDepthStream() to WebSocket #
22:49:00.451416> WebSocket [ConnectToDepthStream()] [Closed] [future] and reconnect again [during Task.Delay]..
22:49:01.066457> Lenta has started...Start SubscribeToAggTradeStream @aggTrade [future] process...
22:49:01.185461> WebSocket [ConnectToDepthStream()] [future] error: Unable to read data from the transport connection: An existing connection was forcibly closed by the remote host.
22:49:01.687490> WebSocket connected! Start @depth [Future] process...
22:53:16.174950> Unable to read data from the transport connection: An existing connection was forcibly closed by the remote host.
22:53:20.439197> WebSocket [ConnectToDepthStream()] [future] error: Received an unexpected EOF or 0 bytes from the transport stream.
22:53:21.455254> BinanceFuture - Vxxv1AWf[USD_M] Reconect to WebSocket #
22:53:21.456255> WebSocket [SubscribeToAggTradeStream()] [Closed] [future] and reconnect again [with Task.Delay]..
22:53:22.622322> Lenta has started...Start SubscribeToAggTradeStream @aggTrade [future] process...
22:53:25.633494> BinanceFuture - Vxxv1AWf[USD_M] Reconect ConnectToDepthStream() to WebSocket #
22:53:25.639494> WebSocket [ConnectToDepthStream()] [Closed] [future] and reconnect again [during Task.Delay]..
22:53:26.740557> WebSocket connected! Start @depth [Future] process...
