10:46:42.053420> WebSocket connected! Start Partial @depth20 [Future] process...
10:46:42.055420> Lenta has started...Start SubscribeToAggTradeStream @aggTrade [future] process...
10:46:42.765067> WebSocket connected! Start @depth [Future] process...
10:46:42.840062> WebSocket connected! Start Partial @depth20 [Future] process...
10:46:43.312491> Lenta has started...Start SubscribeToAggTradeStream @aggTrade [future] process...
10:46:43.317486> WebSocket connected! Start Partial @depth20 [Future] process...
10:46:43.359487> BinanceFuture - Vxxv1AWf[USD_M] USD_M Balance: 269.30402212 USDT
10:46:43.418493> WebSocket connected! Start Partial @depth20 [Future] process...
10:46:43.810842> WebSocket connected! Start @depth [Future] process...
11:01:11.864392> Try Open Buy, Bid: 69040.7 Ask:  69040.8
11:01:11.864392> Lenta Signal open long, OpenLong:True Stk:1 StkImp:1 Lnt:2 Prg:0 Bid: 69040.7 Ask:  69040.8
11:01:11.865391> Support: 69040.7 VolS:1.73 Resistence: 69040.8 VolR:0.321
11:01:13.099372> [1Leg]: Buy OK BTCUSDC at 0.00;Gap=-9.7775;Price=69059.00;Slippage=69059.0;Execution=1220.982 ms;
11:01:13.099372> Move:0 Stk:1 Lnt:2 Prg:0 Bid: 69058.9 Ask:  69059.0
11:01:13.100365> Placed Main Buy, ticketCustom = 1 ticket= 3573503926 LastBuyPrice=69040.8
11:03:54.763005> Try Close Buy, TotalVal=0.01 pos0.01 Bid: 68955.4 Ask: 68955.5, stoploss=68540.8
11:03:54.764005> Lenta Signal close long, stoploss=68540.8 TotalVal=0.01 pos:0.01 EntrPrice=69040.8 Stk:1 StkImp:1 Lnt:1 Prg:0 Bid: 68955.4 Ask:  68955.5
11:04:05.991724> [1Leg]: Sell OK BTCUSDC at 0.00;Gap=-1.8625;Price=68977.20;Slippage=68977.2;Execution=11227.719 ms;
11:04:05.992740> Move:1 Stk:1 Lnt:2 Prg:0 Fon:0 Bid: 68977.1 Ask:  68977.2
11:04:05.992740> Close Main Buy, ticketCustom = 2 ticket = 3573503926
