20:23:09.253649> WebSocket connected! Start Partial @depth20 [Future] process...
20:23:09.254647> WebSocket connected! Start @depth [Future] process...
20:23:09.254647> WebSocket connected! Start Partial @depth20 [Future] process...
20:23:09.255649> Lenta has started...Start SubscribeToAggTradeStream @aggTrade [future] process...
20:23:09.255649> Lenta has started...Start SubscribeToAggTradeStream @aggTrade [future] process...
20:23:09.294651> WebSocket connected! Start @depth [Future] process...
20:23:10.287964> Lenta has started...Start SubscribeToAggTradeStream @aggTrade [future] process...
20:23:10.298977> WebSocket connected! Start @depth [Future] process...
20:23:10.301966> WebSocket connected! Start Partial @depth20 [Future] process...
20:23:10.302961> WebSocket connected! Start @depth [Future] process...
20:23:10.316968> Lenta has started...Start SubscribeToAggTradeStream @aggTrade [future] process...
20:23:10.332969> WebSocket connected! Start Partial @depth20 [Future] process...
20:23:10.780925> BinanceFuture - Vxxv1AWf[USD_M] USD_M Balance: 208.75368731 USDT
20:35:42.306307> BinanceFuture - Vxxv1AWf[USD_M] Reconect ConnectToDepthStream() to WebSocket #
20:35:42.315306> WebSocket [ConnectToDepthStream()] [Closed] [future] and reconnect again [during Task.Delay]..
20:35:43.529373> WebSocket connected! Start @depth [Future] process...
20:35:48.211095> BinanceFuture - Vxxv1AWf[USD_M] Reconect ConnectToDepthStream() to WebSocket #
20:35:48.211095> WebSocket [ConnectToDepthStream()] [Closed] [future] and reconnect again [during Task.Delay]..
20:35:49.195020> WebSocket connected! Start @depth [Future] process...
20:35:51.742437> BinanceFuture - Vxxv1AWf[USD_M] Reconect ConnectToDepthStream() to WebSocket #
20:35:51.742437> WebSocket [ConnectToDepthStream()] [Closed] [future] and reconnect again [during Task.Delay]..
20:35:52.700120> WebSocket connected! Start @depth [Future] process...
20:36:04.718361> BinanceFuture - Vxxv1AWf[USD_M] Reconect ConnectToDepthStream() to WebSocket #
20:36:04.718361> WebSocket [ConnectToDepthStream()] [Closed] [future] and reconnect again [during Task.Delay]..
20:36:05.688665> WebSocket connected! Start @depth [Future] process...
21:05:33.284874> Unable to read data from the transport connection: A connection attempt failed because the connected party did not properly respond after a period of time, or established connection failed because connected host has failed to respond.
21:05:33.983813> Unable to read data from the transport connection: A connection attempt failed because the connected party did not properly respond after a period of time, or established connection failed because connected host has failed to respond.
21:05:38.316771> BinanceFuture - Vxxv1AWf[USD_M] Reconect to WebSocket #
21:05:38.317761> WebSocket [SubscribeToAggTradeStream()] [Closed] [future] and reconnect again [with Task.Delay]..
21:05:38.985388> BinanceFuture - Vxxv1AWf[USD_M] Reconect to WebSocket #
21:05:38.986388> WebSocket [SubscribeToAggTradeStream()] [Closed] [future] and reconnect again [with Task.Delay]..
21:06:14.263772> WebSocket [ConnectToDepthStream()] [future] error: Unable to read data from the transport connection: A connection attempt failed because the connected party did not properly respond after a period of time, or established connection failed because connected host has failed to respond.
21:06:19.284501> BinanceFuture - Vxxv1AWf[USD_M] Reconect ConnectToDepthStream() to WebSocket #
21:06:19.284501> WebSocket [ConnectToDepthStream()] [Closed] [future] and reconnect again [during Task.Delay]..
21:08:41.853829> Unable to read data from the transport connection: A connection attempt failed because the connected party did not properly respond after a period of time, or established connection failed because connected host has failed to respond.
21:08:46.865003> BinanceFuture - Vxxv1AWf[USD_M] Reconect to WebSocket #
21:08:46.865003> WebSocket [SubscribeToAggTradeStream()] [Closed] [future] and reconnect again [with Task.Delay]..
21:08:50.054704> WebSocket [ConnectToDepthStream()] [future] error: Unable to read data from the transport connection: An existing connection was forcibly closed by the remote host.
21:08:55.083009> BinanceFuture - Vxxv1AWf[USD_M] Reconect ConnectToDepthStream() to WebSocket #
21:08:55.084992> WebSocket [ConnectToDepthStream()] [Closed] [future] and reconnect again [during Task.Delay]..
21:09:14.768172> WebSocket [SubscribePartialDepthStream()] [future] error: Unable to read data from the transport connection: A connection attempt failed because the connected party did not properly respond after a period of time, or established connection failed because connected host has failed to respond.
21:09:15.773171> Unable to read data from the transport connection: A connection attempt failed because the connected party did not properly respond after a period of time, or established connection failed because connected host has failed to respond.
21:09:19.770377> BinanceFuture - Vxxv1AWf[USD_M] Reconect to WebSocket #
21:09:19.771375> WebSocket [SubscribePartialDepthStream()] [Closed] [future] and reconnect again [during Task.Delay]..
21:09:20.017375> WebSocket [ConnectToDepthStream()] [future] error: Unable to read data from the transport connection: An existing connection was forcibly closed by the remote host.
21:09:20.786422> BinanceFuture - Vxxv1AWf[USD_M] Reconect to WebSocket #
21:09:20.788426> WebSocket [SubscribeToAggTradeStream()] [Closed] [future] and reconnect again [with Task.Delay]..
21:09:25.038970> BinanceFuture - Vxxv1AWf[USD_M] Reconect ConnectToDepthStream() to WebSocket #
21:09:25.038970> WebSocket [ConnectToDepthStream()] [Closed] [future] and reconnect again [during Task.Delay]..
21:10:14.124562> WebSocket [ConnectToDepthStream()] [future] error: Unable to read data from the transport connection: A connection attempt failed because the connected party did not properly respond after a period of time, or established connection failed because connected host has failed to respond.
21:10:18.780803> WebSocket [SubscribePartialDepthStream()] [future] error: Unable to read data from the transport connection: A connection attempt failed because the connected party did not properly respond after a period of time, or established connection failed because connected host has failed to respond.
21:11:47.630101> WebSocket [SubscribePartialDepthStream()] [future] error: Unable to read data from the transport connection: An existing connection was forcibly closed by the remote host.
21:11:52.660086> BinanceFuture - Vxxv1AWf[USD_M] Reconect to WebSocket #
21:11:52.661053> WebSocket [SubscribePartialDepthStream()] [Closed] [future] and reconnect again [during Task.Delay]..
21:11:55.086890> Unable to read data from the transport connection: A connection attempt failed because the connected party did not properly respond after a period of time, or established connection failed because connected host has failed to respond.
21:12:00.088116> BinanceFuture - Vxxv1AWf[USD_M] Reconect to WebSocket #
21:12:00.088116> WebSocket [SubscribeToAggTradeStream()] [Closed] [future] and reconnect again [with Task.Delay]..
21:12:08.926610> WebSocket [SubscribePartialDepthStream()] [future] error: Unable to read data from the transport connection: A connection attempt failed because the connected party did not properly respond after a period of time, or established connection failed because connected host has failed to respond.
21:12:13.935115> BinanceFuture - Vxxv1AWf[USD_M] Reconect to WebSocket #
21:12:13.935115> WebSocket [SubscribePartialDepthStream()] [Closed] [future] and reconnect again [during Task.Delay]..
21:13:43.889051> WebSocket [ConnectToDepthStream()] [future] error: Unable to read data from the transport connection: A connection attempt failed because the connected party did not properly respond after a period of time, or established connection failed because connected host has failed to respond.
21:13:48.892206> BinanceFuture - Vxxv1AWf[USD_M] Reconect ConnectToDepthStream() to WebSocket #
21:13:48.893189> WebSocket [ConnectToDepthStream()] [Closed] [future] and reconnect again [during Task.Delay]..
21:15:01.195727> Lenta has started...Start SubscribeToAggTradeStream @aggTrade [future] process...
21:15:02.379883> Lenta has started...Start SubscribeToAggTradeStream @aggTrade [future] process...
21:15:35.394121> WebSocket connected! Start @depth [Future] process...
21:15:40.221177> Lenta has started...Start SubscribeToAggTradeStream @aggTrade [future] process...
21:16:06.804719> Lenta has started...Start SubscribeToAggTradeStream @aggTrade [future] process...
21:16:12.130265> WebSocket connected! Start @depth [Future] process...
21:16:33.665560> WebSocket connected! Start @depth [Future] process...
21:16:37.571827> WebSocket connected! Start @depth [Future] process...
21:16:39.324901> WebSocket connected! Start @depth [Future] process...
21:16:50.034029> WebSocket connected! Start @depth [Future] process...
