19:19:35.301353> WebSocket connected! Start Partial @depth20 [Future] process...
19:19:35.301353> Lenta has started...Start SubscribeToAggTradeStream @aggTrade [future] process...
19:19:35.326354> WebSocket connected! Start Partial @depth20 [Future] process...
19:19:35.329353> WebSocket connected! Start @depth [Future] process...
19:19:36.245641> Lenta has started...Start SubscribeToAggTradeStream @aggTrade [future] process...
19:19:36.246640> WebSocket connected! Start @depth [Future] process...
19:19:36.273644> WebSocket connected! Start Partial @depth20 [Future] process...
19:19:36.293636> WebSocket connected! Start Partial @depth20 [Future] process...
19:19:36.757402> BinanceFuture - Vxxv1AWf[USD_M] USD_M Balance: 218.04468621 USDT
19:41:02.258454> Signal 1(s), Bid: 63650.5 Ask:  63650.6
19:41:33.985962> Signal 1(s), Bid: 63663.9 Ask:  63664.0
19:54:24.827882> Signal 1(s), Bid: 63633.1 Ask:  63634.4
20:12:07.899929> Signal 1(s), Bid: 63694.7 Ask:  63694.8
20:12:32.379988> Signal 1(s), Bid: 63688.6 Ask:  63688.7
20:15:13.033882> WebSocket connected! Start Partial @depth20 [Future] process...
20:15:13.057879> WebSocket connected! Start Partial @depth20 [Future] process...
20:21:24.842855> Signal 2(s), Bid: 63558.0 Ask:  63558.1
20:23:52.060795> Signal 2(s), Bid: 63491.0 Ask:  63491.1
20:25:13.183012> Signal 2(s), Bid: 63453.9 Ask:  63454.0
20:25:21.998423> Signal 2(s), Bid: 63460.0 Ask:  63460.1
20:25:47.122363> Signal 2(s), Bid: 63450.0 Ask:  63450.1
20:26:08.087044> Signal 2(s), Bid: 63464.0 Ask:  63464.1
20:30:47.937395> Signal 1(s), Bid: 63444.3 Ask:  63444.4
20:34:51.946451> Signal 1(s), Bid: 63542.7 Ask:  63542.8
20:35:38.532159> Signal 1(s), Bid: 63496.0 Ask:  63496.1
20:41:09.824962> Signal 1(s), Bid: 63562.0 Ask:  63562.1
20:53:25.686316> Signal 2(s), Bid: 63367.4 Ask:  63368.0
21:04:15.728045> Signal 2(s), Bid: 63441.9 Ask:  63442.0
21:39:20.429667> Signal 1(s), Bid: 63658.0 Ask:  63658.1
21:46:52.543598> Signal 1(s), Bid: 63658.0 Ask:  63658.1
22:16:01.307502> Signal 2(s), Bid: 63529.9 Ask:  63530.0
