21:10:09.963124> WebSocket connected! Start @depth [Future] process...
21:10:09.964122> Lenta has started...Start SubscribeToAggTradeStream @aggTrade [future] process...
21:10:09.964122> WebSocket connected! Start Partial @depth20 [Future] process...
21:10:09.965123> WebSocket connected! Start Partial @depth20 [Future] process...
21:10:11.070333> WebSocket connected! Start Partial @depth20 [Future] process...
21:10:11.097328> WebSocket connected! Start Partial @depth20 [Future] process...
21:10:11.112334> Lenta has started...Start SubscribeToAggTradeStream @aggTrade [future] process...
21:10:11.674047> BinanceFuture - Vxxv1AWf[USD_M] USD_M Balance: 50.00737389 USDT
21:10:11.750046> WebSocket connected! Start @depth [Future] process...
21:10:28.851350> WebSocket connected! Start Partial @depth20 [Future] process...
21:10:28.854339> WebSocket connected! Start Partial @depth20 [Future] process...
21:10:28.858342> Lenta has started...Start SubscribeToAggTradeStream @aggTrade [future] process...
21:10:28.859349> WebSocket connected! Start @depth [Future] process...
21:10:29.563261> WebSocket connected! Start Partial @depth20 [Future] process...
21:10:29.566262> WebSocket connected! Start Partial @depth20 [Future] process...
21:10:29.570259> WebSocket connected! Start @depth [Future] process...
21:10:29.570259> Lenta has started...Start SubscribeToAggTradeStream @aggTrade [future] process...
21:10:30.121336> BinanceFuture - Vxxv1AWf[USD_M] USD_M Balance: 50.00790805 USDT
21:11:44.959028> Try Open BuyLimit, Bid: 69196.0 Ask:  69196.1
21:11:44.959028> Support: 69196 VolS:2.692 Resistence: 69196.1 VolR:0.793
21:11:45.258010> [1Leg]: Buy OK BTCUSDC at 0.00;Gap=-6.7578947368421052631578947368;Price=69196.10;Slippage=69196.1;Execution=295.983 ms;
21:11:45.259009> Placed Main BuyLimit, ticketCustom = 1 ticket= 3313142196 LastBuyPrice=69196.1
21:11:45.262010> Try Open BuyLimit, Bid: 69196.0 Ask:  69196.1
21:11:45.262010> Support: 69196 VolS:2.692 Resistence: 69196.1 VolR:0.793
21:11:46.123584> [1Leg]: Buy OK BTCUSDC at 69196.00;Gap=-6.8578947368421052631578947368;Price=69196.10;Slippage=0.1;Execution=861.574 ms;
21:11:46.124577> Placed Main BuyLimit, ticketCustom = 2 ticket= 3313142196 LastBuyPrice=69196.0
