20:55:15.811304> Lenta has started...Start SubscribeToAggTradeStream @aggTrade [future] process...
20:55:15.813305> WebSocket connected! Start Partial @depth20 [Future] process...
20:55:15.854308> WebSocket connected! Start @depth [Future] process...
20:55:15.857308> WebSocket connected! Start Partial @depth20 [Future] process...
20:55:16.794967> WebSocket connected! Start Partial @depth20 [Future] process...
20:55:16.821959> WebSocket connected! Start Partial @depth20 [Future] process...
20:55:16.826958> WebSocket connected! Start @depth [Future] process...
20:55:16.840959> Lenta has started...Start SubscribeToAggTradeStream @aggTrade [future] process...
20:55:17.374243> BinanceFuture - Vxxv1AWf[USD_M] USD_M Balance: 254.62128332 USDT
21:11:10.043817> Try Open Sell, Ask: 69692.7 Bid: 69692.6
21:11:10.046818> Lenta Signal open short, OpenShort:True Stk:2 StkImp:2 Lnt:2 Prg:0 Bid: 69692.6 Ask:  69692.7
21:11:11.115611> [1Leg]: Sell OK BTCUSDC at 0.00;Gap=-5.0275;Price=69692.70;Slippage=69692.7;Execution=1064.795 ms;
21:11:11.116612> Move:2 Stk:2 Lnt:2 Prg:0 Fon:0 Bid: 69692.6 Ask:  69692.7
21:11:11.116612> Placed Main Sell, ticketCustom = 1 ticket = 3708136126 LastSellPrice=69692.6
21:16:45.854439> Try Close Sell, TotalVal=0.025 pos-0.025 Bid: 69749.9 Ask:  69750.0, stoploss=69992.6
21:16:45.854439> Lenta Signal close short, stoploss=69992.6 TotalVal=0.025 pos:-0.025 EntrPrice=69692.6 Stk:20 StkImp:2 Lnt:2 Prg:0 Bid: 69749.9 Ask:  69750.0
21:16:46.864082> [1Leg]: Buy OK BTCUSDC at 0.00;Gap=-0.29875;Price=69755.00;Slippage=69755.0;Execution=1008.643 ms;
21:16:46.865075> Move:2 Stk:20 Lnt:2 Prg:0 Fon:0 Bid: 69754.9 Ask:  69755.0
21:16:46.865075> Close Main Sell ticketCustom = 2 ticket= 3708136126
21:17:07.649666> Try Open Sell, Ask: 69758.7 Bid: 69758.6
21:17:07.650666> Lenta Signal open short, OpenShort:True Stk:20 StkImp:2 Lnt:0 Prg:0 Bid: 69758.6 Ask:  69758.7
21:17:07.906675> [1Leg]: Sell OK BTCUSDC at 0.00;Gap=-3.595;Price=69758.70;Slippage=69758.7;Execution=256.009 ms;
21:17:07.907676> Move:2 Stk:20 Lnt:0 Prg:0 Fon:0 Bid: 69758.6 Ask:  69758.7
21:17:07.907676> Placed Main Sell, ticketCustom = 3 ticket = 3708262711 LastSellPrice=69758.6
