17:33:52.394695> WebSocket connected! Start Partial @depth20 [Future] process...
17:33:52.396696> WebSocket connected! Start Partial @depth20 [Future] process...
17:33:52.399697> Lenta has started...Start SubscribeToAggTradeStream @aggTrade [future] process...
17:33:52.410696> WebSocket connected! Start @depth [Future] process...
17:33:53.026734> WebSocket connected! Start Partial @depth20 [Future] process...
17:33:53.036728> BinanceFuture - Vxxv1AWf[USD_M] USD_M Balance: 623.74734338 USDT
17:33:53.043735> WebSocket connected! Start @depth [Future] process...
17:33:53.048737> Lenta has started...Start SubscribeToAggTradeStream @aggTrade [future] process...
17:33:53.058734> WebSocket connected! Start Partial @depth20 [Future] process...
17:34:07.273697> WebSocket connected! Start Partial @depth20 [Future] process...
17:34:07.282686> Lenta has started...Start SubscribeToAggTradeStream @aggTrade [future] process...
17:34:07.287686> WebSocket connected! Start Partial @depth20 [Future] process...
17:34:07.287686> WebSocket connected! Start @depth [Future] process...
17:34:07.901683> WebSocket connected! Start @depth [Future] process...
17:34:07.904619> Lenta has started...Start SubscribeToAggTradeStream @aggTrade [future] process...
17:34:07.910618> BinanceFuture - Vxxv1AWf[USD_M] USD_M Balance: 623.73932887 USDT
17:34:07.911618> WebSocket connected! Start Partial @depth20 [Future] process...
17:34:07.912618> WebSocket connected! Start Partial @depth20 [Future] process...
17:47:24.550849> Signal 2(s), Bid: 61334.9 Ask:  61335.0
17:47:24.551849> Try Open BuyLimit, Bid: 61334.9 Ask:  61335.0
17:47:24.552852> Support: 61334.9 VolS:0.511 Resistence: 61344 VolR:0.231
17:47:24.995878> [1Leg]: Buy OK BTCUSDC at 61334.9000;Gap=-0.01;Price=61331.7000;Slippage=-3.2;Execution=439.021 ms;
17:47:24.995878> Elapsted Open BuyLimit 
17:47:26.065937> Try Modify main Buy order, 
17:47:26.105941> Support: 61327.1 VolS:7.88 Resistence: 61331.7 VolR:2.764
17:47:26.810979> BinanceFuture - Vxxv1AWf[USD_M] Api Error Code: -2013 Message: Order does not exist.
17:47:26.896987> [1Leg]: Buy failed BTCUSDC;price=61350.0000
17:47:26.898987> Try Modify main Buy order, 
17:47:26.898987> Support: 61349.3 VolS:1.292 Resistence: 61362 VolR:0.5
17:47:28.263063> BinanceFuture - Vxxv1AWf[USD_M] Api Error Code: -2013 Message: Order does not exist.
17:47:28.264064> [1Leg]: Buy failed BTCUSDC;price=61313.4000
17:47:28.682088> Try place lock SellLimit, Bid: 61313.3 Ask:  61313.4
17:47:29.126118> [1Leg]: Sell OK BTCUSDC at 61356.7000;Gap=-0.35;Price=61313.4000;Slippage=-43.3;Execution=444.030 ms;
17:47:29.129115> Placed lock SellLimit 
17:47:29.130113> Try Delete lock Sell order, 
17:47:29.130113> Support: 61313.3 VolS:1.37 Resistence: 61313.4 VolR:1.021
17:47:30.034166> BinanceFuture - Vxxv1AWf[USD_M] DELETE FAILURE.....
17:47:30.459188> Try Delete lock Sell order, 
17:47:30.460190> Support: 61323.9 VolS:0.924 Resistence: 61348.3 VolR:2.282
17:47:32.139288> OrderId: [2503540001]: Sell Limit OK DELETE  BTCUSDC;price=0;Execution=1679.097 ms;
17:47:32.238294> Delete lock SellLimit (1Leg)
17:47:32.244295> Try place lock SellLimit, Bid: 61349.9 Ask:  61350.0
17:47:32.506309> [1Leg]: Sell OK BTCUSDC at 61356.7000;Gap=-10.17;Price=61350.1000;Slippage=-6.6;Execution=262.014 ms;
17:47:32.507310> Placed lock SellLimit 
17:50:57.202229> Signal 2(s), Bid: 61334.0 Ask:  61334.1
17:50:57.202229> Try Open BuyLimit, Bid: 61334.0 Ask:  61334.1
17:50:57.202229> Support: 61334 VolS:0.675 Resistence: 61338 VolR:0.215
17:50:57.473246> [1Leg]: Buy OK BTCUSDC at 61334.0000;Gap=3.14;Price=61334.1000;Slippage=0.1;Execution=271.017 ms;
17:50:57.476242> Elapsted Open BuyLimit 
17:50:57.599258> Try Modify main Buy order, 
17:50:57.601263> Support: 61341.9 VolS:1.01 Resistence: 61354.3 VolR:0.586
17:50:57.919272> [1Leg]: BUY OK MODIFY BTCUSDC at 0.002 lot;price=61341.9000;execution=316.000 ms;
17:50:57.919272> Modify main BuyLimit (1Leg)
17:50:58.001277> Try Modify main Buy order, 
17:50:58.002276> Support: 61341.9 VolS:1.01 Resistence: 61354.3 VolR:0.586
17:50:59.056908> BinanceFuture - Vxxv1AWf[USD_M] Api Error Code: -5027 Message: No need to modify the order.
17:50:59.151907> [1Leg]: Buy failed BTCUSDC;price=61342.0000
17:50:59.263915> Try Modify main Buy order, 
17:50:59.263915> Support: 61334 VolS:0.606 Resistence: 61346 VolR:1.862
17:50:59.790943> BinanceFuture - Vxxv1AWf[USD_M] Api Error Code: -2013 Message: Order does not exist.
17:50:59.791945> [1Leg]: Buy failed BTCUSDC;price=61342.0000
17:50:59.794943> Try Modify main Buy order, 
17:50:59.794943> Support: 61334 VolS:0.606 Resistence: 61346 VolR:1.862
17:51:00.237973> BinanceFuture - Vxxv1AWf[USD_M] Api Error Code: -2013 Message: Order does not exist.
17:51:00.265973> [1Leg]: Buy failed BTCUSDC;price=61342.0000
17:51:00.275980> Try Modify main Buy order, 
17:51:00.276973> Support: 61341.9 VolS:1.26 Resistence: 61342.6 VolR:0.865
17:51:01.024017> BinanceFuture - Vxxv1AWf[USD_M] Api Error Code: -2013 Message: Order does not exist.
17:51:01.024017> [1Leg]: Buy failed BTCUSDC;price=61342.0000
17:51:01.026021> Try Modify main Buy order, 
17:51:01.026021> Support: 61334 VolS:0.606 Resistence: 61342 VolR:0.973
17:51:02.082077> BinanceFuture - Vxxv1AWf[USD_M] Api Error Code: -2013 Message: Order does not exist.
17:51:02.115077> [1Leg]: Buy failed BTCUSDC;price=61336.0000
17:51:02.117080> Try place lock SellLimit, Bid: 61335.9 Ask:  61336.0
17:51:02.600105> [1Leg]: Sell OK BTCUSDC at 61366.9000;Gap=-3.845;Price=61336.0000;Slippage=-30.9;Execution=482.026 ms;
17:51:02.601110> Placed lock SellLimit 
17:53:39.969619> Signal 2(s), Bid: 61319.5 Ask:  61319.6
17:53:39.972630> Try Open BuyLimit, Bid: 61319.5 Ask:  61319.6
17:53:39.972630> Support: 61319.5 VolS:1.076 Resistence: 61320 VolR:1.104
17:53:40.228630> [1Leg]: Buy OK BTCUSDC at 61319.5000;Gap=2.91;Price=61319.6000;Slippage=0.1;Execution=255.007 ms;
17:53:40.228630> Elapsted Open BuyLimit 
17:53:40.238631> Try Modify main Buy order, 
17:53:40.239632> Support: 61319.5 VolS:1.076 Resistence: 61320 VolR:1.104
17:53:41.567694> BinanceFuture - Vxxv1AWf[USD_M] Api Error Code: -2013 Message: Order does not exist.
17:53:41.568692> [1Leg]: Buy failed BTCUSDC;price=61316.1000
17:53:41.569693> Try Modify main Buy order, 
17:53:41.569693> Support: 61316 VolS:0.445 Resistence: 61325.6 VolR:0.673
17:53:42.167732> BinanceFuture - Vxxv1AWf[USD_M] Api Error Code: -2013 Message: Order does not exist.
17:53:42.168729> [1Leg]: Buy failed BTCUSDC;price=61316.1000
17:53:42.180733> Try Modify main Buy order, 
17:53:42.181733> Support: 61316 VolS:1.528 Resistence: 61316.1 VolR:0.391
17:53:43.197786> BinanceFuture - Vxxv1AWf[USD_M] Api Error Code: -2013 Message: Order does not exist.
17:53:43.243786> [1Leg]: Buy failed BTCUSDC;price=61320.0000
17:53:43.295790> Try Modify main Buy order, 
17:53:43.296790> Support: 61314.2 VolS:1.5 Resistence: 61328.4 VolR:0.409
17:53:43.719814> BinanceFuture - Vxxv1AWf[USD_M] Api Error Code: -2013 Message: Order does not exist.
17:53:43.720816> [1Leg]: Buy failed BTCUSDC;price=61320.0000
17:53:43.721816> Try Modify main Buy order, 
17:53:43.721816> Support: 61317.3 VolS:1.5 Resistence: 61323 VolR:0.207
17:53:44.184844> BinanceFuture - Vxxv1AWf[USD_M] Api Error Code: -2013 Message: Order does not exist.
17:53:44.185842> [1Leg]: Buy failed BTCUSDC;price=61320.0000
17:53:44.187840> Try place lock SellLimit, Bid: 61319.9 Ask:  61320.0
17:53:44.638869> [1Leg]: Sell OK BTCUSDC at 61344.5000;Gap=-8.995;Price=61320.0000;Slippage=-24.5;Execution=450.026 ms;
17:53:44.638869> Placed lock SellLimit 
17:56:25.721026> Signal 2(s), Bid: 61287.9 Ask:  61288.0
17:56:25.721026> Try adding BuyLimit, Bid: 61287.9 Ask:  61288.0
17:56:25.721026> Support: 61285.1 VolS:1.5 Resistence: 61289 VolR:0.837
17:56:26.011328> [1Leg]: Buy OK BTCUSDC at 61287.9000;Gap=0.46;Price=61288.0000;Slippage=0.1;Execution=290.302 ms;
17:56:26.011328> adding BuyLimit 
17:56:28.001103> Try Delete lock Sell order, 
17:56:28.002094> Support: 61294.5 VolS:1.5 Resistence: 61310 VolR:35.793
17:56:29.238756> BinanceFuture - Vxxv1AWf[USD_M] DELETE FAILURE.....
17:56:29.239758> Try Delete lock Sell order, 
17:56:29.239758> Support: 61283 VolS:1.081 Resistence: 61300 VolR:2.339
17:56:29.949682> BinanceFuture - Vxxv1AWf[USD_M] DELETE FAILURE.....
17:56:29.956800> Try Delete lock Sell order, 
17:56:29.956800> Support: 61283 VolS:1.081 Resistence: 61300 VolR:2.333
17:56:30.944853> BinanceFuture - Vxxv1AWf[USD_M] DELETE FAILURE.....
17:56:31.072863> Try Delete lock Sell order, 
17:56:31.073864> Support: 61265.3 VolS:1.257 Resistence: 61288.1 VolR:1.338
17:56:32.480943> BinanceFuture - Vxxv1AWf[USD_M] DELETE FAILURE.....
17:56:32.517944> Try Delete lock Sell order, 
17:56:32.517944> Support: 61280 VolS:1.157 Resistence: 61280.1 VolR:0.988
17:56:33.069977> BinanceFuture - Vxxv1AWf[USD_M] DELETE FAILURE.....
17:56:33.071977> Try Delete lock Sell order, 
17:56:33.072977> Support: 61293.9 VolS:2.223 Resistence: 61300 VolR:2.333
17:56:35.515116> BinanceFuture - Vxxv1AWf[USD_M] DELETE FAILURE.....
17:56:35.576119> Try Delete lock Sell order, 
17:56:35.576119> Support: 61286 VolS:1.233 Resistence: 61286.1 VolR:1.47
17:56:36.317161> BinanceFuture - Vxxv1AWf[USD_M] DELETE FAILURE.....
17:56:36.533176> Try Delete lock Sell order, 
17:56:36.534177> Support: 61286 VolS:1.542 Resistence: 61286.1 VolR:1.47
17:56:37.080206> BinanceFuture - Vxxv1AWf[USD_M] DELETE FAILURE.....
17:56:37.083206> Try Delete lock Sell order, 
17:56:37.083206> Support: 61286 VolS:1.568 Resistence: 61286.1 VolR:1.463
17:56:38.413282> BinanceFuture - Vxxv1AWf[USD_M] DELETE FAILURE.....
17:56:38.513288> Try Delete lock Sell order, 
17:56:38.514288> Support: 61286 VolS:2.013 Resistence: 61287.7 VolR:0.997
17:56:39.384339> BinanceFuture - Vxxv1AWf[USD_M] DELETE FAILURE.....
17:56:39.583351> Try Delete lock Sell order, 
17:56:39.584351> Support: 61286 VolS:1.362 Resistence: 61291.5 VolR:0.349
17:56:41.975485> BinanceFuture - Vxxv1AWf[USD_M] DELETE FAILURE.....
17:56:41.977488> Try Delete lock Sell order, 
17:56:41.977488> Support: 61281.9 VolS:4.406 Resistence: 61282 VolR:1.091
17:56:42.880540> BinanceFuture - Vxxv1AWf[USD_M] DELETE FAILURE.....
17:56:42.915542> Try Delete lock Sell order, 
17:56:42.915542> Support: 61285.9 VolS:3.559 Resistence: 61295.2 VolR:0.386
17:56:43.707589> BinanceFuture - Vxxv1AWf[USD_M] DELETE FAILURE.....
17:56:44.135609> Try Delete lock Sell order, 
17:56:44.143609> Support: 61291.9 VolS:1.922 Resistence: 61300 VolR:2.203
17:56:46.280741> BinanceFuture - Vxxv1AWf[USD_M] DELETE FAILURE.....
17:56:46.680757> Try Delete lock Sell order, 
17:56:46.681757> Support: 61290 VolS:1.456 Resistence: 61290.1 VolR:1.114
17:56:47.867827> BinanceFuture - Vxxv1AWf[USD_M] DELETE FAILURE.....
17:56:47.920829> Try Delete lock Sell order, 
17:56:47.920829> Support: 61290 VolS:0.413 Resistence: 61290.3 VolR:0.928
17:56:48.617870> BinanceFuture - Vxxv1AWf[USD_M] DELETE FAILURE.....
17:56:48.637868> Try Delete lock Sell order, 
17:56:48.637868> Support: 61290 VolS:1.515 Resistence: 61290.4 VolR:1.012
17:56:51.141011> BinanceFuture - Vxxv1AWf[USD_M] DELETE FAILURE.....
17:56:51.142013> Try Delete lock Sell order, 
17:56:51.143012> Support: 61278.9 VolS:1.96 Resistence: 61282.9 VolR:2.087
17:56:51.899060> BinanceFuture - Vxxv1AWf[USD_M] DELETE FAILURE.....
17:56:51.941060> Try Delete lock Sell order, 
17:56:51.941060> Support: 61278.9 VolS:2.312 Resistence: 61282.9 VolR:1.93
17:56:52.704103> BinanceFuture - Vxxv1AWf[USD_M] DELETE FAILURE.....
17:56:52.706102> Try Delete lock Sell order, 
17:56:52.706102> Support: 61278.9 VolS:1.96 Resistence: 61282.9 VolR:1.929
17:56:53.082126> BinanceFuture - Vxxv1AWf[USD_M] DELETE FAILURE.....
17:56:53.085125> Try Delete lock Sell order, 
17:56:53.085125> Support: 61278.9 VolS:1.96 Resistence: 61282.9 VolR:1.854
17:56:53.387141> BinanceFuture - Vxxv1AWf[USD_M] DELETE FAILURE.....
17:56:53.388142> Try Delete lock Sell order, 
17:56:53.388142> Support: 61278.9 VolS:1.96 Resistence: 61282.9 VolR:1.854
17:56:54.488206> BinanceFuture - Vxxv1AWf[USD_M] DELETE FAILURE.....
17:56:54.755220> Try Delete lock Sell order, 
17:56:54.760221> Support: 61278.9 VolS:1.96 Resistence: 61282.9 VolR:1.858
17:56:56.464318> BinanceFuture - Vxxv1AWf[USD_M] DELETE FAILURE.....
17:56:56.543322> Try Delete lock Sell order, 
17:56:56.543322> Support: 61282.8 VolS:2.761 Resistence: 61282.9 VolR:1.366
17:56:58.557436> BinanceFuture - Vxxv1AWf[USD_M] DELETE FAILURE.....
17:56:58.907471> Try Delete lock Sell order, 
17:56:58.908473> Support: 61278.9 VolS:1.96 Resistence: 61282.9 VolR:1.351
17:57:04.092758> BinanceFuture - Vxxv1AWf[USD_M] DELETE FAILURE.....
17:57:04.094757> Try Delete lock Sell order, 
17:57:04.095756> Support: 61270 VolS:2.11 Resistence: 61275.2 VolR:1.12
17:57:05.446835> BinanceFuture - Vxxv1AWf[USD_M] DELETE FAILURE.....
17:57:05.476835> Try Delete lock Sell order, 
17:57:05.477835> Support: 61270 VolS:2.11 Resistence: 61275.2 VolR:1.12
17:57:06.030866> BinanceFuture - Vxxv1AWf[USD_M] DELETE FAILURE.....
17:57:06.603900> Try Delete lock Sell order, 
17:57:06.604899> Support: 61270 VolS:1.134 Resistence: 61270.1 VolR:4.117
17:57:08.891034> BinanceFuture - Vxxv1AWf[USD_M] DELETE FAILURE.....
17:57:08.935033> Try Delete lock Sell order, 
17:57:08.936033> Support: 61273.9 VolS:1.975 Resistence: 61274.8 VolR:0.877
17:57:09.689076> BinanceFuture - Vxxv1AWf[USD_M] DELETE FAILURE.....
17:57:09.775084> Try Delete lock Sell order, 
17:57:09.775084> Support: 61266 VolS:0.215 Resistence: 61274.8 VolR:0.877
17:57:10.468119> BinanceFuture - Vxxv1AWf[USD_M] DELETE FAILURE.....
17:57:10.523125> Try Delete lock Sell order, 
17:57:10.524124> Support: 61268.6 VolS:0.843 Resistence: 61271.8 VolR:2.136
17:57:11.717191> BinanceFuture - Vxxv1AWf[USD_M] DELETE FAILURE.....
17:57:12.101215> Try Delete lock Sell order, 
17:57:12.257221> Support: 61271.7 VolS:1.151 Resistence: 61271.8 VolR:1.865
17:57:14.590357> BinanceFuture - Vxxv1AWf[USD_M] DELETE FAILURE.....
17:57:14.615356> Try Delete lock Sell order, 
17:57:14.616358> Support: 61275.9 VolS:1.605 Resistence: 61289.5 VolR:1.16
17:57:15.392402> BinanceFuture - Vxxv1AWf[USD_M] DELETE FAILURE.....
17:57:15.484410> Try Delete lock Sell order, 
17:57:15.484410> Support: 61279.9 VolS:1.667 Resistence: 61280 VolR:1.08
17:57:16.650479> BinanceFuture - Vxxv1AWf[USD_M] DELETE FAILURE.....
17:57:16.749505> Try Delete lock Sell order, 
17:57:16.751492> Support: 61279.2 VolS:0.845 Resistence: 61280 VolR:1.561
17:57:19.816657> BinanceFuture - Vxxv1AWf[USD_M] DELETE FAILURE.....
17:57:19.995667> Try Delete lock Sell order, 
17:57:19.999668> Support: 61291.7 VolS:0.902 Resistence: 61300 VolR:2.203
17:57:20.960722> BinanceFuture - Vxxv1AWf[USD_M] DELETE FAILURE.....
17:57:21.034725> Try Delete lock Sell order, 
17:57:21.035729> Support: 61282.8 VolS:0.337 Resistence: 61288.5 VolR:1.551
17:57:23.727880> BinanceFuture - Vxxv1AWf[USD_M] DELETE FAILURE.....
17:57:23.764884> Try Delete lock Sell order, 
17:57:23.764884> Support: 61283.9 VolS:1.731 Resistence: 61284.5 VolR:0.88
17:57:24.567928> BinanceFuture - Vxxv1AWf[USD_M] DELETE FAILURE.....
17:57:24.569929> Try Delete lock Sell order, 
17:57:24.570929> Support: 61279.1 VolS:2.018 Resistence: 61284.5 VolR:0.88
17:57:25.981008> BinanceFuture - Vxxv1AWf[USD_M] DELETE FAILURE.....
17:57:26.253024> Try Delete lock Sell order, 
17:57:26.254026> Support: 61283.9 VolS:1.342 Resistence: 61284.5 VolR:0.88
17:57:29.009184> BinanceFuture - Vxxv1AWf[USD_M] DELETE FAILURE.....
17:57:29.011185> Try Delete lock Sell order, 
17:57:29.011185> Support: 61268 VolS:0.403 Resistence: 61276.1 VolR:2.075
17:57:30.036241> BinanceFuture - Vxxv1AWf[USD_M] DELETE FAILURE.....
17:57:30.039241> Try Delete lock Sell order, 
17:57:30.040242> Support: 61269 VolS:0.972 Resistence: 61270.9 VolR:2.319
17:57:30.755285> BinanceFuture - Vxxv1AWf[USD_M] DELETE FAILURE.....
17:57:30.780290> Try Delete lock Sell order, 
17:57:30.781288> Support: 61267.3 VolS:0.875 Resistence: 61270.9 VolR:1.784
17:57:31.359319> BinanceFuture - Vxxv1AWf[USD_M] DELETE FAILURE.....
17:57:31.390319> Try Delete lock Sell order, 
17:57:31.391320> Support: 61262.3 VolS:0.853 Resistence: 61264.4 VolR:1.555
17:57:33.760455> BinanceFuture - Vxxv1AWf[USD_M] DELETE FAILURE.....
17:57:33.877463> Try Delete lock Sell order, 
17:57:33.878463> Support: 61260.5 VolS:0.994 Resistence: 61263.9 VolR:1.607
17:57:35.382551> BinanceFuture - Vxxv1AWf[USD_M] DELETE FAILURE.....
17:57:35.415555> Try Delete lock Sell order, 
17:57:35.415555> Support: 61256.8 VolS:1.5 Resistence: 61262.1 VolR:1.837
17:57:37.516670> BinanceFuture - Vxxv1AWf[USD_M] DELETE FAILURE.....
17:57:37.592676> Try Delete lock Sell order, 
17:57:37.600679> Support: 61260.5 VolS:1.5 Resistence: 61262 VolR:1.496
17:57:38.142708> BinanceFuture - Vxxv1AWf[USD_M] DELETE FAILURE.....
17:57:38.224714> Try Delete lock Sell order, 
17:57:38.225715> Support: 61260.5 VolS:1.5 Resistence: 61262.7 VolR:0.995
17:57:39.116764> BinanceFuture - Vxxv1AWf[USD_M] DELETE FAILURE.....
17:57:39.153764> Try Delete lock Sell order, 
17:57:39.153764> Support: 61267.9 VolS:2.88 Resistence: 61269.1 VolR:1.002
17:57:41.144880> BinanceFuture - Vxxv1AWf[USD_M] DELETE FAILURE.....
17:57:41.308890> Try Delete lock Sell order, 
17:57:41.308890> Support: 61264 VolS:1.47 Resistence: 61264.1 VolR:0.96
17:57:41.805918> BinanceFuture - Vxxv1AWf[USD_M] DELETE FAILURE.....
17:57:41.839917> Try Delete lock Sell order, 
17:57:41.839917> Support: 61259.1 VolS:0.389 Resistence: 61264.1 VolR:1.152
17:57:43.000986> BinanceFuture - Vxxv1AWf[USD_M] DELETE FAILURE.....
17:57:43.051992> Try Delete lock Sell order, 
17:57:43.051992> Support: 61258 VolS:0.215 Resistence: 61264.1 VolR:1.156
17:57:45.904157> BinanceFuture - Vxxv1AWf[USD_M] DELETE FAILURE.....
17:57:45.957154> Try Delete lock Sell order, 
17:57:45.962154> Support: 61251.9 VolS:1.224 Resistence: 61252 VolR:1.329
17:57:46.590194> BinanceFuture - Vxxv1AWf[USD_M] DELETE FAILURE.....
17:57:46.690196> Try Delete lock Sell order, 
17:57:46.691198> Support: 61251.9 VolS:1.239 Resistence: 61252 VolR:1.333
17:57:47.295234> BinanceFuture - Vxxv1AWf[USD_M] DELETE FAILURE.....
17:57:47.435243> Try Delete lock Sell order, 
17:57:47.436243> Support: 61250.8 VolS:0.927 Resistence: 61252 VolR:1.579
17:57:49.713371> BinanceFuture - Vxxv1AWf[USD_M] DELETE FAILURE.....
17:57:49.902383> Try Delete lock Sell order, 
17:57:49.906383> Support: 61251.1 VolS:1.5 Resistence: 61261.8 VolR:0.357
17:57:51.284462> BinanceFuture - Vxxv1AWf[USD_M] DELETE FAILURE.....
17:57:51.330462> Try Delete lock Sell order, 
17:57:51.331464> Support: 61253.9 VolS:2.705 Resistence: 61262.2 VolR:0.335
17:57:53.939617> BinanceFuture - Vxxv1AWf[USD_M] DELETE FAILURE.....
17:57:53.988617> Try Delete lock Sell order, 
17:57:53.989617> Support: 61246.5 VolS:1.407 Resistence: 61254.8 VolR:0.993
17:57:54.589650> BinanceFuture - Vxxv1AWf[USD_M] DELETE FAILURE.....
17:57:54.685656> Try Delete lock Sell order, 
17:57:54.686658> Support: 61246.5 VolS:1.407 Resistence: 61259.6 VolR:0.367
17:57:55.460702> BinanceFuture - Vxxv1AWf[USD_M] DELETE FAILURE.....
17:57:55.480702> Try Delete lock Sell order, 
17:57:55.480702> Support: 61246.5 VolS:1.407 Resistence: 61255.8 VolR:0.828
17:57:56.760775> BinanceFuture - Vxxv1AWf[USD_M] DELETE FAILURE.....
17:57:56.802777> Try Delete lock Sell order, 
17:57:56.802777> Support: 61254 VolS:2.798 Resistence: 61255.5 VolR:1.29
17:57:57.852838> BinanceFuture - Vxxv1AWf[USD_M] DELETE FAILURE.....
17:57:57.952842> Try Delete lock Sell order, 
17:57:57.953843> Support: 61265.9 VolS:2.025 Resistence: 61268.2 VolR:0.905
17:57:58.992902> BinanceFuture - Vxxv1AWf[USD_M] DELETE FAILURE.....
17:57:58.994904> Try Delete lock Sell order, 
17:57:58.994904> Support: 61265.3 VolS:0.972 Resistence: 61266.7 VolR:1.014
17:57:59.752947> BinanceFuture - Vxxv1AWf[USD_M] DELETE FAILURE.....
17:57:59.782950> Try Delete lock Sell order, 
17:57:59.783950> Support: 61265.3 VolS:0.972 Resistence: 61266.7 VolR:1.014
17:58:00.827009> BinanceFuture - Vxxv1AWf[USD_M] DELETE FAILURE.....
17:58:00.830011> Try Delete lock Sell order, 
17:58:00.830011> Support: 61256.5 VolS:0.4 Resistence: 61266.7 VolR:1.014
17:58:02.274099> BinanceFuture - Vxxv1AWf[USD_M] DELETE FAILURE.....
17:58:02.651126> Try Delete lock Sell order, 
17:58:02.652123> Support: 61254 VolS:2.798 Resistence: 61260.1 VolR:1.347
17:58:04.314208> BinanceFuture - Vxxv1AWf[USD_M] DELETE FAILURE.....
17:58:04.445216> Try Delete lock Sell order, 
17:58:04.445216> Support: 61254 VolS:2.798 Resistence: 61261 VolR:0.855
17:58:06.503335> BinanceFuture - Vxxv1AWf[USD_M] DELETE FAILURE.....
17:58:06.646342> Try Delete lock Sell order, 
17:58:06.646342> Support: 61254 VolS:2.798 Resistence: 61261 VolR:0.863
17:58:07.462389> BinanceFuture - Vxxv1AWf[USD_M] DELETE FAILURE.....
17:58:07.491390> Try Delete lock Sell order, 
17:58:07.491390> Support: 61254 VolS:2.837 Resistence: 61261 VolR:0.863
17:58:08.274434> BinanceFuture - Vxxv1AWf[USD_M] DELETE FAILURE.....
17:58:08.456462> Try Delete lock Sell order, 
17:58:08.458465> Support: 61254 VolS:2.798 Resistence: 61259.3 VolR:1.992
17:58:09.255493> BinanceFuture - Vxxv1AWf[USD_M] DELETE FAILURE.....
17:58:09.323497> Try Delete lock Sell order, 
17:58:09.323497> Support: 61254 VolS:2.663 Resistence: 61254.1 VolR:4.86
17:58:09.970533> BinanceFuture - Vxxv1AWf[USD_M] DELETE FAILURE.....
17:58:10.009536> Try Delete lock Sell order, 
17:58:10.028650> Support: 61244.7 VolS:1.209 Resistence: 61249.9 VolR:2.102
17:58:12.344668> BinanceFuture - Vxxv1AWf[USD_M] DELETE FAILURE.....
17:58:12.599684> Try Delete lock Sell order, 
17:58:12.599684> Support: 61244.3 VolS:0.964 Resistence: 61246.1 VolR:1.117
17:58:13.973766> BinanceFuture - Vxxv1AWf[USD_M] DELETE FAILURE.....
17:58:14.009764> Try Delete lock Sell order, 
17:58:14.075767> Support: 61242.3 VolS:0.968 Resistence: 61242.6 VolR:1.624
17:58:16.241893> BinanceFuture - Vxxv1AWf[USD_M] DELETE FAILURE.....
17:58:16.495906> Try Delete lock Sell order, 
17:58:16.495906> Support: 61238.8 VolS:1.195 Resistence: 61238.9 VolR:2.336
17:58:17.108942> BinanceFuture - Vxxv1AWf[USD_M] DELETE FAILURE.....
17:58:17.248950> Try Delete lock Sell order, 
17:58:17.248950> Support: 61238.8 VolS:1.195 Resistence: 61238.9 VolR:2.088
17:58:17.962992> BinanceFuture - Vxxv1AWf[USD_M] DELETE FAILURE.....
17:58:17.964991> Try Delete lock Sell order, 
17:58:17.964991> Support: 61238.8 VolS:1.182 Resistence: 61238.9 VolR:2.103
17:58:19.140060> BinanceFuture - Vxxv1AWf[USD_M] DELETE FAILURE.....
17:58:19.235072> Try Delete lock Sell order, 
17:58:19.237069> Support: 61235 VolS:0.967 Resistence: 61238.9 VolR:1.867
17:58:20.105115> BinanceFuture - Vxxv1AWf[USD_M] DELETE FAILURE.....
17:58:20.139116> Try Delete lock Sell order, 
17:58:20.140116> Support: 61238.6 VolS:0.943 Resistence: 61238.9 VolR:1.868
17:58:20.875159> BinanceFuture - Vxxv1AWf[USD_M] DELETE FAILURE.....
17:58:20.962164> Try Delete lock Sell order, 
17:58:20.963164> Support: 61237.5 VolS:0.835 Resistence: 61238.9 VolR:2.154
17:58:22.050224> BinanceFuture - Vxxv1AWf[USD_M] DELETE FAILURE.....
17:58:22.061225> Try Delete lock Sell order, 
17:58:22.071227> Support: 61237.8 VolS:0.98 Resistence: 61238.9 VolR:2.154
17:58:22.754267> BinanceFuture - Vxxv1AWf[USD_M] DELETE FAILURE.....
17:58:23.155292> Try Delete lock Sell order, 
17:58:23.155292> Support: 61227.6 VolS:1.034 Resistence: 61230.8 VolR:2.247
17:58:24.047339> BinanceFuture - Vxxv1AWf[USD_M] DELETE FAILURE.....
17:58:24.049340> Try Delete lock Sell order, 
17:58:24.049340> Support: 61230.7 VolS:1.084 Resistence: 61232 VolR:1.21
17:58:26.293477> BinanceFuture - Vxxv1AWf[USD_M] DELETE FAILURE.....
17:58:26.608490> Try Delete lock Sell order, 
17:58:26.608490> Support: 61233.7 VolS:1.176 Resistence: 61234 VolR:1.306
17:58:27.624542> BinanceFuture - Vxxv1AWf[USD_M] DELETE FAILURE.....
17:58:27.732551> Try Delete lock Sell order, 
17:58:27.732551> Support: 61235.9 VolS:1.818 Resistence: 61236 VolR:1.155
17:58:28.603601> BinanceFuture - Vxxv1AWf[USD_M] DELETE FAILURE.....
17:58:28.796612> Try Delete lock Sell order, 
17:58:28.797611> Support: 61239.3 VolS:1.667 Resistence: 61239.4 VolR:1.235
17:58:30.763722> BinanceFuture - Vxxv1AWf[USD_M] DELETE FAILURE.....
17:58:31.094750> Try Delete lock Sell order, 
17:58:31.095754> Support: 61239.3 VolS:0.634 Resistence: 61239.5 VolR:2.067
17:58:32.429819> BinanceFuture - Vxxv1AWf[USD_M] DELETE FAILURE.....
17:58:32.470820> Try Delete lock Sell order, 
17:58:32.471821> Support: 61239.1 VolS:0.964 Resistence: 61239.5 VolR:2.065
17:58:33.096863> BinanceFuture - Vxxv1AWf[USD_M] DELETE FAILURE.....
17:58:33.141861> Try Delete lock Sell order, 
17:58:33.141861> Support: 61234 VolS:1.293 Resistence: 61234.1 VolR:2.278
17:58:34.307927> BinanceFuture - Vxxv1AWf[USD_M] DELETE FAILURE.....
17:58:34.331929> Try Delete lock Sell order, 
17:58:34.332930> Support: 61225 VolS:0.304 Resistence: 61234 VolR:1.954
17:58:34.910966> BinanceFuture - Vxxv1AWf[USD_M] DELETE FAILURE.....
17:58:35.078974> Try Delete lock Sell order, 
17:58:35.080972> Support: 61233 VolS:0.875 Resistence: 61234 VolR:1.591
17:58:38.092147> BinanceFuture - Vxxv1AWf[USD_M] DELETE FAILURE.....
17:58:38.176158> Try Delete lock Sell order, 
17:58:38.177151> Support: 61229.3 VolS:0.992 Resistence: 61230.1 VolR:1.845
17:58:39.109205> BinanceFuture - Vxxv1AWf[USD_M] DELETE FAILURE.....
17:58:39.175208> Try Delete lock Sell order, 
17:58:39.176209> Support: 61224.1 VolS:0.92 Resistence: 61225.2 VolR:2.481
17:58:39.853248> BinanceFuture - Vxxv1AWf[USD_M] DELETE FAILURE.....
17:58:39.958253> Try Delete lock Sell order, 
17:58:39.959253> Support: 61224.1 VolS:0.92 Resistence: 61225.2 VolR:1.455
17:58:41.027312> BinanceFuture - Vxxv1AWf[USD_M] DELETE FAILURE.....
17:58:41.133321> Try Delete lock Sell order, 
17:58:41.134323> Support: 61220 VolS:0.299 Resistence: 61225.2 VolR:1.871
17:58:42.283385> BinanceFuture - Vxxv1AWf[USD_M] DELETE FAILURE.....
17:58:42.313386> Try Delete lock Sell order, 
17:58:42.313386> Support: 61220.3 VolS:0.831 Resistence: 61221.3 VolR:1.522
17:58:42.997425> BinanceFuture - Vxxv1AWf[USD_M] DELETE FAILURE.....
17:58:42.999427> Try Delete lock Sell order, 
17:58:43.000426> Support: 61221.2 VolS:1.342 Resistence: 61222.2 VolR:1.162
17:58:44.161493> BinanceFuture - Vxxv1AWf[USD_M] DELETE FAILURE.....
17:58:44.326502> Try Delete lock Sell order, 
17:58:44.326502> Support: 61212.8 VolS:0.381 Resistence: 61222.2 VolR:1.162
17:58:44.957538> BinanceFuture - Vxxv1AWf[USD_M] DELETE FAILURE.....
17:58:45.232553> Try Delete lock Sell order, 
17:58:45.232553> Support: 61220 VolS:1.23 Resistence: 61220.1 VolR:2.137
17:58:46.349620> BinanceFuture - Vxxv1AWf[USD_M] DELETE FAILURE.....
17:58:46.511629> Try Delete lock Sell order, 
17:58:46.512628> Support: 61211.9 VolS:0.211 Resistence: 61220.1 VolR:2.853
17:58:47.455681> BinanceFuture - Vxxv1AWf[USD_M] DELETE FAILURE.....
17:58:47.494684> Try Delete lock Sell order, 
17:58:47.494684> Support: 61215.4 VolS:0.895 Resistence: 61220.1 VolR:2.801
17:58:47.939713> BinanceFuture - Vxxv1AWf[USD_M] DELETE FAILURE.....
17:58:48.026744> Try Delete lock Sell order, 
17:58:48.027715> Support: 61215.4 VolS:0.895 Resistence: 61220.1 VolR:2.801
17:58:50.540860> BinanceFuture - Vxxv1AWf[USD_M] DELETE FAILURE.....
17:58:50.773872> Try Delete lock Sell order, 
17:58:50.773872> Support: 61197.7 VolS:0.976 Resistence: 61201.8 VolR:2.04
17:58:51.612920> BinanceFuture - Vxxv1AWf[USD_M] DELETE FAILURE.....
17:58:51.649923> Try Delete lock Sell order, 
17:58:51.650923> Support: 61194.8 VolS:0.971 Resistence: 61198.1 VolR:1.232
17:58:52.576974> BinanceFuture - Vxxv1AWf[USD_M] DELETE FAILURE.....
17:58:52.577974> Try Delete lock Sell order, 
17:58:52.578974> Support: 61188.1 VolS:1.159 Resistence: 61199.9 VolR:0.312
17:58:54.654093> BinanceFuture - Vxxv1AWf[USD_M] DELETE FAILURE.....
17:58:54.921118> Try Delete lock Sell order, 
17:58:54.922122> Support: 61198 VolS:1.18 Resistence: 61198.1 VolR:2.349
17:58:55.911167> BinanceFuture - Vxxv1AWf[USD_M] DELETE FAILURE.....
17:58:55.940167> Try Delete lock Sell order, 
17:58:55.940167> Support: 61198 VolS:1.675 Resistence: 61198.1 VolR:2.431
17:58:56.670211> BinanceFuture - Vxxv1AWf[USD_M] DELETE FAILURE.....
17:58:56.691212> Try Delete lock Sell order, 
17:58:56.691212> Support: 61188.1 VolS:1.159 Resistence: 61193.6 VolR:2.192
17:58:57.484256> BinanceFuture - Vxxv1AWf[USD_M] DELETE FAILURE.....
17:58:57.537261> Try Delete lock Sell order, 
17:58:57.538261> Support: 61182 VolS:1.576 Resistence: 61188.2 VolR:2
17:58:58.447320> BinanceFuture - Vxxv1AWf[USD_M] DELETE FAILURE.....
17:58:58.523316> Try Delete lock Sell order, 
17:58:58.523316> Support: 61184.7 VolS:2.461 Resistence: 61188.2 VolR:2.028
17:59:01.275476> BinanceFuture - Vxxv1AWf[USD_M] DELETE FAILURE.....
17:59:01.300478> Try Delete lock Sell order, 
17:59:01.306478> Support: 61173.8 VolS:1.5 Resistence: 61176 VolR:1.401
17:59:01.985516> BinanceFuture - Vxxv1AWf[USD_M] DELETE FAILURE.....
17:59:02.026517> Try Delete lock Sell order, 
17:59:02.026517> Support: 61183.7 VolS:1.844 Resistence: 61185 VolR:0.878
17:59:02.530547> BinanceFuture - Vxxv1AWf[USD_M] DELETE FAILURE.....
17:59:02.571550> Try Delete lock Sell order, 
17:59:02.571550> Support: 61181.4 VolS:1.5 Resistence: 61183.9 VolR:0.973
17:59:03.276588> BinanceFuture - Vxxv1AWf[USD_M] DELETE FAILURE.....
17:59:03.278590> Try Delete lock Sell order, 
17:59:03.278590> Support: 61181.4 VolS:1.5 Resistence: 61183.9 VolR:0.95
17:59:04.651685> BinanceFuture - Vxxv1AWf[USD_M] DELETE FAILURE.....
17:59:04.684669> Try Delete lock Sell order, 
17:59:04.684669> Support: 61183 VolS:0.987 Resistence: 61183.9 VolR:1.551
17:59:05.298711> BinanceFuture - Vxxv1AWf[USD_M] DELETE FAILURE.....
17:59:05.392719> Try Delete lock Sell order, 
17:59:05.392719> Support: 61178 VolS:1.158 Resistence: 61178.1 VolR:1.764
17:59:06.374767> BinanceFuture - Vxxv1AWf[USD_M] DELETE FAILURE.....
17:59:06.519772> Try Delete lock Sell order, 
17:59:06.519772> Support: 61176 VolS:1.813 Resistence: 61178.3 VolR:0.908
17:59:07.388824> BinanceFuture - Vxxv1AWf[USD_M] DELETE FAILURE.....
17:59:07.494832> Try Delete lock Sell order, 
17:59:07.495831> Support: 61178 VolS:0.215 Resistence: 61182 VolR:1.788
17:59:08.179874> BinanceFuture - Vxxv1AWf[USD_M] DELETE FAILURE.....
17:59:08.262875> Try Delete lock Sell order, 
17:59:08.263875> Support: 61181.6 VolS:0.954 Resistence: 61182 VolR:1.276
17:59:08.959914> BinanceFuture - Vxxv1AWf[USD_M] DELETE FAILURE.....
17:59:08.994918> Try Delete lock Sell order, 
17:59:08.994918> Support: 61179.4 VolS:0.86 Resistence: 61182 VolR:1.646
17:59:09.793965> BinanceFuture - Vxxv1AWf[USD_M] DELETE FAILURE.....
17:59:10.021999> Try Delete lock Sell order, 
17:59:10.022977> Support: 61176 VolS:1.234 Resistence: 61176.1 VolR:1.834
17:59:10.960031> BinanceFuture - Vxxv1AWf[USD_M] DELETE FAILURE.....
17:59:10.999032> Try Delete lock Sell order, 
17:59:10.999032> Support: 61176 VolS:2.871 Resistence: 61182 VolR:0.366
17:59:11.823081> BinanceFuture - Vxxv1AWf[USD_M] DELETE FAILURE.....
17:59:11.854085> Try Delete lock Sell order, 
17:59:11.854085> Support: 61181.9 VolS:1.411 Resistence: 61182.2 VolR:0.929
17:59:12.919142> BinanceFuture - Vxxv1AWf[USD_M] DELETE FAILURE.....
17:59:13.077150> Try Delete lock Sell order, 
17:59:13.380169> Support: 61181.9 VolS:1.11 Resistence: 61182 VolR:1.587
17:59:14.068208> BinanceFuture - Vxxv1AWf[USD_M] DELETE FAILURE.....
17:59:14.251220> Try Delete lock Sell order, 
17:59:14.252219> Support: 61181.9 VolS:1.978 Resistence: 61182 VolR:1.44
17:59:15.065267> BinanceFuture - Vxxv1AWf[USD_M] DELETE FAILURE.....
17:59:15.228273> Try Delete lock Sell order, 
17:59:15.229274> Support: 61181.9 VolS:1.153 Resistence: 61182.2 VolR:0.929
17:59:17.553408> BinanceFuture - Vxxv1AWf[USD_M] DELETE FAILURE.....
17:59:17.614411> Try Delete lock Sell order, 
17:59:17.646414> Support: 61181.9 VolS:0.863 Resistence: 61182.2 VolR:0.929
17:59:18.895486> BinanceFuture - Vxxv1AWf[USD_M] DELETE FAILURE.....
17:59:19.024492> Try Delete lock Sell order, 
17:59:19.024492> Support: 61181.9 VolS:0.875 Resistence: 61182.2 VolR:0.929
17:59:21.288620> BinanceFuture - Vxxv1AWf[USD_M] DELETE FAILURE.....
17:59:21.535636> Try Delete lock Sell order, 
17:59:21.547636> Support: 61180.8 VolS:1.085 Resistence: 61189.2 VolR:2.216
17:59:22.095669> BinanceFuture - Vxxv1AWf[USD_M] DELETE FAILURE.....
17:59:22.132671> Try Delete lock Sell order, 
17:59:22.133671> Support: 61174.6 VolS:1.173 Resistence: 61184.1 VolR:1.764
17:59:23.085725> BinanceFuture - Vxxv1AWf[USD_M] DELETE FAILURE.....
17:59:23.088725> Try Delete lock Sell order, 
17:59:23.089732> Support: 61189.2 VolS:1.45 Resistence: 61189.3 VolR:0.824
17:59:25.790878> BinanceFuture - Vxxv1AWf[USD_M] DELETE FAILURE.....
17:59:25.842884> Try Delete lock Sell order, 
17:59:25.844885> Support: 61184.9 VolS:1.014 Resistence: 61186.1 VolR:3.302
17:59:26.760949> BinanceFuture - Vxxv1AWf[USD_M] DELETE FAILURE.....
17:59:26.902944> Try Delete lock Sell order, 
17:59:26.902944> Support: 61180 VolS:1.295 Resistence: 61187.7 VolR:1.504
17:59:27.773994> BinanceFuture - Vxxv1AWf[USD_M] DELETE FAILURE.....
17:59:27.933003> Try Delete lock Sell order, 
17:59:27.969003> Support: 61186.2 VolS:0.761 Resistence: 61186.3 VolR:2.127
17:59:28.977062> BinanceFuture - Vxxv1AWf[USD_M] DELETE FAILURE.....
17:59:29.229076> Try Delete lock Sell order, 
17:59:29.241077> Support: 61186.2 VolS:0.771 Resistence: 61186.3 VolR:2.093
17:59:31.508209> BinanceFuture - Vxxv1AWf[USD_M] DELETE FAILURE.....
17:59:31.537209> Try Delete lock Sell order, 
17:59:31.537209> Support: 61187.6 VolS:1.828 Resistence: 61188.1 VolR:1.018
17:59:32.177245> BinanceFuture - Vxxv1AWf[USD_M] DELETE FAILURE.....
17:59:32.218247> Try Delete lock Sell order, 
17:59:32.218247> Support: 61187.6 VolS:1.599 Resistence: 61187.7 VolR:1.494
17:59:32.756281> BinanceFuture - Vxxv1AWf[USD_M] DELETE FAILURE.....
17:59:32.819285> Try Delete lock Sell order, 
17:59:32.819285> Support: 61189.1 VolS:2.1 Resistence: 61195.4 VolR:0.367
17:59:33.983352> BinanceFuture - Vxxv1AWf[USD_M] DELETE FAILURE.....
17:59:33.987352> Try Delete lock Sell order, 
17:59:33.988352> Support: 61193.4 VolS:1.689 Resistence: 61193.5 VolR:1.675
17:59:34.774407> BinanceFuture - Vxxv1AWf[USD_M] DELETE FAILURE.....
17:59:34.855409> Try Delete lock Sell order, 
17:59:34.856418> Support: 61181.6 VolS:0.378 Resistence: 61193.5 VolR:2.032
17:59:35.596441> BinanceFuture - Vxxv1AWf[USD_M] DELETE FAILURE.....
17:59:36.014466> Try Delete lock Sell order, 
17:59:36.015467> Support: 61191.2 VolS:0.83 Resistence: 61193.5 VolR:2.704
17:59:38.058586> BinanceFuture - Vxxv1AWf[USD_M] DELETE FAILURE.....
17:59:38.110589> Try Delete lock Sell order, 
17:59:38.110589> Support: 61181.2 VolS:1.198 Resistence: 61191.3 VolR:1.457
17:59:39.308654> BinanceFuture - Vxxv1AWf[USD_M] DELETE FAILURE.....
17:59:39.757678> Try Delete lock Sell order, 
17:59:39.769679> Support: 61191.2 VolS:2.294 Resistence: 61191.3 VolR:1.157
17:59:40.313834> BinanceFuture - Vxxv1AWf[USD_M] DELETE FAILURE.....
17:59:40.452722> Try Delete lock Sell order, 
17:59:40.453721> Support: 61191.2 VolS:1.794 Resistence: 61191.3 VolR:1.189
17:59:41.789797> BinanceFuture - Vxxv1AWf[USD_M] DELETE FAILURE.....
17:59:42.267826> Try Delete lock Sell order, 
17:59:42.369832> Support: 61191.2 VolS:1.425 Resistence: 61191.3 VolR:1.401
17:59:44.936977> BinanceFuture - Vxxv1AWf[USD_M] DELETE FAILURE.....
17:59:44.986981> Try Delete lock Sell order, 
17:59:44.987981> Support: 61191.2 VolS:1.677 Resistence: 61191.3 VolR:0.896
17:59:46.072043> BinanceFuture - Vxxv1AWf[USD_M] DELETE FAILURE.....
17:59:46.344060> Try Delete lock Sell order, 
17:59:46.344060> Support: 61191.2 VolS:2.791 Resistence: 61192.1 VolR:0.839
17:59:48.599191> BinanceFuture - Vxxv1AWf[USD_M] DELETE FAILURE.....
17:59:48.872205> Try Delete lock Sell order, 
17:59:48.892203> Support: 61193.4 VolS:2.743 Resistence: 61195.7 VolR:0.284
17:59:49.749255> BinanceFuture - Vxxv1AWf[USD_M] DELETE FAILURE.....
17:59:49.789256> Try Delete lock Sell order, 
17:59:49.790260> Support: 61202.9 VolS:1.901 Resistence: 61215.4 VolR:0.386
17:59:50.862320> BinanceFuture - Vxxv1AWf[USD_M] DELETE FAILURE.....
17:59:50.975324> Try Delete lock Sell order, 
17:59:51.006325> Support: 61210.9 VolS:5.762 Resistence: 61212.4 VolR:0.964
17:59:52.456407> BinanceFuture - Vxxv1AWf[USD_M] DELETE FAILURE.....
17:59:52.463410> Try Delete lock Sell order, 
17:59:52.464408> Support: 61210.9 VolS:4.717 Resistence: 61212.9 VolR:0.284
17:59:54.268513> BinanceFuture - Vxxv1AWf[USD_M] DELETE FAILURE.....
17:59:54.301515> Try Delete lock Sell order, 
17:59:54.301515> Support: 61206 VolS:1.154 Resistence: 61206.1 VolR:2.247
17:59:55.028558> BinanceFuture - Vxxv1AWf[USD_M] DELETE FAILURE.....
17:59:55.104561> Try Delete lock Sell order, 
17:59:55.104561> Support: 61204.9 VolS:1.009 Resistence: 61206.1 VolR:2.385
17:59:55.952609> BinanceFuture - Vxxv1AWf[USD_M] DELETE FAILURE.....
17:59:55.956609> Try Delete lock Sell order, 
17:59:55.956609> Support: 61210 VolS:1.715 Resistence: 61212.4 VolR:0.882
17:59:56.913667> BinanceFuture - Vxxv1AWf[USD_M] DELETE FAILURE.....
17:59:56.924663> Try Delete lock Sell order, 
17:59:56.924663> Support: 61211.3 VolS:1.184 Resistence: 61212.4 VolR:0.882
17:59:58.115731> BinanceFuture - Vxxv1AWf[USD_M] DELETE FAILURE.....
17:59:58.117737> Try Delete lock Sell order, 
17:59:58.118733> Support: 61208 VolS:1.162 Resistence: 61208.1 VolR:1.711
18:00:00.346861> BinanceFuture - Vxxv1AWf[USD_M] DELETE FAILURE.....
18:00:00.348865> Try Delete lock Sell order, 
18:00:00.349861> Support: 61201.4 VolS:0.849 Resistence: 61204.1 VolR:2.934
18:00:01.454927> BinanceFuture - Vxxv1AWf[USD_M] DELETE FAILURE.....
18:00:01.461926> Try Delete lock Sell order, 
18:00:01.461926> Support: 61198.9 VolS:1.5 Resistence: 61202.1 VolR:0.706
18:00:02.279972> BinanceFuture - Vxxv1AWf[USD_M] DELETE FAILURE.....
18:00:02.321975> Try Delete lock Sell order, 
18:00:02.322975> Support: 61202 VolS:0.215 Resistence: 61206.8 VolR:1.803
18:00:03.191025> BinanceFuture - Vxxv1AWf[USD_M] DELETE FAILURE.....
18:00:03.222027> Try Delete lock Sell order, 
18:00:03.222027> Support: 61202.9 VolS:1.009 Resistence: 61206.1 VolR:2.639
18:00:04.082077> BinanceFuture - Vxxv1AWf[USD_M] DELETE FAILURE.....
18:00:04.111078> Try Delete lock Sell order, 
18:00:04.111078> Support: 61204.4 VolS:0.823 Resistence: 61206.1 VolR:2.648
18:00:06.636225> BinanceFuture - Vxxv1AWf[USD_M] DELETE FAILURE.....
18:00:06.844234> Try Delete lock Sell order, 
18:00:06.845236> Support: 61185.8 VolS:1.5 Resistence: 61191.1 VolR:0.921
18:00:07.684283> BinanceFuture - Vxxv1AWf[USD_M] DELETE FAILURE.....
18:00:07.711282> Try Delete lock Sell order, 
18:00:07.713295> Support: 61192.9 VolS:3.875 Resistence: 61201.1 VolR:0.348
18:00:08.301329> BinanceFuture - Vxxv1AWf[USD_M] DELETE FAILURE.....
18:00:08.383329> Try Delete lock Sell order, 
18:00:08.384335> Support: 61192.9 VolS:3.875 Resistence: 61201.1 VolR:0.348
18:00:11.238486> BinanceFuture - Vxxv1AWf[USD_M] DELETE FAILURE.....
18:00:11.278487> Try Delete lock Sell order, 
18:00:11.278487> Support: 61187.5 VolS:1.593 Resistence: 61187.6 VolR:1.403
18:00:12.528560> BinanceFuture - Vxxv1AWf[USD_M] DELETE FAILURE.....
18:00:12.685571> Try Delete lock Sell order, 
18:00:12.686571> Support: 61187.5 VolS:1.809 Resistence: 61187.6 VolR:1.316
18:00:13.590624> BinanceFuture - Vxxv1AWf[USD_M] DELETE FAILURE.....
18:00:13.649625> Try Delete lock Sell order, 
18:00:13.650625> Support: 61187.5 VolS:2.181 Resistence: 61187.6 VolR:1.204
18:00:16.478783> BinanceFuture - Vxxv1AWf[USD_M] DELETE FAILURE.....
18:00:16.665796> Try Delete lock Sell order, 
18:00:16.674797> Support: 61213.5 VolS:1.092 Resistence: 61218.6 VolR:1.547
18:00:17.392839> BinanceFuture - Vxxv1AWf[USD_M] DELETE FAILURE.....
18:00:17.422838> Try Delete lock Sell order, 
18:00:17.423838> Support: 61204.4 VolS:0.403 Resistence: 61212.1 VolR:0.992
18:00:18.333894> BinanceFuture - Vxxv1AWf[USD_M] DELETE FAILURE.....
18:00:18.341893> Try Delete lock Sell order, 
18:00:18.341893> Support: 61212 VolS:1.159 Resistence: 61217.6 VolR:0.284
18:00:19.205943> BinanceFuture - Vxxv1AWf[USD_M] DELETE FAILURE.....
18:00:19.264946> Try Delete lock Sell order, 
18:00:19.265945> Support: 61212 VolS:2.979 Resistence: 61212.2 VolR:0.959
18:00:19.868983> BinanceFuture - Vxxv1AWf[USD_M] DELETE FAILURE.....
18:00:19.898980> Try Delete lock Sell order, 
18:00:19.899982> Support: 61211 VolS:1.5 Resistence: 61212.1 VolR:1.702
18:00:20.790050> BinanceFuture - Vxxv1AWf[USD_M] DELETE FAILURE.....
18:00:21.499074> Try Delete lock Sell order, 
18:00:21.500075> Support: 61215.4 VolS:4.896 Resistence: 61217.5 VolR:0.958
18:00:22.210116> BinanceFuture - Vxxv1AWf[USD_M] DELETE FAILURE.....
18:00:22.225116> Try Delete lock Sell order, 
18:00:22.225116> Support: 61219 VolS:4.436 Resistence: 61221.4 VolR:0.973
18:00:23.458187> BinanceFuture - Vxxv1AWf[USD_M] DELETE FAILURE.....
18:00:23.501190> Try Delete lock Sell order, 
18:00:23.516187> Support: 61236.9 VolS:3.279 Resistence: 61237 VolR:4.232
18:00:24.330238> BinanceFuture - Vxxv1AWf[USD_M] DELETE FAILURE.....
18:00:24.624253> Try Delete lock Sell order, 
18:00:24.625255> Support: 61218.4 VolS:1.116 Resistence: 61238.1 VolR:0.968
18:00:25.396299> BinanceFuture - Vxxv1AWf[USD_M] DELETE FAILURE.....
18:00:25.453303> Try Delete lock Sell order, 
18:00:25.454303> Support: 61232 VolS:1.789 Resistence: 61232.1 VolR:0.977
18:00:26.605366> BinanceFuture - Vxxv1AWf[USD_M] DELETE FAILURE.....
18:00:26.607368> Try Delete lock Sell order, 
18:00:26.607368> Support: 61232 VolS:3.55 Resistence: 61233.3 VolR:0.855
18:00:27.641425> BinanceFuture - Vxxv1AWf[USD_M] DELETE FAILURE.....
18:00:27.642427> Try Delete lock Sell order, 
18:00:27.642427> Support: 61226 VolS:0.215 Resistence: 61238 VolR:1.067
18:00:28.583481> BinanceFuture - Vxxv1AWf[USD_M] DELETE FAILURE.....
18:00:28.616483> Try Delete lock Sell order, 
18:00:28.617482> Support: 61237.8 VolS:1.419 Resistence: 61245.2 VolR:0.389
18:00:29.389527> BinanceFuture - Vxxv1AWf[USD_M] DELETE FAILURE.....
18:00:29.675541> Try Delete lock Sell order, 
18:00:29.676544> Support: 61237.8 VolS:1.619 Resistence: 61247.5 VolR:0.64
18:00:30.698602> BinanceFuture - Vxxv1AWf[USD_M] DELETE FAILURE.....
18:00:30.699602> Try Delete lock Sell order, 
18:00:30.700603> Support: 61244.8 VolS:1.91 Resistence: 61247.5 VolR:0.64
18:00:31.235631> BinanceFuture - Vxxv1AWf[USD_M] DELETE FAILURE.....
18:00:31.241632> Try Delete lock Sell order, 
18:00:31.241632> Support: 61244.8 VolS:1.561 Resistence: 61247.5 VolR:0.64
18:00:33.607770> BinanceFuture - Vxxv1AWf[USD_M] DELETE FAILURE.....
18:00:33.787779> Try Delete lock Sell order, 
18:00:33.787779> Support: 61240.3 VolS:1.168 Resistence: 61241.1 VolR:0.917
18:00:34.729832> BinanceFuture - Vxxv1AWf[USD_M] DELETE FAILURE.....
18:00:34.745833> Try Delete lock Sell order, 
18:00:34.746835> Support: 61240.3 VolS:1.717 Resistence: 61241.1 VolR:0.917
18:00:35.671886> BinanceFuture - Vxxv1AWf[USD_M] DELETE FAILURE.....
18:00:35.910901> Try Delete lock Sell order, 
18:00:35.911900> Support: 61233.9 VolS:1.57 Resistence: 61234.3 VolR:0.956
18:00:38.767066> BinanceFuture - Vxxv1AWf[USD_M] DELETE FAILURE.....
18:00:38.876070> Try Delete lock Sell order, 
18:00:38.876070> Support: 61239.9 VolS:3.404 Resistence: 61240 VolR:0.993
18:00:39.307096> BinanceFuture - Vxxv1AWf[USD_M] DELETE FAILURE.....
18:00:39.554111> Try Delete lock Sell order, 
18:00:39.554111> Support: 61239.9 VolS:1.674 Resistence: 61240 VolR:1.45
18:00:40.705183> BinanceFuture - Vxxv1AWf[USD_M] DELETE FAILURE.....
18:00:40.806181> Try Delete lock Sell order, 
18:00:40.806181> Support: 61239.9 VolS:3.178 Resistence: 61240 VolR:0.979
18:00:42.743292> BinanceFuture - Vxxv1AWf[USD_M] DELETE FAILURE.....
18:00:42.952303> Try Delete lock Sell order, 
18:00:43.135330> Support: 61253.9 VolS:3.285 Resistence: 61255.8 VolR:0.836
18:00:44.227379> BinanceFuture - Vxxv1AWf[USD_M] DELETE FAILURE.....
18:00:44.344385> Try Delete lock Sell order, 
18:00:44.369385> Support: 61256.5 VolS:3.577 Resistence: 61257.2 VolR:0.93
18:00:46.133484> BinanceFuture - Vxxv1AWf[USD_M] DELETE FAILURE.....
18:00:46.442507> Try Delete lock Sell order, 
18:00:46.443507> Support: 61266.1 VolS:3.858 Resistence: 61279 VolR:0.18
18:00:47.278554> BinanceFuture - Vxxv1AWf[USD_M] DELETE FAILURE.....
18:00:47.392558> Signal 2(s), Bid: 61271.9 Ask:  61272.0
18:00:47.393559> Try Delete lock Sell order, 
18:00:47.393559> Support: 61271.9 VolS:3.302 Resistence: 61273.5 VolR:0.991
18:00:47.986592> BinanceFuture - Vxxv1AWf[USD_M] DELETE FAILURE.....
18:00:48.158602> Try Delete lock Sell order, 
18:00:48.159602> Support: 61271.9 VolS:2.534 Resistence: 61275.5 VolR:0.842
18:00:49.080657> BinanceFuture - Vxxv1AWf[USD_M] DELETE FAILURE.....
18:00:49.184663> Try Delete lock Sell order, 
18:00:49.185663> Support: 61271.9 VolS:2.777 Resistence: 61272 VolR:0.21
18:00:50.138716> BinanceFuture - Vxxv1AWf[USD_M] DELETE FAILURE.....
18:00:50.223739> Try Delete lock Sell order, 
18:00:50.224739> Support: 61271.9 VolS:1.074 Resistence: 61272 VolR:1.519
18:00:53.106890> BinanceFuture - Vxxv1AWf[USD_M] DELETE FAILURE.....
18:00:53.109885> Try Delete lock Sell order, 
18:00:53.109885> Support: 61263.5 VolS:0.477 Resistence: 61268.9 VolR:1.719
18:00:54.200949> BinanceFuture - Vxxv1AWf[USD_M] DELETE FAILURE.....
18:00:54.202950> Try Delete lock Sell order, 
18:00:54.203950> Support: 61248 VolS:1.074 Resistence: 61248.1 VolR:1.972
18:00:54.713977> BinanceFuture - Vxxv1AWf[USD_M] DELETE FAILURE.....
18:00:54.740979> Try Delete lock Sell order, 
18:00:54.740979> Support: 61248 VolS:1.074 Resistence: 61248.1 VolR:1.972
18:00:55.467021> BinanceFuture - Vxxv1AWf[USD_M] DELETE FAILURE.....
18:00:55.543029> Try Delete lock Sell order, 
18:00:55.544027> Support: 61240.5 VolS:0.888 Resistence: 61243.5 VolR:1.975
18:00:56.620087> BinanceFuture - Vxxv1AWf[USD_M] DELETE FAILURE.....
18:00:56.712092> Try Delete lock Sell order, 
18:00:56.712092> Support: 61239.2 VolS:0.82 Resistence: 61242.1 VolR:1.293
18:00:58.210183> BinanceFuture - Vxxv1AWf[USD_M] DELETE FAILURE.....
18:00:58.292184> Try Delete lock Sell order, 
18:00:58.293186> Support: 61225.9 VolS:0.872 Resistence: 61226.7 VolR:1.619
18:00:59.524257> BinanceFuture - Vxxv1AWf[USD_M] DELETE FAILURE.....
18:00:59.565258> Try Delete lock Sell order, 
18:00:59.565258> Support: 61228.1 VolS:0.341 Resistence: 61236.8 VolR:1.01
18:01:00.892334> BinanceFuture - Vxxv1AWf[USD_M] DELETE FAILURE.....
18:01:00.969338> Try Delete lock Sell order, 
18:01:00.970338> Support: 61216.7 VolS:1.879 Resistence: 61221.9 VolR:1.078
18:01:03.317470> BinanceFuture - Vxxv1AWf[USD_M] DELETE FAILURE.....
18:01:03.320471> Try Delete lock Sell order, 
18:01:03.320471> Support: 61196.4 VolS:0.387 Resistence: 61202.2 VolR:0.99
18:01:03.979510> BinanceFuture - Vxxv1AWf[USD_M] DELETE FAILURE.....
18:01:04.072513> Try Delete lock Sell order, 
18:01:04.073515> Support: 61198.3 VolS:1.091 Resistence: 61198.4 VolR:1.449
18:01:04.614548> BinanceFuture - Vxxv1AWf[USD_M] DELETE FAILURE.....
18:01:04.653548> Try Delete lock Sell order, 
18:01:04.653548> Support: 61198.3 VolS:1.091 Resistence: 61198.4 VolR:1.449
18:01:05.558602> BinanceFuture - Vxxv1AWf[USD_M] DELETE FAILURE.....
18:01:05.695606> Try Delete lock Sell order, 
18:01:05.696609> Support: 61203.9 VolS:4.301 Resistence: 61205.3 VolR:1.017
18:01:06.524654> BinanceFuture - Vxxv1AWf[USD_M] DELETE FAILURE.....
18:01:06.525657> Try Delete lock Sell order, 
18:01:06.525657> Support: 61226.5 VolS:3.097 Resistence: 61226.6 VolR:0.227
18:01:07.407705> BinanceFuture - Vxxv1AWf[USD_M] DELETE FAILURE.....
18:01:07.753727> Try Delete lock Sell order, 
18:01:07.753727> Support: 61233.9 VolS:1.214 Resistence: 61234.1 VolR:0.901
18:01:10.010854> BinanceFuture - Vxxv1AWf[USD_M] DELETE FAILURE.....
18:01:10.142865> Try Delete lock Sell order, 
18:01:10.142865> Support: 61231.5 VolS:0.999 Resistence: 61234.1 VolR:0.901
18:01:11.064915> BinanceFuture - Vxxv1AWf[USD_M] DELETE FAILURE.....
18:01:11.095917> Try Delete lock Sell order, 
18:01:11.096919> Support: 61239.1 VolS:3.577 Resistence: 61241.3 VolR:0.855
18:01:11.715952> BinanceFuture - Vxxv1AWf[USD_M] DELETE FAILURE.....
18:01:11.718954> Try Delete lock Sell order, 
18:01:11.718954> Support: 61245.9 VolS:1.599 Resistence: 61256.2 VolR:0.343
18:01:12.860018> BinanceFuture - Vxxv1AWf[USD_M] DELETE FAILURE.....
18:01:13.060030> Try Delete lock Sell order, 
18:01:13.061034> Support: 61265.9 VolS:1.887 Resistence: 61268.1 VolR:0.989
18:01:14.011086> BinanceFuture - Vxxv1AWf[USD_M] DELETE FAILURE.....
18:01:14.040089> Try Delete lock Sell order, 
18:01:14.040089> Support: 61260.8 VolS:0.882 Resistence: 61262.1 VolR:2.158
18:01:14.645121> BinanceFuture - Vxxv1AWf[USD_M] DELETE FAILURE.....
18:01:14.705124> Try Delete lock Sell order, 
18:01:14.706127> Support: 61260.8 VolS:2.382 Resistence: 61264.1 VolR:0.894
18:01:15.822188> BinanceFuture - Vxxv1AWf[USD_M] DELETE FAILURE.....
18:01:15.861197> Try Delete lock Sell order, 
18:01:15.862192> Support: 61266.1 VolS:1.762 Resistence: 61268 VolR:1.173
18:01:16.517230> BinanceFuture - Vxxv1AWf[USD_M] DELETE FAILURE.....
18:01:16.649235> Try Delete lock Sell order, 
18:01:16.650237> Support: 61274.2 VolS:3.081 Resistence: 61280 VolR:0.25
18:01:17.718299> BinanceFuture - Vxxv1AWf[USD_M] DELETE FAILURE.....
18:01:17.851311> Try Delete lock Sell order, 
18:01:18.051317> Support: 61274.2 VolS:3.62 Resistence: 61275 VolR:0.858
18:01:19.141379> BinanceFuture - Vxxv1AWf[USD_M] DELETE FAILURE.....
18:01:19.143379> Try Delete lock Sell order, 
18:01:19.143379> Support: 61273.6 VolS:1.211 Resistence: 61274.1 VolR:1.427
18:01:21.306507> BinanceFuture - Vxxv1AWf[USD_M] DELETE FAILURE.....
18:01:21.347504> Try Delete lock Sell order, 
18:01:21.348506> Support: 61279.5 VolS:0.333 Resistence: 61286 VolR:1.206
18:01:22.186552> BinanceFuture - Vxxv1AWf[USD_M] DELETE FAILURE.....
18:01:22.283561> Try Delete lock Sell order, 
18:01:22.284559> Support: 61277 VolS:0.914 Resistence: 61280.1 VolR:1.978
18:01:23.256613> BinanceFuture - Vxxv1AWf[USD_M] DELETE FAILURE.....
18:01:23.728640> Try Delete lock Sell order, 
18:01:23.729642> Support: 61277.1 VolS:1.343 Resistence: 61277.2 VolR:0.424
18:01:24.553689> BinanceFuture - Vxxv1AWf[USD_M] DELETE FAILURE.....
18:01:24.672695> Try Delete lock Sell order, 
18:01:24.673697> Support: 61274 VolS:3.59 Resistence: 61274.1 VolR:1.268
18:01:25.381737> BinanceFuture - Vxxv1AWf[USD_M] DELETE FAILURE.....
18:01:25.423739> Try Delete lock Sell order, 
18:01:25.424739> Support: 61283.5 VolS:1.134 Resistence: 61283.8 VolR:1.015
18:01:27.546861> BinanceFuture - Vxxv1AWf[USD_M] DELETE FAILURE.....
18:01:27.712876> Try Delete lock Sell order, 
18:01:27.714875> Support: 61291 VolS:0.904 Resistence: 61292 VolR:1.689
18:01:28.478913> BinanceFuture - Vxxv1AWf[USD_M] DELETE FAILURE.....
18:01:28.639923> Try Delete lock Sell order, 
18:01:28.640923> Support: 61289 VolS:0.979 Resistence: 61290.1 VolR:1.61
18:01:29.545978> BinanceFuture - Vxxv1AWf[USD_M] DELETE FAILURE.....
18:01:29.586983> Try Delete lock Sell order, 
18:01:29.587980> Support: 61287.6 VolS:1.5 Resistence: 61292.2 VolR:1.039
18:01:30.177012> BinanceFuture - Vxxv1AWf[USD_M] DELETE FAILURE.....
18:01:30.331019> Try Delete lock Sell order, 
18:01:30.332020> Support: 61287.6 VolS:1.5 Resistence: 61292.2 VolR:1.539
18:01:31.006058> BinanceFuture - Vxxv1AWf[USD_M] DELETE FAILURE.....
18:01:31.070066> Try Delete lock Sell order, 
18:01:31.070066> Support: 61282 VolS:0.215 Resistence: 61292.2 VolR:1.347
18:01:33.675211> BinanceFuture - Vxxv1AWf[USD_M] DELETE FAILURE.....
18:01:33.724216> Try Delete lock Sell order, 
18:01:33.725216> Support: 61279.8 VolS:0.856 Resistence: 61280.1 VolR:1.55
18:01:34.695273> BinanceFuture - Vxxv1AWf[USD_M] DELETE FAILURE.....
18:01:34.730273> Try Delete lock Sell order, 
18:01:34.730273> Support: 61277 VolS:0.854 Resistence: 61280.1 VolR:2.016
18:01:35.912340> BinanceFuture - Vxxv1AWf[USD_M] DELETE FAILURE.....
18:01:35.996345> Try Delete lock Sell order, 
18:01:35.997347> Support: 61270 VolS:1.013 Resistence: 61270.1 VolR:1.829
18:01:37.537433> BinanceFuture - Vxxv1AWf[USD_M] DELETE FAILURE.....
18:01:37.539434> Try Delete lock Sell order, 
18:01:37.539434> Support: 61259.5 VolS:0.587 Resistence: 61270.1 VolR:1.623
18:01:40.038578> BinanceFuture - Vxxv1AWf[USD_M] DELETE FAILURE.....
18:01:40.040578> Try Delete lock Sell order, 
18:01:40.040578> Support: 61254 VolS:0.384 Resistence: 61258.1 VolR:1.357
18:01:40.754620> BinanceFuture - Vxxv1AWf[USD_M] DELETE FAILURE.....
18:01:40.788620> Try Delete lock Sell order, 
18:01:40.789621> Support: 61239.7 VolS:0.25 Resistence: 61254.1 VolR:1.393
18:01:41.800679> BinanceFuture - Vxxv1AWf[USD_M] DELETE FAILURE.....
18:01:42.064694> Try Delete lock Sell order, 
18:01:42.065694> Support: 61235.6 VolS:1.525 Resistence: 61236.1 VolR:0.866
18:01:43.156756> BinanceFuture - Vxxv1AWf[USD_M] DELETE FAILURE.....
18:01:43.168755> Try Delete lock Sell order, 
18:01:43.169757> Support: 61235.6 VolS:1.358 Resistence: 61236.1 VolR:0.866
18:01:43.803793> BinanceFuture - Vxxv1AWf[USD_M] DELETE FAILURE.....
18:01:43.831795> Try Delete lock Sell order, 
18:01:43.831795> Support: 61235.6 VolS:1.121 Resistence: 61235.7 VolR:0.876
18:01:44.761846> BinanceFuture - Vxxv1AWf[USD_M] DELETE FAILURE.....
18:01:44.913860> Try Delete lock Sell order, 
18:01:44.914856> Support: 61239.2 VolS:1.274 Resistence: 61245.6 VolR:0.372
18:01:45.839914> BinanceFuture - Vxxv1AWf[USD_M] DELETE FAILURE.....
18:01:45.877913> Try Delete lock Sell order, 
18:01:45.878913> Support: 61239.2 VolS:1.128 Resistence: 61253 VolR:0.33
18:01:46.923973> BinanceFuture - Vxxv1AWf[USD_M] DELETE FAILURE.....
18:01:46.971975> Try Delete lock Sell order, 
18:01:46.972975> Support: 61263.1 VolS:1.887 Resistence: 61263.2 VolR:1.172
18:01:48.141720> BinanceFuture - Vxxv1AWf[USD_M] DELETE FAILURE.....
18:01:48.648072> Try Delete lock Sell order, 
18:01:48.649076> Support: 61265.1 VolS:1.299 Resistence: 61265.9 VolR:0.979
18:01:50.488175> BinanceFuture - Vxxv1AWf[USD_M] DELETE FAILURE.....
18:01:50.552181> Try Delete lock Sell order, 
18:01:50.553180> Support: 61264.2 VolS:1.5 Resistence: 61268.3 VolR:0.984
18:01:51.461232> BinanceFuture - Vxxv1AWf[USD_M] DELETE FAILURE.....
18:01:51.599241> Try Delete lock Sell order, 
18:01:51.600245> Support: 61264.2 VolS:1.878 Resistence: 61268.3 VolR:0.984
18:01:52.161274> BinanceFuture - Vxxv1AWf[USD_M] DELETE FAILURE.....
18:01:52.228277> Try Delete lock Sell order, 
18:01:52.229278> Support: 61271 VolS:1.928 Resistence: 61271.1 VolR:1.208
18:01:52.737307> BinanceFuture - Vxxv1AWf[USD_M] DELETE FAILURE.....
18:01:53.242335> Try Delete lock Sell order, 
18:01:53.243335> Support: 61271 VolS:1.933 Resistence: 61271.1 VolR:1.136
18:01:54.606413> BinanceFuture - Vxxv1AWf[USD_M] DELETE FAILURE.....
18:01:54.717418> Try Delete lock Sell order, 
18:01:54.718419> Support: 61270.1 VolS:0.831 Resistence: 61271.1 VolR:1.244
18:01:56.734536> BinanceFuture - Vxxv1AWf[USD_M] DELETE FAILURE.....
18:01:57.015549> Try Delete lock Sell order, 
18:01:57.175561> Support: 61270.6 VolS:1.5 Resistence: 61271.1 VolR:1.131
18:01:57.971609> BinanceFuture - Vxxv1AWf[USD_M] DELETE FAILURE.....
18:01:57.995605> Try Delete lock Sell order, 
18:01:57.995605> Support: 61271 VolS:1.646 Resistence: 61271.1 VolR:1.223
18:01:58.807655> BinanceFuture - Vxxv1AWf[USD_M] DELETE FAILURE.....
18:01:59.006664> Try Delete lock Sell order, 
18:01:59.006664> Support: 61267.7 VolS:1.5 Resistence: 61271.1 VolR:1.317
18:02:01.713821> BinanceFuture - Vxxv1AWf[USD_M] DELETE FAILURE.....
18:02:02.066842> Try Delete lock Sell order, 
18:02:02.072843> Support: 61270 VolS:2.828 Resistence: 61271.1 VolR:1.184
18:02:02.754879> BinanceFuture - Vxxv1AWf[USD_M] DELETE FAILURE.....
18:02:02.816881> Try Delete lock Sell order, 
18:02:02.816881> Support: 61270 VolS:2.828 Resistence: 61271.1 VolR:1.18
18:02:03.455921> BinanceFuture - Vxxv1AWf[USD_M] DELETE FAILURE.....
18:02:03.536925> Try Delete lock Sell order, 
18:02:03.537923> Support: 61270 VolS:2.828 Resistence: 61271.1 VolR:1.07
18:02:04.833996> BinanceFuture - Vxxv1AWf[USD_M] DELETE FAILURE.....
18:02:05.175018> Try Delete lock Sell order, 
18:02:05.176019> Support: 61270 VolS:2.373 Resistence: 61270.1 VolR:1.306
18:02:05.823114> BinanceFuture - Vxxv1AWf[USD_M] DELETE FAILURE.....
18:02:05.847059> Try Delete lock Sell order, 
18:02:05.848058> Support: 61270 VolS:2.526 Resistence: 61270.1 VolR:1.269
18:02:06.569098> BinanceFuture - Vxxv1AWf[USD_M] DELETE FAILURE.....
18:02:06.595100> Try Delete lock Sell order, 
18:02:06.596101> Support: 61250.7 VolS:0.363 Resistence: 61258.1 VolR:1.972
18:02:07.580158> BinanceFuture - Vxxv1AWf[USD_M] DELETE FAILURE.....
18:02:07.653162> Try Delete lock Sell order, 
18:02:07.654163> Support: 61250.7 VolS:0.363 Resistence: 61258.1 VolR:1.972
18:02:08.187192> BinanceFuture - Vxxv1AWf[USD_M] DELETE FAILURE.....
18:02:08.218193> Try Delete lock Sell order, 
18:02:08.219191> Support: 61251.1 VolS:0.208 Resistence: 61258.1 VolR:2.861
18:02:08.773224> BinanceFuture - Vxxv1AWf[USD_M] DELETE FAILURE.....
18:02:08.829227> Try Delete lock Sell order, 
18:02:08.829227> Support: 61254.7 VolS:0.98 Resistence: 61258.1 VolR:1.244
18:02:09.929291> BinanceFuture - Vxxv1AWf[USD_M] DELETE FAILURE.....
18:02:09.942292> Try Delete lock Sell order, 
18:02:09.942292> Support: 61258.5 VolS:0.996 Resistence: 61262.8 VolR:0.932
18:02:11.275371> BinanceFuture - Vxxv1AWf[USD_M] DELETE FAILURE.....
18:02:11.452378> Try Delete lock Sell order, 
18:02:11.487380> Support: 61256.9 VolS:0.881 Resistence: 61258.1 VolR:1.173
18:02:13.876519> BinanceFuture - Vxxv1AWf[USD_M] DELETE FAILURE.....
18:02:13.910521> Try Delete lock Sell order, 
18:02:13.910521> Support: 61257.7 VolS:0.347 Resistence: 61271.1 VolR:1.201
18:02:14.465553> BinanceFuture - Vxxv1AWf[USD_M] DELETE FAILURE.....
18:02:14.497551> Try Delete lock Sell order, 
18:02:14.497551> Support: 61257.7 VolS:0.347 Resistence: 61271.1 VolR:1.201
18:02:15.514612> BinanceFuture - Vxxv1AWf[USD_M] DELETE FAILURE.....
18:02:15.764626> Try Delete lock Sell order, 
18:02:15.765694> Support: 61264.9 VolS:0.338 Resistence: 61275.5 VolR:1.701
18:02:17.126704> BinanceFuture - Vxxv1AWf[USD_M] DELETE FAILURE.....
18:02:17.186707> Try Delete lock Sell order, 
18:02:17.187709> Support: 61263.1 VolS:0.969 Resistence: 61266.1 VolR:2.062
18:02:19.606846> BinanceFuture - Vxxv1AWf[USD_M] DELETE FAILURE.....
18:02:19.649852> Try Delete lock Sell order, 
18:02:19.649852> Support: 61266.8 VolS:0.892 Resistence: 61270 VolR:1.161
18:02:20.194878> BinanceFuture - Vxxv1AWf[USD_M] DELETE FAILURE.....
18:02:20.594901> Try Delete lock Sell order, 
18:02:20.595903> Support: 61268.7 VolS:1.014 Resistence: 61270 VolR:1.163
18:02:21.296941> BinanceFuture - Vxxv1AWf[USD_M] DELETE FAILURE.....
18:02:21.358944> Try Delete lock Sell order, 
18:02:21.358944> Support: 61268.7 VolS:1.014 Resistence: 61270 VolR:1.059
18:02:23.206073> BinanceFuture - Vxxv1AWf[USD_M] DELETE FAILURE.....
18:02:23.368061> Try Delete lock Sell order, 
18:02:23.368061> Support: 61267.8 VolS:1.5 Resistence: 61272.7 VolR:1.616
18:02:24.124103> BinanceFuture - Vxxv1AWf[USD_M] DELETE FAILURE.....
18:02:24.126106> Try Delete lock Sell order, 
18:02:24.126106> Support: 61272.6 VolS:2.024 Resistence: 61272.7 VolR:1.651
18:02:24.736141> BinanceFuture - Vxxv1AWf[USD_M] DELETE FAILURE.....
18:02:24.775142> Try Delete lock Sell order, 
18:02:24.775142> Support: 61272.6 VolS:2.056 Resistence: 61272.7 VolR:1.651
18:02:25.417178> BinanceFuture - Vxxv1AWf[USD_M] DELETE FAILURE.....
18:02:25.472182> Try Delete lock Sell order, 
18:02:25.473182> Support: 61268.7 VolS:0.956 Resistence: 61272.7 VolR:2.141
18:02:26.577253> BinanceFuture - Vxxv1AWf[USD_M] DELETE FAILURE.....
18:02:26.654249> Try Delete lock Sell order, 
18:02:26.655254> Support: 61269.5 VolS:0.987 Resistence: 61272.7 VolR:2.144
18:02:27.538298> BinanceFuture - Vxxv1AWf[USD_M] DELETE FAILURE.....
18:02:27.573303> Try Delete lock Sell order, 
18:02:27.575304> Support: 61270 VolS:1.594 Resistence: 61272.7 VolR:1.631
18:02:29.665423> BinanceFuture - Vxxv1AWf[USD_M] DELETE FAILURE.....
18:02:29.705426> Try Delete lock Sell order, 
18:02:29.707426> Support: 61261.1 VolS:1.5 Resistence: 61272.7 VolR:1.616
18:02:30.542474> BinanceFuture - Vxxv1AWf[USD_M] DELETE FAILURE.....
18:02:30.635480> Try Delete lock Sell order, 
18:02:30.636481> Support: 61266 VolS:1.082 Resistence: 61272.7 VolR:1.616
18:02:31.615536> BinanceFuture - Vxxv1AWf[USD_M] DELETE FAILURE.....
18:02:31.660537> Try Delete lock Sell order, 
18:02:31.660537> Support: 61266 VolS:1.584 Resistence: 61272.7 VolR:1.616
18:02:34.052671> BinanceFuture - Vxxv1AWf[USD_M] DELETE FAILURE.....
18:02:34.430697> Try Delete lock Sell order, 
18:02:34.431696> Support: 61266 VolS:1.457 Resistence: 61272.7 VolR:1.616
18:02:35.453755> BinanceFuture - Vxxv1AWf[USD_M] DELETE FAILURE.....
18:02:35.489756> Try Delete lock Sell order, 
18:02:35.489756> Support: 61266 VolS:2.112 Resistence: 61272.7 VolR:1.616
18:02:36.368812> BinanceFuture - Vxxv1AWf[USD_M] DELETE FAILURE.....
18:02:36.591820> Try Delete lock Sell order, 
18:02:36.602820> Support: 61267.9 VolS:4.26 Resistence: 61272.7 VolR:1.616
18:02:37.463870> BinanceFuture - Vxxv1AWf[USD_M] DELETE FAILURE.....
18:02:37.543874> Try Delete lock Sell order, 
18:02:37.544875> Support: 61280.3 VolS:1.251 Resistence: 61288.1 VolR:1
18:02:38.302919> BinanceFuture - Vxxv1AWf[USD_M] DELETE FAILURE.....
18:02:38.366922> Try Delete lock Sell order, 
18:02:38.367923> Support: 61279.7 VolS:0.827 Resistence: 61280.4 VolR:1.866
18:02:39.155968> BinanceFuture - Vxxv1AWf[USD_M] DELETE FAILURE.....
18:02:40.156025> Try Delete lock Sell order, 
18:02:40.200027> Support: 61279.1 VolS:0.855 Resistence: 61280.4 VolR:1.859
18:02:41.438099> BinanceFuture - Vxxv1AWf[USD_M] DELETE FAILURE.....
18:02:41.548104> Try Delete lock Sell order, 
18:02:41.548104> Support: 61279.1 VolS:0.855 Resistence: 61280.4 VolR:1.47
18:02:42.173141> BinanceFuture - Vxxv1AWf[USD_M] DELETE FAILURE.....
18:02:42.223144> Try Delete lock Sell order, 
18:02:42.223144> Support: 61279.8 VolS:1.5 Resistence: 61280.4 VolR:1.371
18:02:43.143192> BinanceFuture - Vxxv1AWf[USD_M] DELETE FAILURE.....
18:02:43.418213> Try Delete lock Sell order, 
18:02:43.418213> Support: 61279.8 VolS:1.5 Resistence: 61280.4 VolR:1.371
18:02:44.498274> BinanceFuture - Vxxv1AWf[USD_M] DELETE FAILURE.....
18:02:44.508273> Try Delete lock Sell order, 
18:02:44.509274> Support: 61279.3 VolS:1.5 Resistence: 61280.4 VolR:0.737
18:02:47.110425> BinanceFuture - Vxxv1AWf[USD_M] DELETE FAILURE.....
18:02:47.266431> Try Delete lock Sell order, 
18:02:47.268434> Support: 61276.2 VolS:0.358 Resistence: 61288.1 VolR:1
18:02:48.290491> BinanceFuture - Vxxv1AWf[USD_M] DELETE FAILURE.....
18:02:48.616510> Try Delete lock Sell order, 
18:02:48.617510> Support: 61281.9 VolS:2.168 Resistence: 61288.1 VolR:1
18:02:49.385554> BinanceFuture - Vxxv1AWf[USD_M] DELETE FAILURE.....
18:02:49.431555> Try Delete lock Sell order, 
18:02:49.477561> Support: 61281.9 VolS:2.304 Resistence: 61288.1 VolR:1
18:02:52.185713> BinanceFuture - Vxxv1AWf[USD_M] DELETE FAILURE.....
18:02:52.188715> Try Delete lock Sell order, 
18:02:52.189713> Support: 61297.1 VolS:0.896 Resistence: 61300 VolR:3.755
18:02:53.055765> BinanceFuture - Vxxv1AWf[USD_M] DELETE FAILURE.....
18:02:53.187770> Try Delete lock Sell order, 
18:02:53.188771> Support: 61297.5 VolS:0.898 Resistence: 61305 VolR:3
18:02:53.999818> BinanceFuture - Vxxv1AWf[USD_M] DELETE FAILURE.....
18:02:54.058821> Try Delete lock Sell order, 
18:02:54.059824> Support: 61292.8 VolS:1.5 Resistence: 61305 VolR:3
18:02:54.909872> BinanceFuture - Vxxv1AWf[USD_M] DELETE FAILURE.....
18:02:55.017877> Try Delete lock Sell order, 
18:02:55.017877> Support: 61304.9 VolS:1.573 Resistence: 61309.4 VolR:5
18:02:55.775919> BinanceFuture - Vxxv1AWf[USD_M] DELETE FAILURE.....
18:02:55.814923> Try Delete lock Sell order, 
18:02:55.815922> Support: 61309.3 VolS:2.409 Resistence: 61309.4 VolR:6.039
18:02:57.183000> BinanceFuture - Vxxv1AWf[USD_M] DELETE FAILURE.....
18:02:57.292029> Try Delete lock Sell order, 
18:02:57.294031> Support: 61309.3 VolS:2.315 Resistence: 61309.4 VolR:5.91
18:02:58.106055> BinanceFuture - Vxxv1AWf[USD_M] DELETE FAILURE.....
18:02:58.138056> Try Delete lock Sell order, 
18:02:58.138056> Support: 61298 VolS:0.215 Resistence: 61309.4 VolR:4.694
18:02:59.161114> BinanceFuture - Vxxv1AWf[USD_M] DELETE FAILURE.....
18:02:59.166112> Try Delete lock Sell order, 
18:02:59.177116> Support: 61298 VolS:0.215 Resistence: 61309.4 VolR:4.694
18:03:01.345238> BinanceFuture - Vxxv1AWf[USD_M] DELETE FAILURE.....
18:03:01.539251> Try Delete lock Sell order, 
18:03:01.896271> Support: 61290 VolS:0.963 Resistence: 61293.1 VolR:0.925
18:03:02.837326> BinanceFuture - Vxxv1AWf[USD_M] DELETE FAILURE.....
18:03:02.973333> Try Delete lock Sell order, 
18:03:02.973333> Support: 61304.9 VolS:1.928 Resistence: 61309.4 VolR:4.694
18:03:03.804380> BinanceFuture - Vxxv1AWf[USD_M] DELETE FAILURE.....
18:03:04.036428> Try Delete lock Sell order, 
18:03:04.039411> Support: 61309.3 VolS:1.644 Resistence: 61309.4 VolR:4.448
18:03:04.951446> BinanceFuture - Vxxv1AWf[USD_M] DELETE FAILURE.....
18:03:05.060453> Try Delete lock Sell order, 
18:03:05.060453> Support: 61306 VolS:0.215 Resistence: 61309.4 VolR:4.657
18:03:05.742491> BinanceFuture - Vxxv1AWf[USD_M] DELETE FAILURE.....
18:03:06.697545> Try Delete lock Sell order, 
18:03:06.698547> Support: 61306.6 VolS:1.5 Resistence: 61309.4 VolR:4.852
18:03:07.550597> BinanceFuture - Vxxv1AWf[USD_M] DELETE FAILURE.....
18:03:07.556600> Try Delete lock Sell order, 
18:03:07.556600> Support: 61313.5 VolS:2.698 Resistence: 61314.6 VolR:1.576
18:03:08.281636> BinanceFuture - Vxxv1AWf[USD_M] DELETE FAILURE.....
18:03:08.302636> Try Delete lock Sell order, 
18:03:08.303638> Support: 61314.5 VolS:2.781 Resistence: 61314.6 VolR:1.598
18:03:11.670831> BinanceFuture - Vxxv1AWf[USD_M] DELETE FAILURE.....
18:03:11.676831> Try Delete lock Sell order, 
18:03:11.676831> Support: 61327.8 VolS:3.921 Resistence: 61332.9 VolR:0.934
18:03:12.741890> BinanceFuture - Vxxv1AWf[USD_M] DELETE FAILURE.....
18:03:12.771895> Try Delete lock Sell order, 
18:03:12.771895> Support: 61323.7 VolS:1.5 Resistence: 61329.6 VolR:0.953
18:03:13.435946> BinanceFuture - Vxxv1AWf[USD_M] DELETE FAILURE.....
18:03:13.541941> Try Delete lock Sell order, 
18:03:13.541941> Support: 61328.3 VolS:3.057 Resistence: 61329.6 VolR:0.953
18:03:16.218094> BinanceFuture - Vxxv1AWf[USD_M] DELETE FAILURE.....
18:03:16.252095> Try Delete lock Sell order, 
18:03:16.252095> Support: 61345.4 VolS:1.5 Resistence: 61355 VolR:0.33
18:03:17.033139> BinanceFuture - Vxxv1AWf[USD_M] DELETE FAILURE.....
18:03:17.315155> Try Delete lock Sell order, 
18:03:17.316160> Support: 61341.2 VolS:1.565 Resistence: 61346.2 VolR:1.023
18:03:17.815194> BinanceFuture - Vxxv1AWf[USD_M] DELETE FAILURE.....
18:03:17.863186> Try Delete lock Sell order, 
18:03:17.863186> Support: 61332.7 VolS:1.638 Resistence: 61338.1 VolR:2.168
18:03:18.806248> BinanceFuture - Vxxv1AWf[USD_M] DELETE FAILURE.....
18:03:19.621287> Try Delete lock Sell order, 
18:03:19.622287> Support: 61336.1 VolS:0.91 Resistence: 61338.1 VolR:2.493
18:03:20.559343> BinanceFuture - Vxxv1AWf[USD_M] DELETE FAILURE.....
18:03:20.625343> Try Delete lock Sell order, 
18:03:20.626344> Support: 61343.9 VolS:3.527 Resistence: 61346.4 VolR:0.889
18:03:21.894418> BinanceFuture - Vxxv1AWf[USD_M] DELETE FAILURE.....
18:03:22.234437> Try Delete lock Sell order, 
18:03:22.235440> Support: 61343.9 VolS:3.466 Resistence: 61353.1 VolR:0.418
18:03:22.885475> BinanceFuture - Vxxv1AWf[USD_M] DELETE FAILURE.....
18:03:22.989480> Try Delete lock Sell order, 
18:03:22.990480> Support: 61353.9 VolS:0.377 Resistence: 61354 VolR:1.851
18:03:23.752522> BinanceFuture - Vxxv1AWf[USD_M] DELETE FAILURE.....
18:03:23.754524> Try Delete lock Sell order, 
18:03:23.754524> Support: 61354 VolS:1.743 Resistence: 61361.5 VolR:0.385
18:03:24.356557> BinanceFuture - Vxxv1AWf[USD_M] DELETE FAILURE.....
18:03:24.686575> Try Delete lock Sell order, 
18:03:24.939592> Support: 61354.9 VolS:1.659 Resistence: 61356.1 VolR:0.82
18:03:25.638637> BinanceFuture - Vxxv1AWf[USD_M] DELETE FAILURE.....
18:03:25.845643> Try Delete lock Sell order, 
18:03:25.868643> Support: 61352.1 VolS:0.997 Resistence: 61356.1 VolR:0.82
18:03:27.036714> BinanceFuture - Vxxv1AWf[USD_M] DELETE FAILURE.....
18:03:27.128716> Try Delete lock Sell order, 
18:03:27.174720> Support: 61334.4 VolS:0.836 Resistence: 61338.1 VolR:2.15
18:03:28.366788> BinanceFuture - Vxxv1AWf[USD_M] DELETE FAILURE.....
18:03:28.602802> Try Delete lock Sell order, 
18:03:28.603801> Support: 61313.1 VolS:1.183 Resistence: 61332.1 VolR:1.274
18:03:29.098832> BinanceFuture - Vxxv1AWf[USD_M] DELETE FAILURE.....
18:03:29.224836> Try Delete lock Sell order, 
18:03:29.225836> Support: 61313.1 VolS:1.183 Resistence: 61332.1 VolR:1.274
18:03:32.315014> BinanceFuture - Vxxv1AWf[USD_M] DELETE FAILURE.....
18:03:32.350016> Try Delete lock Sell order, 
18:03:32.351017> Support: 61323.9 VolS:1.684 Resistence: 61324 VolR:0.888
18:03:32.925053> BinanceFuture - Vxxv1AWf[USD_M] DELETE FAILURE.....
18:03:33.035055> Try Delete lock Sell order, 
18:03:33.035055> Support: 61323.9 VolS:1.05 Resistence: 61324 VolR:2.017
18:03:33.827102> BinanceFuture - Vxxv1AWf[USD_M] DELETE FAILURE.....
18:03:33.831104> Try Delete lock Sell order, 
18:03:33.831104> Support: 61317.8 VolS:0.949 Resistence: 61320.1 VolR:2.688
18:03:34.833158> BinanceFuture - Vxxv1AWf[USD_M] DELETE FAILURE.....
18:03:34.835160> Try Delete lock Sell order, 
18:03:34.835160> Support: 61317.8 VolS:0.949 Resistence: 61320.1 VolR:2.903
18:03:35.492197> BinanceFuture - Vxxv1AWf[USD_M] DELETE FAILURE.....
18:03:35.568201> Try Delete lock Sell order, 
18:03:35.569200> Support: 61317.8 VolS:0.949 Resistence: 61320.1 VolR:2.903
18:03:36.579259> BinanceFuture - Vxxv1AWf[USD_M] DELETE FAILURE.....
18:03:37.110290> Try Delete lock Sell order, 
18:03:37.114299> Support: 61319.8 VolS:0.909 Resistence: 61320.1 VolR:1.671
18:03:38.976397> BinanceFuture - Vxxv1AWf[USD_M] DELETE FAILURE.....
18:03:39.036409> Try Delete lock Sell order, 
18:03:39.037409> Support: 61319 VolS:1.011 Resistence: 61320.1 VolR:1.095
18:03:40.096459> BinanceFuture - Vxxv1AWf[USD_M] DELETE FAILURE.....
18:03:40.217470> Try Delete lock Sell order, 
18:03:40.218471> Support: 61319 VolS:1.011 Resistence: 61320.1 VolR:1.536
18:03:40.798503> BinanceFuture - Vxxv1AWf[USD_M] DELETE FAILURE.....
18:03:40.883506> Try Delete lock Sell order, 
18:03:40.883506> Support: 61311.3 VolS:0.868 Resistence: 61314.1 VolR:2.066
18:03:41.742553> BinanceFuture - Vxxv1AWf[USD_M] DELETE FAILURE.....
18:03:42.039571> Try Delete lock Sell order, 
18:03:42.053573> Support: 61312.8 VolS:0.954 Resistence: 61314.1 VolR:1.532
18:03:43.600665> BinanceFuture - Vxxv1AWf[USD_M] DELETE FAILURE.....
18:03:43.790685> Try Delete lock Sell order, 
18:03:43.791681> Support: 61306.4 VolS:0.364 Resistence: 61314.1 VolR:1.869
18:03:44.258700> BinanceFuture - Vxxv1AWf[USD_M] DELETE FAILURE.....
18:03:44.432710> Try Delete lock Sell order, 
18:03:44.433710> Support: 61308.7 VolS:0.937 Resistence: 61310.1 VolR:2.135
18:03:46.115807> BinanceFuture - Vxxv1AWf[USD_M] DELETE FAILURE.....
18:03:46.318818> Try Delete lock Sell order, 
18:03:46.319820> Support: 61310 VolS:1.624 Resistence: 61310.5 VolR:1.004
18:03:46.764844> BinanceFuture - Vxxv1AWf[USD_M] DELETE FAILURE.....
18:03:46.800846> Try Delete lock Sell order, 
18:03:46.801846> Support: 61310 VolS:1.547 Resistence: 61310.5 VolR:1.004
18:03:47.852906> BinanceFuture - Vxxv1AWf[USD_M] DELETE FAILURE.....
18:03:47.947911> Try Delete lock Sell order, 
18:03:47.947911> Support: 61310 VolS:1.636 Resistence: 61310.5 VolR:1.004
18:03:49.269986> BinanceFuture - Vxxv1AWf[USD_M] DELETE FAILURE.....
18:03:49.272984> Try Delete lock Sell order, 
18:03:49.273986> Support: 61312.9 VolS:1.773 Resistence: 61324 VolR:0.598
18:03:49.927025> BinanceFuture - Vxxv1AWf[USD_M] DELETE FAILURE.....
18:03:50.067033> Try Delete lock Sell order, 
18:03:50.068032> Support: 61317.3 VolS:1.011 Resistence: 61318 VolR:1.699
18:03:51.166098> BinanceFuture - Vxxv1AWf[USD_M] DELETE FAILURE.....
18:03:51.307104> Try Delete lock Sell order, 
18:03:51.332105> Support: 61302.8 VolS:0.252 Resistence: 61315.4 VolR:1.08
18:03:53.998258> BinanceFuture - Vxxv1AWf[USD_M] DELETE FAILURE.....
18:03:54.102263> Try Delete lock Sell order, 
18:03:54.103263> Support: 61309.9 VolS:2.406 Resistence: 61310.6 VolR:0.874
18:03:54.979314> BinanceFuture - Vxxv1AWf[USD_M] DELETE FAILURE.....
18:03:55.051321> Try Delete lock Sell order, 
18:03:55.051321> Support: 61309.9 VolS:2.43 Resistence: 61310.6 VolR:0.874
18:03:56.231386> BinanceFuture - Vxxv1AWf[USD_M] DELETE FAILURE.....
18:03:56.437399> Try Delete lock Sell order, 
18:03:56.453399> Support: 61309.9 VolS:2.424 Resistence: 61310.6 VolR:0.874
18:03:57.253443> BinanceFuture - Vxxv1AWf[USD_M] DELETE FAILURE.....
18:03:57.257448> Try Delete lock Sell order, 
18:03:57.257448> Support: 61309.9 VolS:2.559 Resistence: 61317.2 VolR:0.403
18:03:57.930484> BinanceFuture - Vxxv1AWf[USD_M] DELETE FAILURE.....
18:03:58.008490> Try Delete lock Sell order, 
18:03:58.009490> Support: 61309.9 VolS:2.198 Resistence: 61310 VolR:1.142
18:04:00.182613> BinanceFuture - Vxxv1AWf[USD_M] DELETE FAILURE.....
18:04:00.224615> Try Delete lock Sell order, 
18:04:00.225615> Support: 61309.9 VolS:0.951 Resistence: 61324 VolR:0.598
18:04:00.915664> BinanceFuture - Vxxv1AWf[USD_M] DELETE FAILURE.....
18:04:01.055679> Try Delete lock Sell order, 
18:04:01.056673> Support: 61312 VolS:1.165 Resistence: 61312.1 VolR:1.719
18:04:01.723702> BinanceFuture - Vxxv1AWf[USD_M] DELETE FAILURE.....
18:04:01.928713> Try Delete lock Sell order, 
18:04:01.929713> Support: 61312 VolS:1.61 Resistence: 61316 VolR:0.237
18:04:02.636752> BinanceFuture - Vxxv1AWf[USD_M] DELETE FAILURE.....
18:04:02.860767> Try Delete lock Sell order, 
18:04:02.873767> Support: 61312 VolS:1.409 Resistence: 61312.1 VolR:1.235
18:04:03.492803> BinanceFuture - Vxxv1AWf[USD_M] DELETE FAILURE.....
18:04:03.761818> Try Delete lock Sell order, 
18:04:03.762818> Support: 61312 VolS:1.61 Resistence: 61316 VolR:0.237
18:04:04.620864> BinanceFuture - Vxxv1AWf[USD_M] DELETE FAILURE.....
18:04:04.669873> Try Delete lock Sell order, 
18:04:04.669873> Support: 61318 VolS:1.994 Resistence: 61318.1 VolR:0.9
18:04:05.977947> BinanceFuture - Vxxv1AWf[USD_M] DELETE FAILURE.....
18:04:06.341965> Try Delete lock Sell order, 
18:04:06.341965> Support: 61317.1 VolS:0.834 Resistence: 61318.1 VolR:1.127
18:04:08.717103> BinanceFuture - Vxxv1AWf[USD_M] DELETE FAILURE.....
18:04:08.850110> Try Delete lock Sell order, 
18:04:08.851110> Support: 61307.6 VolS:1.725 Resistence: 61316 VolR:1.361
18:04:09.646173> BinanceFuture - Vxxv1AWf[USD_M] DELETE FAILURE.....
18:04:09.802165> Try Delete lock Sell order, 
18:04:09.802165> Support: 61311.9 VolS:0.721 Resistence: 61312 VolR:1.246
18:04:10.369197> BinanceFuture - Vxxv1AWf[USD_M] DELETE FAILURE.....
18:04:10.517208> Try Delete lock Sell order, 
18:04:10.621209> Support: 61306.9 VolS:0.87 Resistence: 61309.3 VolR:1.899
18:04:11.569265> BinanceFuture - Vxxv1AWf[USD_M] DELETE FAILURE.....
18:04:11.831283> Try Delete lock Sell order, 
18:04:11.832282> Support: 61300 VolS:0.474 Resistence: 61309.3 VolR:1.404
18:04:12.912344> BinanceFuture - Vxxv1AWf[USD_M] DELETE FAILURE.....
18:04:13.255363> Try Delete lock Sell order, 
18:04:13.255363> Support: 61290.1 VolS:0.343 Resistence: 61292.1 VolR:2.007
18:04:13.987405> BinanceFuture - Vxxv1AWf[USD_M] DELETE FAILURE.....
18:04:14.701445> Try Delete lock Sell order, 
18:04:14.751450> Support: 61291.4 VolS:0.395 Resistence: 61299 VolR:2.189
18:04:15.587493> BinanceFuture - Vxxv1AWf[USD_M] DELETE FAILURE.....
18:04:15.632497> Try Delete lock Sell order, 
18:04:15.632497> Support: 61287 VolS:1.273 Resistence: 61287.1 VolR:1.256
18:04:18.274658> BinanceFuture - Vxxv1AWf[USD_M] DELETE FAILURE.....
18:04:18.553666> Try Delete lock Sell order, 
18:04:18.553666> Support: 61291.9 VolS:2.747 Resistence: 61292.5 VolR:0.849
18:04:19.411717> BinanceFuture - Vxxv1AWf[USD_M] DELETE FAILURE.....
18:04:19.427716> Try Delete lock Sell order, 
18:04:19.429715> Support: 61289.9 VolS:0.843 Resistence: 61292 VolR:0.901
18:04:20.148759> BinanceFuture - Vxxv1AWf[USD_M] DELETE FAILURE.....
18:04:20.215761> Try Delete lock Sell order, 
18:04:20.215761> Support: 61291.8 VolS:1.062 Resistence: 61294.2 VolR:0.903
18:04:22.533894> BinanceFuture - Vxxv1AWf[USD_M] DELETE FAILURE.....
18:04:22.569897> Try Delete lock Sell order, 
18:04:22.570896> Support: 61298 VolS:2.49 Resistence: 61299.1 VolR:0.998
18:04:23.317964> BinanceFuture - Vxxv1AWf[USD_M] DELETE FAILURE.....
18:04:23.474949> Try Delete lock Sell order, 
18:04:23.474949> Support: 61298 VolS:0.359 Resistence: 61299.1 VolR:0.998
18:04:24.282994> BinanceFuture - Vxxv1AWf[USD_M] DELETE FAILURE.....
18:04:24.308996> Try Delete lock Sell order, 
18:04:24.308996> Support: 61297.8 VolS:0.995 Resistence: 61299.1 VolR:0.998
18:04:26.503124> BinanceFuture - Vxxv1AWf[USD_M] DELETE FAILURE.....
18:04:26.557123> Try Delete lock Sell order, 
18:04:26.558127> Support: 61301.9 VolS:1.598 Resistence: 61302.7 VolR:1.27
18:04:27.250164> BinanceFuture - Vxxv1AWf[USD_M] DELETE FAILURE.....
18:04:27.350170> Try Delete lock Sell order, 
18:04:27.350170> Support: 61296.5 VolS:1.031 Resistence: 61298.1 VolR:1.685
18:04:28.282224> BinanceFuture - Vxxv1AWf[USD_M] DELETE FAILURE.....
18:04:28.406231> Try Delete lock Sell order, 
18:04:28.407232> Support: 61284.7 VolS:0.341 Resistence: 61298.1 VolR:1.132
18:04:29.172277> BinanceFuture - Vxxv1AWf[USD_M] DELETE FAILURE.....
18:04:29.196274> Try Delete lock Sell order, 
18:04:29.196274> Support: 61294 VolS:0.43 Resistence: 61294.1 VolR:1.265
18:04:29.846320> BinanceFuture - Vxxv1AWf[USD_M] DELETE FAILURE.....
18:04:29.871315> Try Delete lock Sell order, 
18:04:29.871315> Support: 61294 VolS:1.363 Resistence: 61294.1 VolR:1.19
18:04:31.056383> BinanceFuture - Vxxv1AWf[USD_M] DELETE FAILURE.....
18:04:31.061382> Try Delete lock Sell order, 
18:04:31.061382> Support: 61295.9 VolS:0.843 Resistence: 61302.7 VolR:0.379
18:04:32.132444> BinanceFuture - Vxxv1AWf[USD_M] DELETE FAILURE.....
18:04:32.170447> Try Delete lock Sell order, 
18:04:32.170447> Support: 61297.9 VolS:0.977 Resistence: 61298.3 VolR:0.925
18:04:33.256510> BinanceFuture - Vxxv1AWf[USD_M] DELETE FAILURE.....
18:04:33.475522> Try Delete lock Sell order, 
18:04:33.476523> Support: 61297.9 VolS:1.54 Resistence: 61304.9 VolR:1.188
18:04:34.023551> BinanceFuture - Vxxv1AWf[USD_M] DELETE FAILURE.....
18:04:34.025553> Try Delete lock Sell order, 
18:04:34.026554> Support: 61297.9 VolS:1.235 Resistence: 61304.9 VolR:1.188
18:04:35.245622> BinanceFuture - Vxxv1AWf[USD_M] DELETE FAILURE.....
18:04:35.604643> Try Delete lock Sell order, 
18:04:35.660648> Support: 61297.9 VolS:1.235 Resistence: 61304.9 VolR:1.188
18:04:36.335693> BinanceFuture - Vxxv1AWf[USD_M] DELETE FAILURE.....
18:04:36.476703> Try Delete lock Sell order, 
18:04:36.477706> Support: 61296 VolS:1.047 Resistence: 61297 VolR:1.994
18:04:37.213737> BinanceFuture - Vxxv1AWf[USD_M] DELETE FAILURE.....
18:04:37.256741> Try Delete lock Sell order, 
18:04:37.256741> Support: 61287 VolS:0.5 Resistence: 61294.2 VolR:2.582
18:04:37.923778> BinanceFuture - Vxxv1AWf[USD_M] DELETE FAILURE.....
18:04:38.053782> Try Delete lock Sell order, 
18:04:38.054784> Support: 61289.4 VolS:1.022 Resistence: 61290.1 VolR:1.576
18:04:38.967845> BinanceFuture - Vxxv1AWf[USD_M] DELETE FAILURE.....
18:04:39.060842> Try Delete lock Sell order, 
18:04:39.060842> Support: 61288.9 VolS:0.972 Resistence: 61290.1 VolR:1.618
18:04:41.486983> BinanceFuture - Vxxv1AWf[USD_M] DELETE FAILURE.....
18:04:41.665996> Try Delete lock Sell order, 
18:04:41.668000> Support: 61288.9 VolS:0.972 Resistence: 61290.1 VolR:1.253
18:04:44.038128> BinanceFuture - Vxxv1AWf[USD_M] DELETE FAILURE.....
18:04:44.298143> Try Delete lock Sell order, 
18:04:44.299141> Support: 61280.4 VolS:1.186 Resistence: 61280.5 VolR:1.878
18:04:51.236540> BinanceFuture - Vxxv1AWf[USD_M] DELETE FAILURE.....
