10:36:50.362088> WebSocket connected! Start @depth [Future] process...
10:36:50.619103> Lenta has started...Start SubscribeToAggTradeStream @aggTrade [future] process...
10:36:51.393945> WebSocket connected! Start Partial @depth20 [Future] process...
10:36:51.404950> Lenta has started...Start SubscribeToAggTradeStream @aggTrade [future] process...
10:36:51.405940> WebSocket connected! Start @depth [Future] process...
10:36:51.513946> WebSocket connected! Start Partial @depth20 [Future] process...
10:36:51.517947> WebSocket connected! Start Partial @depth20 [Future] process...
10:36:51.702961> WebSocket connected! Start Partial @depth20 [Future] process...
10:36:52.257887> BinanceFuture - Vxxv1AWf[USD_M] USD_M Balance: 223.72252413 USDT
11:13:46.602659> Try Open BuyLimit, Bid: 60792.1 Ask:  60792.2
11:13:46.603664> Order Signal open long, Order=2 StepByStepUP:0 Stk:2 StkImp:2 Lnt:2 Prg:0 Tide:10 Bid: 60792.1 Ask:  60792.2
11:13:46.944984> [1Leg]: Buy OK BTCUSDC at 0.00;Price=0.0;Slippage=60792.2;Execution=336.324 ms;
11:13:46.946973> Placed Main BuyLimit, ticketCustom = 1 ticket= 4242435246 LastBuyPrice=60792.1
11:13:52.011825> Try place lock SellLimit, Bid: 60792.1 Ask:60792.2 wantPrice:61103.0  EntrPrice:60792.2
11:13:53.396205> [1Leg]: Sell OK BTCUSDC at 61103.00;Price=61103.0;Slippage=-310.8;Execution=1382.378 ms;
11:13:53.397206> Placed lock SellLimit, ticketCustom= 2, ticket= 4242435246 
11:13:53.424200>  
11:34:18.371991> Try adding BuyLimit, Bid: 60716.2 Ask:  60716.3
11:34:18.701687> [1Leg]: Buy OK BTCUSDC at 0.00;Price=0.0;Slippage=60716.3;Execution=327.679 ms;
11:34:18.701687> adding BuyLimit, ticket = 4242779625 ticketCustom = 3 
11:34:22.004490> Try Delete lock Sell order,  ticket = 4242435246 ticketCustom = 2
11:34:22.005490>  
11:34:23.090061> BinanceFuture - Vxxv1AWf[USD_M] DELETE FAILURE.....
11:34:28.198084> Try Delete lock Sell order,  ticket = 4242435246 ticketCustom = 2
11:34:28.200084>  
11:34:28.478103> BinanceFuture - Vxxv1AWf[USD_M] DELETE FAILURE.....
11:34:33.535413> Try Delete lock Sell order,  ticket = 4242435246 ticketCustom = 2
11:34:33.536415>  
11:34:33.889895> BinanceFuture - Vxxv1AWf[USD_M] DELETE FAILURE.....
11:34:38.964772> Try Delete lock Sell order,  ticket = 4242435246 ticketCustom = 2
11:34:38.965769>  
11:34:39.248795> BinanceFuture - Vxxv1AWf[USD_M] DELETE FAILURE.....
11:34:44.375730> Try Delete lock Sell order,  ticket = 4242435246 ticketCustom = 2
11:34:44.375730>  
11:34:44.667747> BinanceFuture - Vxxv1AWf[USD_M] DELETE FAILURE.....
