15:57:42.418279> WebSocket connected! Start Partial @depth20 [Future] process...
15:57:42.418279> WebSocket connected! Start @depth [Future] process...
15:57:42.419279> WebSocket connected! Start Partial @depth20 [Future] process...
15:57:42.452287> Lenta has started...Start SubscribeToAggTradeStream @aggTrade [future] process...
15:57:43.329948> BinanceFuture - Vxxv1AWf[USD_M] USD_M Balance: 242.11592210 USDT
15:57:43.351955> WebSocket connected! Start Partial @depth20 [Future] process...
15:57:43.360961> Lenta has started...Start SubscribeToAggTradeStream @aggTrade [future] process...
15:57:43.373954> WebSocket connected! Start Partial @depth20 [Future] process...
15:57:43.379952> WebSocket connected! Start @depth [Future] process...
16:00:07.903972> Try Open BuyLimit, Bid: 65201.9 Ask:  65202.0
16:00:07.903972> Step Signal open long, StepByStepUP:3 Stk:20 StkImp:0 Lnt:2 Prg:0 Tide:20 Bid: 65201.9 Ask:  65202.0
16:00:08.154340> [1Leg]: Buy OK BTCUSDC at 0.00;Gap=0.17375;Price=65210.30;Slippage=65210.3;Execution=248.382 ms;
16:00:08.155339> Placed Main BuyLimit, ticketCustom = 1 ticket= 3974308213 LastBuyPrice=65201.9
16:02:28.267175> Try Close Buy, Ask: 65124.0 Bid:65123.9 
16:02:28.267175> Lenta Signal close long, stoploss=-50 TotalVal=0.002 pos:0.002 EntrPrice=0 Stk:10 StkImp:2 Lnt:2 Prg:0 Bid: 65123.9 Ask:  65124.0
16:02:28.560192> [1Leg]: Sell OK BTCUSDC at 0.00;Gap=-1.7675;Price=65118.90;Slippage=65118.9;Execution=292.016 ms;
16:02:28.561192> Close Main Buy, ticketCustom = 2 ticket = 3974308213
16:02:28.563193> Try Close Buy, Ask: 65118.9 Bid:65118.8 
16:02:28.563193> Lenta Signal close long, stoploss=-50 TotalVal=0.002 pos:0.002 EntrPrice=0 Stk:10 StkImp:2 Lnt:0 Prg:0 Bid: 65118.8 Ask:  65118.9
16:02:28.804206> [1Leg]: Sell OK BTCUSDC at 0.00;Gap=-5.6675;Price=65118.50;Slippage=65118.5;Execution=240.014 ms;
16:02:28.805206> Close Main Buy, ticketCustom = 3 ticket = 3974386636
