09:49:10.707550> WebSocket connected! Start Partial @depth20 [Future] process...
09:49:10.709549> Lenta has started...Start SubscribeToAggTradeStream @aggTrade [future] process...
09:49:10.710547> WebSocket connected! Start @depth [Future] process...
09:49:10.720547> WebSocket connected! Start Partial @depth20 [Future] process...
09:49:11.678093> Lenta has started...Start SubscribeToAggTradeStream @aggTrade [future] process...
09:49:11.691095> WebSocket connected! Start Partial @depth20 [Future] process...
09:49:11.697087> WebSocket connected! Start Partial @depth20 [Future] process...
09:49:11.723088> WebSocket connected! Start @depth [Future] process...
09:49:12.195036> BinanceFuture - Vxxv1AWf[USD_M] USD_M Balance: 223.51176487 USDT
10:21:01.798060> Try Open BuyLimit, Bid: 60710.1 Ask:  60710.2
10:21:01.798060> Order Signal open long, Order=2 StepByStepUP:0 Stk:1 StkImp:0 Lnt:2 Prg:0 Tide:10 Bid: 60710.1 Ask:  60710.2
10:21:02.063173> [1Leg]: Buy OK BTCUSDC at 0.00;Price=0.0;Slippage=60710.2;Execution=260.121 ms;
10:21:02.064163> Placed Main BuyLimit, ticketCustom = 1 ticket= 4241377223 LastBuyPrice=60710.1
10:31:51.809270> Try Close Buy, Ask: 60848.1 Bid:60848.0 
10:31:51.810270> Natiag Signal close long, stoploss=60425.2 TotalVal=0.002 pos:0.002 EntrPrice=60710.2 Stk:10 Lnt:2 Prg:0 Bid: 60848.0 Ask:  60848.1
10:31:52.067284> [1Leg]: Sell OK BTCUSDC at 0.00;Price=0.0;Slippage=60848.1;Execution=254.015 ms;
10:31:52.067284> Close Main Buy, ticketCustom = 2 ticket = 4241377223
10:32:50.935100> Try Open SellLimit, Ask: 60843.3 Bid:60843.2
10:32:50.936105> Order Signal open short, Order=1 StepByStepDN:0 Stk:20 StkImp:0 Lnt:0 Prg:0 Bid: 60843.2 Ask:  60843.3
10:32:51.198113> [1Leg]: Sell OK BTCUSDC at 0.00;Price=0.0;Slippage=60838.3;Execution=262.008 ms;
10:32:51.200116> Placed Main SellLimit, ticketCustom = 3 ticket = 4241640076 LastSellPrice=60843.3
