12:05:38.022860> WebSocket connected! Start Partial @depth20 [Future] process...
12:05:38.027856> WebSocket connected! Start @depth [Future] process...
12:05:38.029859> Lenta has started...Start SubscribeToAggTradeStream @aggTrade [future] process...
12:05:39.022137> Lenta has started...Start SubscribeToAggTradeStream @aggTrade [future] process...
12:05:39.029122> WebSocket connected! Start Partial @depth20 [Future] process...
12:05:39.031115> WebSocket connected! Start Partial @depth20 [Future] process...
12:05:39.032115> WebSocket connected! Start @depth [Future] process...
12:05:39.565194> BinanceFuture - Vxxv1AWf[USD_M] USD_M Balance: 257.79730737 USDT
12:05:41.022843> WebSocket connected! Start Partial @depth20 [Future] process...
12:06:20.720611> Lenta has started...Start SubscribeToAggTradeStream @aggTrade [future] process...
12:06:20.720611> WebSocket connected! Start @depth [Future] process...
12:06:20.738585> WebSocket connected! Start Partial @depth20 [Future] process...
12:06:20.740584> WebSocket connected! Start Partial @depth20 [Future] process...
12:06:21.323812> WebSocket connected! Start Partial @depth20 [Future] process...
12:06:21.337792> WebSocket connected! Start Partial @depth20 [Future] process...
12:06:21.346793> Lenta has started...Start SubscribeToAggTradeStream @aggTrade [future] process...
12:06:21.354793> WebSocket connected! Start @depth [Future] process...
12:06:21.818806> BinanceFuture - Vxxv1AWf[USD_M] USD_M Balance: 257.78099234 USDT
12:52:05.464548> Try Open Sell, Ask: 69383.9 Bid: 69383.8
12:52:05.465548> Lenta Signal open short, OpenShort:True Stk:2 StkImp:2 Lnt:1 Prg:0 Bid: 69383.8 Ask:  69383.9
12:52:06.511123> [1Leg]: Sell OK BTCUSDC at 0.00;Gap=3.40125;Price=69380.10;Slippage=69380.1;Execution=991.569 ms;
12:52:06.512122> Move:2 Stk:2 Lnt:1 Prg:0 Fon:0 Bid: 69380.0 Ask:  69380.1
12:52:06.512122> Placed Main Sell, ticketCustom = 1 ticket = 3702166279 LastSellPrice=69383.8
