14:37:11.522047> Lenta has started...Start SubscribeToAggTradeStream @aggTrade [future] process...
14:37:11.561051> WebSocket connected! Start @depth [Future] process...
14:37:11.562050> WebSocket connected! Start Partial @depth20 [Future] process...
14:37:11.562050> WebSocket connected! Start Partial @depth20 [Future] process...
14:37:12.567911> WebSocket connected! Start @depth [Future] process...
14:37:12.580904> Lenta has started...Start SubscribeToAggTradeStream @aggTrade [future] process...
14:37:12.587904> WebSocket connected! Start Partial @depth20 [Future] process...
14:37:12.593904> WebSocket connected! Start Partial @depth20 [Future] process...
14:37:13.052912> BinanceFuture - Vxxv1AWf[USD_M] USD_M Balance: 621.76825353 USDT
16:33:39.600468> Unable to write data to the transport connection: An existing connection was forcibly closed by the remote host.
16:33:39.600468> Unable to write data to the transport connection: An existing connection was forcibly closed by the remote host.
16:33:44.467775> A request to send or receive data was disallowed because the socket is not connected and (when sending on a datagram socket using a sendto call) no address was supplied
16:33:44.467775> A request to send or receive data was disallowed because the socket is not connected and (when sending on a datagram socket using a sendto call) no address was supplied
16:33:50.306111> BinanceFuture - Vxxv1AWf[USD_M] Reconect to WebSocket #
16:33:50.306111> WebSocket [SubscribeToAggTradeStream()] [Closed] [future] and reconnect again [with Task.Delay]..
16:34:02.187791> WebSocket [ConnectToDepthStream()] [future] error: Unable to write data to the transport connection: An existing connection was forcibly closed by the remote host.
16:34:03.455864> WebSocket [ConnectToDepthStream()] [future] error: Unable to read data from the transport connection: An existing connection was forcibly closed by the remote host.
16:34:04.809943> WebSocket [ConnectToDepthStream()] [future] error: Unable to write data to the transport connection: An existing connection was forcibly closed by the remote host.
16:34:10.033242> WebSocket [ConnectToDepthStream()] [future] error: Unable to read data from the transport connection: An existing connection was forcibly closed by the remote host.
16:34:20.163029> BinanceFuture - Vxxv1AWf[USD_M] Reconect ConnectToDepthStream() to WebSocket #
16:34:20.164029> WebSocket [ConnectToDepthStream()] [Closed] [future] and reconnect again [during Task.Delay]..
16:34:46.948565> BinanceFuture - Vxxv1AWf[USD_M] Reconect to WebSocket #
16:34:46.965565> WebSocket [SubscribeToAggTradeStream()] [Closed] [future] and reconnect again [with Task.Delay]..
16:34:46.970566> BinanceFuture - Vxxv1AWf[USD_M] Reconect ConnectToDepthStream() to WebSocket #
16:34:46.970566> WebSocket [ConnectToDepthStream()] [Closed] [future] and reconnect again [during Task.Delay]..
16:34:51.700839> Lenta has started...Start SubscribeToAggTradeStream @aggTrade [future] process...
16:34:59.548288> Lenta has started...Start SubscribeToAggTradeStream @aggTrade [future] process...
16:35:02.878483> WebSocket connected! Start @depth [Future] process...
16:35:03.163493> WebSocket connected! Start @depth [Future] process...
