15:24:37.414150> WebSocket connected! Start @depth [Future] process...
15:24:37.415149> WebSocket connected! Start Partial @depth20 [Future] process...
15:24:37.416149> WebSocket connected! Start Partial @depth20 [Future] process...
15:24:37.415149> Lenta has started...Start SubscribeToAggTradeStream @aggTrade [future] process...
15:24:38.479888> WebSocket connected! Start Partial @depth20 [Future] process...
15:24:38.486895> WebSocket connected! Start Partial @depth20 [Future] process...
15:24:38.490894> WebSocket connected! Start @depth [Future] process...
15:24:38.490894> Lenta has started...Start SubscribeToAggTradeStream @aggTrade [future] process...
15:24:39.533681> BinanceFuture - Vxxv1AWf[USD_M] USD_M Balance: 62.53686351 USDT
15:25:47.917273> Try Open BuyLimit, Bid: 67540.0 Ask:  67540.1
15:25:47.926273> Support: 67540 VolS:1.489 Resistence: 67540.1 VolR:0.242
15:25:48.211289> [1Leg]: Buy OK BTCUSDC at 0.00;Gap=0.86;Price=67540.10;Slippage=67540.1;Execution=282.016 ms;
15:25:48.212295> Placed Main BuyLimit, ticketCustom = 1 ticket= 3279040268 LastBuyPrice=67540.1
15:32:07.985384> WebSocket [ConnectToDepthStream()] [future] error: Received an unexpected EOF or 0 bytes from the transport stream.
15:32:08.009389> WebSocket [ConnectToDepthStream()] [future] error: Received an unexpected EOF or 0 bytes from the transport stream.
15:32:12.996745> BinanceFuture - Vxxv1AWf[USD_M] Reconect ConnectToDepthStream() to WebSocket #
15:32:12.997746> WebSocket [ConnectToDepthStream()] [Closed] [future] and reconnect again [during Task.Delay]..
15:32:13.011746> BinanceFuture - Vxxv1AWf[USD_M] Reconect ConnectToDepthStream() to WebSocket #
15:32:13.011746> WebSocket [ConnectToDepthStream()] [Closed] [future] and reconnect again [during Task.Delay]..
15:32:14.119582> WebSocket connected! Start @depth [Future] process...
15:32:14.134592> WebSocket connected! Start @depth [Future] process...
15:35:00.943533> Try Close Buy, Ask: 67424.1
15:35:00.943533> Support: 67420.1 VolS:0.502 Resistence: 67424.2 VolR:1.083
15:35:01.230960> [1Leg]: Sell OK BTCUSDC at 0.00;Gap=-17.655;Price=67424.10;Slippage=67424.1;Execution=286.427 ms;
15:35:01.230960> Close Main Buy, ticketCustom = 2 ticket = 3279040268
15:35:13.580736> Try Open BuyLimit, Bid: 67438.3 Ask:  67438.4
15:35:13.580736> Support: 67438.3 VolS:1.008 Resistence: 67438.4 VolR:0.196
15:35:13.870738> [1Leg]: Buy OK BTCUSDC at 0.00;Gap=-2.995;Price=67438.40;Slippage=67438.4;Execution=289.002 ms;
15:35:13.871737> Placed Main BuyLimit, ticketCustom = 3 ticket= 3279256430 LastBuyPrice=67438.4
