22:00:14.438044> WebSocket connected! Start @depth [Future] process...
22:00:14.439043> WebSocket connected! Start @depth [Future] process...
22:00:14.439043> Lenta has started...Start SubscribeToAggTradeStream @aggTrade [future] process...
22:00:14.440043> WebSocket connected! Start Partial @depth20 [Future] process...
22:00:14.449047> WebSocket connected! Start Partial @depth20 [Future] process...
22:00:14.490046> Lenta has started...Start SubscribeToAggTradeStream @aggTrade [future] process...
22:00:30.358589> WebSocket connected! Start Partial @depth20 [Future] process...
22:00:30.358589> WebSocket connected! Start Partial @depth20 [Future] process...
22:00:30.362592> WebSocket connected! Start @depth [Future] process...
22:00:30.376589> Lenta has started...Start SubscribeToAggTradeStream @aggTrade [future] process...
22:00:30.396593> WebSocket connected! Start @depth [Future] process...
22:00:30.398590> Lenta has started...Start SubscribeToAggTradeStream @aggTrade [future] process...
22:00:31.156634> BinanceFuture - Vxxv1AWf[USD_M] USD_M Balance: 494.82007633 USDT
22:02:07.931508> BinanceFuture - Vxxv1AWf[USD_M] Reconect to WebSocket #
22:02:07.932504> WebSocket [SubscribeToAggTradeStream()] [Closed] [future] and reconnect again [with Task.Delay]..
22:02:08.945241> Lenta has started...Start SubscribeToAggTradeStream @aggTrade [future] process...
22:02:09.217802> BinanceFuture - Vxxv1AWf[USD_M] Reconect to WebSocket #
22:02:09.217802> WebSocket [SubscribeToAggTradeStream()] [Closed] [future] and reconnect again [with Task.Delay]..
22:02:10.204580> Lenta has started...Start SubscribeToAggTradeStream @aggTrade [future] process...
22:02:11.795451> BinanceFuture - Vxxv1AWf[USD_M] Reconect ConnectToDepthStream() to WebSocket #
22:02:11.796449> WebSocket [ConnectToDepthStream()] [Closed] [future] and reconnect again [during Task.Delay]..
22:02:12.249092> BinanceFuture - Vxxv1AWf[USD_M] Reconect ConnectToDepthStream() to WebSocket #
22:02:12.249092> WebSocket [ConnectToDepthStream()] [Closed] [future] and reconnect again [during Task.Delay]..
22:02:12.781963> WebSocket connected! Start @depth [Future] process...
22:02:13.249602> WebSocket connected! Start @depth [Future] process...
