18:37:02.208567> WebSocket connected! Start Partial @depth20 [Future] process...
18:37:02.209568> WebSocket connected! Start Partial @depth20 [Future] process...
18:37:02.210568> Lenta has started...Start SubscribeToAggTradeStream @aggTrade [future] process...
18:37:02.210568> WebSocket connected! Start @depth [Future] process...
18:37:02.232569> WebSocket connected! Start @depth [Future] process...
18:37:02.276569> Lenta has started...Start SubscribeToAggTradeStream @aggTrade [future] process...
18:37:03.204315> WebSocket connected! Start @depth [Future] process...
18:37:03.209299> WebSocket connected! Start Partial @depth20 [Future] process...
18:37:03.224300> WebSocket connected! Start @depth [Future] process...
18:37:03.236301> Lenta has started...Start SubscribeToAggTradeStream @aggTrade [future] process...
18:37:03.244301> Lenta has started...Start SubscribeToAggTradeStream @aggTrade [future] process...
18:37:03.273303> WebSocket connected! Start Partial @depth20 [Future] process...
18:37:03.713020> BinanceFuture - Vxxv1AWf[USD_M] USD_M Balance: 360.28633042 USDT
18:49:49.091076> Try Open BuyLimit, Bid: 68719.80 Ask:  68719.90
18:49:49.091076> Order Signal open long, OrdZig=2 Order=2 StepByStepUP:1 Stk:2 StkImp:2 Lnt:2 Prg:0 Tide:20 Natiag:1 Bid: 68719.80 Ask:  68719.90
18:49:50.084356> [1Leg]: Buy OK BTCUSDT at 0.00;Price=0.00;Slippage=68720.0;Execution=990.280 ms;
18:49:50.085355> Placed Main BuyLimit, ticketCustom = 1 ticket= 380349772404 LastBuyPrice=68719.80
19:31:48.163947> WebSocket [ConnectToDepthStream()] [future] error: Received an unexpected EOF or 0 bytes from the transport stream.
19:31:49.040000> WebSocket [ConnectToDepthStream()] [future] error: Received an unexpected EOF or 0 bytes from the transport stream.
19:31:49.338015> WebSocket [ConnectToDepthStream()] [future] error: Received an unexpected EOF or 0 bytes from the transport stream.
19:31:49.932050> WebSocket [ConnectToDepthStream()] [future] error: Received an unexpected EOF or 0 bytes from the transport stream.
19:31:53.176433> BinanceFuture - Vxxv1AWf[USD_M] Reconect ConnectToDepthStream() to WebSocket #
19:31:53.177429> WebSocket [ConnectToDepthStream()] [Closed] [future] and reconnect again [during Task.Delay]..
19:31:54.044919> BinanceFuture - Vxxv1AWf[USD_M] Reconect ConnectToDepthStream() to WebSocket #
19:31:54.044919> WebSocket [ConnectToDepthStream()] [Closed] [future] and reconnect again [during Task.Delay]..
19:31:54.339935> BinanceFuture - Vxxv1AWf[USD_M] Reconect ConnectToDepthStream() to WebSocket #
19:31:54.340930> WebSocket [ConnectToDepthStream()] [Closed] [future] and reconnect again [during Task.Delay]..
19:31:54.445937> WebSocket connected! Start @depth [Future] process...
19:31:54.934144> BinanceFuture - Vxxv1AWf[USD_M] Reconect ConnectToDepthStream() to WebSocket #
19:31:54.934144> WebSocket [ConnectToDepthStream()] [Closed] [future] and reconnect again [during Task.Delay]..
19:31:55.306032> WebSocket connected! Start @depth [Future] process...
19:31:55.611339> WebSocket connected! Start @depth [Future] process...
19:31:56.198431> WebSocket connected! Start @depth [Future] process...
