21:35:00.768425> WebSocket connected! Start Partial @depth20 [Future] process...
21:35:00.770419> WebSocket connected! Start Partial @depth20 [Future] process...
21:35:00.789432> WebSocket connected! Start @depth [Future] process...
21:35:00.790428> Lenta has started...Start SubscribeToAggTradeStream @aggTrade [future] process...
21:35:01.904076> WebSocket connected! Start Partial @depth20 [Future] process...
21:35:01.944072> WebSocket connected! Start Partial @depth20 [Future] process...
21:35:01.951075> BinanceFuture - Vxxv1AWf[USD_M] USD_M Balance: 621.14870043 USDT
21:35:01.957072> Lenta has started...Start SubscribeToAggTradeStream @aggTrade [future] process...
21:35:01.966063> WebSocket connected! Start @depth [Future] process...
21:52:01.972232> Signal 1(s), Bid: 60179.2 Ask:  60179.3
21:52:01.973217> Try Open Sell Pos, deviationSell: -7.56 Ask: 60179.3
21:52:01.974216> Support: 60179.2 VolS:1.924 Resistence: 60190 VolR:2
21:52:02.253222> [1Leg]: Sell OK BTCUSDC at 60179.3000;Gap=-7.56;Price=60188.3000;Slippage=9.0;Execution=272.006 ms;
21:52:02.253222> Elapsted Open Sell (1Leg)
21:52:05.000544> Try place lock BuyLimit, Bid: 60155.9 Ask:  60156.0
21:52:06.012657> [1Leg]: Buy OK BTCUSDC at 60088.2000;Gap=-2.805;Price=60150.0000;Slippage=61.8;Execution=1011.153 ms;
21:52:06.013674> Placed lock BuyLimit 
21:52:06.014658> Try Delete lock Buy order, ticket = 2509797847 ticketCustom = 2
21:52:06.014658> Support: 60145.9 VolS:1.168 Resistence: 60157.4 VolR:0.328
21:52:06.399679> BinanceFuture - Vxxv1AWf[USD_M] DELETE FAILURE.....
