17:04:29.563624> Lenta has started...Start SubscribeToAggTradeStream @aggTrade [future] process...
17:04:29.581624> WebSocket connected! Start Partial @depth20 [Future] process...
17:04:29.600625> WebSocket connected! Start @depth [Future] process...
17:04:29.625627> WebSocket connected! Start Partial @depth20 [Future] process...
17:04:30.565413> WebSocket connected! Start Partial @depth20 [Future] process...
17:04:30.567408> WebSocket connected! Start Partial @depth20 [Future] process...
17:04:30.573441> WebSocket connected! Start @depth [Future] process...
17:04:30.597413> Lenta has started...Start SubscribeToAggTradeStream @aggTrade [future] process...
17:04:31.131275> BinanceFuture - Vxxv1AWf[USD_M] USD_M Balance: 270.50312072 USDT
17:05:19.924714> WebSocket connected! Start @depth [Future] process...
17:05:19.930702> WebSocket connected! Start Partial @depth20 [Future] process...
17:05:19.934703> Lenta has started...Start SubscribeToAggTradeStream @aggTrade [future] process...
17:05:19.976705> WebSocket connected! Start Partial @depth20 [Future] process...
17:05:20.461577> Lenta has started...Start SubscribeToAggTradeStream @aggTrade [future] process...
17:05:20.473568> WebSocket connected! Start @depth [Future] process...
17:05:20.481564> WebSocket connected! Start Partial @depth20 [Future] process...
17:05:20.498565> WebSocket connected! Start Partial @depth20 [Future] process...
17:05:20.898210> BinanceFuture - Vxxv1AWf[USD_M] USD_M Balance: 270.43250518 USDT
17:21:51.792376> Try Open Buy, Bid: 71254.1 Ask:  71254.2
17:21:51.792376> Lenta Signal open long, OpenLong:True Stk:1 StkImp:1 Lnt:2 Prg:0 Bid: 71254.1 Ask:  71254.2
17:21:51.793376> Support: 71248.8 VolS:0.997 Resistence: 71254.2 VolR:1.5
17:21:52.783641> [1Leg]: Buy OK BTCUSDC at 0.00;Gap=1.70;Price=71256.30;Slippage=71256.3;Execution=986.262 ms;
17:21:52.784638> Move:1 Stk:1 Lnt:2 Prg:0 Bid: 71256.2 Ask:  71256.3
17:21:52.784638> Placed Main Buy, ticketCustom = 1 ticket= 3669611110 LastBuyPrice=71254.2
17:22:54.045872> Try Close Buy, TotalVal=0.01 pos0.01 Bid: 71184.8 Ask: 71184.9, stoploss=70754.2
17:22:54.047872> Lenta Signal close long, stoploss=70754.2 TotalVal=0.01 pos:0.01 EntrPrice=71254.2 Stk:0 StkImp:1 Lnt:1 Prg:0 Bid: 71184.8 Ask:  71184.9
17:22:54.772368> [1Leg]: Sell OK BTCUSDC at 0.00;Gap=8.2125;Price=71182.10;Slippage=71182.1;Execution=724.496 ms;
17:22:54.773367> Move:1 Stk:0 Lnt:1 Prg:0 Fon:0 Bid: 71182.0 Ask:  71182.1
17:22:54.774367> Close Main Buy, ticketCustom = 2 ticket = 3669611110
17:23:03.619576> Try Open Buy, Bid: 71191.9 Ask:  71192.0
17:23:03.627571> Lenta Signal open long, OpenLong:True Stk:0 StkImp:1 Lnt:2 Prg:0 Bid: 71191.9 Ask:  71192.0
17:23:03.627571> Support: 71191.9 VolS:1.625 Resistence: 71192 VolR:0.829
17:23:03.874293> [1Leg]: Buy OK BTCUSDC at 0.00;Gap=3.9625;Price=71192.00;Slippage=71192.0;Execution=246.722 ms;
17:23:03.874963> Move:1 Stk:0 Lnt:2 Prg:0 Bid: 71191.9 Ask:  71192.0
17:23:03.874963> Placed Main Buy, ticketCustom = 3 ticket= 3669636455 LastBuyPrice=71192.0
17:28:02.592847> Try Close Buy, TotalVal=0.01 pos0.01 Bid: 71240.0 Ask: 71240.1, stoploss=70692.0
17:28:02.593849> Lenta Signal close long, stoploss=70692.0 TotalVal=0.01 pos:0.01 EntrPrice=71192.0 Stk:0 StkImp:2 Lnt:1 Prg:0 Bid: 71240.0 Ask:  71240.1
17:28:03.602233> [1Leg]: Sell OK BTCUSDC at 0.00;Gap=-1.3375;Price=71229.00;Slippage=71229.0;Execution=1008.384 ms;
17:28:03.602233> Move:1 Stk:0 Lnt:1 Prg:0 Fon:0 Bid: 71228.9 Ask:  71229.0
17:28:03.603234> Close Main Buy, ticketCustom = 4 ticket = 3669636455
17:52:31.808867>  DevSELL (+): -64.3675 avgGapSell:-51.4325 
18:02:11.560109>  DevSELL (+): -66.58375 avgGapSell:-12.91625 
18:02:12.988189>  DevSELL (-): -62.24125 avgGapSell:-27.05875 
