15:01:24.828569> WebSocket connected! Start Partial @depth20 [Future] process...
15:01:24.829570> Lenta has started...Start SubscribeToAggTradeStream @aggTrade [future] process...
15:01:24.829570> WebSocket connected! Start @depth [Future] process...
15:01:24.830569> WebSocket connected! Start Partial @depth20 [Future] process...
15:01:25.982276> WebSocket connected! Start Partial @depth20 [Future] process...
15:01:25.983274> WebSocket connected! Start Partial @depth20 [Future] process...
15:01:26.001272> Lenta has started...Start SubscribeToAggTradeStream @aggTrade [future] process...
15:01:26.431302> WebSocket connected! Start @depth [Future] process...
15:01:26.617309> BinanceFuture - Vxxv1AWf[USD_M] USD_M Balance: 100.87755160 USDT
15:01:59.369360> Signal 2(s), Move:0 Stk:0 Lnt:2 Prg:0 Fon:0 Bid: 69812.6 Ask:  69812.7
15:01:59.369360> Try Open BuyLimit, Bid: 69812.6 Ask:  69812.7
15:01:59.370361> Support: 69812.6 VolS:2.139 Resistence: 69812.7 VolR:1.718
15:01:59.668777> [1Leg]: Buy OK BTCUSDC at 0.00;Gap=-15.4425;Price=69826.10;Slippage=69826.1;Execution=295.416 ms;
15:01:59.669786> Placed Main BuyLimit, ticketCustom = 1 ticket= 3201614689
15:02:25.201603> Signal 2(s), Move:0 Stk:0 Lnt:2 Prg:0 Fon:0 Bid: 69877.0 Ask:  69877.1
15:02:25.203603> Signal 2(s), Move:0 Stk:0 Lnt:2 Prg:0 Fon:0 Bid: 69877.0 Ask:  69877.1
15:02:25.204603> Signal 2(s), Move:0 Stk:0 Lnt:2 Prg:0 Fon:0 Bid: 69877.0 Ask:  69877.1
15:02:55.098238> Signal 2(s), Move:0 Stk:0 Lnt:2 Prg:0 Fon:0 Bid: 69872.5 Ask:  69872.6
15:04:16.180168> Signal 2(s), Move:0 Stk:0 Lnt:2 Prg:0 Fon:0 Bid: 69919.9 Ask:  69920.0
15:04:16.871238> Signal 2(s), Move:0 Stk:0 Lnt:2 Prg:0 Fon:0 Bid: 69919.9 Ask:  69920.0
15:05:02.542990> Signal 1(s), Move:1 Stk:1 Lnt:1 Prg:0 Fon:0 Bid: 69901.9 Ask:  69902.0
15:05:03.390039> Signal 1(s), Move:1 Stk:0 Lnt:1 Prg:0 Fon:0 Bid: 69892.0 Ask:  69892.1
