20:21:03.546169> WebSocket connected! Start Partial @depth20 [Future] process...
20:21:03.601173> WebSocket connected! Start @depth [Future] process...
20:21:03.602172> Lenta has started...Start SubscribeToAggTradeStream @aggTrade [future] process...
20:21:04.375395> WebSocket connected! Start Partial @depth20 [Future] process...
20:21:04.823450> WebSocket connected! Start @depth [Future] process...
20:21:04.829480> Lenta has started...Start SubscribeToAggTradeStream @aggTrade [future] process...
20:21:04.840458> WebSocket connected! Start Partial @depth20 [Future] process...
20:21:04.874449> BinanceFuture - Vxxv1AWf[USD_M] USD_M Balance: 291.42312183 USDT
20:21:04.888465> WebSocket connected! Start Partial @depth20 [Future] process...
20:58:22.796526> Try Open Buy, Bid: 70558.0 Ask:  70558.1
20:58:22.803525> Lenta Signal open long, OpenLong:True Stk:1 StkImp:1 Lnt:2 Prg:0 Bid: 70558.0 Ask:  70558.1
20:58:22.804526> Support: 70552.7 VolS:1.093 Resistence: 70558.1 VolR:1.185
20:58:24.196306> [1Leg]: Buy OK BTCUSDC at 0.00;Gap=-1.63875;Price=70576.00;Slippage=70576.0;Execution=1387.780 ms;
20:58:24.198307> Move:2 Stk:1 Lnt:2 Prg:0 Bid: 70575.9 Ask:  70576.0
20:58:24.199310> Placed Main Buy, ticketCustom = 1 ticket= 3590141030 LastBuyPrice=70558.1
21:06:32.027496> Unable to read data from the transport connection: A connection attempt failed because the connected party did not properly respond after a period of time, or established connection failed because connected host has failed to respond.
21:06:32.027496> Unable to read data from the transport connection: A connection attempt failed because the connected party did not properly respond after a period of time, or established connection failed because connected host has failed to respond.
21:06:32.740852> WebSocket [SubscribePartialDepthStream()] [future] error: Unable to read data from the transport connection: A connection attempt failed because the connected party did not properly respond after a period of time, or established connection failed because connected host has failed to respond.
21:06:37.116437> BinanceFuture - Vxxv1AWf[USD_M] Reconect to WebSocket #
21:06:37.117438> WebSocket [SubscribeToAggTradeStream()] [Closed] [future] and reconnect again [with Task.Delay]..
21:06:37.130438> BinanceFuture - Vxxv1AWf[USD_M] Reconect to WebSocket #
21:06:37.131438> WebSocket [SubscribeToAggTradeStream()] [Closed] [future] and reconnect again [with Task.Delay]..
21:06:37.756473> BinanceFuture - Vxxv1AWf[USD_M] Reconect to WebSocket #
21:06:37.757475> WebSocket [SubscribePartialDepthStream()] [Closed] [future] and reconnect again [during Task.Delay]..
21:06:38.430272> Lenta has started...Start SubscribeToAggTradeStream @aggTrade [future] process...
21:06:38.474269> Lenta has started...Start SubscribeToAggTradeStream @aggTrade [future] process...
21:06:38.992153> WebSocket connected! Start @depth [Future] process...
21:16:01.383963> Try Close Buy, TotalVal=0.01 pos0.01 Bid: 70866.5 Ask: 70866.6, stoploss=70058.1
21:16:01.384964> TakeProfit Signal close long, stoploss=70058.1 TotalVal=0.01 pos:0.01 EntrPrice=70558.1 Stk:0 Lnt:2 Prg:0 Bid: 70866.5 Ask:  70866.6
21:16:02.398495> [1Leg]: Sell OK BTCUSDC at 0.00;Gap=12.3575;Price=70866.60;Slippage=70866.6;Execution=1013.531 ms;
21:16:02.399488> Move:2 Stk:0 Lnt:2 Prg:0 Fon:0 Bid: 70866.5 Ask:  70866.6
21:16:02.399488> Close Main Buy, ticketCustom = 2 ticket = 3590141030
21:22:35.545172>  DevBUY (+): 61.83625 avgGapBuy:-0.83625 
