12:15:25.754747> WebSocket connected! Start Partial @depth20 [Future] process...
12:15:25.756748> Lenta has started...Start SubscribeToAggTradeStream @aggTrade [future] process...
12:15:25.762747> WebSocket connected! Start Partial @depth20 [Future] process...
12:15:25.768762> WebSocket connected! Start @depth [Future] process...
12:15:26.630657> WebSocket connected! Start Partial @depth20 [Future] process...
12:15:26.631658> WebSocket connected! Start @depth [Future] process...
12:15:26.652659> Lenta has started...Start SubscribeToAggTradeStream @aggTrade [future] process...
12:15:26.665669> WebSocket connected! Start Partial @depth20 [Future] process...
12:15:27.382368> BinanceFuture - Vxxv1AWf[USD_M] USD_M Balance: 384.18963153 USDT
12:15:40.847862> WebSocket connected! Start @depth [Future] process...
12:15:40.848856> WebSocket connected! Start Partial @depth20 [Future] process...
12:15:40.871860> Lenta has started...Start SubscribeToAggTradeStream @aggTrade [future] process...
12:15:40.872858> WebSocket connected! Start Partial @depth20 [Future] process...
12:15:41.465008> Lenta has started...Start SubscribeToAggTradeStream @aggTrade [future] process...
12:15:41.488917> WebSocket connected! Start Partial @depth20 [Future] process...
12:15:41.492918> WebSocket connected! Start @depth [Future] process...
12:15:41.502919> WebSocket connected! Start Partial @depth20 [Future] process...
12:15:41.967855> BinanceFuture - Vxxv1AWf[USD_M] USD_M Balance: 384.18963187 USDT
12:42:38.614089> WebSocket [ConnectToDepthStream()] [future] error: Unable to read data from the transport connection: An existing connection was forcibly closed by the remote host.
12:42:44.187406> WebSocket [ConnectToDepthStream()] [future] error: Unable to read data from the transport connection: An existing connection was forcibly closed by the remote host.
12:42:44.751438> WebSocket [ConnectToDepthStream()] [future] error: Unable to read data from the transport connection: An existing connection was forcibly closed by the remote host.
12:42:44.882456> WebSocket [ConnectToDepthStream()] [future] error: Unable to read data from the transport connection: An existing connection was forcibly closed by the remote host.
12:42:49.569714> BinanceFuture - Vxxv1AWf[USD_M] Reconect ConnectToDepthStream() to WebSocket #
12:42:49.570716> WebSocket [ConnectToDepthStream()] [Closed] [future] and reconnect again [during Task.Delay]..
12:42:49.641720> BinanceFuture - Vxxv1AWf[USD_M] Reconect ConnectToDepthStream() to WebSocket #
12:42:49.642718> WebSocket [ConnectToDepthStream()] [Closed] [future] and reconnect again [during Task.Delay]..
12:42:49.788743> BinanceFuture - Vxxv1AWf[USD_M] Reconect ConnectToDepthStream() to WebSocket #
12:42:49.790736> WebSocket [ConnectToDepthStream()] [Closed] [future] and reconnect again [during Task.Delay]..
12:42:49.899733> BinanceFuture - Vxxv1AWf[USD_M] Reconect ConnectToDepthStream() to WebSocket #
12:42:49.900733> WebSocket [ConnectToDepthStream()] [Closed] [future] and reconnect again [during Task.Delay]..
12:42:51.758861> WebSocket connected! Start @depth [Future] process...
12:42:52.179864> WebSocket connected! Start @depth [Future] process...
12:42:52.260870> WebSocket connected! Start @depth [Future] process...
12:42:52.261869> WebSocket connected! Start @depth [Future] process...
12:54:38.157096> Unable to read data from the transport connection: An existing connection was forcibly closed by the remote host.
12:54:41.434283> Unable to read data from the transport connection: An existing connection was forcibly closed by the remote host.
12:54:43.389394> BinanceFuture - Vxxv1AWf[USD_M] Reconect to WebSocket #
12:54:43.390395> WebSocket [SubscribeToAggTradeStream()] [Closed] [future] and reconnect again [with Task.Delay]..
12:54:44.907483> Lenta has started...Start SubscribeToAggTradeStream @aggTrade [future] process...
12:54:46.547577> BinanceFuture - Vxxv1AWf[USD_M] Reconect to WebSocket #
12:54:46.547577> WebSocket [SubscribeToAggTradeStream()] [Closed] [future] and reconnect again [with Task.Delay]..
12:54:48.054666> Lenta has started...Start SubscribeToAggTradeStream @aggTrade [future] process...
12:54:54.386026> Unable to read data from the transport connection: An existing connection was forcibly closed by the remote host.
12:54:59.388314> BinanceFuture - Vxxv1AWf[USD_M] Reconect to WebSocket #
12:54:59.397313> WebSocket [SubscribeToAggTradeStream()] [Closed] [future] and reconnect again [with Task.Delay]..
12:55:00.722391> Lenta has started...Start SubscribeToAggTradeStream @aggTrade [future] process...
13:00:47.535182> Unable to read data from the transport connection: An existing connection was forcibly closed by the remote host.
13:00:52.588875> BinanceFuture - Vxxv1AWf[USD_M] Reconect to WebSocket #
13:00:52.589872> WebSocket [SubscribeToAggTradeStream()] [Closed] [future] and reconnect again [with Task.Delay]..
13:00:53.642928> Lenta has started...Start SubscribeToAggTradeStream @aggTrade [future] process...
