18:28:05.791984> Lenta has started...Start SubscribeToAggTradeStream @aggTrade [future] process...
18:28:05.831986> WebSocket connected! Start Partial @depth20 [Future] process...
18:28:05.832986> WebSocket connected! Start Partial @depth20 [Future] process...
18:28:05.832986> WebSocket connected! Start @depth [Future] process...
18:28:06.772891> WebSocket connected! Start @depth [Future] process...
18:28:06.806901> WebSocket connected! Start Partial @depth20 [Future] process...
18:28:06.808899> Lenta has started...Start SubscribeToAggTradeStream @aggTrade [future] process...
18:28:06.811896> WebSocket connected! Start Partial @depth20 [Future] process...
18:28:06.855893> BinanceFuture - Vxxv1AWf[USD_M] USD_M Balance: 242.45801526 USDT
18:28:28.068765> Try Open SellLimit, Ask: 64526.4 Bid:64526.3
18:28:28.068765> Step Signal open short, StepByStepDN:3 Stk:10 StkImp:0 Lnt:0 Prg:0 Bid: 64526.3 Ask:  64526.4
18:28:28.342771> [1Leg]: Sell OK BTCUSDC at 0.00;Gap=5.572727272727272727272727273;Price=64522.40;Slippage=64522.4;Execution=271.014 ms;
18:28:28.343766> Placed Main SellLimit, ticketCustom = 1 ticket = 3981826579 LastSellPrice=64526.4
18:28:34.017379> Try place lock BuyLimit, Bid: 64502.3 Ask:  64502.4 wantPrice:64453.9 EntrPrice:64522.3
18:28:34.276018> [1Leg]: Buy OK BTCUSDC at 64453.90;Gap=7.676923076923076923076923077;Price=64502.40;Slippage=48.5;Execution=258.639 ms;
18:28:34.277013> Placed lock BuyLimit, ticketCustom= 2, ticket= 3981826579 
18:28:39.002607> Try Modify Lock Buy order, 
18:28:39.266539> [1Leg]: BUY OK MODIFY BTCUSDC at 0.002 lot;price=64455.20;execution=260.929 ms;
18:28:39.267534> Modify Lock BuyLimit (1Leg)
18:28:49.005725> Try Modify Lock Buy order, 
18:28:49.275873> [1Leg]: BUY OK MODIFY BTCUSDC at 0.002 lot;price=64455.90;execution=268.149 ms;
18:28:49.275873> Modify Lock BuyLimit (1Leg)
