18:00:20.858406> WebSocket connected! Start Partial @depth20 [Future] process...
18:00:20.858406> Lenta has started...Start SubscribeToAggTradeStream @aggTrade [future] process...
18:00:20.870412> WebSocket connected! Start @depth [Future] process...
18:00:20.871405> WebSocket connected! Start Partial @depth20 [Future] process...
18:00:21.748410> Lenta has started...Start SubscribeToAggTradeStream @aggTrade [future] process...
18:00:21.762406> WebSocket connected! Start Partial @depth20 [Future] process...
18:00:21.763405> WebSocket connected! Start @depth [Future] process...
18:00:21.787404> WebSocket connected! Start Partial @depth20 [Future] process...
18:00:22.748255> BinanceFuture - Vxxv1AWf[USD_M] USD_M Balance: 622.21795245 USDT
19:05:23.315297> BinanceFuture - Vxxv1AWf[USD_M] Reconect ConnectToDepthStream() to WebSocket #
19:05:23.316295> WebSocket [ConnectToDepthStream()] [Closed] [future] and reconnect again [during Task.Delay]..
19:06:12.459856> BinanceFuture - Vxxv1AWf[USD_M] Reconect ConnectToDepthStream() to WebSocket #
19:06:12.460856> WebSocket [ConnectToDepthStream()] [Closed] [future] and reconnect again [during Task.Delay]..
19:08:14.057830> WebSocket connected! Start @depth [Future] process...
19:08:16.685976> WebSocket connected! Start @depth [Future] process...
19:10:11.560248> BinanceFuture - Vxxv1AWf[USD_M] Reconect ConnectToDepthStream() to WebSocket #
19:10:11.561195> WebSocket [ConnectToDepthStream()] [Closed] [future] and reconnect again [during Task.Delay]..
19:10:12.547530> WebSocket connected! Start @depth [Future] process...
19:10:25.093164> BinanceFuture - Vxxv1AWf[USD_M] Reconect ConnectToDepthStream() to WebSocket #
19:10:25.093164> WebSocket [ConnectToDepthStream()] [Closed] [future] and reconnect again [during Task.Delay]..
19:11:03.075342> WebSocket connected! Start @depth [Future] process...
